275727218
267323564
580735150
120390009
372135155
34525545
432947
127108881
383664657
735626290
25144665
32911026
106705630
361151668
255528343
25696466
72109877
502237219
11069488
208811196
21694700
337630698
384103498
765865175
602614031
531254839
591937841
145827713
169714558
3022283
386236620
386319326
458764093
236954498
294852584
35447387
267534228
205978679
350028125
380078677
43397006
294547237
251443070
32799836
688166160
376412319
51793832
144287111
20894512
361733089
253858576
437517848
538682093
161549232
157434025
5194950
194542790
292958738
53159059
317344977
141916318
384702606
275604740
118875549
379020868
109407027
182090946
521003836
63870740
138973570
292749712
207040547
259297956
366708305
234083813
84667585
318497560
135984712
219501873
58956121
352791575
180544552
29874829
357439372
57085041
29315664
321691485
624552767
462814571
290727354
614057036
448560008
40615161
363382426
604903061
260423661
43584836
599194884
106614116
15922576
770615896
540094963
475689432
195658484
239116063
39180262
455875618
58165775
397659131
190017758
394999396
600882257
136353375
152375694
655865280
172483085
522850329
29856914
25308566
251735876
176737794
87708021
511038224
479612797
382124663
664501641
251192760
522842630
162424633
53810343
523707261
243931520
542811340
591546786
61799749
755396515
462118492
419699098
64496154
196327895
938399380
21248807
460023042
532884251
36570436
58500128
150792010
367208220
601745239
401022262
454958792
238832068
31073487
268581745
416747506
154644084
385281899
407214236
130184811
51691358
657984178
61841808
139720042
668709322
167528394
47436132
1890070
31492255
255689809
13314402
380501627
391755387
170572772
683920382
290046418
121802694
632440187
359884830
218364734
170433843
213616949
580503956
253790330
28269924
846684426
280166623
4419972
329743768
910967830
323751716
248313999
211255226
82589482
249748760
566668072
240472611
251878482
802043429
193373885
87675459
20722250
52191959
503106611
722192139
32576298
793108218
26992262
367420316
349518743
873330205
27792893
255322401
446867261
190022889
101813004
533624564
28342065
461787902
8223071
562326646
42012498
2642343
110876756
488435666
402251750
251686684
600578878
148777556
698356707
60194230
138815524
3503472
494696615
92975453
30764755
34568142
322879521
476701259
98423700
403147530
418033680
113661198
776559388
8458840
623216082
1012389
620178984
416524691
444836494
505696755
177845220
279808810
235716127
784986005
100646934
645331518
32431607
288277517
104057039
474084327
392369960
888866934
640508771
22605772
59875046
512349113
302203435
8375682
418678736
841679688
156157625
381897929
57848118
606799586
221334887
97465905
527640187
44587524
121895819
24112236
5711264
644253307
449963712
560580309
414940304
632672083
112922155
9976886
144535027
17292176
450952230
254583504
32640901
870615675
197161360
138980546
569257509
268171858
150154340
140705475
792079728
23599029
640442221
146481793
3845352
736693027
655363581
130761841
258163867
28660740
626645940
462008404
108563342
334160063
47926340
111297044
250069456
242126090
137564493
308713216
602322946
139473769
380950969
924317895
586929964
363731790
486021516
154092177
3784010
83359519
183322791
44838248
315952266
48359114
617895642
405670445
402518350
346142065
160069961
809511203
284799557
363416658
607471299
89792254
438583998
272964701
310217565
3205114
97214521
378915603
24807733
128880642
225683702
393102395
389674929
403861090
247082237
45286236
389421666
254417287
176400496
843629182
170621640
71661442
121290025
19889617
100574024
74523525
285187353
142020789
585035770
318777302
306134001
321055291
299455654
191535280
33615566
6990485
460616410
59963903
354100638
431267439
420354120
369639023
432027106
199676514
29198600
279967968
465026556
537439264
422030097
557593588
119041930
48162928
70891677
762709496
594404425
191341108
593877416
431814689
98442321
466987860
518115381
634282314
96579643
212182048
1177704
63884887
616517753
232403184
196335278
24109203
317128464
653710852
125127549
578820148
192061436
256336965
479217607
795286921
618065414
46320971
436241434
212617090
186393046
682344096
246380935
19350816
225739600
643886391
721762734
151005159
168696200
514202975
284502634
695023336
281702475
452906960
876771316
25000735
110890977
420767762
636441254
180361415
119413277
164241197
124267906
21172867
353532478
64615403
637035106
620285690
331088166
91667467
593949252
114480116
54048855
67286359
509403792
661521927
454586808
798557279
434467252
100314273
259865370
185466570
390823494
481949219
145968822
144904155
870861678
208273145
169661054
12474365
165691844
177563428
129853032
37925725
468196373
1558487
428370353
109456352
82027305
30673147
423852936
546700302
108046766
191210915
132405008
569305227
78068727
664315598
751145231
193603370
5820553
151587296
6538371
688938649
206850096
23838655
100711349
195723146
572908510
549710862
93902509
293930023
425543758
206305491
127011697
515396448
336778618
313549766
26735086
93644868
156224239
96979974
321529593
54204532
751992672
518625890
236318069
897895687
558350459
588237781
307080176
722099424
32825108
101341068
554122554
335762295
266043946
258518043
689904510
103392540
9734207
378919415
115395169
506337269
170031524
246708128
957323109
21005313
114262443
415903081
645971490
221029858
381296766
66285796
940142960
31477272
41730021
191267910
20183036
98174080
28728927
224806405
126996321
208653359
516070779
156289774
293797334
134203886
170440623
205735831
167658544
6307576
461081742
197880078
742985521
89141168
17588655
69590602
317709740
662670130
537733998
292556172
577611867
687003586
854762524
354715729
308549491
59483029
240219351
74674904
380609276
47261034
568518639
425904562
47549109
91775249
564441522
359657069
204746341
225627381
147599961
89894943
211180352
67106795
245496983
360562066
233111076
601568338
142134997
338651364
650221420
225123719
326503115
5709305
85464125
382348680
169336559
56133986
472669730
128299748
333153274
7887795
572968892
30905743
521885847
369666244
442683174
5057656
381906031
806370802
789214952
194291758
517621252
309703783
436900403
602754083
45036389
544789086
36484896
229151630
76921617
687874764
539133128
234396151
36622817
431135856
21249430
461687994
378117375
434808272
174675232
737848729
25045673
147670406
278376378
671229126
469844328
180686789
27141545
420525483
27695150
711429330
309358078
143739879
277422226
391614256
321743777
469223006
526565356
274189316
56890807
179472172
588186466
275609553
108349457
735161
26903281
264309735
170463399
231261000
16138233
146434545
86310485
311025707
12565303
147399386
378825982
239860679
638129624
498633447
74598820
569340469
164341212
44695003
83183185
143125494
47471625
25557699
303986375
177394158
293565258
287129315
578277576
30662375
126738181
488442729
41654865
368459574
203500926
464920
444888081
256050076
303995435
229380916
222107235
204450835
355650195
64493578
85607716
437402676
2378070
567263512
92309273
591900627
360914402
894413548
187405662
446406402
130498550
284488859
538182041
494904428
51167473
363399979
262865429
20635879
261736892
84872190
478757628
4453232
203631153
199357117
704973645
265768419
432672098
28720988
336444242
68877793
184312805
737518068
66608752
836895776
813523166
34696037
472799932
153471554
650849146
273343258
142564330
79416430
227677596
607755589
338888718
202687425
388003355
124230941
278521785
133843683
388747350
393407169
73596406
224779331
402846688
640511832
793701545
95003044
760890347
210407928
21001669
417684462
165506916
211631624
194666030
119236709
37924472
405878091
65874400
663182112
252183842
144611018
3721666
159337057
57971992
764142384
40032434
488207744
274266612
122545105
462649214
200584809
109202762
124835275
416031462
191710959
11333420
618343051
831071357
93790518
205732575
10764491
1224052
310510654
454840917
241402362
392692374
307452981
89341794
405986691
372704786
161989380
51463474
519202473
28940151
250558029
25064954
558578436
16250157
288806788
193493778
173680547
192124920
282934741
490807014
11394272
661073608
20216378
84303303
418226338
77351894
124241180
646310397
296279786
41420248
490104756
659414869
629267434
604307031
136874143
90927685
51272329
527273076
527346303
276948236
752933317
124007450
422366420
217309780
261957130
485100508
89546878
237979574
379131301
519826809
96605922
406673443
64626192
228147395
88411662
296535465
192967252
765241378
261843576
99645822
334143869
185988180
857065217
137953103
707327694
34863500
49874620
5666601
55029215
262186207
88728460
155391768
193274103
63740173
429074495
177772428
300442605
93119898
46483981
886400952
530114129
230257782
917359578
535801362
680233365
231023586
29519367
202516985
234464654
15985634
595637248
128964240
186859329
312482776
333085510
5747912
577852644
304820558
22690975
501959192
193953664
245260620
321293424
144548178
587100646
505735454
95955082
93563811
576973377
21043708
67188751
716678881
85774671
896989740
584020455
69057520
501380715
648267578
13999222
503137076
428558303
870347819
513820370
301662347
223921554
20838398
293031293
312136535
372185852
185674158
341028489
279958891
325998433
263562585
104968713
194704368
254071376
146698437
636368328
163793359
583470980
2241423
476696483
110064677
3793976
131209755
57387538
28610841
757108683
8494605
58074205
451776536
473140587
333277932
421068014
301129543
374430458
177466808
3868824
522266760
607162531
867846319
268445134
183237350
290246631
504718164
211522569
460481485
320086526
756093522
602148962
207212478
568133447
38599832
144811674
300478
889651352
600472266
518885049
250150352
279735142
4976016
385801534
772201557
569127516
53436772
75136660
270792951
217356032
495454740
40698262
78101984
593331354
179821780
895529282
350904745
194789200
56109368
208843797
340080612
86727810
97199716
83942600
562296803
512421714
236884084
269298721
394757366
252590090
304196371
7125143
49004077
134083344
326153214
102524510
727924021
271299499
175007590
43619144
38434173
512996193
580863063
17833318
497872669
9135737
270357645
140206266
372044439
11800953
187468957
795271116
898381815
340636132
15412596
526467651
424204872
33876050
64233846
63579016
678911117
469978011
139572409
55375734
770054456
92927208
548567407
235555859
335245752
395518449
622821432
20408341
113979610
294784932
409225252
167195468
39961699
476652613
147603426
78598033
208677555
319996332
4362865
99192449
534925410
121177407
324796715
174973138
2798036
374479935
771675711
172621029
280791795
191165827
158729771
151288904
385183450
298158451
244947617
581238340
322248389
380156632
81179810
324776796
194303674
366190037
634901965
7410656
158992305
113275626
19026885
528757830
56165373
504970803
246143356
363764059
699444573
39823301
146224187
672952151
177126045
139168372
53120638
413155988
10134456
327477935
547622648
193596121
307780268
451154299
687754498
576421272
309089954
673232441
85875731
635722633
19047950
109101106
23739792
124289111
411862350
203720727
372751579
493958006
162172556
229923171
366578433
81696054
112052373
201728728
105803640
492475833
219747835
19255777
82874993
425987460
285432056
119405690
78771163
241508519
285362529
524995242
324790117
292546771
5738720
509269230
431925315
252593838
124139976
56276748
347670484
333292729
788019540
70190596
2780428
148607985
165050790
102872124
310172711
166406271
692055752
36697236
54979537
74937572
83956005
126009890
429434439
121014568
22608822
142117003
204713300
369744353
398863920
133257546
8328330
184884805
43654938
115029369
211729537
108525568
174402699
86211789
97022313
180128879
560176071
310008593
28161034
131964266
402116634
196471614
30827364
209896492
421203742
632694372
776050858
106177136
210276648
144528142
110262895
66085506
119123678
214019144
111637272
457594567
146803844
392049480
14997228
310324457
785548606
19350788
399445344
38637959
199734168
150307776
170531336
550041031
189976016
112580828
707621284
406874597
430817887
40113008
273089209
1277193
334253809
235568636
286502726
63846438
482478391
267791906
350325672
193513698
95439966
371126944
75137645
167963266
115397932
50388312
2173283
554440411
168818821
236750898
790338130
796335602
5487206
37035468
115538610
145405887
237504942
573961656
368835880
756403277
553837241
742589704
214156048
701262327
85526265
391903305
444147471
1515990
615628043
105351335
495510600
549220364
792471347
334065615
90884872
465111241
725593952
19921825
533301977
271411411
485437896
769999996
407480807
504321241
54251883
313351024
223731284
494046504
482574238
54417418
294769423
364891025
207785830
758148794
99479429
393890384
455299919
503586837
336022857
54891639
642072242
627396264
52991569
758583852
234332322
239016367
627098131
276587258
936371235
1775736
781325128
279860836
279821515
16303566
298335608
259798051
217582959
3348297
183225809
59624967
62422470
193800267
152157192
269490325
342106880
17607244
404718705
521676297
164722093
65560357
98340062
803574
314726702
21241574
98765126
95846253
185613372
429759923
387759401
584244613
53725772
671451669
185210987
152759346
300474910
388157900
107012097
799060756
131489528
543246236
353102671
115608056
2382018
1933144
509402266
2915198
105478044
497591212
50078280
69623452
161699070
334605020
187408473
181672370
158933245
757958044
456952178
118218951
957271857
453646611
949941054
33645336
16240739
258879040
419432070
688457592
53142130
102879860
360669666
37652532
568007730
433086084
564343749
178939954
341018630
406179214
676994573
419426533
637432692
620023982
462740858
407226365
17763176
304726037
5524477
801337690
12080530
70171925
354477301
173095812
124213215
40392834
743302017
553286656
249639168
194617908
195049592
467563858
393090641
377785056
474127420
227725894
165977115
231318312
101816074
423015820
95341819
192926976
410146294
330705645
540164930
271058580
330956156
64367815
68197281
337779986
40549220
242293959
215133045
244349160
117474927
47404353
428888031
578570038
221599551
102062456
404539085
455579277
102681281
299064022
306730517
119732888
146135018
170169930
64809965
83676489
5915694
363941120
693713536
791508369
924794651
20044436
309414134
373017289
28413764
18836280
12114128
81766044
186669456
673505436
69193726
453383160
149378770
114475791
359823273
343599046
611285239
82751218
341450592
310952375
306186045
1447274
557464106
485336229
128801802
342903307
383071656
109472218
263201888
826624413
170007338
367587936
302242805
57555657
99845756
162963514
65055930
591118856
187190365
147592998
173566954
227727799
312456244
366570310
216576676
86169104
468214630
663770464
26812706
160986779
62664122
765186153
237390375
389140915
66713764
108433765
59966903
111148083
145113630
465411483
350660568
179909373
21616896
123066005
380271016
49270594
284572466
105157024
697658022
293015300
239199235
26636504
565365693
772479877
104826561
22350780
271630623
239903711
654549177
298439755
260986952
154316300
504902554
4133936
98700599
77966719
38254539
308537214
344105129
404700690
412625022
111523968
445030854
441239507
47031388
328646301
6651225
136362398
73358469
25264143
8030976
133645767
404439832
686121483
23449287
363811373
225181810
203495688
868894368
296144640
815899574
265126067
261187268
87643738
261726874
136308720
376472392
141314658
198053667
186698963
639051500
522580801
844092125
27706064
151602824
136257923
539227510
256668296
789188416
249107472
139827026
228617683
264310833
372688509
414935220
119981405
63517037
188620242
140786458
10371374
51582147
71382720
225822477
231675286
404618890
32830895
656227553
58773052
497162266
312999545
538719540
18320763
439902608
383988436
189011201
454732680
688025083
150285315
185710400
56330962
866777626
306534787
540462486
107136377
514259688
462859538
538475730
427507255
252677700
67327094
130284314
110051707
147170739
565549500
527169035
57639138
93000886
32649349
77465464
2827536
47174029
599965160
674227536
374232984
325179339
119436746
557088462
45182245
327947911
715039661
437602142
250833799
49861182
8106077
56989251
383115791
122220744
159173413
200695095
418667844
17771304
176842687
399827582
3222054
141230047
305096205
133276944
110318367
612445123
48085693
355308969
192091072
128250972
149179721
512107731
700588543
605197527
104149037
564137598
470753445
116943781
391405842
251270007
571135892
299498539
3815733
233480595
35878839
395853484
692507951
71007209
213461508
38895968
24723867
75676326
110879118
13798090
581139461
210519611
109731818
21022395
78479217
536755070
197716263
276907017
8642456
352087118
72386909
515623830
250401735
659131859
218877057
286681036
545906370
415326934
262563685
59199207
131518964
372649035
4823351
100999402
167365850
25405441
388637946
2664848
836727807
86497265
64801698
215467458
270968907
394725141
168797672
408634552
58149292
446553492
151469093
193550287
128088057
209527767
557581961
220375140
12515463
87496214
422227166
52583527
61314381
25426629
847842282
151274472
23609912
252430096
645928744
17593168
208703404
493327880
513892822
275750520
44630213
1411938
776553341
65757255
191141509
385120342
54493983
472207320
2057201
97884456
436943072
594948964
43806200
8028284
109998306
497780058
258844692
11830534
113845028
128919370
80160035
11695325
139256324
442167205
66912309
205754150
634761903
32489706
317053688
706431046
239757196
923527356
196018200
313697763
599373579
315438247
707074999
213184494
219834597
264569844
414050008
79476313
6760980
456114570
647496915
336152140
53666128
184975607
3381294
83718980
621353943
256104845
177828880
733133693
532705644
84313537
31963158
119712120
56751394
39537684
55422396
360927240
135506951
308417215
363054594
602135270
273248899
122595042
476815039
253166634
235024322
511979615
76769440
3129364
408029310
57489168
326886632
289956576
1717691
567916443
327455445
386367250
160805394
403536473
479369041
262660523
403883765
256802187
647985293
117173835
755934031
37193102
263896692
42240966
28647980
278820316
14775844
937386794
277139405
443290150
386567808
864565471
814378623
59818918
35200329
3055296
353256974
576596088
601685567
357707575
600502481
132182124
486229083
468348832
625143253
942274118
599977584
344779657
265196659
668980969
705709440
14018048
41208029
12303822
188330850
326938231
13015032
305441614
53114070
90996199
217678224
61869078
298449511
325286496
238144750
254502997
322677026
414189378
170668068
240602920
139036601
896722056
561566725
365206996
437404488
33588798
633515164
448035154
543560308
448462638
248158454
12643101
403337012
306983353
5335883
97245780
313988796
828402372
257042795
113519068
23323412
509855878
582090051
367722680
751084309
65754230
123366230
100664103
5232400
400083130
34748949
266848871
311274435
725375315
381071797
57948461
331130754
648114606
180446899
660024320
280846459
270553860
116182304
83592919
426385328
315380301
335263893
12477786
256015778
150251016
2750770
1258254
238682696
541154957
12139920
378447158
262081938
24541191
270984144
637531924
41007631
261060339
175358418
821013210
410965666
428638788
248827216
169669274
348204130
287696567
14589045
749157864
68916404
393366260
267928620
77609564
78719413
230191052
479303529
561139478
247740596
301429193
37351753
720948104
320732123
330099507
330424883
392411110
215188948
801810780
76941640
97452669
699959837
15761618
197154005
610062784
13054653
459024
659842696
543508155
894534060
176784709
309390133
649085530
122528016
20799152
371964282
131462956
940939639
175226344
317256712
190430954
731139900
664939357
69899572
109024067
712638475
884243340
341949768
56071038
468912694
15237001
348774593
323672003
746731684
587207363
249338791
1068832
576798351
18526954
42034162
353928705
658173028
96541110
10945119
475185380
210461446
194077710
8709996
57385121
156995677
494466883
64377696
148481109
193115105
724825086
111081756
14555062
514153427
140632961
216804562
89677313
49324749
499616140
584076720
359767745
370695981
96579085
48251411
419398194
30304100
123772822
582275276
313664384
24464301
499428297
500894996
48922456
263949038
28848102
249395128
366772842
468538804
36781777
424271371
1862059
628481118
58145973
183121390
134058181
68870940
27752155
337375714
12039255
72901795
467571402
162842962
393177083
2070185
276111485
39560649
89482118
453146750
110644331
295767066
53171405
213047245
433026519
52526612
52505559
335763516
14594293
82597282
99996920
150533797
113996184
305186710
401851660
563527259
616914283
71684028
56359849
452479288
747750409
60660736
192120524
630419207
113260137
134377572
177618902
109768999
41747498
279410601
254070155
481643551
322944284
95985012
16759922
317300373
149435059
25294868
3727930
113954022
11446658
548431531
45563326
396625669
1133873
293008331
741077418
66730515
35548740
521457043
387353079
641176726
201206358
9793226
20147769
56222015
420638388
798361327
83722216
114386232
56792490
12555780
329748123
839107598
19592687
30781760
48457237
156308900
42307693
478786808
35927916
378706738
172070797
672781190
54342772
243655712
200893410
114348624
81409517
883036323
202204413
338240084
528991639
28222866
32011303
19099852
182057712
266756054
54534821
700529770
49010139
905137152
212057648
381301755
492352628
25659011
83917541
302035684
519197424
225688893
72471369
183723988
265506883
787713040
658111965
152715999
77598962
257424071
442061421
477418036
3318664
56703222
248258919
28217034
141946893
183142403
246896668
663388597
5469736
68306669
243471039
28615877
59225766
63485163
551374811
261073396
55505332
89780140
38133917
348808186
479539823
406038785
37571778
151947864
22496217
231317185
442333187
6613535
218357386
232486054
204294542
623049435
590288564
273959576
779310409
143134241
932512650
205595582
84037481
17483804
124582468
346235089
172177411
225335843
335014023
62249404
528021289
61492791
138307817
433199266
93966372
395314298
131893800
9577740
174369294
780081424
128871221
331630049
22722781
107770134
17785896
426462162
166115057
869045027
106589158
409356531
47721521
158035648
18143322
239265517
442451524
198453711
493677946
712976098
81336281
505740350
592146090
221036842
26145386
103955975
7311816
419870825
285832074
278796760
510171978
237704587
683928427
196742664
536698612
91221448
183204174
42428231
209519408
516683586
293837465
80801
15322707
324660348
854480528
777369839
322906418
27507762
44837971
851493819
606339393
240578112
161509101
226076886
569070607
364572678
779268943
607385868
154660790
400315044
494070710
749913809
79854532
121564746
14034981
182264266
198796401
743267930
361573955
46846441
378648052
10670659
49748741
291298957
586326978
254957443
17990769
481912035
87542931
189063094
590859550
491313308
77504506
63540359
731169184
143999459
51312585
8116059
545787444
84713251
430398360
203288260
40915942
140873257
331363005
581257550
18409976
742230368
446186059
253042641
348873100
73262663
554994956
232176673
130525267
284012109
78534637
375605956
257111904
228768661
24939874
433595527
329612655
75979237
411904478
591469667
20069549
175062451
177115417
322457717
144657391
285913058
492217681
177670386
110654992
252486264
50477645
606532636
272159252
41790887
53555294
428094494
573818060
180690772
151736594
325526298
482341775
596825580
87005616
12028012
209354421
275178773
151881560
207679558
469664953
387676338
838674510
453969473
732565007
19939608
729860121
35875480
217937488
132757729
567864991
174668136
25964250
515080884
16821276
496152945
932596665
233128812
26138017
136938158
711268107
13676845
473567815
283786509
177905944
218699309
659363968
151073266
56920535
134057417
380889156
394197412
389536824
217745759
669808090
853171757
607739253
163932979
49175346
608836060
66562651
363232388
306568362
228391949
410450933
76676328
379079782
363408239
61651209
268624197
39499004
332857307
711164445
31079751
157648347
465844904
177104463
46561493
158569026
328950957
608366319
203140194
57989006
250151055
619824699
545911301
317781862
797486894
732659753
159429107
123549271
407403580
32938889
358424623
120448757
586216601
80332923
96486808
115979007
19165457
20841198
39591574
64052616
25740750
38963531
678851004
725473274
75301141
602801348
90628966
35722546
78239512
592671045
159841199
85255232
88185588
438216687
253446749
294383130
550291126
293281487
62580338
18857846
249964350
455106334
438038194
160516810
31471276
52809914
377245307
291787320
13865647
31412401
822023204
369996188
87147851
39696506
175957224
264718826
429354247
76009047
623961419
796349970
194229912
702626997
315658118
113532648
251498291
87067984
566555958
397839235
309535408
225482560
34059521
790546215
588808635
411297733
404617907
177254030
83996352
64800546
381460597
148102353
178559
371844308
570324030
38421018
498274164
66232587
644315426
135406964
687907293
62385649
374446650
423588819
6713940
37653209
342712451
77531227
218955090
33021055
38299098
188620828
239918295
199148101
166749510
710885852
49719637
217263100
265645332
165898729
736907880
228571493
261212908
541633900
424563715
534184835
526891765
185055197
375778754
217003592
193995274
314847226
674637782
799499325
81448168
54908480
162111184
597868640
294706662
90589696
461119095
16303690
197719131
339104535
63628620
88063950
801899853
36373064
612361264
121523208
895102934
528783965
81317176
125555118
268783078
255721064
148544632
767226514
184334680
34950376
127570541
462187731
159240339
452280732
236325395
657239840
296367904
272319816
709518814
140274606
8636623
174688228
59310912
451235031
275661342
463153428
197810179
5202869
325327445
112723071
93227708
279125899
14184823
217489591
282175789
91862961
149573400
29307798
111002530
82375697
585310495
607635773
246901587
247823453
199047312
134348736
656566102
459231562
237469304
123371371
20495351
201689530
222983802
302369418
167771770
311156904
216500800
231342762
50558519
83719059
76490449
156407202
492243407
116578067
15751904
107083039
154730687
461970163
683968719
9982880
621857798
661575085
739293517
21662622
130637550
105642323
538425801
272730046
33888922
67578924
4009486
51033424
440314270
848145586
138252890
230694835
685627227
77652456
475582056
659593842
72612894
691125826
167899119
11383254
259120438
565114219
208567512
118924155
327818370
4259090
147082217
517194201
235671633
132153504
638848636
452053991
311691289
353651551
287311389
221577408
152609431
260501697
702757317
169786035
120112650
474105077
415918144
145529045
864307707
748077088
478052522
90715286
228337706
99781082
432416752
15056841
46883633
468328267
297692154
361546836
143308604
344301647
188684736
37935023
133311001
124904149
293494286
262680958
316009413
57551815
492717704
182001546
10138505
13276492
478117198
337878715
194082870
51235202
335967379
587874669
1918034
182979434
751573023
355495973
72621215
352505514
93320397
338437398
782798780
230980438
191375152
235692840
414437512
467191413
396431145
832544451
45841820
87649032
144089605
329483168
156140844
429910378
48739571
79598349
31177011
250193752
612194053
21637780
136779329
167256994
752390616
170347770
580609237
385642201
805460919
215119681
422354689
177845831
663821288
95395544
53257708
229238037
78641470
50434959
334629984
33584326
432100018
2117877
135326943
312595437
223136134
70511208
197836360
65125887
111223819
622387859
756553232
227763337
133669397
30154533
599647486
761899661
735524085
441640483
133876608
26576224
395363391
159168178
268232500
639974430
716702650
71690949
554719885
765759891
122410702
101624778
49451190
258584673
293526789
432417288
14349564
38893881
277173827
531423700
89877047
296280684
496814268
831561245
22361332
30416752
169138555
691756700
736289844
75721999
579051732
54528306
236380641
365684481
321496342
94447096
532260756
966374911
46769295
14256276
388811561
18011554
10478276
363589488
209153283
44124934
403417907
691481174
541380016
4563631
446770911
113370417
314007349
960803
490193202
310488977
495101143
28859961
327512388
496380036
179024401
258740009
91701991
79498569
499352012
412321231
147007250
385627224
312422685
82513315
811262714
151595470
370417652
519882022
203005566
476808705
280119620
12057072
40178313
351310373
27520441
7139028
728975944
335653943
629987850
374596342
628590654
793189323
281610804
408094180
882318146
81705995
352502103
35657901
116469076
931498073
11130913
555337467
511273592
128496309
5462136
333576510
516900176
5316808
218091203
71897637
371363326
158981816
88670096
99843284
452132591
83648847
620193790
627468657
43966769
30762992
478679100
51556478
31883608
51303401
457502569
500453150
502723146
40735771
21167974
371609976
575927060
312451009
265063228
105796474
94903228
62605751
956884
48979172
62523273
158541920
270275353
145013136
432836360
647679742
536929821
290290339
657665359
390920871
383423804
76295612
33740937
474305919
273671813
646667092
111790632
55000569
657360488
61530963
41931974
18469896
525412275
291013632
32964723
509272857
649583802
379965614
131163900
2845487
80413301
141805749
363370055
8429877
22997907
91402658
37725272
59531185
824601786
171987533
14992121
13021409
111601305
560132607
50087882
71112307
234837145
47613050
235595755
54216412
35873697
31289847
590059943
692736736
256455042
117314701
428248131
184521691
460678314
369957909
797852502
294142227
267544100
42746748
46464786
751927530
624299615
445877012
262255880
271650211
501784757
378491567
291412363
140042902
819965976
266690289
301522244
881033637
754312114
609702113
34283004
4566027
515571139
338631220
255691001
657043471
323661827
77610736
293644108
171017279
176120908
372686745
128591674
134632108
270029284
119678420
4602372
273113836
1476734
488082393
151921892
170092493
397370458
449653179
18355950
121136886
233424079
268887103
566249908
195261986
69501948
284908862
433739466
304781388
239419654
337893843
18506012
399840600
224124754
66617496
553229262
50929989
9272582
120491015
248009107
220710503
76752545
277268127
396190541
62390736
84790612
408134483
337199428
87968012
19486068
268065456
224944918
480169601
741994551
16245761
754759187
93760420
104277492
437853724
4343213
4489488
337940762
279055693
532732844
379377870
39540839
230849511
27419311
820856844
19996653
56343432
633433385
33114755
144239744
154335274
57964041
36892455
274394528
246508026
267488663
333993041
151356470
46860442
254999017
140062811
1013479
