154992530
101527799
456759557
672941879
83558498
70430258
36598341
402916951
76271179
198395683
325658374
304238849
165735265
446580507
179909798
553660230
74814652
429341312
578427611
349134430
165168794
43280373
667654701
166616137
199294284
827841865
124536612
443439747
226958827
670843192
339273719
56076726
145928333
151862554
195067321
214453116
129574917
158157729
780317377
77712884
76890437
552015395
112430328
803331874
404224989
393999523
238637849
308974752
279945297
417618662
517281680
39098301
85616467
141155163
342986861
611609899
55219437
73436372
181720617
336663442
551082500
212369636
290851938
282220234
241326543
10231390
261483066
79170030
89070160
304278290
166514881
59329126
220509292
68568748
226972405
29484311
691803361
326966703
157050423
21138862
354339986
135518746
15548658
85431020
226406985
193985793
145990182
385803990
758705863
461620134
387395407
601752051
17770128
279440677
135509649
742067902
163210768
549994644
49847877
37242304
119164665
108028878
257287824
218043663
277946966
180571208
288070342
62218231
41330176
876194986
445389312
100780291
350736282
389644397
127971870
189695991
376022286
625981253
61788424
592309704
408114463
1494899
70347771
406402604
76424681
424285502
48235677
555289541
54979178
55652688
453033175
463434258
320028134
334565530
6017307
350128246
20303294
177546370
26812731
60946031
241003481
267221091
824747775
74805682
818349140
29400822
547358480
47944614
364144054
428256982
516271247
227910585
8689750
41829546
144430035
905054845
648995132
25601742
15389174
95843615
16858722
564398953
264948617
927484107
108925122
504266980
383575450
183375984
564797175
270646793
132768828
80736609
59009532
43332245
615256308
28652415
299217027
112357562
128403349
26141080
250336481
5091813
282275092
164404016
307838234
72329028
563435621
37189859
485019549
633794934
608513124
236024421
495357655
664241244
225606514
564388126
161635722
242212914
137580
190815320
276256055
453349225
34286688
619937506
304039349
43391010
77446866
166597735
329798056
13370090
108749085
43125543
156147097
301856905
86460853
130505700
283435516
273348952
311031032
155705612
141543390
329821717
16499450
272955219
418603112
15438893
5142475
53715098
328019927
432241678
31416660
116238260
236566746
137873253
184567509
318798784
643902834
816491307
582750580
93372852
88568794
58231825
740819297
47034525
324077050
347348751
391277594
516098918
661086680
306837761
263231323
471051743
183517719
924609436
631949211
439342285
22808773
635437863
531804776
267166159
464942316
158405616
214885266
454775600
12910493
129014041
142435264
182194407
71748870
555166681
388744115
520920499
203874660
7968901
650911942
310412492
212138243
137223029
510476182
296249701
342234914
400071221
652629633
474216428
263755213
122356041
3541536
540972023
575062505
340768636
310440707
518120881
403094006
152352451
14519688
224910510
219535657
314915610
203690541
214095256
94333942
632434986
291143322
271064100
348706384
545501956
274413513
183531864
526739730
365890292
216739731
248124963
159553542
443442903
36581720
95195089
215111744
416719295
429101468
366146643
205248672
117612651
706022645
979246893
205756466
455320782
14984185
55081900
173512746
488479404
101914027
130092891
23059982
733566303
878230328
188994228
98206946
165240533
372737496
165989404
294256368
332834601
229469139
185450013
133417590
328958342
439195408
113481344
118105500
151066260
29514635
276862815
21274265
422378681
171215576
96353616
263044989
410932800
126553590
480376922
687915652
535195896
288327082
648666652
608363527
598731519
539888975
8739903
653698544
169599592
345780599
66056368
233433849
127598262
395280413
478385492
50602988
581157979
437541039
162751772
7225232
9972768
252916883
284008844
202619256
80524601
18788288
540798135
2833115
42932952
9266876
175962497
617818131
722964357
45550556
138311471
591078510
79179396
33033037
15504299
759411382
253287464
100484874
218923839
520423862
9575493
56453858
232499025
134305255
393495697
566308293
480270896
362855487
173858403
657105364
531154951
155744011
238316510
266401512
278871212
363152428
37083752
18088576
116347753
602799568
216292939
215685468
393013974
389446102
5300498
501284525
561704145
538576373
74503671
156188910
293119957
99852097
503631268
389548942
647870212
812601188
181167743
596583035
287732790
423630084
774605679
8243516
90369443
274419372
194367558
77658308
296046131
51792236
354063056
344365278
107780394
623593839
315886128
727176146
345146473
193994844
15778980
590224123
337587760
82125593
364037180
131617038
807630514
7869092
284285953
62834497
676939468
234282262
41362438
259783622
605302528
287501439
275746722
374171574
107553880
240211920
435285281
215826403
346577868
207723600
113080657
118427862
74707896
560341224
321388104
516923636
363873968
412946299
216716450
245648647
253341675
29459989
696063653
173763440
32798530
484302850
29229653
367756540
260777084
52050153
335650736
366907850
23335101
86096709
338738339
204035409
251408301
256713715
246234597
437564671
531917126
293990044
367472361
338971562
486133572
494250696
104307078
172726705
168004036
344830845
239319
159532644
93147569
36399104
56724960
421521500
267511620
8006274
132552342
286489188
474250135
256777524
451873212
577864936
178767461
348665009
564546489
46097498
161029223
636196926
65311310
416247704
291348442
331543974
13729208
430487159
572515538
216130462
409401066
165131791
279976377
253562251
622379703
415950637
708304588
400939461
4822086
890609734
454688854
340772645
297341175
685328224
84542731
81287707
181164706
71521900
501311679
128567966
663598019
145015041
138066103
50542999
66055808
53328004
174513455
10561620
265750124
220897782
227787392
346329391
464951218
585012966
300480863
195672336
414856763
105252826
112255140
178970448
260945972
248234802
357583093
631531234
129158320
262912036
284105372
90811207
590734400
557978870
547176051
52078804
223845046
235692363
157052906
101618030
78909759
181368150
832210219
529417774
2024680
73152035
31740084
465237758
272830020
226157171
265043287
166077877
452158599
182708296
372619636
137261756
561797260
95580590
760636530
155966896
189111410
52337721
148765011
331375813
435671676
545227847
482534763
627395458
589684819
94180913
62695810
761386298
196944210
102752429
619816968
64171812
168526415
106848759
175051579
115055431
51005824
277736374
174838509
377799967
119163851
188139950
67674228
665557658
557283622
863835724
414581556
77750678
167387816
531767
660762366
53342709
80464660
69164688
127553087
132930011
670095000
875089395
596468905
427956075
225879318
319711975
44768299
54240398
144150846
194102811
65383624
75984569
142713297
257485921
655068808
348682074
141980491
776726128
43281100
737274211
561646586
153914786
38434632
357010687
14864370
313233045
624331590
295363475
800649788
179176084
155483360
98270395
457485983
835440040
201435863
65006898
422523183
106330900
149121045
472194490
104276240
356747544
109036945
91014384
214018790
236313751
287333113
77490152
378960118
106212214
269083528
101554984
370411600
51303905
205105320
228593363
146202675
183840055
673050692
176279937
458299858
633446350
90424517
271343115
253485909
344095822
294398085
16460294
473391948
197697308
5219618
117373844
53075046
125738436
111021904
93173613
619877857
249692876
416073606
17742775
626828944
157773779
117410990
407326622
281434680
88510789
143465612
141051185
35979183
610336420
57160721
479753084
180397647
391714387
453214875
399469759
189352362
305331123
253068761
204458047
384283781
333520688
372297809
199555264
461726968
59193654
308323787
81131582
75321681
467382157
65417458
326142350
153373963
512784443
537079954
230440608
281145980
593194056
489526882
409240753
761194782
519393859
742114230
456487176
78289414
60360200
272724644
15865948
379134233
14144271
88626558
182544579
9914041
533012256
141119549
13565056
7053467
403011470
85800764
654143691
242781194
301674933
332936476
872818374
4369629
99139
722441204
276933624
73980444
637270561
9094349
3646194
286742713
380863752
105730193
23684249
181307405
266977940
908313403
62945550
178657311
90763613
363554908
307022456
94391194
2310066
135963331
92293869
405611568
289095640
486585653
365574764
210493962
623195756
860475480
259925100
370266675
262245430
911018116
15447248
89686932
50966979
154702865
358247044
581794206
279434190
696665923
133053914
283473334
208463089
90220827
417153292
319389637
42040760
568252771
121251006
318665121
657398302
781130365
159206261
309989783
35150846
334364354
499484644
8634465
23752800
37475543
21164268
897885256
862127233
15801069
66916384
708816839
71912899
152596751
822097112
208812374
128440878
192082131
426647858
37170809
655505900
738236397
26355408
14312874
147955288
135934507
177506637
21084061
570566886
166489766
153253249
573722742
266231997
82456104
338140424
136697147
204015578
181225116
660505258
97493854
652681518
453049106
276642449
120579975
68957010
444518593
492156801
460062512
144194119
455581988
76493564
214846720
624319823
6002365
322852503
730589980
319910097
53687702
785855958
318600262
33951548
457986244
190186668
137863600
287473415
203075909
51077913
238470523
291098724
401921065
631854219
506085354
40316217
485013697
520815441
544971130
47430628
403710678
393818353
493770761
445058953
180121167
147256692
320233645
154486380
102266053
15679199
587425462
644644941
9869000
577856368
423966381
564193164
117251814
496845891
251819908
819346289
770827774
945091565
772168993
81506409
66672476
62843459
89446400
132696516
130695533
466205102
788018275
811190461
297430826
85156439
564808348
327525118
305713132
486875810
582537933
88820501
95756346
116998173
382678683
81330160
37959882
585809729
117113891
849894429
270201248
552040295
260324063
15097028
608556158
448696113
278402222
239696110
102523093
718061310
72982343
76934424
172090848
236594242
49592576
196239488
475205805
6295502
329925903
484667156
19219652
301573471
76624450
228504118
17076591
317972662
280617220
493844231
345974524
694146985
161235123
589130
191127049
47966258
452753556
103664471
329321448
2403549
178811257
57820394
46788739
129215833
928916420
36545629
307376506
194921976
461178425
847516703
391091897
318994620
293093234
718545204
586944276
277359101
11445034
23691876
62996077
554519478
549994288
624993534
98665831
26729298
19515093
40411195
505754496
17290265
124052676
96295062
413573297
579740558
94244445
113425400
101845664
44775389
88389625
194735937
100055835
342756419
179740379
203314322
184597684
40964261
196851112
208868083
481615356
51152683
102430693
358360754
250245088
18159256
243807609
450925243
807185176
450019244
450043864
691368240
29470680
421672264
22000900
356653270
112009264
360265714
215444677
29702760
371198551
382017055
349490503
29772791
634238212
15706256
185654081
339373302
78016032
257158491
600777137
239957789
86518338
182418976
777594043
708346
327579058
156623605
389005823
692426472
217376482
699779054
231369195
179532708
3895309
145888022
679181745
118810906
899230
93571837
126733151
655061411
892899538
840885408
415009578
268800560
392038887
24210822
348649404
118759375
717350378
182802328
93511455
811686294
59186716
357542267
591091044
533406721
213206258
81230605
175096761
92823149
669576314
8751339
591382356
414651396
382520062
543095761
831963722
205468628
140740887
29281358
103805161
130436744
630053214
882229635
156873124
312209434
62949392
284970299
327955822
59631520
24610567
809433822
284852380
165144820
673415782
470210226
266195648
236446677
671719848
267662355
58947755
47465144
218897727
313106979
390419676
97707041
427226786
699511722
537049688
197774782
875468154
297547335
490181907
377296228
304034359
507116302
73586792
601169906
215102688
58805050
302206040
75128164
175085447
14680442
371560764
23027861
63036884
106135914
440059586
86597621
787035644
180486114
105447436
400904460
390630048
213936839
51080424
369165175
110974964
35401327
318365591
488786210
545713500
202903294
30342817
258485168
759146252
158023849
248125169
111411697
608641715
33945312
247208436
170822
121405574
533990644
92835685
41648400
347228285
326911911
78578633
656826528
149226878
48140567
142388014
308668907
388235685
106277389
188500422
340406583
522928104
260294674
307995974
225653980
486552667
313783240
80191452
705881954
187296096
26777083
477224863
655657744
699998746
411073071
440770352
417697814
11905391
583662332
114321713
88845844
183165512
363338208
581711
658768025
121918
446367520
126006209
5544096
349215845
122446366
96504776
236982536
21419844
28001687
550124164
204808965
43271844
10765161
19503842
27005065
111415486
16421505
396129680
241826796
14174034
149910794
242688224
44001047
115860665
163313082
344759832
521861693
111738394
26261838
557076591
364697957
441198168
601106862
582927559
214870847
27149191
305345412
436922805
131681396
240926878
719334687
728673734
330173760
30378061
86675533
509116302
628324073
156409705
715427124
114812235
209587284
66513369
502282134
13764628
146343667
299477859
549446255
250698530
119794503
895331380
114978064
833537570
610302103
9096087
50646322
116715513
414968130
151934852
105300022
99674086
231596301
18124661
275662458
84139018
80210968
515435100
11859639
296485884
543842384
586138467
318770066
484997800
157959381
596241746
137355127
262737802
355991433
21084482
250574098
567017051
445660559
175713300
382432194
38603611
398359696
397215208
756739996
562183661
487965708
191900009
481669590
40931700
273074073
27533201
204022588
25387838
68452255
22796614
287511941
342442587
914644860
403679841
526844272
104413782
154918840
227491157
7751474
45825522
208612650
134552421
908951346
224059265
219483928
730941068
186019670
59647236
328179992
337414086
277528613
20100615
515949949
302104453
99854834
65484562
577618269
66636120
771091933
366905358
264506597
234767394
58139976
179912772
39352577
503039835
510547390
172690504
98580843
358862204
29239782
45597187
5671839
55573267
484045888
971531182
714401623
84889702
368935772
375798098
65468611
73676309
640930099
288989248
330736692
150667086
386723656
168903916
42376998
469971183
26867032
283481988
207495680
189399291
59380304
10512996
74025182
787027338
97765751
72294602
788867207
39572152
133355957
294213935
787723227
360776457
546903611
159673135
229359182
37897276
464554459
187183786
36527441
175943580
404863458
314201337
303297764
344083463
137450966
203414472
353802340
27888138
430694752
81295874
127166050
92774621
81458343
282429506
596203553
13543010
126341041
337240392
311883409
869668574
23868840
452260867
146257416
147672549
422262322
237365742
726194556
168156371
407672619
84428608
283886577
400035291
736575275
244160834
500709753
447723330
470916633
193487008
235438817
145217683
360500140
492916266
194693626
448979348
244350357
853131897
346972540
33502779
313085500
135703532
179430731
427431698
111372980
72562299
424976554
240279552
286890231
664621
10066930
165510988
325799079
598245548
578947844
412219964
248697262
733351080
343388917
17587846
38850
81350643
130707526
50142609
189635230
652422886
67269114
8362733
645319733
122740768
219256260
65449604
116151979
392547208
40662408
157909237
140532935
248691758
645469165
347662292
203962910
469873958
59878859
964898308
176801316
668372820
559048260
370500747
16193187
382671536
584579379
95903607
307980124
242866245
265892400
62305387
478672655
1538812
73804594
327098075
24510531
622103785
145301627
290548381
479455176
649395451
396862770
408466920
657047554
68003648
238873303
415473859
26371638
562596810
442965906
294764375
51509439
58840508
122416411
272090850
149149058
85127155
593757173
390787076
357817879
81209824
46412970
806829496
294031857
380418136
867474404
112274468
98320142
493297904
312999665
58485487
374386910
68552956
176231762
2097900
317773124
612121421
402009032
227666971
15971737
26430459
583981768
436489825
183365626
449830257
28238769
8120416
735175227
337066840
500493024
120917156
99870232
412248804
184985199
20308601
221374024
194089521
190382386
190229561
252446429
27378301
128116500
45269226
451162485
290251845
107295024
155652111
278738476
418796212
9724246
243914452
367873649
211618793
643009586
207126702
466664359
310190880
47201232
674974771
22551060
683590
569166976
107529772
545509289
155618800
81448513
330130419
241974272
23278756
37422396
340173348
37223580
458304540
48015466
364607315
552390943
163619312
161675810
251699000
219180371
327136822
52737586
242882330
126504247
238063463
158748450
930527284
17976721
758786586
8931565
290977635
98650180
780154793
372500036
92826947
364121301
665237854
575085364
611458326
2350005
71164307
187395105
493548743
614953076
90884952
102249716
75888570
218822702
134862913
769292821
231256332
511483669
483688501
90180036
170481248
298480609
561504671
451545033
268032815
5429806
17499808
116041744
17901289
1390830
134980686
630306645
277130830
119300342
36957638
327911429
94599983
115491309
335677650
352774127
249031269
398838946
102142251
245361006
768103363
190739511
48089520
305471699
98711141
13546288
606510584
142352813
624983143
74769521
332739920
758373223
772973324
110324575
208910556
516824704
508780465
172424936
275974988
150126094
227413385
208297239
892331797
58682822
204194516
463060967
535252486
552267695
331173099
123260285
30633177
387679316
115572108
187698602
494646087
436620769
703374430
642217868
54683712
221865509
5444882
403683522
476121202
697770269
814933292
293634965
269869629
189121012
61622236
18811996
63646286
515367324
70333742
27259778
2207
273271351
351506877
546961472
470508827
188093204
2647973
513576682
4611122
2452466
548854328
216891893
5329555
670312476
133891691
790354021
41336568
149981259
222242043
401817100
657805087
401595238
43914683
61548275
247133402
121837464
89177427
199461552
66181237
205336336
416783766
150702728
87039227
121961952
210492347
185092168
173944971
108520965
13531016
80961254
599873349
486359519
375610836
65604355
112235388
467192776
66024252
422260432
310651072
78651147
673822178
42797676
307743164
323724752
153893855
441578663
311291058
350421404
168078355
108702184
62218712
363535506
204316230
349512948
340932758
718529876
152130974
425048675
162444362
470009764
25913085
86353848
545531246
225726294
279945906
13073060
311752414
365501790
1058324
554373556
209259506
583917964
47831831
341028264
35933981
25318712
364232012
351378230
171338840
645930465
1210801
40087574
468897132
139369511
484673978
81734087
140731419
85765539
449377180
339306552
259205532
751904642
193818712
317319086
575727197
672957082
220813007
306753820
451210525
312570181
455655202
173010494
160577877
5387305
48157794
487380189
403418525
132662684
821450228
27291650
24497692
102418474
59753801
540614156
271703983
659329094
308580363
621501656
769903510
140698735
81035525
5074746
68871884
256617426
18511284
331107768
538111424
507716084
62429217
145012911
166193197
701475245
196444970
928872018
9774589
915861678
866296746
395220306
597003248
235908120
10736311
177342288
46981212
51879270
337882468
25941619
83022914
53774772
151680251
95478074
32834928
352998711
308316241
646046377
195410984
414364506
185070510
24358158
258428078
22100581
153161234
528375066
10686639
292040532
161291316
470681860
845940824
103436704
277738424
296319450
57784836
482688811
279579964
139163669
257832281
363054775
274894228
191066591
140972139
490549950
476657932
172369268
301590135
467816176
746442644
11024813
299711103
816949997
177980032
408863728
135635797
72953820
424949448
155328772
355134574
135487782
258373729
62402050
538035356
114238985
6758339
91738615
79941470
347807169
491561046
369226448
602756053
685591024
429537950
224347151
398993990
9639055
18492381
459526804
8574621
149686365
134890241
46615846
86489501
529669574
742846991
248723653
172492431
117469608
131370481
116726275
90287991
39535662
560391651
131830704
490669073
352170684
360564774
63363053
279796726
4245914
32439982
592649220
421179633
378188392
201628082
455243238
94896295
610477394
93824553
525260568
3849851
236192686
256337251
98872913
585712348
58732100
140096523
133666087
808516688
645646143
332232587
544653688
170005349
119223862
261882435
10271838
29455776
732099866
6014839
734941071
77691122
341719792
70383040
87773317
18077336
653125261
16196088
709011811
202961254
128410310
315641970
363531751
669895127
400051056
284433009
757849694
385885427
38706743
132078005
43613715
457309561
350498876
83362751
242723166
363811146
178319972
125698412
146995604
57436005
690300841
270254436
592929290
308556272
322692836
692152965
235263401
344480404
953460936
494083131
244377811
97513045
9911544
339092878
957877036
453782816
658455351
85814266
370056714
235340626
608511184
262407793
581699700
70978800
358846197
442297066
32429616
227047956
49977232
811842042
554053542
139769115
389096259
169049628
88300322
227150240
525393516
336853178
337831984
407680761
493003134
5490625
60614748
7423838
352336520
415448348
60669501
7135261
569233569
129307848
117484160
904139787
40017063
71742884
185483639
376037474
785716400
477447765
525416790
766195918
423515096
65172653
111609552
9874394
269798238
170770608
389295136
834512796
4327242
482515158
22174502
120543465
51762540
660548302
208543031
421879784
549559201
430462588
301003374
189046213
9699712
766824021
173258908
425348364
104319203
40462500
590551584
146562142
30255846
235392212
279459572
379994102
85567416
771116961
662025188
30975983
196372610
481925071
636493409
369214120
141870747
458208
659627560
68291374
144232023
568475025
79338239
135908942
24414072
451548325
155178372
7859042
77795655
654683143
57634056
569237706
247879236
340425014
285640221
603433048
47728757
376335050
842544501
737990941
105909642
66193761
195242320
169206121
145693502
85550337
311719080
62373253
94884355
252489699
372573886
94819317
28722630
299762713
13385022
99166135
59822380
317791276
185869571
125399106
240683623
10001246
162170603
457617921
117736203
610061495
406949475
175077097
195919198
218685530
132427075
169956176
706721269
139061459
649069442
250275703
228573942
148270386
211920185
100681667
511830480
725577845
836888788
110478700
348154208
71078344
460655466
124802872
494029328
143400296
158617202
96669293
242693964
320434655
47970341
275492578
280790180
179406161
67326045
35944680
418672183
421571788
838177656
23722626
288693984
365190303
66445300
19973016
406532711
810073911
401865288
210581376
498746857
411386593
88636912
210971722
111408547
160669358
16283853
19844314
128510807
50822856
4744590
227563952
450000386
339268158
685044871
108049857
22120046
172662642
182705972
897195773
469233226
7947070
140978744
77903470
661357480
312637377
434738429
258126609
9852217
373089836
847848026
341956734
248029401
584932692
740983038
182556790
343187402
198041452
89021632
144496843
973699037
451854660
60854566
402970681
204820348
271272541
417344284
182351447
8358981
183163225
255225954
259618158
217493212
539799769
320669288
143123430
128866121
47426367
36170709
21624835
419861068
673875399
657625252
153801997
250628041
111320264
807494968
1230862
533380540
43341241
129638710
383971112
305039432
22158876
11846958
16437876
82282804
421981698
356116532
198673615
89517840
974922328
385675542
47081881
108617840
59008028
584410950
24996548
107654774
114996850
302517069
114189194
215449918
359899942
265275895
227927715
566077385
489812748
115501045
201691510
87497037
127883073
6572770
468710166
585177086
224373720
569401798
175912033
227826917
552693204
12547347
643385575
36703423
676544701
571731739
7690613
134674783
109410035
448953210
106592094
557513882
125501725
19895744
3211171
754923513
705247986
497752839
254869910
602066720
13218121
108316083
36255788
1879778
24760400
247775828
3429677
221759496
490952530
12309078
175150005
40986276
41311229
602441162
799865640
379797466
65962179
29527020
176567727
240925527
572871350
687102226
569254150
404859653
661071614
272563998
10094644
160279625
24052682
531806630
475802128
480303147
358491983
281379340
6446794
211811420
766072524
218447258
222238112
218977316
141821488
303268975
186628083
116961014
461881263
116988418
135738882
636773948
804988461
113345818
130405202
671725496
258283839
37583841
40689600
3826572
141596707
367628091
584699265
2528079
26965021
613984558
204797943
427045565
244500618
891842796
748541896
161397278
132607506
543968898
95147184
748257970
604371488
48121928
102968619
128680718
165697257
170049126
241884893
409500257
236770412
424209538
292417201
2691209
202350816
50994974
145782830
205058158
143376189
208593344
174986924
114117024
280144635
36837625
394856675
1987706
61647660
254246256
239901697
229176065
153168505
251348184
182493561
591548763
188287380
181208241
98210480
1943270
20988318
505249424
80075763
476131517
183682199
249896479
321965601
215267853
754273052
794068395
721143149
885027776
307305132
255660363
306642559
47311537
577396631
836309451
148951566
375007880
95380868
63439907
40443088
444137175
381818128
55354689
128491067
411313352
734491138
272999635
433705837
282653420
141888928
502276135
216979033
279530958
201381263
239482743
549920167
129473434
40559465
49498799
51647710
115402891
36027196
323582731
145130476
457380701
437283435
234320105
412861754
177598881
649419258
401666735
134022975
711814866
479098504
31022065
413156086
161624348
229699712
285311258
412190696
250558404
68115856
18980512
445592135
397946918
133993558
48323005
131539911
385789855
735861508
471128541
25902376
145217112
419406785
384934021
182363976
304683985
834952703
582340891
579820529
399142946
433581892
73987303
347899460
4230499
34878416
88669285
23253763
325995308
61401183
78640733
294959672
339311595
221248593
63502268
67050256
437461138
3589149
15895078
280972837
291784094
3608045
82102541
253069605
128168809
566170917
14361527
247585924
257217600
132803690
894027415
665547351
60442363
133214421
459410800
38897922
12817377
7471206
843086833
650117042
842128607
625019233
226436853
726865983
55666380
526115627
107460282
207179258
453767588
29379572
184355782
99044282
432833927
81819773
102908475
488435802
215870912
372235608
148030628
41823885
173013560
8411056
834282142
460123500
634812139
332487518
152438045
563237274
312529998
775538140
840309470
38890029
184526064
46545644
446561869
109783523
225581146
45022382
207108996
393348079
554965072
267647850
380106690
81485819
503046547
142941192
507737193
54361711
695671539
54605369
22062592
115757295
625977058
35191168
2725322
853946275
190805893
175864656
309284191
508900765
27704862
35998107
887529443
182100009
362835470
329207006
608463240
654490297
475042757
245261043
28224029
431083435
64747654
325316036
185591916
486853498
393119876
28586025
169452785
95325368
6064582
338260325
413149528
59451633
774152235
108045188
399435390
99292852
381169459
641831618
29807910
654253210
293284066
676584243
46104752
70529007
107870984
81606882
356254638
436375844
355279537
526488976
344399899
208778860
335425418
433082951
471611048
120816090
245883607
307977459
245106348
211328673
386865911
39082359
346779000
78512684
837342557
260325520
6399362
10338276
594462986
105207219
155805354
33051554
531401501
344886146
478383065
436134348
122595164
482261405
694790787
79102500
80166377
61768502
307053598
295478004
247600040
769597774
137353881
142425970
297077672
18076239
179561670
338588392
796911408
412618212
584221917
276466248
100496483
409581752
175954056
80961550
112141189
417398736
17116995
61944465
468953264
190452699
766192632
290271188
53299880
530606930
427317742
67234893
132430412
436890583
24738228
57909344
144881134
56559030
189907121
472406609
692827456
114352989
431173083
219923748
499015082
892141546
134618322
110741616
120690406
5775184
288615548
54610257
165444741
294195173
547883890
508380925
156144924
534679200
585659542
230702839
200683354
465591892
4585729
239129748
474390545
186958983
72211167
323622775
92220570
546653225
39863545
344855540
53963708
78563668
390546115
606043655
104852132
121118615
619224437
240077247
118962339
104712768
142139785
468336777
283327432
356428416
15357937
164002225
199551888
392620197
8349055
81263216
516504859
170056180
65593526
97592991
95488938
270739269
572574812
174756600
128275183
65844116
505798749
247650267
379751676
254035803
530915622
453367838
94128561
15913926
764864023
26847379
317187484
142407962
8763491
117041407
360574363
37973582
720693242
476699291
448587229
32149166
346323689
51003395
547497925
409058192
347877936
63211104
375433694
526749699
712598005
611451809
922137315
143974732
64845396
334624784
322567499
708109627
23749581
303483518
472124859
610998467
135663036
165203247
289702041
215509249
491060094
141944965
59012566
51110487
375275691
603088024
52919020
245390901
35606514
76622396
266624193
16364780
233011966
218461900
574607678
130737986
496613332
551286826
506574405
44427143
364462553
177774051
687739030
34410392
69663858
123267111
291797606
46904031
383721096
141742590
603693711
305444189
597809248
267013235
284568971
156378196
87858863
175132999
309068953
487350205
707741489
383177414
32743310
10816528
280165473
184980620
880329297
188758404
221321657
572238441
145382616
24011801
901386422
281983060
344884170
31833372
616546952
212080982
63133397
763681324
756510105
171249060
236136241
679350373
533150546
725382498
455936362
116510815
6458847
564440237
104334121
354457695
60125384
317431302
520905222
241068267
77948958
101404350
204475208
680178427
290192625
51000104
723463195
105231609
317818335
121608449
281923213
423029604
142201914
221810156
178099791
217124798
285729090
313208785
19619387
407747090
167509380
279859171
52162385
479635576
146715389
618131505
108107268
63961372
186145122
56926053
84918590
24302807
324465829
254906131
134983182
191844632
357881155
302031420
564155136
16815988
11034557
58600774
129869170
449598
144646572
335113502
288010704
733590623
85499270
368535256
21003676
254562179
124333862
153655752
30278104
156222345
523877356
394638784
850295529
95732126
190588044
109418080
77840072
808473844
12772474
74034197
645444343
374199382
678091036
695607731
511090281
299835211
878292861
41214036
148627910
95359190
286760442
515977755
340481102
42943177
50218919
362491477
884100307
49610890
217958270
422348453
388933036
57785593
61634978
406281367
615283138
22280587
644911273
177192513
105209552
340078070
257654335
22906097
788030125
463542533
273570881
184844017
311589558
295064575
285356281
117390353
644100252
500080047
218923252
529511156
89119284
95005926
480363551
929500365
107527781
9904925
718926021
349858330
217527658
20495449
636291999
606408534
595095973
130381387
436460666
457826108
236835699
205231878
6707705
617514770
493001096
149873598
271736024
106731663
400630153
100890714
36644662
40375393
2277036
61512063
70637270
580182218
937823864
35636998
357222124
826127705
736896835
337018
18102106
642996098
376984179
253398065
230642685
100336366
796383008
481548454
135352449
657367100
230313753
17737644
833751895
73346177
243256326
23466047
47645908
53567222
260919826
5850456
182273435
378393389
117747498
134684627
170121298
647427136
847930058
338217987
189405940
259880880
786705821
229396205
6202247
953898108
195322610
37876344
17817895
606976777
233093927
104181940
630061767
44708676
597338668
72794965
103777940
388232209
77647725
81496837
340294168
679622985
142221966
46492066
189293450
159828862
17402260
212085704
140458927
573789679
92208733
417353275
279999262
369155280
45449403
185003543
511473266
122582317
80465805
897882236
73019736
74275417
193925489
90134128
179760120
551392124
44945962
226418187
417516623
343945076
565954149
103040240
232658388
11365746
113152988
37325000
418596894
185198145
168700061
122554608
204472012
44137150
264641001
478536187
326167068
250640246
474589480
93280838
12045166
343710349
36890837
91752838
121754408
219793379
144675039
322851493
361113746
100497636
857842852
113003312
30521720
292588135
45136271
332643505
843080934
269253182
311598718
87232707
3802474
420910042
465773834
388678914
665336609
49258883
47291043
56777497
3091462
494714400
543521660
214419976
61783245
339241611
34273094
274699810
283046912
29832372
453316603
71774512
293713740
135694058
498158263
24405948
581916106
30704026
604961323
572930332
100916755
260355474
52367915
560700967
217597856
173075684
517310191
319533826
522140399
236697549
161080969
210857989
514629939
112844022
439247607
70655273
462108651
30759403
61437272
626034230
610032609
454361396
846191705
490215541
172116001
384389439
231591897
152898914
8577655
579401558
57765645
249104745
16842695
29445698
183611517
124835136
51356673
175067514
100073595
155730513
233416338
48966621
127584670
93401852
652927795
295404809
18347533
530998519
19243676
55014397
835930695
279114363
206250407
177492465
168692513
40059817
14106414
405319168
26898740
178455627
2544640
347125828
238739454
54312989
649435470
154684728
11690819
733573240
84693354
189868339
136154824
410778158
26678575
640476740
183417319
149792748
82162892
237525272
6807742
219819617
84682343
11246870
517493112
300703027
625444658
689695342
269781466
79072621
362223133
875433558
236249260
229215266
538282668
108678111
154784269
137993514
165438862
595843447
478010036
153987433
740776853
278415758
202980435
538607833
421773713
254046935
293503566
118983018
156366545
373926497
575097384
180171986
175541860
235662136
36389440
205108058
323241077
2812200
403988240
848123870
146193738
10092282
219422680
730245236
329458847
636905215
561719258
161330003
78460783
601333407
83467596
554963514
328698984
938413515
327978568
851869666
340227470
97124745
495446866
75378653
308458872
438911489
245604450
473403359
337571546
391236640
68438986
430773427
71420275
534100299
375533970
134347615
410584328
571513328
133072053
633957134
446963199
123747898
431586477
456062979
188671861
691129993
413863817
776904523
550494574
12474148
71055384
506753888
382745067
17639402
46857641
694886600
100048539
11026585
269236727
185952330
64775331
282216129
400016430
76227630
9292640
113101056
176929995
772370364
273619685
352886160
219650587
95851371
24992786
109161309
406960381
77429960
425738645
316029520
539719000
260975302
150228995
477005935
89319860
25463482
131297080
454198033
269169855
158224456
627800336
327846693
302563733
155727916
376079015
242665768
161446558
415379355
46961080
97239869
372176543
90916006
14311199
220241424
327856558
171839592
286057077
100543309
535786512
178101715
425710096
268062944
100349806
185476821
531196701
543688841
214356128
67130634
177331688
42027933
360994610
18827298
212287603
159147950
700997701
10911392
385627911
509599985
501734365
113925545
362084742
56488858
23934866
656818822
233040238
340003042
944012270
305606624
87175015
294314770
71948641
61835025
435216031
4758445
155131636
146911190
341069738
373740198
23039437
629965844
566125401
736314911
83641648
165237180
149079096
341788434
73544771
626799278
212035072
387925968
670523423
215214038
601326448
53374794
418138228
144485142
345114098
126164219
104937674
21392365
236489117
70701456
156865425
670550345
188639720
106838212
153025639
26423924
317462168
798953765
203665452
178639224
364264347
217525532
345552857
382942207
150757906
967963492
328828758
399369423
74402799
18884759
117997486
3390100
153078459
158669511
53520714
86941518
455019157
405276961
386656049
52922200
435416805
109554648
490075913
585169623
41115900
78493649
636469297
6562236
728659310
53919044
171012047
615537652
164291659
121302806
344142206
67040373
8646912
273263476
131419542
198294414
203081612
311117026
743785613
107952679
109803995
484286544
47438748
343276544
784991508
162015116
691175468
1440879
374172087
28687162
498534174
51020788
41865689
220742853
311355022
19337504
769110823
355809830
87628365
383064251
275952854
181139658
389981915
724829999
678207024
344750189
528560075
453963789
487231877
121892925
299242024
313610938
271433717
228747382
129426470
444289767
225444768
51908040
283176578
100316088
273252181
481747782
727512868
488524685
65044833
48182069
11059367
89756444
48409776
7476372
808483882
64729709
778328120
703140620
16303943
320675982
76343290
829374778
167082138
374443583
140176215
248111724
382861827
16507968
73133487
449808193
14458055
6260006
66993969
63881120
108794541
71780268
679039031
79520090
45995147
14080336
651053113
567743838
40784308
74900406
382142471
297728722
151443800
678921102
189666782
72599741
777491926
124017395
706722564
339895287
324721658
479353630
74044652
352710972
244363958
484532338
257824963
94125202
611910768
37009401
444504636
252440158
2144280
286795139
102347280
884308645
191890740
224242980
559513268
126516990
247301896
5921945
254655972
801255775
532967321
223092124
18785176
544609236
148509127
24781760
169390047
61033959
57896954
173032647
38650287
302852545
608407900
74732383
296859487
81546008
19128293
501035879
902629993
362085940
202858631
91298772
806586963
82359276
324816415
224527942
470865507
498809688
194182717
164368252
471363186
473978380
83156131
277321731
257761826
159458717
309730110
702631206
55163687
197493402
249063707
291618693
26153104
216183978
364397099
362137295
429446149
41168518
118880844
45687584
471853731
426677740
76967803
89753265
40825942
72386101
260498944
89954167
413673846
98647720
410188220
208941976
79479121
52489704
102935014
149238284
856680411
508620918
369413316
19820711
128353614
284852664
1701356
825637674
136795728
191137506
311507680
5314402
567723891
4433779
471979656
417020830
354038305
241258192
425202111
180742797
112695113
488931329
203910936
34679920
12811112
35810495
565995324
48132195
76245322
332322854
279851656
62268228
571568486
441560895
711969759
496926016
7732567
398705260
19690802
219949776
189990720
444066848
162998222
847099137
330782661
206651430
415323246
138606767
327210838
21395806
403894548
334904445
165517564
387392205
529089140
50752783
183703700
223529706
625251722
121836036
96023964
285172809
60623319
229044436
691925880
419410002
215544785
197092108
413010156
115534842
149546512
715546215
246442740
820941004
258547822
362446168
475963092
21687346
671094856
393017379
185744800
253739055
4113199
176383619
610228488
30835691
765966120
722037167
43438263
251761123
310122141
545102237
58426622
72620838
465557074
58505514
392496676
208725317
533541168
48148260
208373013
292221352
909963296
16659853
422094969
720516560
705911887
113695767
103891086
245356465
251701420
276022353
15552885
95655759
529743837
326947953
474640212
36463570
414410889
89727461
170317934
114476454
816684742
561063491
676426911
553452597
276929049
967590365
22923983
493397315
71043428
87465084
484157179
199991254
122823359
775563073
194547126
120258848
140413266
284905077
29181489
110415397
8449684
268209718
234474799
658441359
668095381
168396124
449926055
613748415
13131
17597780
1640972
157752319
108201624
580077583
160082122
210725750
488270405
200694742
263258368
192729084
150394860
134020748
235470244
8633811
739146287
496999224
695773842
14814045
469460449
280995860
28561036
337158456
222450149
538059292
695207249
136387886
207297529
53999956
467485174
255318566
41043105
259098316
201286231
452034375
561934815
661140170
296050847
198276247
141241185
352904290
201275657
14621236
14778106
302592783
607518229
21248519
51701614
779038940
121535642
716965616
238261879
626742266
125019283
205725905
674847790
724400974
604833857
505612352
23011493
826176261
297199130
186395742
631222388
457933140
526050358
52330091
91551770
368251708
404035768
2813924
508849616
6226104
131205537
318280089
248343115
531572288
120789177
525327091
119384413
247602060
399283826
76635360
76727628
3919288
903088227
412087191
176543903
451122428
428546773
303051774
56187266
59741775
46612607
795405221
184563088
580755
46763372
464201532
243439773
603115849
816150333
43019249
632894888
901222550
320205809
531385883
458878207
266890382
67804020
495266361
224029220
508338655
194827704
308942491
779076293
231034289
313204301
360332606
24928901
138164804
35616787
77562159
254689363
127446772
762629856
636370504
516158968
35596545
208904101
25924045
261936442
35555159
594553548
303038971
813466035
168930841
398676129
689342843
64144078
585695649
69101049
36099560
159184732
389599928
368200526
656408752
180413865
373030975
554520467
583587123
177969136
422596003
15512544
29793728
256109666
105471507
419286420
124592792
90438241
318593032
24087820
346611672
513862755
28890369
611352016
434276744
212460057
542980657
749602854
707200692
220725990
31397548
739338839
341593603
39080824
182836354
155366141
893753748
73646208
94836900
351588486
360923698
467809262
259910836
447912296
513835356
28976911
67453693
547841482
430304637
199793742
144226452
72069910
145571740
51900021
129984520
175542922
105368410
58243599
126546805
547453716
2319003
174148935
142224085
241077669
455112334
57440644
74724365
244763642
143224816
203243092
849743209
949511
95151891
347650731
233239577
364553902
122427079
214254608
201034453
396092599
46371282
17372164
668269437
594474018
53282636
24261512
16072103
190133611
545326976
377573090
110453103
127794240
25412825
192468534
66994144
195695061
373420030
20083855
196155993
441467124
100805409
56331506
77371526
529778772
523840538
405365842
231698605
3994527
659522212
676191833
205382045
110918066
469058781
168037789
199142265
523498615
168179321
474022662
682066350
27267352
173196685
4616485
103904869
154933901
131237394
280102700
12329989
123630115
515300287
308026733
455406520
285112035
91049786
772524556
125084374
10570050
458804034
59311239
43138882
450224271
542041803
63321960
497452546
112458766
465535012
416840017
827480387
68259306
829364970
221924508
359567292
14388382
39479700
436633442
686489219
389290198
514407756
34673039
574476157
31000725
167315795
28563468
225664827
111416976
99187892
287303343
932544690
122462619
694618432
522481361
131626602
1350061
444141548
711969617
91808331
377079943
820502124
106869702
56125044
460779759
151521618
120611289
402465135
741278435
10846057
357371885
14143496
198084555
378185565
193796758
160924406
311236278
125750426
563214224
45112129
732947444
238949009
111945700
213316856
792376354
326043476
4785560
300808658
12808130
185392331
248824072
410246776
572502910
50363797
194237274
215352434
19617247
633665718
256253130
325813173
201255154
118778407
288256547
198354265
523665898
153108325
7102176
496112920
709970904
317860943
804271676
597416770
143627941
523625678
392565418
488295868
130636917
16030789
25810020
360691820
612880213
147395472
65053135
10484904
660477879
70623000
56487553
553092369
12363599
738912187
701842930
578146807
1014963
416674428
496646892
225669072
179486212
614543406
204039260
443171108
296462502
89923100
599818795
768478193
130352094
720718796
466646498
374242122
243177439
234822932
230438678
284630678
255445542
437280305
350138200
133175058
199725561
813648724
457850553
85977876
391402765
105928727
22430012
447238138
45838958
68054792
334890849
410090596
605494336
442923802
365936141
689899572
72327977
96133760
36650789
451196952
2690763
612319038
240595428
474622287
204831112
91280364
180394379
510442713
28325655
406066348
538420808
557727024
362333866
91850710
567302743
31236252
298136
42240375
662113015
51389892
120974484
458886441
122787237
535586572
128455425
864648866
402492246
399034692
168846557
661990173
175958984
348011277
476577935
394603257
5168845
124990905
103644749
542674417
176682348
540079824
75196536
476708785
439824819
373241124
316273503
201691132
468217526
556570947
54076740
767759681
572648829
794769618
228156666
43379051
344200809
169896840
200620744
770139356
332959365
656162876
336826405
493617167
39990226
144525554
76048102
375910737
703155651
794897951
286510082
460513830
610305624
375705769
44952069
302240694
142682575
85027988
18457940
33693513
495110322
181917589
27036027
620883760
116369007
544356194
13712259
86934670
132993837
97519667
595305041
603340173
45994137
160294718
172112172
46061643
388148180
24901959
140035631
72958633
218787663
539988617
86978779
193297925
751404242
454129308
13518231
139508181
3063545
252761856
362178305
287203941
223543325
66748995
19744461
399362692
120132635
95638229
23160208
302278379
410166348
770811958
227594240
207868828
371251824
174399387
205029885
858045074
180513203
250478096
522745427
139237296
222565046
181056220
360169960
171554753
698849907
34049674
508846553
43556217
61748173
279466379
97185952
578391561
598396467
664425338
266336979
588418656
192053620
556514154
692413747
8729963
617822545
47541630
447465834
352731781
187932106
354826219
85401647
13254283
192974760
46896951
69143548
35749059
114487217
8140850
247061365
508484281
598343460
263785249
350192171
204951814
887539593
59724077
511104024
327909097
857848774
396781720
275735135
284426351
64656405
451520486
411204901
439614681
607240531
749213901
335100314
146729776
466648604
13058725
422749611
671626064
298928960
238235190
25537012
238988651
21143349
362223972
736234328
38833440
693190555
701812816
282861961
318637287
56391350
713264567
30114856
42537122
231504748
605242148
265530930
22945365
1097674
158070196
13671388
1501811
550197857
330242705
12202881
254518716
414532329
243021262
178661857
240939
461582959
102342709
376893486
101491199
286303168
752174212
311558862
307284223
516981473
738469538
222653735
97535900
2584647
363545445
75224188
2315880
419065160
262128488
539867644
309345994
103445854
9782783
93665141
146480115
798952060
546653243
453920655
43148140
268840148
255920280
649287587
644586
312657283
410934313
73694832
136792358
128906018
42208471
652056249
161071169
485249565
237882707
794850322
103307515
131336016
11980818
269908680
17724546
123332386
862455
199396012
430830412
281791796
92283698
166971648
670131939
428853566
272427805
329566020
97156217
19617719
47397553
559422100
14093264
46667512
42340913
41454909
64510748
230818352
453703545
244650797
346427006
64057462
30964162
248689929
48873002
599196298
280385098
809743088
424660496
95977417
306974388
432912317
271534374
29020851
51803725
311968748
186103703
95672915
444964083
471503144
84584580
523496619
144947552
68383640
69128715
420353360
154149180
99449959
116764256
936068331
202270627
222897278
51420155
448183
49905852
180506402
458879330
585843949
96927288
66979600
51621370
137234835
786939349
80384223
48893844
218282901
35694614
430471774
281030022
516331231
143475803
66266850
19072536
681530403
195253522
557613298
3083306
24100895
141984993
684959793
335518055
96917900
340780263
2976730
87198109
194131427
170162380
502754893
749672752
181013225
137683025
200564307
253616847
383804376
673959065
265643832
300806062
129590570
72637560
132512564
363890282
678126468
777161524
16005957
545289170
152100750
437488000
330089703
166049986
153554396
94241520
390333413
70806276
304943856
353510
528858387
349128292
131205004
252711474
558700870
547937236
87402098
18533914
15840293
715134741
55204075
82002783
805027488
214107299
354401036
119709785
18055899
144569472
464695239
376709650
594761778
1697925
218454233
603381294
35668436
51075295
847430087
14220726
441386769
379619388
138021464
21534760
35057938
132657513
603008402
205301067
361408580
435057025
213330348
747814137
129136472
254057302
13803245
138521798
729714451
243938377
72423350
109828612
74759218
32670304
96711942
63625116
546569007
408744764
494204570
362233771
14576127
411832069
340862535
91157431
117007257
451060210
417921935
102976876
264589437
464850038
657531288
53598495
48165369
674075782
542884148
547608872
2167085
597792372
65783205
14741907
243329977
219331896
395333384
401795058
215477379
789571934
730286100
39502186
702907240
5473602
343091844
894091710
357949884
454494150
619360392
664106318
397156714
17291013
447667075
110520070
70516821
5533902
13125834
364321952
892621810
61789316
26233767
581689158
586412716
101948506
579847081
479815366
5749384
721000145
99074159
301314750
907404420
195212900
83078096
333134
717956777
272399689
606602763
421072205
84845669
403807195
623456743
4419163
546967609
210745490
83466698
384364681
267402342
34308306
914825478
454748520
341249625
155151028
8843428
204360945
83887629
518587569
128968800
718815993
561040222
443424352
21743282
223161316
449501146
46091557
788660773
258196560
8987647
85909828
130469424
865138064
571222545
336618677
4551812
657404591
335369244
607772656
76826632
137910898
335504636
163090059
90084989
632650998
124031243
338687127
157791
388294866
752081688
831713950
297468884
380078560
215716426
443863858
369490123
11602034
646736598
98113200
127300376
437610291
136837260
530515571
13721036
194257353
271895012
429378193
158606382
146844308
316096493
615803203
54086555
221987454
187787451
168825060
168882924
431115573
345394844
916349974
93645814
249124311
282623746
667728158
43684231
141039164
213787870
342046401
265207097
727218957
13940809
95934461
567413888
298528705
345630533
792666357
104169264
45923697
369779692
26728991
129903224
110770896
7292144
282194142
34920629
92673328
109367522
352246562
113854374
200646154
770183669
7105712
241170894
28917990
496730337
297145309
290020910
286330336
246218976
76761663
102508981
292911305
278728851
283684765
96149015
172629231
83783828
18948710
443661891
248221648
227000563
388187052
437560838
40940152
886569999
18594680
43571523
607662743
751283424
368998264
47656991
167036626
7486031
34727904
135457778
152890853
294487272
238038762
325038153
235588437
384649516
145512882
551683820
76681350
318708509
320197975
28886606
288755676
311143461
184603552
34663562
73586548
209876850
417720657
72948105
423753285
229515678
577292725
58869220
198547613
811512271
248133901
328758667
136381564
2180992
33462914
285093990
722717381
74240672
95148056
5245655
47508055
38967020
135290289
310796064
390748618
318938452
176552885
594993051
194830497
599391304
225423141
465553968
36152793
456538148
783613013
356768436
498890172
218312131
131407484
206037703
260851244
559809404
483470651
313542694
194829345
486546832
42107049
610272095
682103787
65615444
938135601
351213348
332784178
238866123
139060752
143636615
563173208
140532437
290898024
206883282
730799057
916207976
18172782
510836268
36756556
285367944
44261652
229945628
314085568
87037366
724905396
721532145
203825565
235419800
26216051
228855830
263479379
204573571
223952348
188574210
482063773
543241477
163366524
336416351
136116381
594115838
91560415
98967189
105195266
140756428
63598186
550138410
927405054
120040888
249755352
244997388
1177847
292297395
634617559
605560941
175166597
590644965
311417511
63858999
652137572
513874663
67702930
47178356
111765634
10850213
12188736
111000165
314084086
106334197
30690415
50731558
320658362
252477887
53302162
420978789
611199117
172830563
165778976
412940811
92344332
26460156
176079545
574852718
121383016
629307588
603749353
560008411
316253555
163142360
354148109
491240302
273184954
431040750
147237335
317181796
420613234
723058796
637976981
575030087
40384469
635080000
267942171
554493
111702560
68247960
3315763
604655213
592376328
745439577
33421290
277248122
11898462
434869005
227951286
580041516
253711672
323614308
169390668
250407753
621422
298809664
103621502
84787921
377824702
248404482
186492781
420104618
155910119
543915289
171180444
268229462
279119841
722663641
50351807
9624156
264620252
908295
142252920
479682068
140209505
207474806
836411528
31418443
591866465
608093900
877638867
152588855
969528
692602955
288860383
27538566
280938256
353535784
381015243
63039272
48937688
214081581
173423544
404007442
145900229
322322841
546934814
20116812
27371860
19319226
168173008
37321208
154698314
439381981
346962095
375706776
250366677
710604160
71566665
292628485
130564490
132318330
295411674
713743124
393442320
266705151
151013908
758757291
822230928
34412898
54057130
485149592
40510652
301671015
729663632
106725425
396404384
299665285
136192035
413400827
225207202
713661025
286234426
333924443
148891263
263124792
110250675
940205680
791147953
685125384
198272847
141948874
516924506
460698847
106305477
225423169
590264879
651482200
165405825
187525338
67106314
39184572
473388352
910120122
352127964
592092415
49478027
658552537
47689220
586235375
173436072
3526602
291585220
270463398
164974838
42365574
875016063
154606742
126091732
382416981
311766910
178781470
98053104
285503154
66838860
166203881
85780782
118097096
137379018
16904349
31191037
34601888
280466894
234821936
211944027
355268698
56169912
251653580
260691435
63328520
60507568
414473336
660168651
61891956
239977366
54433698
143460191
493133939
432250522
96246891
14201960
19780232
738232228
270489412
50098151
118629594
658611375
190596717
124203075
309227910
26444684
253439432
189198663
160804673
492763265
1407588
321189071
600912867
398895705
836375078
67456613
119560762
195511757
240250416
149407518
250678450
335351610
44004751
318906799
1713672
201717113
739067727
583327361
553077093
187884625
114470140
273002465
770877494
108754749
188272302
140777052
318652978
522022312
32362060
521350083
126855804
239745699
351842764
140168482
209375748
107899699
294116000
778655115
36560951
228723161
242829828
42189979
729832690
125179210
18807454
328427162
259569377
378694984
100495152
467291110
380637086
43746501
343816875
3575397
175256356
21222248
150149382
120741404
217978287
718330320
150800540
156361518
484201165
359800066
262958322
770842652
383667279
163461229
366029487
17408900
285841761
80490741
269951541
18473479
419547296
55008698
186560648
198417606
9741039
160178356
25237062
613962932
284865000
79157582
81256018
85593925
139368622
6662832
97778452
135121991
293167813
4345894
112535588
196032074
542827009
238570860
87212710
545433789
521637258
21729420
375805731
169040992
223679198
523261336
511464179
353717221
494626800
146849975
486503441
55895696
504686746
93485746
473262438
331940296
411142976
75757115
153661738
895755393
329771841
135851356
456971880
143095464
726470497
448304625
134966329
552068599
130222265
546602443
307374796
392318830
496409184
742498966
531257544
176907355
714454848
25934123
654022621
212957226
112791469
461774304
222962310
9221601
597592551
127300926
570082768
335749014
273498591
432062559
394374336
644147262
191252544
591864474
522285240
87594654
336272047
235264926
523207034
10383892
425298973
51286242
736036045
211615472
645482010
472958981
551051350
3073118
698787390
760007353
347136407
814193117
7645269
264919354
229819705
173728890
239729454
406434684
27717789
314170511
260555197
21856750
418419882
8111782
189046141
722918629
298403454
938866962
94860512
467177705
166188161
396727769
511036962
33282366
207337684
628918692
73677990
446419283
90539904
27931788
197982649
118098779
59294476
585814162
64108304
53925476
56796514
553403356
92149403
771285926
186224307
369474962
138751170
240269572
318234543
240711568
365123561
156864220
85136397
169491809
140751552
396298113
419241899
70791863
553223004
8370152
254584564
449729721
350666911
500104779
949685984
601504207
310545719
600597624
204484155
452211057
11944013
670228273
267548036
90320816
1062527
169258361
340966408
493524518
1280532
124887423
491765595
818070864
613788014
98364848
153934500
462825517
333052893
307347708
232102287
102166654
571366642
356655231
241825563
201466754
100289472
22825965
215796957
54186480
90624805
181915102
177356238
372410640
140028541
128059558
57033955
279510095
461585012
181204458
110307821
20936106
622980736
35546797
599209961
332245892
700544357
266601869
88898762
56397942
226551590
91316627
689796413
257303730
319419542
560066226
763357996
192049782
41286485
925025776
73062291
13577763
687491640
369208460
175452620
179061652
181868706
55483741
127842928
192695543
465481797
390973974
343607507
812054464
607141904
116764420
519057263
560119324
385229074
168446360
11618234
285130667
237352792
390522586
250335585
89852925
125181462
83198727
396624987
351234182
59847635
132223208
84381951
2943672
99146347
709755162
97477723
410812890
106281058
205679374
22913584
35222255
84708880
15913429
381049187
136426766
524860270
454282504
22940162
274959809
372282982
321805237
432869685
271683405
69258841
138055068
176256602
11542305
15871660
89966453
712841264
190392087
174206046
777136902
118051040
565056188
103520142
141332722
317813153
31892061
26930881
382536612
461148866
572912744
93443651
120598264
19056197
321196994
141210384
242323410
41855065
187937369
550357999
533420820
218723068
83767363
654729223
140447104
124298546
144842470
278048764
374752242
652735076
228322937
843161986
73982907
518095737
875903246
14161298
540835079
12954144
39563867
51770746
205302235
183016639
299095509
167006803
23079305
61715712
230989894
504549183
514424342
175245676
81180164
558115268
123940119
520009089
27286227
464338869
283501985
416708128
705354124
45808941
50848777
696459367
10313115
305100536
370083811
258504469
29388622
130049553
57965909
830902244
565342861
277914988
154526868
205237473
769804498
285969001
19307647
296167077
221183302
82957235
44483319
632804975
370929729
106822881
337622222
465531312
721787959
310527822
282139405
188622402
416304549
461433508
63965154
811220263
82249255
69049796
252719435
288521356
796988051
11805388
37739410
310748942
712492752
57902398
39852058
178283001
22927968
9615190
32793533
519888860
311034651
772965939
83738616
369529687
221666429
179930613
513392053
157354922
955100364
722009410
510474948
237495666
620888293
569849312
4325956
486514012
15370366
176564810
284398353
62634186
175202914
680404324
202663396
341145304
118628893
103671835
8538458
241544101
278363544
302138995
476952264
755820203
331730593
354648674
52192731
121972368
81052095
401609220
797483175
448730194
154348122
171658496
81911288
122600735
577932887
219330166
625421551
414787238
240959136
79041724
298716817
32411238
464930820
822004736
516226887
265925905
744333938
18954587
479387927
320237013
191538497
126371793
136694325
156904114
532111811
255954641
358205413
457682944
303630322
133805491
391806189
33144966
192453441
10186890
514926212
173123889
741637059
528692568
226308834
484846195
368599405
188625318
479392806
464222447
244797802
154409202
141687184
71910425
550714314
662617505
91882484
184499520
560538314
515029097
580113580
36477480
63660710
668621515
452078812
64309793
53686728
54106158
29765866
234371191
182031002
78128303
154149985
355588926
418027512
36912894
406652975
397741611
746477828
39466485
207496810
95769902
266011284
7062127
6200023
195843529
302853780
673048808
784051924
777617946
173589335
64722576
192326742
161528804
680227427
63873614
722589337
63595220
155234078
834775796
289863652
547984639
307256292
177133431
626029779
176517158
67291506
900235798
20332792
517484861
156187602
218645414
97784527
240547681
164135123
609354812
680118593
430144142
772623279
513730086
229609738
538198655
201981766
545342078
26742844
190735778
188833455
211592324
501972965
549641385
443820113
178783628
673961856
141770891
19940837
77399590
166521445
414449072
469599058
564658714
552854571
207616783
37478004
59116402
223576165
930620602
774835497
60367085
94128550
363206649
239674722
342113830
284419057
381454720
71533525
191881049
40396498
50258322
568931096
266751191
86456506
321592906
778811102
20925395
63216571
271684635
50505618
406012265
8504034
887080017
636860929
585782666
161386538
488172367
245395137
241068253
25906416
738049309
420755237
97851226
644061236
605083537
42988512
315687562
191344097
605517588
155460684
587975851
799361785
173060560
256028472
88047755
578866675
454946687
50223192
133601803
96972318
221415426
416311052
279483748
135195579
475031381
435174707
39743415
248696400
30768211
138771204
695888318
114412715
30157755
178301100
326622938
369251364
175145690
439766003
22139790
249378708
57518048
206458074
706249712
397717581
13466222
351101251
8672724
243852393
156177009
53638114
14684558
812640989
497517941
177227711
107044042
13198748
617591544
82525360
185787045
159504925
428706488
476532742
675064262
530474250
573436749
723421796
7992258
341079600
388548303
335016976
243529058
640411417
348411387
429305440
319351398
384246762
594558120
578954962
148025028
543851157
784425271
343159225
92061996
199614053
263572338
7678041
89711124
50820419
259907716
62679450
76552061
194763679
777960248
31355512
215106804
244808891
267358936
37153122
753186085
501010672
290932685
24607593
225930445
178879823
542729780
166535640
406340820
312686354
102124716
77966063
145340136
560823082
603978265
407674523
7603068
406948728
704862246
96545311
555443688
136595191
75435006
349349545
221138817
467138676
277286630
699233953
469394302
126047483
207873066
17517895
215938071
50076856
360011503
335447026
431048073
769617328
90446630
11349878
52742421
218239804
75157398
550761231
122576125
399620262
335928569
181915566
446066855
134683706
520841556
477046713
125338401
120775201
208224685
373446648
256308512
107212890
253439742
149706929
166181837
334313828
54915575
127950519
255187890
668735696
468974979
299820307
268658214
223407425
152241174
398347
398771876
11964249
356023079
191599274
78308333
193896990
215349753
354575957
132205980
2518780
45779300
665562740
243394641
149545550
252124624
738161441
51867309
338579508
714644531
396839428
918870926
13158631
770906555
256675334
459742752
52795182
60589619
62872646
142150986
232889632
217356444
689530963
83268156
171320305
82693973
82504506
201222640
40556202
152067721
752537458
667556630
498915606
515881662
475024260
8080124
669666273
57922112
572744000
561416556
573710631
172424328
308772304
374328400
30289637
17143560
35349233
12950344
632955556
246534882
7068580
98875006
713161842
10298679
107930480
53889835
340067457
63809945
300462299
102102761
40952817
449389020
527915578
315180774
490881555
11261707
145069252
427532841
259187908
153213749
471137355
299795031
128104300
21483902
211680842
2412859
93705250
698417313
448097416
515154247
47308479
322445499
490202986
788193560
525486629
101951164
227873070
298195427
187587225
15024808
15234189
230382968
396307530
12018803
152169369
42542813
361806983
32740416
270895859
795772579
86872566
370194507
97967298
620751370
169460385
67276700
354423060
448088857
42395200
330691576
523615408
97172052
620287964
445330595
365972556
6810295
334529493
793719414
323353312
515301255
471800555
444720320
918114341
517700182
599594160
600806828
252280170
393232628
395244575
322324345
792847985
8710950
198340188
786231727
493701468
69716550
476157689
346171936
103152083
371839272
42950402
629907364
119142954
162391093
45316228
142345964
174888666
54057835
13146227
59426700
66800514
114969896
341177885
163742900
334352702
200153176
30769531
282365608
475214120
383864335
106157781
435503234
162431320
154405039
119709394
495918314
499550235
69410880
589007553
282277822
206093553
874190234
781617170
881478712
355163704
233688416
518562150
905092
322050920
691806384
82115115
343554572
275047538
140346783
139793559
484559826
464594376
869252539
160340367
428474482
69990368
408355072
392937259
443699967
174424119
675360609
36647163
160116537
373342792
901082899
423454800
105987808
275506518
16143056
49635456
125452488
168636102
75742790
100832397
104761275
545211824
409468479
902039472
336219745
3947164
1215474
364995065
207993384
216205470
631819013
10828323
439234512
13147424
23177865
402409759
126967096
570106994
350835190
62136390
843575851
64569257
265182498
396360680
841050993
149610570
77214849
38297254
618742578
996174860
66455584
106156823
518883136
148551253
128034989
167280594
584409548
235157469
361290569
699718949
350001217
116663496
206248097
257570146
80338897
889402426
368457430
87584993
418427758
4221562
844948157
337482324
565204468
426751068
201768027
13632616
49567130
38334192
206834628
61420120
159541662
344002268
345098870
241636196
32849338
881013052
718663512
806595116
742866207
795481409
115331853
384612123
100059398
449127119
626895884
592980728
733810662
628193204
839670748
132096845
256025886
83337556
318857848
645721269
163162787
355744276
1245966
55345512
189381862
250187938
194136248
14313431
25641461
435465164
470639682
266539785
262521691
281483990
250447863
106048522
70883577
365493092
5780501
126499533
94277888
672326776
106059127
14265086
104758334
407792480
70075803
810152511
98808100
3475429
564889456
265698437
52415546
487709833
500139014
883786164
167419151
9115784
336131914
315684987
193941889
243387088
457985793
395037843
131534453
22510827
495669285
141604873
261318172
242195208
143328488
576817830
629628675
354851274
86318728
306498232
495281392
310036916
237778478
25155246
303812841
427020415
38436224
855694683
604941153
552474279
592144953
306620312
49869663
190938401
366892631
59270550
449119885
528795702
62859115
568443058
910967014
258790656
542062713
591144918
219736080
154340880
335412349
162583379
642013027
169809590
91117514
293331013
83060431
619838505
12079546
387902602
114146243
326808618
542752571
120892136
242202540
204451057
349252709
204835916
195035830
131200732
368751304
72873748
2626810
158135615
91442499
330634320
45158456
71244934
255105726
454178468
267040204
324934075
24991337
430465282
135036908
748352893
356312522
44436665
411806357
468217206
308806456
641958297
25361809
419587175
274269548
189009877
811380285
334544737
164277155
266553586
275992296
48535761
117317355
205757050
137923023
254791013
126789716
475770013
78379789
342397636
90384980
242275731
102650595
111144769
541191865
108713996
832726042
479477059
486666658
750848244
11665028
389529026
350733389
148529074
781585380
614552901
481086556
92213058
160423464
182936683
37953691
350501785
238394378
75687390
625008352
42146298
363619594
167675490
38317802
810183695
26371026
59819082
19237654
643214319
44448697
64112644
438871221
377724032
133333448
294421617
445467789
735081381
97847781
132002451
712997748
102321646
465697322
106853394
730784
200447044
523043558
22551900
6741782
39575262
114969012
250186641
114616962
557095805
694995270
410070942
16015552
268174513
249754397
54737840
200707897
359650137
703638495
454381347
235914982
107447439
216978400
405097290
338110928
246145867
392509504
613411438
81282077
767258114
549023833
15941304
58143879
605079965
41217948
890466029
99761205
276984695
67656776
6233942
476175774
278911493
171121966
499769935
552191612
234356264
402493913
97975742
21371190
117725504
202276184
253413673
269463851
236247938
422177670
143816737
108875217
668836076
598968073
697881533
21906477
272106093
6443610
318155061
55207903
196596178
488522215
118282069
47925183
49095163
546639158
207921168
155758056
120578841
30861090
532517327
289794627
289723280
912819451
20303433
294944502
173520842
216437552
704256066
89438440
412507278
576619400
557661501
137553131
198976476
138045868
400391085
596951678
84106928
29546782
370237167
20085692
118379512
761723025
100126341
518079046
472444981
288987315
80402355
56274729
195464937
111652831
785550914
428454281
204305720
82130623
576163670
603093430
123797529
613989449
50488941
60468411
8164828
291048533
328412606
313296703
335548248
101519511
449899469
198248346
27938462
218393218
123363427
387078203
91948017
832731001
199703787
61359773
198026708
189050481
341839278
581021682
841912016
87814445
261956653
1330210
641492738
601439204
496280600
105799313
580694917
729098275
68768112
444006632
411012293
146238887
155755584
58797970
158381160
474387665
114942738
510163900
479685419
141661189
373331808
79861604
419170459
965473
306506699
549254428
161930615
488652662
701452634
273157464
259341064
425589948
293763175
675722010
294072546
9516314
656874031
346407772
7867614
413683927
184054713
266591406
43008318
24689135
30125398
133740692
163000577
585246132
233918035
327560534
170098126
49480425
116342505
1055639
118912990
531629168
480108918
471018600
178379011
154854364
22284158
123468568
940911999
718578388
1361359
275229617
608764276
762134075
178281298
160471899
147922173
13839772
129294080
299587683
158615492
531228420
286032456
431306470
114829252
192231126
138959532
276971914
420314557
201096502
75203384
8585520
557649396
130628165
85159838
115792411
962714428
414528016
85360424
439051927
956307472
307569743
558618617
720000750
133809179
244885394
125876511
73792676
577345351
485233781
935507111
110879010
60013781
6332634
912114112
69396736
161836116
382587267
446233196
393959405
84153404
237564662
88181692
140701834
18543507
38500666
199805153
797407898
590682933
27111438
188479610
131299377
402906334
286149828
128998534
320639501
73428855
90652556
195316686
558748463
46724558
296838453
228403904
576121857
232329965
5324529
350916280
581148868
74028044
11593780
78289527
199242070
353187486
257248479
424601479
281721234
334862627
87346930
313589462
93099188
351339255
208884008
425608172
129335439
533099064
142439238
787943091
198219083
823824271
361887587
219925703
258434917
263195475
140487046
130662691
67301277
88778046
519602532
167291080
712487865
172227918
571347016
461356690
64675673
200839809
76516165
20089823
137178294
122265173
25289611
443656481
133837430
698565174
491363492
741629583
569469601
392781162
438689843
11866149
16294799
302985830
349123387
412796848
26881168
424651898
308984930
73872258
769291077
195122750
137281412
13941112
292878390
571305849
432206956
597992267
327958610
167736336
189165456
463002035
413569105
28945074
161478013
131139813
810629729
39712755
660478390
518446739
685691503
69454938
267281078
198650967
36071705
129461534
30559386
783370262
316489448
71021596
365665023
187724537
157476506
415174668
82903019
180050832
103967132
66099550
182854589
463938460
142855466
101062391
157821134
125173692
470246693
35499538
878462564
45133287
659575792
10663552
32779343
13895982
150524706
470573249
12731321
117211702
36150358
293550750
231882972
819344874
393070245
107508494
581519393
399279000
302484344
623986467
215034032
16559734
411621665
150524348
259601548
30581940
36448604
24039140
266987745
606904008
355700955
336011985
280576432
294105646
109713360
344856207
364289040
298695392
20939476
372070814
177676533
139508522
507188011
363659364
122277107
74637514
126067727
670256097
409417258
58791420
138890584
68352849
206858266
205969769
540237221
238068309
230506131
281589948
491608951
439167214
433285218
501548395
485898329
305313270
22370336
101584151
195410796
281126144
220370230
606861394
11793665
353549177
364731203
5787343
5905578
260248615
345032657
111234095
734605731
303985127
3586134
487398319
414658714
828034179
162169599
473989975
161840641
313491202
591722595
262153842
139300853
191203194
123011662
408088237
564180741
112893236
268050141
52132316
175551822
502549188
37544400
529967177
113875492
591493888
64298476
78763328
319349613
19439910
48141899
335623776
144270665
494462532
3835032
46407362
17548496
243165792
68437568
218405028
560136306
145324852
374515168
292694973
804455496
262752502
133660264
623264221
124409006
377071218
420895386
226872643
75322942
609448692
153438424
679499578
211608534
625639095
477720571
168728138
586125774
101379069
606063
480698481
13729413
320746860
478090943
301040134
157891495
185672392
169871213
658595406
309413498
527352788
435718306
375189763
604088124
106189515
134645145
226369262
414045920
35019427
53656956
104124937
275657870
471320710
49657245
156389273
202146156
112881389
11386186
186411960
93385304
90760202
48185599
62803874
140121492
208479494
147942015
109072410
201144705
327361542
35508504
37717925
54790784
348569561
381339872
74259136
48764517
63426795
244976128
70387330
211841136
561964167
297923100
19014849
126700125
129530263
69420
35314164
94468435
234014474
201444039
483383283
338753775
609444703
534898439
249760178
171939777
536137498
144025308
61444558
68131664
432373665
137905262
212318581
237979925
897615148
455814570
22587799
49359240
480464343
3584370
2016111
279567772
68016063
387913098
427415853
28745210
586023199
526090753
42479312
438379962
155143988
387292619
604257112
168710640
472916510
413532067
168856741
18946678
516017544
30537243
93813318
140114518
260564519
360718995
356119035
85131014
485455138
175278360
756261198
694077418
22801950
704749005
64540023
467309456
187435752
156984972
17007702
143423484
260979112
60692267
321353893
126356535
286877728
392539524
462229391
23837241
302294473
5798770
575212162
303297975
39696796
885052670
243552778
249964844
173821438
53269006
470555410
206890060
742999065
22731796
6741652
418277271
880709504
372402310
376941263
481325515
195807390
31909627
229013472
118001528
229531494
326445417
284876353
463943915
382562100
237251070
115215741
275822262
226780584
2778244
27975558
553127911
703756869
194517513
650132768
3958120
234045813
108010319
295784326
171610376
441048478
146320768
322620541
41490898
61191680
117052224
454130537
45453236
162709809
5620683
37187066
481379231
130679968
195968042
114913571
445555602
50708792
172253367
310690566
406208269
65881160
435493840
33152258
211792936
386946374
347062575
9148654
463772908
401515555
511222402
549199495
327216803
227027688
79136160
347613866
53852656
124985545
808448184
621648977
133196743
335137481
707310448
87087443
4438921
342669849
647930730
165962855
231211357
117161607
686504435
57182625
544551110
73671416
449023376
199691254
174415478
207999863
277325657
528532036
220129251
499665945
215437750
88168147
353767804
327062362
702685474
9257616
502890398
82195558
196000923
118608842
231265645
569260113
598412647
875585996
125810865
434926394
110802617
118888335
34891478
111239462
77615470
379465665
370206572
425403614
778273893
267747349
665063698
63298378
108672111
194539798
88310352
459621562
437081233
333585009
65214576
310468639
504131628
352842735
198042690
63816290
290808355
598427462
90859224
188144818
23275453
323152095
40910427
564803047
28880985
191465996
491290540
31603165
290657
158870874
328785539
361841048
210072247
367060245
801804010
17669551
11868699
265352808
226807280
615818604
895255019
299852478
221012930
5087733
202880742
218750408
324576163
534765052
37846501
462403273
334669650
106630127
73546571
174846948
541930581
28286438
489302908
180071000
562454415
42267422
51241864
168854353
482158347
211879486
175206630
466882216
692107227
499365205
27045527
493026770
188034210
321963614
22301723
527914740
141258042
969628244
452495074
313358290
228924138
232495367
607854075
786416652
285299497
256630136
11680092
152400390
631289366
315220698
509364450
182334139
159828330
343314262
673606978
39169587
617908439
750643517
222421501
87036054
572160640
76199364
41383359
379681384
561623803
31451119
305736290
118891957
496676190
166198461
50806307
386634628
205819112
566434534
83914660
140339004
94003612
63005893
457950714
119895678
239945419
751256077
14104480
328514420
99060293
199238876
363386375
746146182
67638036
119509110
71794873
300348513
176082076
297225135
230305513
515760276
7127843
101678582
42554521
207513136
662583479
337137040
5236596
115634568
293341709
91977771
185466760
32573363
621620899
186954899
798155285
18061090
364722029
455311
215487150
33805538
150985836
374495203
211237769
245660801
49025324
358236324
121703969
67094282
13242381
359626166
348382287
729810853
239532728
314795706
183327592
260688950
19970182
193918514
66572130
438401094
150931686
309668889
446046390
333962921
95773032
308378461
278829402
271803808
684821756
630055136
235208688
764824652
302941159
657689077
174565127
231552238
959775839
6405536
543474545
458347016
558840573
268981900
1376789
369645950
395100558
38946165
18907735
271666160
7016270
426117922
212152876
736910408
343788873
25749646
604254455
665602877
312095798
480032950
143907241
86735554
45542851
440050001
238246680
506224236
155885327
168149810
308747832
529997217
355571185
333264733
724898404
223738413
502926789
33720456
814931377
743058957
295148319
360865420
158298445
543134280
220983702
327526000
58701633
46808222
14557692
17372095
319576531
288345852
317929251
393459381
692417335
715853584
331473698
755478645
133082739
477639773
86204429
723996731
142359695
201901480
66694524
109489344
424702510
578685799
296776149
611359241
174695413
476797884
598825422
287548598
384711683
10569160
263995446
655525647
885765342
752952911
300953418
56991514
372047759
350878896
429668538
455993322
130481074
788678264
265414195
369023769
946553243
52708256
256219890
545851292
582802589
68521990
278230
327627218
387686784
428196850
197291480
173195089
55228798
113865180
178609559
162032507
141462422
490425495
108652479
630544331
29302561
392842695
220392580
4937616
40515482
181426630
133155910
216213166
28424738
4496655
354923568
30764855
638835405
88807272
313081266
639301268
272952444
645005033
308202494
22778503
195067681
180473863
695844828
667550385
21664008
166033143
273644796
419893913
512369313
538685808
332141505
157747403
21338342
50812098
428030833
471177846
24223270
162085486
568710767
236171805
63125184
338323422
558359502
182281831
247169272
596701333
73692385
652147147
34549075
254181774
255548726
21312691
81395444
15697348
56560884
27491845
355168279
203546759
200856516
252528087
706620646
160725082
129682242
655676634
288161896
121180
802649526
266326224
461311793
491028241
567029818
745209594
185409339
700868055
354869784
237701199
432422899
657755400
43921560
78977893
631520560
634837020
652336516
187962192
20947690
371643636
187827396
618190574
613523325
552186320
158071476
56651754
15508779
530973822
319369903
13135032
232206326
27375048
98686187
349110122
652018525
98769312
472022917
131198033
203895164
256111502
432761704
394518362
157588380
410380488
714539809
94143341
154116215
531236082
556623840
35402038
453444450
434322830
95824106
127223611
238995816
473653173
486193902
173252838
27420312
35120319
367707086
239139147
79296910
347913584
377061048
97957806
60368544
344290720
190214505
97691570
379856387
317542875
29216555
124615159
180668569
789395877
221937318
689787779
22561230
229063228
666769806
83081041
18232590
22053220
323586348
113449594
334228465
140681802
466938455
533008085
126842064
425423799
78587800
188193995
135576403
132878554
500668668
290365631
114032461
596931068
544934340
565572492
369703880
81765594
159245280
701857605
656084429
468329244
512813331
36174596
248873867
576752841
698018443
359556996
276803505
44018382
11776186
488991411
270683278
122196957
256804357
102924784
211776834
544870279
41365134
48834564
81185522
662130669
571529720
313305160
286465852
719836173
210709308
108177642
328940768
180572040
335430488
490351097
567466993
16944073
178895220
235070692
397647232
66633518
568632253
462111350
389922325
272182802
133186041
9174768
422612597
616991296
519257721
629785594
94606172
312514548
219043895
131107735
349711498
196277810
230319360
65083957
376482567
713309716
797210924
116632492
512529244
146869447
302512196
48460767
210694251
25463391
606287638
421944616
212891494
126488113
580576694
60915264
45336288
97971427
24148623
493162927
302406736
137638521
316317383
29370582
690952561
349369150
408029739
30309071
772807459
747916071
40072592
565255890
573387764
568809748
12057486
475206586
136161762
735718218
852780697
285703747
49006497
530649179
251533658
491726436
41345382
409634111
246211930
222152122
489862044
9919523
881111269
732891586
6265837
386481148
756341547
873754275
152460536
380575953
294605984
280653999
539828684
510104654
408879880
159468672
55075562
243185131
2491402
238034758
156929736
20374405
357863375
11793249
381987254
344029715
93065325
11083766
15480402
497471452
580286587
84491214
59129689
758904256
232672044
445665269
308139544
228284376
384313263
112032128
173619749
36006701
326297033
2463995
94064748
179648392
603891741
361782619
38074253
463668050
404252843
438679957
177043923
56996476
90527544
98196529
792366316
665850050
108539474
796681575
444832585
19618935
170778999
795526589
257411121
138163883
158174186
174266305
116724982
116852043
228597714
73852456
383545720
197843838
529444656
434844354
625627844
143126410
536889850
268532238
776645
754043842
860434165
256984469
215628612
254458602
218271915
89328450
573792666
214805256
58350709
133839924
688201150
228830754
36901900
184677620
266236580
3216690
289020312
35976173
615107582
643365641
58678261
436921464
214579704
496695982
371040989
316453676
23039866
143501727
130917063
225207406
341091642
381132113
151894550
93376250
345495479
388835196
126804163
284730467
490374481
295422714
101143782
343087208
88757255
555753270
176101160
259775002
529650338
704228814
353878643
64713163
361105145
94420005
94582271
240116783
89674630
396590831
97209268
590914850
215653886
163882205
103993902
247158798
289745746
684618364
379554621
56252260
738422055
11570363
20905607
46126829
610826661
198415326
655324052
11628284
285683796
411739863
33313773
185120935
55085088
75898216
18890263
439501413
159678096
681160851
925191235
236779894
168172306
389319221
148619064
477605839
172647124
85286523
50170736
550179240
413622295
488123240
386806908
186541381
20790015
397010608
267011943
1407498
6607486
3914949
444685722
403809857
184979092
115332484
75463952
203151483
489186306
2213402
60155221
50240958
605072148
208585108
282118594
261540494
552255533
13868959
378374658
88507860
13106034
75777966
108796244
127174654
86169119
340853588
3292902
243703836
123546312
708696801
628607531
598908874
12841320
315926488
90229045
462510862
326875562
19516865
299759546
8086226
763172705
275305746
678920030
17105817
201020426
3013748
128655559
172999688
388644529
56688158
501320712
106056226
76520234
88965842
309265725
324344346
283516490
71019562
140764786
195980634
110456574
521582118
83457839
414044460
91800963
366211452
725604369
173669810
917858088
367195755
180544676
248978047
290500937
581921564
113971993
783264693
650218801
4025544
644568314
198875956
21201242
214593726
703481370
2536518
136591237
10046030
339247504
673376575
12957442
182211177
443842806
676840546
353849643
263121404
120579800
109788764
594599653
17505865
74613531
401030923
292609037
245134920
39401686
14473517
277151804
328576680
302087526
618934178
132316314
247534195
103749663
101833922
323382192
781775466
3872029
21483408
68196195
15737120
295317272
188267340
141477809
65180441
843320026
48600688
123937219
207053216
346970292
300101907
225316320
87898336
396454603
79476678
688043553
542496890
55949835
546697776
24738570
62600854
190051915
492950656
837026631
356034279
859958986
216813653
290874366
636774511
694693136
586056205
1311986
115901770
218585200
353322005
706008026
688813544
173052906
10506124
238328357
57608770
312547137
296284769
130392356
47644496
113273433
18321824
232194605
468009937
107422732
100348024
19052640
235334500
414721405
36024762
388093132
299592459
708164229
79473254
137686505
174149945
742230821
164318932
130206412
611316797
170410698
577840789
625710043
12927265
910559900
813699650
58270805
69096171
454971813
173593504
471199450
579537279
542310422
885149980
150330998
259581888
322538538
1420928
31129505
22250789
203369159
316326812
391049968
268037278
765264488
307112152
459785180
22095288
207838971
538343196
46581246
19734535
149334729
286978993
569993960
114567830
146532359
703499754
1521636
98299467
89070514
222734606
733055555
821314576
156292598
165457239
410689326
49436347
131733284
641364264
125699707
290907530
164226329
56810144
542725517
308482057
560195195
751805452
340440437
515332559
523211211
130721498
676319981
435343027
50755587
516600720
222145050
350133424
499010622
251963851
158935768
178640794
52292925
118088797
573400728
326394540
421277031
174722466
567218113
27817942
88378053
131159003
219341125
445539920
172105878
301062777
303117445
613135528
644896338
255798778
633200170
473570272
61066974
349980845
771982429
464430441
490297953
166566972
170495874
551396926
46101753
141922686
285587271
433321791
135067987
348091494
20981653
168552806
56561404
243304667
239036256
796433951
335503812
6136498
30883948
798479892
11365952
510356213
619854254
623890524
75001816
249746446
11553230
261657020
407868359
336044589
153793127
139097972
725096578
184931946
972842696
316620924
301981882
358234775
84343618
955813966
807904246
148642508
281555614
394254831
824970038
237015739
479434480
227353034
190890416
521504031
534930255
191289582
69394489
863949179
7880186
188264256
403700429
121825609
469714936
544920872
118239236
289169498
406394596
162250526
