12137352
55551640
174093251
236759175
358577054
420640051
215967656
438635710
59122174
9952069
40884562
265218186
709322324
8912508
80536726
9434149
54455952
672564370
207999177
3272640
649810561
148997328
644027117
725124710
41302804
52212048
16049496
356792161
21753786
32388590
904581384
384706432
326822724
866594452
196580920
57701734
85486795
855082118
91454377
205693906
224118818
742998106
132958595
382736631
341731607
65043194
74314419
359591658
719316301
27347959
428171526
93688545
147967011
96159464
718099191
286975404
840640202
277306894
354480819
197774634
103729323
374172762
69420043
235266909
94301206
47745353
257004406
143038558
35184182
148528354
220933076
110602863
13180725
241499202
349849473
27455220
318564872
597302610
624031838
38653219
212485983
436052210
168967173
194311547
391531629
390489116
169813719
7998338
182620234
819582586
317597073
238355471
244539443
798083676
88926204
282490403
487628874
27050406
222401413
45261354
50844827
154159456
87974735
125751956
14888622
101124004
43452960
230043393
705966831
17420176
214062633
465402031
482677234
520734875
11832717
154375410
555694249
349387374
3771059
387118008
392184449
233716749
719942120
443879894
166633112
700315153
620858739
348385329
180859763
219910227
55551808
352592010
368804990
64156849
844451584
21863072
588971707
87511949
156938504
455445129
783552149
802379705
27088943
153976697
23228412
699852962
395310688
438885634
90490039
7996998
720190252
468422228
57680102
756901919
492273560
1820306
42415019
641503517
17994876
181253848
221194681
403911695
338114973
26958680
301933410
4964514
72452359
5630436
488197525
650272865
2743606
204995689
54572547
609651165
8431834
142897
138324674
223166139
846135427
75812872
454698805
239924467
527620033
557507385
566685388
153522919
66048832
463209192
183362008
880227490
32347271
130036422
295990561
434645792
112751820
116071964
302426912
474294832
36415551
121650308
335128900
142111486
391101436
41878600
20364840
848513090
466182448
137851112
26484677
51207640
559438759
311514257
573590528
464625980
60635824
6163528
60169947
98026872
379396916
141990543
212219449
798113615
309573550
15321593
268437974
443081193
201922852
15540319
734202525
349435924
112392682
351771166
14996369
465313395
199750280
421500916
311035062
53959818
951479712
433164863
36822029
132902429
7640976
457633618
415567944
189106206
116909209
503057722
133717419
411743854
119622610
102923575
469159399
76843052
174215137
108686639
939949980
290527120
714133240
260128690
414780111
9284361
326309388
98628313
97078071
819392168
175719057
363643087
458662676
354374586
307193780
60860773
40840756
43555274
896790047
538689720
198149024
584206829
618007854
1339284
697534143
56605056
149656242
604572162
488594376
30249498
41596805
161344922
219255171
163518825
388720036
385083664
82617260
248989052
69902161
658069379
303354635
463765131
61362208
339509566
240955186
145083782
818532891
678140898
199715991
741018451
138649339
69566676
666534525
661731828
531415510
32809418
60602125
836132412
332234804
44540202
39916312
822849282
152259996
100433232
7034765
14728468
493932535
353951463
23728550
159173798
6465354
28192607
96729008
35446898
348254900
808678394
301611343
271020425
441810495
13743284
181827969
164596085
85845020
22874127
212315084
481491579
81300928
316711836
93278237
350866557
255880339
49378880
500984585
129999960
7293272
66590901
168782790
405771203
1252885
209264064
894546905
17103372
509769634
148525739
477044786
591106935
82310819
244546737
226189662
293501144
190690826
313036833
457570008
356882714
146207424
568889841
108192420
526625479
335643326
145093561
232580742
591814203
8738016
442208801
510063524
286768128
188156320
603266857
35381522
33860140
68336251
279440552
62121189
86627918
71419233
834278503
226385722
481449084
45379500
38082429
140314277
642455810
942561105
687385341
8256760
173343135
53087663
158255520
253646985
22523003
436970929
427073696
807725363
758532718
32472491
75684794
836398944
277686542
99300884
85728931
487681479
349802110
371149351
530109354
45324115
80001632
351939917
55141040
210771297
238660065
141523840
104616170
178650823
177771472
316820245
581146132
175666761
149921424
963695956
378463351
712528325
408844831
284161053
15149199
690442454
90224991
49559120
95523904
47334723
492450
54948356
856449974
585535918
228930086
183146882
28178532
420923742
10515230
270669404
507880714
144687696
16859432
72061873
196485512
606756209
533385013
487608768
158491745
92717271
82639032
88626397
524915018
212645810
133375229
17326240
218699425
51341833
228674198
886529443
508928772
674824916
181763396
127703311
383985196
178434250
44483188
484117370
18134552
757559128
125107889
111839394
158900994
216056840
3048883
416343797
750217330
286639670
189436079
69141694
436452958
165858743
452465550
374992626
177661257
202681968
322342631
45668144
166313276
486506034
33880194
60462330
169165975
561137350
72268578
143604620
242103049
534979428
601899252
21892923
381928496
40554670
62921121
126787040
326109993
243673320
37677521
719148738
138743901
453484117
665892162
693657150
352573395
669444036
323740999
139856197
165651710
15021210
106697128
407548889
269843259
199809512
8054432
109114799
46847097
680982940
856863157
55964648
578564237
141142721
665211579
344611981
143770478
342697650
88144354
285523492
150991317
152124436
215271978
306852457
131529176
477148428
118609643
462425350
101910620
593671073
496930323
189680926
452824572
283238615
80010200
19166576
42995532
297108681
365625781
1676584
42320721
396406119
171801962
767844552
43956540
2889657
930565512
788875830
197763112
179231949
201536247
896218453
634506605
209183329
270890855
159840695
8652994
5774611
224220568
441050463
281016944
7526784
115676890
140429006
193941732
287315877
800428876
317369787
540481356
279762933
206074319
312892234
38637981
91806507
141990111
25893807
142248057
216856720
797660738
749238171
507953241
678691865
713690
323215655
86937038
51424622
416012054
64790846
184114860
77222344
234975136
195422281
338770541
275717539
142643093
297441768
309930682
315967652
281186349
447736062
271875228
541930534
175010968
399087557
25547280
501011928
83667359
188743688
150847400
14962598
258608696
122327349
477772579
157767847
87446311
42185506
385434418
430442160
21027123
149640367
98138382
117379470
551931838
482840211
177040861
87154492
177349234
34180642
741399156
18469980
488465125
794192487
292427342
219716580
24466728
3647434
685190294
136385506
212806950
7671945
314415085
183013927
1819995
414209941
221492931
344296594
419178968
226250751
641066725
184101780
393940890
656477196
103917305
563190421
119158900
72325175
526496676
228226283
429475788
103482556
14433024
490881804
157141892
24429819
576412505
865840643
203726645
371691126
104137292
492538299
535870318
373476116
500303023
493473833
616720251
7238926
175704705
35962575
141946294
229760604
163452511
145509624
581447178
130723098
314358174
220874068
61079466
117581307
360990885
7592664
34633893
67676224
134970685
124677610
233190627
11145284
155317995
672819179
71154278
926442922
319893653
650334003
336501822
112195608
532640188
154760730
69325976
371688045
39633404
552081400
342419467
205705531
19251651
101163988
347552680
511773913
148265647
129691490
214222203
194689695
64394423
323179077
90657077
11169696
119236035
274889986
619958532
108081690
187862581
360451954
87964823
20920485
3972452
60687352
1922797
179634096
54261040
104213724
183712008
154226428
101479119
789375550
497922460
21755670
163987970
143252474
315951590
3088611
283343275
527015069
550799762
226021332
172295264
80082279
19242890
284134529
256417016
407929595
101869864
336684537
548412205
521237178
155443465
95131792
355843806
248658904
59690619
52852297
177691504
242130967
532901398
391258903
501775236
24596591
273842298
820415507
560612066
523886304
154662164
152419206
556445703
152503766
155996008
451597385
7753898
55229584
487008694
242243890
158331518
2185336
678902316
916802845
71612221
45607085
629240032
207683604
267990852
83273162
118244428
261730171
331100194
365519078
146810735
417488612
81986560
229169150
37852320
811308142
217092100
108951937
198434152
79729868
281547460
455074327
465914986
85635894
234149342
122421600
2214232
292421862
782535439
476424079
7750753
461618498
325361111
347317961
741175596
116929693
81455142
286650358
130017216
119495388
296616197
148995734
114966688
200185330
553370402
34410922
779236499
8350819
331431887
586877561
9860631
593485440
372362174
283372086
624819496
157363926
114520028
4413446
450660693
222184588
189911792
246448621
133677338
857169132
653363751
12601986
287985030
361462138
93090441
272162595
65106748
817905390
462526070
396258464
201082085
429397990
21358051
519128916
444602806
84355276
323062324
114819999
585884298
778197706
298065861
783907183
728559367
472480672
162309656
221719701
490291585
245394929
267843878
433211273
267491525
147796172
721109514
19532955
668482584
14981968
57961314
503670388
123084840
47150299
352627931
418646831
858958502
714454827
126299846
382520885
182061040
17183874
768450440
84009848
255521095
32812316
160728998
296000576
41010138
53771602
372335311
658653889
7543320
534782826
343489389
74288301
116176720
198629901
115705094
227136478
105170484
911703561
96002234
306051436
323496473
187262031
394955433
646762901
5409183
657588263
266742748
17625324
807897276
594051776
453008010
97344004
539764883
439653147
637177452
549616372
462585783
282638269
101656554
148074306
48799635
530778912
126376880
598347474
532773376
223661164
191330541
254109842
305336042
540002251
58900115
239302340
187311442
338047558
681626234
108348587
702471102
541478019
87398086
331633227
307975166
20345254
367333978
350979732
245005615
79885785
39258624
697523799
82094136
451755960
758502530
48653373
17102152
12824340
408526671
15441747
24975865
459509886
196283076
22838195
377255999
407873359
2210067
195133957
896710890
943343268
362318502
278695757
324493213
80734561
684312675
781790410
227246838
195319390
144235647
161345376
192585509
48550527
92486534
215382562
29929833
906257516
684993022
518126416
22370974
13366164
63493006
169964408
166742176
10733896
27358057
42672338
118257718
426272510
478761066
5525765
263358460
378581801
67798175
354836761
142582315
151807465
250944787
263601354
182631708
530257147
29027706
454790376
28233894
9341359
117944579
367085539
660801683
447750723
745512576
66609114
27330137
44425113
119998715
420629925
236683496
74841761
216394776
556795029
30847622
435809335
530311087
153378672
121213628
212932750
508549639
36567851
517862258
642056461
550086891
43347377
34473183
188662988
257654271
43007242
458108458
624942526
642383228
91482324
89560242
124696949
639523185
234809225
792202578
282498955
308885276
233401877
4367628
49527245
338239936
336305397
52542216
313021188
315647676
283902408
358688793
360112270
16072684
182979809
107830892
6595052
421097502
144379287
36318231
62346846
229821153
539318822
606336848
368029419
190664796
76727036
72737686
928194824
317594769
23129229
640077664
375729242
233236942
21226303
570529020
73357941
242109224
5792454
50955968
143376458
116208139
180452472
688028159
37684200
400393119
836167736
266734322
810153181
536750206
114765392
485053445
86158194
736082056
435610765
149332117
271480678
437241926
148786988
79781652
58196270
31258139
420058793
774245375
640120475
745967140
180919935
36639195
149324766
234903339
309336390
433023626
203879304
136028232
98015040
408290519
481925139
132664638
303389016
4274416
173334449
51612392
63419240
244095611
350867099
44633709
412126420
375821988
487132610
167808145
73447641
160779013
591155624
73742104
44456574
123473094
445840801
21690204
170048091
613340025
151775287
145988519
132739813
1488236
193928061
798614660
118845673
569101378
39671489
440577316
8350679
91963244
24012400
40004830
7764773
220604278
65394308
153342993
12360856
57832560
624961294
14658980
489979565
578841446
18630862
198795624
543453960
359616555
97514224
39308151
384179141
40570096
194753136
15210552
196655967
44200199
2081646
152639513
298018294
361022365
60684535
242698549
528001544
125621611
247991207
644279076
579995752
26829055
6309781
278309022
324496408
364616955
371516432
290836185
919697716
62159344
312622423
49975119
421087914
255082416
54133962
88984143
593012745
437670909
612714341
271336520
280673148
338449148
204076200
602518810
444745494
181463686
256605951
1253960
658561868
928048809
144057178
128819022
791979508
972694166
174810232
10468685
331948328
111945322
198522618
74845919
54969096
26526542
327996508
546246874
221606913
120635248
179102129
427983780
28124796
137163590
165454647
8638870
15914885
503195396
321521143
319289059
193361453
398612211
40236305
615424448
626272545
284130416
103235136
387071927
333571448
121337333
132188571
49521526
671354220
214844391
210148897
38630763
180282946
474694217
147314220
