194234682
170597618
351421932
403972859
491067339
248943502
353220402
154912363
123176809
404010336
82223524
808970566
70893452
790378266
698301531
153337641
413229359
29885747
333140388
18748700
51692658
149324170
784512079
561662176
469407626
42727666
260839162
252964212
946046454
126211922
921558929
379890694
243700713
121704043
87487415
330484206
63287603
246049670
364595293
128084290
129970370
584912134
185704356
66825297
43337740
527679448
426085186
444601027
327839187
73908843
119432176
355591005
48978958
147433119
232747940
55165024
251515480
316604290
229343015
609391849
728213304
376799068
82980723
114572271
761571136
331613984
68113826
137954551
273575227
133153300
174603117
370147377
282057956
652234849
233871055
551057383
59289307
567931124
364848871
98147357
709710330
291781428
728204472
123224313
22046830
534855324
546266311
624887811
217127196
116671996
278173958
6239553
599758847
254486111
57325301
42746324
26559415
572564896
213109746
13567817
177044385
177055023
15833373
69660035
358586981
11051110
260148648
276649893
293451536
107852074
416890608
216319969
231937680
56433933
372594242
591935976
349868408
139848274
472182158
126442875
133405088
316216258
290417280
49623183
331989832
186691428
49330915
293557662
405230516
426950810
44361743
227555364
110723408
18430675
414659790
303257679
164596074
235142944
71581396
357432582
126702280
57110677
1926262
180685267
168535902
62040560
535404350
604846544
147039529
519068400
30022952
14582991
186038654
295278670
125023763
29933858
331523288
179288582
483528625
769048299
648888988
47848543
213175436
131746675
729176910
116291152
45391080
65032545
127527285
586467768
441288174
321749380
43007584
313536560
304662922
265048628
10824202
119166366
173313098
294835892
163362540
406546255
49152649
7329901
149613825
403647388
424225003
19673442
130108600
28467812
108600700
73608836
654150916
21200131
505773427
132355892
694668783
1060106
219202880
217668727
13510257
82651545
141057855
288758795
597114550
124071500
658783201
543067331
7547009
210954911
11354504
21919904
406067490
314780265
250139131
573988952
565241287
120099945
467455484
744893831
171414771
747144034
408076482
164558828
212220714
239010589
47801481
480094378
101980299
606611293
54733816
914695715
132592139
284692575
84503916
277343727
23120152
418432573
61532052
287690856
870839600
106515728
237288858
62299040
176766506
890025141
150839511
11779727
121529092
695771449
429655495
563454516
345826418
19040974
246215116
328470362
4967756
466114261
240888141
399819833
109064144
556692204
380591778
47035820
385997124
267670026
474648977
3144756
518403707
84069168
788233771
120304867
159717938
826731462
44427682
101726114
29595146
614586024
131293389
156053655
549215371
289585923
81002040
352616389
48430345
443769676
237527067
19521234
410445479
117857592
614483396
392406544
633347192
346303361
523947249
82142488
510552740
22060792
241775453
20050077
167800437
45880848
313548380
331554092
324213742
140827877
112780943
548155709
779299165
201879061
217074491
373947934
21017480
115056200
37253150
212687808
55430519
109496016
245222961
462043763
159633456
335400363
598957579
528025678
532055080
85265535
704188363
33682131
398485334
165038777
266537215
31707888
290481842
394710760
755027073
47704982
258762740
256793421
682019837
87370996
296376389
375015493
58307657
492907433
104720934
375640228
803220810
91072850
7518087
36478900
162415707
353672188
889840
371730570
189197343
242047472
229694017
555019323
146597609
208114078
469504110
441304865
273342141
91422878
70861522
549039702
489388283
12081738
642803510
355437264
68392957
404951564
715897328
237215371
44837402
109660118
395582864
245568450
41794694
213010009
723292822
259210229
341254602
293531570
856010221
22380969
113578519
246590667
155699492
410260595
300460279
99139224
72295967
53321660
698450836
808533398
24849810
755913395
21085512
439645488
273146684
418320602
296763641
912504779
399448594
354497502
130562391
588935952
587955826
616848625
111672151
409472720
57497013
667086417
682791876
96294246
889783570
28364199
95907864
289450216
227542865
117468491
375725313
678605956
113576159
692081395
90199963
213857664
61404092
9318630
62967023
134357024
508419000
28192963
653916475
303249762
791444563
2609662
71732180
391884976
671708264
265978798
883194538
456235089
627688938
79400512
162024274
645649725
38932456
600081052
155424280
450596789
82646866
196752525
546099654
75832065
169301380
109519946
73145136
485454649
186220213
453056710
540423103
634389183
277788275
881837098
483182269
303753410
323523192
49156883
873772264
33843283
394999863
364927402
39902729
13731338
76677984
125209193
132411835
243764726
433083897
341512014
5479399
376019529
668142980
661168432
377195551
291733041
10627507
467269568
784568862
347032072
646428240
116945839
451092077
199723668
625171235
5158525
227851178
10919527
87502050
192505828
264509826
86673655
23109582
169870621
146065417
65338325
89491371
136037895
404706630
604493120
126241598
338323296
173007933
65337120
207685427
550464687
117566502
400579267
731108628
571768210
101667652
30965699
59397033
375004788
401219779
159648520
197232370
307506800
430577462
510653896
20722983
21388707
226391814
614926104
1080029
484275424
4135895
599623234
43171932
511918487
16114508
139308106
96974279
444302934
202222188
264970837
286145071
406665917
338515326
147813212
744241974
420238465
344822563
307578680
307859533
419181673
394929001
175489209
828305632
30790981
201753201
205524671
82852538
13448982
104389162
88486640
112380847
162691946
9658418
334462295
543220248
155319262
36124266
60488999
429883296
653874114
74645132
49350520
517762759
238591476
390977734
127886561
195825218
176498324
321385219
387026961
519544839
240256170
216622516
426661441
494817413
347093571
721230918
518143605
327936366
200000584
185285753
364188228
675406240
118960490
580220216
358723066
6217458
712497011
97102598
62997695
163035096
21394499
237922495
385920022
15247796
62660812
719898114
260374501
322552488
451551613
184422676
222930956
434850765
338824093
354798810
37068215
69397956
236529135
80589843
373982626
30623216
146679958
199914433
165871520
370612093
18764776
660837992
13893519
27378860
81676538
146626243
26695287
208207045
284277418
65571621
43983738
360168457
354375815
685714681
211999780
601468819
368122463
285777190
766752123
839198414
430443743
74733984
356321100
73298396
910049982
274317328
184805929
275930787
84764633
457797027
75718128
350321598
27296116
242207595
521951545
768169299
344597468
393481760
151448122
240047104
94324173
522053228
64487137
294084920
14259353
558683625
463864532
518650181
185318344
157941721
291867816
444056014
327624325
79396975
194910153
109447018
76902720
377913136
509484331
388295464
339760168
140516531
86447091
364847696
80202521
473942034
656552136
272844605
138030654
363948858
26251178
41660828
530255388
727672
49736325
105536551
242549830
403976604
306624650
744589827
317009949
525396699
10978944
205811156
66940731
667399777
224065809
252912550
936104399
359581526
185031578
1519033
261300418
92089888
767802924
821137220
190278174
636145209
337391318
41662804
261936104
221066194
187057392
112790943
105955480
500559872
366381612
208357468
388135338
99632296
256169054
449154285
241217030
574157857
14539851
301181587
387810758
666355923
284368746
252419144
231687342
245277953
518144364
78314454
213219287
200754474
416257526
188210919
77774618
381531286
172773809
561301627
192717469
49612102
817425296
573953628
279878465
33870518
333734952
163239954
84695717
377049280
35356072
897356992
123944265
375081015
368559627
21012460
183975184
396346424
214424470
423833455
47578346
99452834
79599774
554109043
77429880
251520534
140314386
226129497
66848852
218102502
78746406
546409739
535045520
275488908
72640254
163025528
200208122
442029216
72299975
664911355
350163336
189091595
402232890
629357980
518562304
20340024
467642504
247182413
462007145
20430634
379670291
64894771
19335414
441934484
434278655
63501254
191699724
127356277
7865521
663966022
573799486
320371019
387825
253138167
532140711
58108226
729103798
4898157
188292156
717325093
471892449
131649020
878825257
382572709
32388587
33910695
63228572
187252881
109082484
85931027
134826635
150891252
180986665
197875766
768429088
142416041
357437955
346942949
518294345
264019793
297397116
90491121
819638
433319954
961517704
301948863
319419012
43855531
152863962
450270784
50288522
267125764
68301080
455682062
786903244
268518339
387819782
283545372
744590909
201647414
99070808
55672494
298764109
147901930
462626089
200759654
76365426
361476080
67770097
18242449
172076462
182436235
677181832
204392472
58842946
85653276
71727473
424431842
624077802
216235056
732400798
522947771
383419481
300128472
58708066
13108356
475171249
462518660
37273803
251327168
73232235
697504498
1938313
446267852
752526649
319146589
126577867
45930384
626781089
176393637
270951374
44515523
116211428
388749516
268203150
445686609
154034465
177472731
285404149
20939468
677523986
739219640
811599850
347403939
136768092
155608803
572580870
797108445
325523246
464859484
710460368
36985428
782538944
69928352
266676796
57276119
55322053
56289955
124855641
65642730
542129525
323915402
396400824
733563019
398611790
709538443
338232884
386116155
615899097
347428880
801373523
130340160
336337169
26370125
793416602
330909955
706720619
38616827
68459598
384911717
263456628
15204470
771675138
389982049
928516
468301729
224534093
660298872
66715549
395984888
68765572
131695250
403651004
151848312
212193774
135493903
317981226
312207915
468278222
3401896
264533689
32655726
236576904
91979224
71678937
447630439
337385058
28418013
112372199
386582649
72445179
157709047
237076525
59683707
114408273
278438843
174851374
488338215
16519881
232893128
50380253
68030108
3387194
311626434
665712469
215035018
564320548
791179236
89720758
31874402
589387146
427858060
634390449
620486142
155445858
299719751
402885456
542207720
288526632
68439408
264894680
371690115
415830730
402375047
194654357
69877869
213047929
381379093
369262902
834710590
32148150
109765215
11024481
249032015
68357203
139679249
220530412
187563664
43734674
125948868
10939249
125293243
9611014
131649183
106071179
13941914
363308636
592043318
44011864
194562255
430620203
489514065
260358337
101692272
280633940
576472269
555944759
418629322
394361568
64854220
585488324
535754293
260147793
363315584
531639373
340830970
680494853
476465208
678668087
282988352
730346804
269737132
693411142
362966502
108556502
320196303
118454498
125213341
268769419
107089314
75665502
64659696
340603390
56915797
146125226
461740852
566438792
127601370
16247807
113163780
182723536
455470773
271550679
358647889
236731480
413017610
12888639
103448811
216599068
457734883
580757161
207315580
159593600
309932477
71549094
266536681
302948410
823193082
258292998
585717606
189437767
222820625
809851380
9069541
333702812
291306828
368980362
35959120
513298110
713284047
20797463
626260292
255563934
242824794
315135191
652157106
351945216
147085670
131100917
316365492
61099871
386620558
701454172
499314809
390674967
225241437
23840143
85745978
614923899
12987416
15972774
224225736
241174622
581427853
39340904
419738404
710130429
535529596
85283253
97936600
492346843
136639784
109462675
587365921
56034738
401027814
362578772
766676439
27929997
8426777
340166101
36977632
452104805
41208034
460061037
158961189
334537195
333225851
209472875
11929821
80904864
245990823
181112385
750779668
283358985
367767709
233749910
45968760
545011195
431683927
288096716
66514058
33841852
352819895
93401347
421016220
263624553
272017429
171160336
60677370
76636695
497747399
255297984
158419262
27531261
201508321
39929330
764327969
153879822
212901654
189119524
505974960
99816637
46964913
370978740
11921647
314256208
566874542
49171302
215401654
682166395
63915506
25476439
532230018
10311168
208229828
122121435
326194312
292460298
298341151
581919295
250797595
102602913
225162524
189614875
691391766
142123378
673226550
819813545
299970108
336408090
232571516
532119488
72016815
170614448
656706664
377288095
402872132
145561589
281915925
232072368
64010301
257524112
36537187
135709576
112763681
19400570
261233388
39041451
662067184
418223759
271955852
21127224
906583466
341880262
194690306
5396985
146467946
520572602
7229511
548826688
255477529
16765928
370343115
156903368
237248910
140020502
420645532
45495678
36639108
171770512
446016774
144766563
136565280
340923877
196573017
377964967
22168220
377332926
632029420
91181956
74891378
84742076
265440931
293428698
650845066
407401878
38771624
475746397
98808219
8043491
570289357
399065802
178461294
237424468
336552984
311334859
60936067
42148448
126061805
231627930
189095413
1630869
240586033
221375791
165968796
10012119
484233863
530403811
580140465
55043858
76687019
10050744
10488529
137331187
346174714
505803997
239451431
157625300
163652896
569123527
210997212
233584565
81143242
203270322
532227718
316476711
426901011
260979150
215942655
83982976
304505561
396378255
258591005
547695591
46901638
386942639
289308801
793145656
18120443
119253514
4204446
231253705
240108271
908309207
855949471
350744604
116701461
14841763
52483923
598511604
538237595
580792290
415123492
100693717
95752257
146868220
95191407
208247128
117575480
861615824
246677528
555400608
768464541
160257624
42465249
13005379
644722881
169389166
27298785
148434480
256216673
77040825
690126175
204137329
31201492
393518658
128883340
209887335
68465387
495680031
719633253
467534853
796323536
26931216
422734264
15076017
673692253
481413610
606677548
33736024
256368276
304705647
595582627
648790458
667731666
338041935
227632443
177839458
381742706
664217207
255456571
40661601
125417349
975413388
6148993
449790688
707742840
386969986
303088120
2039068
228810384
241793074
306162495
769162693
364710164
236468504
598470
201381241
286612249
898169757
325169293
101537806
63099798
65268932
417120946
428028902
767492637
211335805
470640181
17220450
296690150
456251853
199069623
349400316
910068700
93929526
306116415
734278100
60343869
495075307
811955841
88354040
379769
373581450
446075390
233785079
405791688
241924147
5400485
82487496
53002618
167097336
142531689
79793699
45708010
482310120
16235062
301458513
187030813
197868973
59277025
850260176
108949532
383688134
78362858
348730523
457865980
72985197
26416260
161379312
536743400
24675917
643061013
638105297
273835952
192859005
439952331
151687471
428353036
367206794
506530303
1538535
868353260
4620490
148414255
182135051
99328304
22340139
11207455
476552792
415370808
39026341
133055373
68754996
517888574
146218304
65033375
12619880
280495326
432301205
682024887
595904739
313627262
42556641
239376972
772425494
21090684
398895982
493305186
24039286
569033458
697257755
386035318
292594661
276310
522819713
103952730
144863885
109878628
32649340
265725377
151195080
437663396
706460346
174988268
326248811
15106042
455919852
387975864
466504271
526406443
385871604
134757060
143946
427844103
66330702
668452746
363665175
463686467
40952346
375484301
51589164
7139476
15466013
144015071
162856189
87561143
723388686
264171262
18759600
118935916
540369752
13619239
50641151
771543674
309528427
139612454
606112788
281355402
193390327
342164510
205611890
667442170
15262425
247427088
509847004
44138978
91732568
828174292
86813946
149169436
366137739
445261846
597844053
3227601
281926435
167011879
379414602
57098502
107543886
145089018
440475422
874423898
175593516
293840860
210742779
388476990
415381960
485089184
246155905
268521151
582365974
223012030
175507142
188823017
169187820
107242590
347612134
38925990
292766165
304442390
593092067
214859851
131216120
364481063
316269585
561078001
576238508
564807819
197631332
235659446
360691107
970223076
93168658
387295255
1256366
316628960
476938031
701985316
94981248
431878637
438710284
145022598
297365462
38554072
256626510
575020798
233875170
121987684
480716270
560833142
194701994
451719130
202249505
406376955
177502139
24144411
44382735
235466459
303404740
166888948
225985065
588519680
276396451
85300230
11759488
345870454
128479935
147747692
121600706
349293936
38575218
162294964
70211019
295959312
621100424
127688635
101658947
266568315
16802727
142251206
8925936
473311250
4473712
191575624
350476309
154944105
267028197
316810706
182718312
634780865
470150687
494041526
695458881
394431
3742690
211025488
100236057
72952235
18433228
37887798
872917782
3965637
332282378
813515005
548563899
800036656
591363108
469746877
361527985
448968428
10427995
676375968
218650397
617342526
471476070
226759206
349149634
1742776
216417335
573495293
232457808
160668484
547179409
865714593
642563404
108228196
241314231
697998418
109512917
475929377
67895284
382619199
35477194
68095268
511508046
439812003
228689584
281949134
70372781
536188472
136685646
160663486
803708300
26164342
39828135
3713309
677235312
531691172
64564272
151118843
29826777
277474404
773308820
22230252
368185842
27349886
247690551
45381473
424052587
6548385
238372108
442546324
619498432
393654766
88119629
264429995
125787196
433742019
206648818
184673614
376235884
386270391
929221104
73970448
26156556
401205949
133283894
279377328
677875027
81571049
654695647
398436061
765615421
13038562
235516735
130073706
12735500
422993457
66686646
190124906
407844151
395322353
50228080
599982339
30193985
413666352
720248369
36964030
161410316
2100324
131906645
365767527
82482520
297606642
720910096
375139222
395090908
688451958
83130191
23897993
513315661
902187256
90156993
627637595
350928017
478499643
448705077
139506026
65462092
613516147
310462926
335786876
106531270
468408494
480998913
256293194
628007696
121051815
511910808
181596952
398249071
369956853
785201984
332635033
6674514
645290120
7581706
43481124
480254100
211919959
49892049
574473471
1742417
590435826
17924601
827870178
270535628
574134862
105533720
50689224
294207609
255998889
179535727
756955202
9694834
456199377
239933711
21757101
606026586
270299735
328101952
185410248
595223045
25404412
255779298
39329727
865300390
533324755
34809698
237125030
120976793
136334788
124060350
194616566
478273045
13790956
64695974
625108955
143503922
344333548
467486444
679401052
289298805
864790501
43752907
685122589
118033292
642782646
647258812
244062332
619948837
92830771
558753991
221782997
174829916
126330876
47512156
43437550
880267630
172799492
71804400
542484620
449617262
30623406
426008924
10673635
13210954
23559516
493213799
374528647
53426247
42556058
272767307
345924461
159336689
150271430
733871243
312775814
35457999
192791065
688441559
232436286
109531130
324998700
243383425
346507159
297886322
35198925
80587372
451790364
217105785
83827933
536195157
187660036
247508078
29619237
53525596
68861862
423219766
567968916
929256342
105740563
79751447
95306521
8059470
695681783
7256323
978384391
117951618
541826860
876150591
697481834
22608714
434276878
208992031
55567420
361923522
2685742
156354515
68291158
628927180
547526003
41783734
17249462
372658360
296888567
439499709
314932752
24306142
354098589
448498674
371230150
601812970
230597691
458109652
416905160
39219423
291897153
465848594
96074719
15790911
301290335
538942881
180232973
341395804
578414397
179325470
101930476
587460717
410428401
670078916
80576032
77213171
778383282
190412357
246843446
137183028
269632352
134759823
121952070
192818844
113152182
556534998
26218968
123832490
359330714
99697931
199104900
23718549
493803081
463226355
234257332
285608697
62738383
395000843
248337768
322668688
298846499
307548234
55479305
10508979
235259968
231363345
509736113
116570664
49257392
70083
200541277
84597500
142010583
180824604
170020836
653190269
385394868
316653186
490552250
522290971
148787601
286982990
365685218
543323807
703230975
194529122
449319964
716030670
184816294
825201689
278182095
550748639
279109514
725987575
617795316
159091488
77706775
508953831
405333620
611340163
494761760
633855754
20293917
71007666
33728936
659976651
267824514
741370666
944957921
422485798
57345430
229239792
183137135
366603629
240748557
649280575
523630860
69670935
394372403
747153063
82260936
37676520
96154257
617348457
53642663
223655111
328289255
65046217
111110375
324825472
80590678
219036903
324158480
883439079
137529904
42993561
1828254
72905091
349226696
110234543
429519678
478396530
120255316
517989450
100938153
427758644
357876495
52205952
367877977
262718031
218379587
17453131
165022934
17718987
571109385
656437260
444700844
542699627
310851892
306897882
97461608
51787677
120480063
208713024
696752160
6795344
313539930
86195884
57742701
149193380
40005017
318142389
376543336
209456934
40401906
87809012
217547303
114690992
873156
740967502
58851379
317900255
71399247
86337278
641113270
703683604
149478217
547152705
83845937
285297826
424152449
240122773
234307385
689197276
428563824
295882133
105714630
17728388
893393875
342916896
177183358
441591570
110398541
317344886
29833323
652752536
17223125
988040928
337367459
81729502
738822048
226831987
133463190
64969510
62203431
198992063
514498052
763656598
130770896
66188445
14593432
10444853
20166644
415286549
799312534
454355041
260377365
9176431
480971424
391708245
228933211
503545965
158603560
104252772
58993137
537464479
267978119
585944287
125484302
578412156
220956264
245442687
300097155
948325641
34721576
29569815
389157283
526032205
257850202
592338074
722483631
276383880
309260441
447029308
67356857
494281411
42054369
221028378
677403189
370931639
23139669
19174305
29680712
64975877
19412700
417631055
148882704
340124783
220135028
392793652
95454204
318831707
574278483
8349245
32335152
46137588
7279931
464887981
531904746
238115004
602423190
302203173
860026285
348960548
2497176
224973005
186475280
1730442
142361262
182262580
254942860
285332678
453155364
662390991
263231955
818975854
352831859
125536787
56827863
916594817
325768582
418521434
120196140
437690459
396762194
374151490
264110698
747383044
56208495
192046315
461050917
22541355
512654614
343914024
71445494
472782070
476159180
123924622
872496065
422194888
263630179
169405647
564297522
506860953
40092090
451615512
53207560
333114255
73479015
376566580
851413239
435365772
71879249
48659307
291438344
92031406
252612480
195805626
197638135
116068204
1119840
186537008
88369683
534443576
8358452
271358399
808814585
424220808
128805814
460517993
167794155
215922275
135519908
133404375
282758768
432785602
27318447
288238616
421815291
142439145
251804618
88958550
527221945
384256497
485114295
500955928
318920017
13902448
45897176
156535840
211155093
26636516
509591844
114921704
15519976
47017337
140499646
225710229
119539359
78396330
228349399
589864135
422011717
555637879
95464307
59400229
73112990
417353967
411113172
578050255
583381123
647177042
469227422
849874920
146165984
46252581
76175520
260897822
206614449
357176544
339298709
196190115
31681404
126365336
438961728
64556210
768151454
636361964
36475410
389626313
90729958
718318830
192406968
78497403
58808588
90582073
123460234
390175495
319852633
239961288
312399384
728504964
17173796
12572819
9894473
666434952
13229372
551436596
172625178
425055310
240640
548889928
224906134
500329237
122378156
143111456
168714448
503139663
739150493
535369943
802383183
59883718
540972097
404960494
56256780
525524954
162780201
224234791
5850704
341283033
17903980
466817579
5336270
705467310
100953769
177023778
313465446
537263900
430099200
146332903
540901955
55303985
229516314
32090666
350594348
50353089
265293945
61376828
33506137
248555686
17342100
136493916
763832326
507336205
20913262
585473565
2054493
333749830
393997485
612011538
116388958
123905208
359901952
328826286
415492962
442372912
245909224
208113874
57628555
817291081
198982048
756714602
8423790
16990656
212925410
141898588
225348900
506666846
174257444
697782300
679731797
199258430
184535234
16060336
801724077
9159469
146274684
285731006
260775723
36234552
848794691
100978307
343375414
67543591
60259756
21573635
302664976
787854203
258199802
446702006
1662212
60611445
62861858
73554548
3916825
430257663
19484050
259849559
119148057
3590888
142926940
244962288
336892248
701822644
77950621
179667106
17548053
144660683
85961036
230178160
469750961
124808835
284100772
668305663
359478880
531272601
64404662
607209675
133901174
226363766
524179826
304136836
390747105
195337405
208727885
91522119
33906996
177758257
496859747
327611106
32381018
573495650
359298627
113505429
208794894
929780955
108008600
188213214
965903020
262744525
149848367
668474502
263721623
288171744
96240504
484700011
740476404
104577092
37897439
51569041
265340184
476041005
200963911
663171049
339175336
415265214
178898970
272773458
493965531
398029359
491299936
223949193
26799206
463450727
172756741
629522632
117322272
508833905
193889052
521592468
424381401
402893996
3672306
499353626
78622555
170907472
2996842
17394740
165279471
24372872
95740704
658006966
362841150
27959158
63689568
32910926
94007664
126899389
90155103
426572360
406114268
35072240
276518629
296976736
2247762
130005053
8179460
525027940
93195412
56861899
128395491
393950620
155611390
300890460
328905310
91903824
485245590
467391648
388176861
58453383
183315680
599657660
439357385
441426595
782724945
701357245
84968715
102325497
148270077
84297111
324120816
171787516
913313572
15576000
219380625
245023706
229716417
851203843
348381105
28918080
441156869
230904180
86132797
236584070
125320287
45986688
614444339
155953758
373402494
514137708
351061107
328553508
706056920
39057840
252850278
310972265
522774612
269360583
94069510
597662547
366102250
140030101
139043616
11193445
127904725
397587578
198641330
352609440
508902369
137783012
592164025
634885039
181912178
353907568
94309266
76497894
485584714
13299508
343705774
510789736
72493219
156952
20579992
273657203
119621184
58176702
55786964
226358226
237304957
3657694
299954569
299025678
566512252
258440596
718993123
21941640
764501961
157476090
65316222
134146594
284300969
363808640
52787403
29269908
80448292
20405200
90282146
662110564
393145023
588404022
307771919
296961911
460223106
41615315
52168839
105432543
819591089
232306821
723268272
246784157
70818197
256258298
233183061
119643488
156692689
475286611
40425643
4621754
729815850
108661044
174001646
219834216
55008285
119883920
736432352
413028851
314312571
615298170
34774942
379089
40181382
565844660
694813005
3747206
358296020
254212361
525918196
202361182
101249215
9396549
346916293
681307637
188568877
35663694
579871959
78241097
225749096
238247017
267048025
631714310
166522090
164892687
286042703
103064187
66373138
3523511
392322568
305335288
270297044
437140593
499138496
420682006
306611163
336178873
364785295
172743346
445328598
7882413
362352804
261423669
301496020
209800779
63796544
185103170
424789045
186181360
72958484
325885761
93972273
172784521
306959362
159823110
135364967
32854099
469954859
557322928
596721208
614805172
276946604
462500022
196725647
261723347
122235039
149758776
63816680
90743628
827246612
163810796
249112384
136819034
362133540
22327005
439518770
513218175
495933450
96524708
416732230
131362080
1813559
557456963
358617714
81620522
166412549
818506658
262264255
366167751
9844498
82060514
327335079
132571140
770578151
121406180
31994914
267280525
95973878
198882657
75291747
247363746
760803088
352466913
149590115
150041682
500626
74955381
616815320
38367874
345845105
323681656
110720310
100145548
126061525
28363807
606070807
427619940
61458014
545693176
266787462
42673590
539629740
649993101
343349795
398134655
74684684
49576588
37681467
48747743
427249604
473881605
550971342
19210540
138674726
425255334
681326661
38693308
77803620
260663455
198233106
206450066
312137722
66827692
362250926
343458258
61265524
83957194
68989187
178753107
265056821
51273628
137434658
615210819
67059
484253602
9985312
34634748
326617408
426367978
265272782
49366329
139896189
231372293
394109531
50010183
426243782
61213145
105834313
283676325
386222745
634874919
195844330
238570103
62707110
592791287
393710238
35009023
534709382
42376674
14311636
184445451
673958187
788808010
134844711
479387919
74506226
27042924
10392555
601526104
337233349
168187547
61317077
663799769
215327133
148608662
385165822
464020298
233068211
875432890
14155325
358005187
4691602
425171684
169609897
273275665
580780218
410726091
925599556
159259447
479775072
58249475
74694053
389275083
5606085
321264796
528413464
45951246
53261895
798426107
125227116
66122819
118890510
703227814
416689000
439017731
551113180
171181236
27506944
398344433
193648573
428335264
563563164
230570158
33743810
87230391
322071330
192696089
297287238
848934468
862314592
776627458
131870647
144893522
105607742
48672178
541973875
374422227
153780327
172490200
672186804
339476043
302849470
512585864
223676878
830579463
136031560
419508319
142636601
54336114
170335158
24464948
46087368
319033121
194846465
338577857
251882229
46539913
72129808
410035646
49951789
275868812
99966682
46393816
2166445
17695174
30941888
24219319
293325259
445041578
251210167
377498637
766439176
544841162
21275536
154686638
194128006
63653227
423846762
655722894
99228448
238565850
492529023
553688680
123497657
153729711
62210960
519130572
685033941
152019375
903405984
351194703
500166078
16693590
128135435
28995711
352620279
262069164
55777934
568861538
384853820
245713191
483181872
756124304
389649268
153349695
252659045
70082416
295723990
186822789
161951773
538535779
329117824
31173968
94249900
245782988
6436901
942657447
36764506
662667889
113268874
542109064
842791945
116709726
18493265
639709488
559834984
165781514
963936152
87457035
168330749
441661534
564023517
81791797
542659217
205594740
771732146
440112310
4194198
130877083
715031109
603001944
369699465
221384144
430038486
867889130
469097109
145199748
118479037
73007243
33840123
824196744
15238836
479236035
25804314
47096461
261781413
378304624
20351673
8719788
239525817
112275967
672390978
286859662
307019347
83978355
523131939
622965923
511941691
301259292
9219565
91365254
27928503
187083311
25000536
650763438
91428993
150487634
673460706
177329194
327289485
212870452
77313994
301735752
98359721
389131918
303302741
840937620
62065697
355014203
436733949
792140111
119204011
393498334
258669986
686185675
503651165
587582415
336948946
258111232
221762969
19741704
117966860
607923311
92461419
193346962
651395809
292470270
226944438
196037798
303427232
212939620
45674105
605807190
502604229
75006814
379567146
484606263
121195030
1030396
579145645
17277886
317287237
172786071
166191430
322134498
275430035
828107186
9002671
129814960
636419687
695633383
355561237
272063498
218092880
303642872
146333768
191280617
254651781
46671335
483905977
182861970
191595
522029436
538370899
35267490
344954089
167417490
61380715
80206875
448724313
32375736
20049988
989260023
119501141
4603952
542445821
589718454
457855596
148066217
692722732
666664246
86800666
672360914
281608922
489358788
2930264
389223294
231103488
549545218
145412970
563481450
197848150
172204094
124067257
74644644
756616683
13177474
137534409
