103792936
515342965
488288652
361536384
117398039
396709898
132914856
149219450
124390106
363804868
120114378
285527923
900202631
447486916
704420323
31417734
420280688
21460475
773578239
374239924
444085906
760136422
32575627
200080092
73542246
425253550
657121072
279586792
125171356
147496436
79144022
105790985
334123991
82849811
156869777
120751210
331181493
79178676
105590300
5313730
225289335
6560622
2786527
11264592
423523734
92367
384981910
481276034
512354208
446447245
110253824
10780963
716224992
36544716
66013090
395534160
13799361
240902309
264221101
129932770
733307611
129045843
2749715
410674671
69748290
62714610
5679312
889925824
472329630
620213106
697208992
238778153
105479452
745708151
772504666
45359523
461355511
14841687
735438321
493846062
416895636
845396159
45039038
497284392
9267775
236945585
163290391
597416957
100114854
47533706
487446690
97954410
259340329
99669265
776415
570120580
36187920
233777427
498693122
73417148
357740427
413940215
127142659
398991672
455179134
313482790
132808194
48928236
128703364
35868100
189578241
233722394
403194026
527741234
54142492
509668301
204000174
50562593
2347620
2767288
610811554
187681211
107777343
184493174
284080231
212285040
152895432
132088922
622479816
74125290
753123570
16857588
189371181
659471380
881964604
102109882
373701594
91884092
148289577
189591780
202836914
3434724
43335117
3389505
18536660
210863513
74112063
179469587
104180754
454887458
439004061
486114015
45285133
32626152
524193018
237227818
257954657
171497287
384593963
282897960
435355892
228900743
235313610
438744750
129818046
408045568
17261934
751490091
212838616
722825827
441301959
151879182
417409073
210997975
645130921
345594492
750219025
485342031
229564897
227180149
328274299
26196672
284099986
39979973
167070187
141787594
200821296
152325933
78404037
90751998
78754883
130071970
39987363
60684749
477053959
72569809
66394392
63686260
640009724
97488546
538724653
13022050
87338546
433848890
14495086
363594878
451486451
241458303
79944556
912157157
173810540
496369206
69343896
430894974
246643512
326204046
174972483
11120091
183049331
75550091
9023546
399595910
29030994
525940180
36513334
113130192
120935959
253739171
330311048
234937175
56015516
712698908
20932976
528910796
127753655
107113785
210846525
24635211
317064453
498915048
16940718
63181292
182816014
202038907
137791650
558498375
148626660
630331211
469453444
165164829
828163519
125144844
403998940
256090372
2291727
271224244
403761134
286734366
161468018
46147034
144081061
333236245
129814454
299606792
3339425
630700138
566373045
239936373
307942751
699361635
589797488
530819439
264906996
93268452
744244433
4467772
487214773
853960664
229007960
51739008
255357418
607427172
93938003
328847438
140962338
96466497
626033669
105678775
16384831
9633686
484746078
10261992
198809036
230268159
99265257
2051065
120891052
59630263
110910476
614583210
16123988
260586014
376041280
186699615
225191589
608780761
5929805
554887362
117296058
244543060
172764874
719670254
53037150
817717648
204272760
827971542
627261418
172340224
321840284
365071428
262893495
401871022
12717581
126593755
148625960
174171396
61180796
577567642
14156439
189268835
5410528
61916134
19941210
118180146
335022056
534670291
201037996
534262458
87503878
775451106
187107122
342119788
811139676
801926332
175849376
461115255
337772202
453460427
478489492
213574164
187826421
403805932
317172856
264820859
64864739
19426325
80563145
153886662
334122348
200518822
390453372
520641807
25283792
339991299
518308455
135726765
61966133
246886365
8447960
162846337
257528052
3233430
107708141
313640012
99881010
292488360
429951135
233701313
543379640
782946820
46470222
83229307
722775352
28556375
404845965
976316146
184707482
539609733
682734514
119814288
47361930
26680951
165172736
389632069
161566777
465432919
408172734
767536091
311499024
552052519
340982237
135962461
402267349
650316
796864073
229016803
560830228
443165814
48699504
765730880
247934196
191891006
266228637
488406516
69515133
72749814
774924600
201813074
442197557
7090147
150591507
350675986
376377464
523279584
646865292
580543896
636254369
543894365
313885302
32499311
255457316
131387428
102233985
21319091
161385123
157989650
178239384
378931400
84437341
543289594
704556439
368723977
431866301
69785398
218228874
486915888
144514468
61138473
347941928
102450773
10054673
107227134
139845072
149513496
296366566
251115202
400569518
337586072
456216845
14566278
442992656
520985314
443243175
487698516
536102400
257269966
474218922
21798732
418998795
88142215
651862670
189497581
427548891
62671158
36058124
74321585
149394590
711014188
133902199
424422013
510845462
240811051
154145434
485948201
601699147
601859366
337468581
167908620
176043188
476981792
570717020
34218556
22631733
250487414
31728019
442994043
213571870
259514874
222007802
126430285
152324160
266728059
12088371
480085984
321621072
288189257
153718471
39722742
801211771
159556082
90854594
4366368
148707395
168028082
84486147
323202227
595665965
600395775
147595264
721862212
379725710
380011463
20274429
438772426
169409789
105014965
267528932
19552155
20246204
334138333
75220400
149876070
707405418
381875467
106452703
351260907
94429706
749984323
21014948
135218963
283183650
866628104
22427173
160303506
146560468
56207376
358657445
169099609
83194362
6021839
82086760
272391898
342942522
128135246
647935931
61792389
26339015
232862581
130171487
324738273
490711373
608062851
23383448
319448762
164334292
376189172
55954934
157194993
315277753
342514216
435371533
308684762
397929283
200262006
89578894
393207657
397377983
731747550
32829621
440220006
65460720
408794010
144246167
808265132
401797136
18586400
165966046
28907176
718938632
73183525
93706281
291191180
13249446
264579354
313657991
100982230
9474948
26037960
747784911
193372590
263412121
669323971
93223881
588815285
223848936
172486446
44572699
6631260
41878671
381192284
522256319
144733173
475081315
559169384
65773351
190613953
4069740
59433612
47821552
287582701
692802972
198233219
372834605
13687224
374086683
639167697
154692646
305116246
1040655
651189205
220389013
642761444
398560916
214709192
17520162
297925151
44816029
47755677
499007714
319121283
18437480
171084303
273088530
481640486
220199785
282191133
48913034
110591609
217705690
74296230
11015805
400839468
428618215
112245761
510398875
619522876
193744446
247576261
290626816
277838222
377433415
167001975
12310632
177166660
233925369
91143469
195493995
257365210
455206566
316891223
379146234
101255556
613509189
191380792
428028135
327275655
587461862
255999387
92439052
190829294
158376383
14827649
465212430
495782179
158584215
120023843
305460000
281353785
113541527
360249360
650040238
82303017
160983144
7638116
282188524
104789180
17067956
401859614
10165442
748909808
337262419
78010396
654213144
282515083
711293109
19915326
142665922
74038661
402810136
337695263
161158170
83983668
754695355
687407220
82563483
199995432
484794106
385626008
442760625
258424683
81241408
456056615
159530940
225240137
138242761
107789699
160282912
185637200
124729442
265979421
146510648
351221481
55789607
190600160
237530627
8075561
360506295
561266201
282712756
36668292
322869843
30739384
341890852
173380971
201997566
392138596
434295630
577531169
2956681
360628260
142553077
297705202
72789440
9893241
370762562
592546847
651658185
30747569
74990838
140514495
82672088
58897933
497553028
5408709
285749033
911109733
192633006
517761239
528863058
13122051
518749674
10393606
149588145
716991956
660842208
104107329
245360768
595862531
371146474
145487795
535076770
337978584
34613506
347231284
222772543
29442488
108399048
410566154
277508511
117141959
115285890
412083694
292218800
598910150
389600932
4219529
226101100
595193901
848085797
819409091
277379487
240993171
21861580
240030963
77267878
252260404
180207918
263232883
56046662
444227
100992000
116753387
78731051
78641745
6332982
754182299
880972994
1742926
57848796
19605254
914005666
169955727
89938963
290538536
464797883
308742965
139147393
75853819
346496481
28335202
227732614
239869680
299476213
107073630
45348967
127304444
15896459
801682457
179606448
204403889
25133819
338998323
910264407
614989885
283979933
448854599
16100582
376870756
163241925
3045336
752625847
806030921
74717589
2017122
597188499
160379576
96526952
133606413
170188767
565581370
569298967
680337698
43133818
26869406
544754482
814207424
223685636
281528056
466613308
63195820
176242528
14381599
376793994
139450460
99064504
562110596
308929884
374648144
919502446
121305326
136171384
64694049
66394543
122971561
477945480
267277858
294235816
125911178
378415636
219536890
165429041
11119465
432592130
370261288
42900239
126112707
232308164
233434607
104347339
148400291
488665
655647139
147139147
10212765
18800840
253061853
525810696
152589203
587259500
11222769
19492498
141347603
76454817
469368322
622861633
226610413
432076967
327670005
50156426
370431170
333460879
364813823
115213325
88675084
350998671
580100162
342687844
256095281
1535811
420130767
47841144
315513955
554660767
570503790
79990454
711314380
356367558
442525968
436866396
153908165
901018833
148577501
2156529
10011690
648904626
569776115
71692930
139174849
220285277
324880281
438296605
8931143
49766112
267200051
173052499
112944138
438543148
479775386
155952713
80520932
86936746
213673262
430074563
281043140
84251058
652426545
461372988
1776192
503435676
352154062
189829168
96429003
78047684
77919744
152646186
96089720
217429253
855425762
389371531
4818669
7448685
459265317
315125031
761248270
428780980
292827242
592574021
964002663
27269750
180389831
45286678
254536548
709176962
220236750
99169924
176603295
12820205
848947056
761094026
197121902
38813234
195599695
532504401
313624800
297268241
141833668
10498218
25321742
134464021
262368833
519011215
660164790
147501812
40965955
406301828
21604154
502704942
68406770
176916464
116942352
191015050
127500702
162079622
129161219
181803930
4968342
15036242
59770273
605725597
131369000
172099507
9056512
208065614
444383850
314663068
671538645
739145933
666303286
791235958
379958340
616918899
283023970
564203002
463667464
385308161
751621120
799951711
306516269
48361388
44174198
571630323
262875614
360111422
236687907
741478248
147797757
617209034
280509204
488618648
246245662
289631073
357077514
283340269
110385126
425596238
319759324
594407564
41054260
362335754
456123810
54622388
101350801
504331728
22312349
207685500
888980691
859754200
102974486
736004464
84552279
407271667
199826478
297645566
16235633
147242546
74174828
1401735
19498469
273365181
45561312
13545156
596585488
26918212
220479612
813391480
19522980
277469635
405195110
144510924
584266136
13123188
240418396
246277382
522419976
210555876
448175508
469573426
73705943
718052378
172421552
379895624
482727482
91757544
104453087
74014475
464500061
222993498
1768684
295177621
469623144
794089435
183403241
69813373
297614407
141724879
856179831
549806
623479644
602656756
587633287
42045845
141331603
181412744
84999372
562831468
602458732
138708396
252281410
418218091
588137757
678493455
391045908
162558176
215789184
17546745
465759987
346537782
470673929
211361657
83953383
858364729
59604954
624776791
138976240
349104898
477830735
295442522
520911783
12024621
295629625
3931415
244083502
74312652
54589300
254352576
597433080
209988533
459938377
556928055
16000891
312820468
677101598
249064153
272401850
131642490
335222769
401336308
247065286
114386705
331649813
253312929
21490526
774685342
41221794
598973347
550426594
434464446
144788173
176092588
185711068
384383520
6993810
665089660
90395531
52382440
68396132
154685100
752499263
64861628
312495575
233862242
44579562
549294779
500626410
191734545
343014991
124523483
166388614
81432134
170787360
459573228
6979862
287868350
544195000
439504021
489026753
158482961
42747162
782608219
154489900
510801977
164343504
37128790
77590375
119819429
339677309
218082224
243835016
461596200
57181504
134723448
626468847
201378069
53446832
70010992
798057045
246314080
74717363
102441869
141445928
118967145
226709096
220480273
520195996
36683048
782243551
235024616
84216832
321563672
66738723
497223386
87684914
407817320
552917301
328250256
715659556
404567228
316030640
16946795
203073347
216758101
328284638
122992564
61604777
364804574
580547562
539014582
84480343
719970208
675330782
192397112
221283690
241981956
516916844
436724814
180484175
270530070
55654059
370616017
300905184
313143311
91223557
22219792
257092186
588458728
403497575
418115936
81390447
53836917
501529334
599454228
704939392
422242133
716443775
186536732
248141971
174355183
279097982
123948125
360181206
7861299
5871935
652464304
439231578
63687759
397912839
127487539
155122902
160790029
340692075
197204741
303658460
471906861
418030100
91068813
181565646
318797449
110278722
588574064
259783778
651379851
384962293
218207710
29176207
259186031
196740628
144745014
108783050
419919282
121803382
540776604
362962286
38866935
10744706
579660637
478453216
427173325
205656131
428738156
324106486
270977207
374050959
341419675
447456468
77631112
284165519
111667184
1434744
558899203
224392
855210130
218285010
339727349
280075029
177754017
207046674
4918255
892572310
115706096
461444611
15656133
504357160
566025818
37705455
175479192
579618961
871897705
92986474
501249170
95976920
578172005
415952517
112403333
164720942
897347369
286237881
41544593
487573816
237905672
101764555
3910159
170510254
179109789
44482625
265595665
19938705
130303948
212730780
86735542
648404232
587874728
224943718
675778784
710687895
303586198
850548001
232644114
233133675
90192118
597405826
8104697
433647420
289921841
252197447
632049508
603572822
149588739
947397909
248359442
678540358
358188824
620686139
511327931
450364921
546597030
540331367
290415651
82854952
138812341
108154312
577510777
75502043
561150240
770257432
44348949
338061035
219726370
675878278
312548138
43181249
134334648
379741323
337224186
252134038
668500212
591022543
367375542
9126612
89164597
290042871
166531995
16045465
80360266
232791822
423851163
367731226
193867792
77443483
385336252
57112737
414913218
504108051
97089391
494312984
363062766
550547260
122386246
232625824
320362642
180486202
62313062
640610394
7863611
51009127
516063816
301835423
36163054
578664614
25600491
142448137
4784348
385863221
22683036
643423130
126600289
71464514
24281692
83438365
98466292
91955334
122107796
243854107
133999195
196223262
2632614
4329351
4872436
224629333
91584969
35925001
45327570
324751503
626083913
33512830
167924344
107504550
414881473
266994173
338390391
463657022
398750019
117089121
317706368
395499194
429602751
10376502
589978728
32748074
873506720
845430060
749444296
496741263
544541496
146458772
638224991
78914965
61730212
449484781
