295767986
494387330
24318128
288154873
464702291
250330341
215376656
26211788
576702595
337849376
367930662
432219016
97540130
552566456
192718502
34158369
2604097
188514826
95486300
113413633
747049578
260693729
43216208
130245928
125695768
188573194
406408088
51694226
84614536
624923289
111603065
683017200
5510190
452736934
4895993
159560518
751962148
46317108
324860425
180665986
238860811
117009924
177155107
10146812
555449913
152146428
128505372
147934253
72821685
229452498
120243932
316919753
26975548
329503435
87937945
279467238
77675244
41812614
199564560
240255757
954196705
280477897
59131793
102687894
470166142
378643818
41839511
576998963
13032542
214237871
785829048
390400739
376352822
163893080
152767275
755845793
160463627
162849133
673860646
293235960
227504717
588921888
33587868
262181190
216220733
217002016
182966186
64904359
364089292
818613777
112588405
178851532
570878054
734468427
428579196
511016976
38228134
61535287
309102940
1032148
105858003
312915084
70985514
5529134
14224257
160974347
377567741
46915932
311364665
473469352
67253497
257949
108644526
315718418
284749568
182668610
172645178
190051265
226778431
49473201
289668776
279002274
672288949
136841680
124363384
207172969
563153927
303723750
617252608
17776983
487001093
4823886
978627707
781031692
294765024
405434578
34341219
236123889
829406088
661752597
149885066
362906283
64890349
331625804
401497476
510426841
382630160
682996902
71866655
59478726
431245260
555105638
704694075
11802025
169802881
173552940
397868607
563859286
293168567
583077951
155033677
105776786
473221843
90661560
549312727
230108991
299611332
43261416
90999678
524353939
561091015
262437848
25160277
560969186
405790
147006599
67276764
657970792
482408430
91779071
141388166
38842688
336062750
29781634
94750872
192060204
55252820
185309414
19493699
75418134
91636929
14738621
70520212
108442511
81998777
9482464
300777318
610459293
64786866
389585752
108567220
97557882
577638560
432514087
371460146
577013335
303988291
692724059
192476122
136060586
707493933
163435633
196603870
344631885
89244700
1467395
696562571
830481559
641012638
616106903
531529725
81030537
519060690
54753631
224101692
325229249
516963344
364582292
333503889
179795550
18982333
220179430
902568957
856261309
251521667
324945201
132698795
826206
22718142
317644494
96393692
146863461
36182058
439884500
330798132
231687845
414169015
74172704
350224530
117433975
14187698
818413119
187920282
672089853
252237390
112817320
850255396
62121481
38661958
648501475
126490698
15984995
119403607
364283810
231755321
291413584
423521476
97403632
346422249
172102441
443711604
590110476
52239012
528645754
134426655
303833775
195626103
361710296
93579838
36452646
116958090
191402419
90733659
126727169
72118858
267776186
181925193
235168640
696774375
337633364
592955849
376501743
26639859
201936341
10175859
28817157
40324104
448392162
324837032
75377844
269459231
87732060
444929877
67034045
59926329
368832150
14832721
112507952
336460496
41203698
452329916
55710213
291326657
234952192
9461593
194712726
489983830
191769976
224363271
262125158
920886556
153492854
748197092
744970933
356305227
174764288
373004131
200102679
47240364
106774795
399596237
220410005
238993619
271427981
128467825
338508430
3224404
472360372
76104790
395103681
123816560
789498678
28050777
256764785
790867420
22590244
210148272
32445679
101248310
234405894
313405542
527988216
430615330
588815428
571337390
350567575
849369608
56881019
280445419
31374892
657541224
550313600
314807494
211439160
698916379
194115477
444441367
785335862
451268487
591124915
606151210
735729747
287033555
115884610
6630442
451283605
883919655
351392408
351697828
302763264
250070961
189879644
509753647
30374209
231473259
253506376
39909122
34436904
584339563
603003764
107127443
160733409
470972984
229004103
355962667
125494520
559071836
171050547
477141145
162310205
402920958
29409228
22361601
415492587
201521814
38098317
503798946
499012232
923718932
227318756
239251299
158694529
14093722
412416343
426219155
531742654
198342483
240507093
19138040
594177476
566480464
122675251
419111170
100710261
125231370
344417106
410233644
103304300
567676173
36026927
3780176
201733921
718674298
371980046
31206159
8000256
556389629
273661750
496510980
634988989
601114066
180411832
141999216
294475127
193613408
93525654
124282440
94733788
243612155
3253297
540974532
625956688
406796926
14932037
204668019
219092952
321172620
146967384
623833178
237970575
278188069
277661686
226023127
78131099
293397868
130013643
238123288
3118042
101328833
22110785
695526245
615684927
196808833
316192201
115044886
48498004
128650431
99493355
841293377
370760389
192882420
732765985
166681753
579963658
387727530
449981625
362965250
124707502
8578474
4857849
192973147
299091634
137085688
570268847
551240833
655653711
563532438
118612791
557545199
282241440
628680397
80879226
307261204
351172100
30838892
741200697
45808349
191825628
161714506
620195498
151911235
116508858
17051394
613105900
232707494
97991478
40274408
404339749
605177454
827493387
427640432
14939060
76010382
51737889
441881853
39144715
313466593
398075832
398734424
172753200
126559580
331156888
4168170
271713576
56576934
346337198
477063851
563596221
810964584
40810450
635250448
6211289
220820236
546132017
701199266
316685253
664538606
196290395
7864240
112173039
30448204
19619309
644838006
450921388
126148813
85781008
87244452
76461102
69455110
493446106
116428252
85125927
859906883
442258471
98983012
26394272
92760572
37109514
878945063
100411492
491333767
312879204
50351049
280787469
94431356
352937175
530775258
51967905
243807719
684773
165044428
718661920
39684283
77401580
349266498
279102231
132016081
590011466
204079670
693774467
290485105
706076148
313144384
302120589
470264701
24446473
115282137
465958245
34295921
21907252
126561436
731628078
147452513
315561940
681376461
125356572
284248306
478863570
13694461
384361321
965144489
606307502
159573655
119128004
195750888
338927784
149008666
656541651
18297490
276970904
71314441
460010047
127487472
364574091
16038586
185281897
610738777
37941429
1158724
301698540
275755037
304433911
602000850
457222513
471714302
271106564
436344263
717608133
154228912
3421363
441949564
297976131
583930187
480985336
149621680
507871196
426487368
192331482
66529212
162762536
108327358
93763051
23491947
41693308
45503006
32646048
215814916
424519282
104984109
204559926
25583244
41034144
181248936
22553966
364827707
359851409
483507753
138844418
23891234
273850528
894029142
238036124
265608632
129795808
218703289
280053644
134525931
139956942
67518905
405077831
245716634
328055285
489601402
845038617
536993445
38746604
65434578
91543272
9754929
187557607
128074366
152714965
663015599
355457705
637232217
141031904
227053632
500529515
179622980
657445040
200508854
2994503
51633138
200534820
919847149
579063994
90770003
142159666
397301779
33395742
320128686
141522083
217345675
660441760
332046171
4474113
212354091
57823326
171435910
585628771
571332865
299313689
133948680
492917918
87151306
3612978
264772437
43152870
733385787
108353448
88124806
3243893
323025189
10298622
193309057
566599275
320215189
396129957
190229901
111420664
284262504
430409227
183937248
538359319
101124560
147816708
122356559
231422789
287334894
571439607
133625691
19085976
183761432
217188687
119567891
532345727
62265404
263686632
364615537
144839629
274035768
51310613
871655730
105886844
426803674
53058222
106153435
50143354
119153034
617882674
282930846
249620853
73194403
79720317
116788108
187519680
237943859
515243789
3839745
226505014
17560515
796598535
39101823
29314519
455361150
645197721
162980942
520810518
165146584
305930378
22950642
136065339
370698486
87736710
802015838
209236349
147246233
130205396
77891297
104224309
702241369
320039059
853463548
529619836
51282580
11708085
406166767
521935901
145337173
176720355
592303879
74550989
267836782
78554378
3429919
1655588
469418354
194159770
194246121
32846335
7932920
185595960
614586504
219051588
172413673
665554923
80198671
412818008
309985861
91394996
231700572
770963994
8463152
130742218
227882783
592514027
9852474
425558375
360544975
27533548
69033864
18580503
20054292
143456874
6710309
713739037
109344305
30345794
78057829
125982702
742447445
242173789
185808913
252269909
381027052
300632601
627955153
657295237
448282355
640259882
287566878
328208413
208691782
776249432
122574020
188713301
443978023
368166676
442604567
10149615
95265962
534466807
345180242
231349414
411254537
155796420
263981295
259014289
264676060
417236974
225169741
325270678
136303370
11764109
687035464
88375756
201811661
274612306
202687725
185510632
500354394
303311355
31061053
4819973
637065188
182526340
26933008
150354397
157283340
343844945
536060277
89699712
539057588
447599216
2031395
629956986
9961763
55639947
302458487
37005280
463099215
171295988
448586746
647018727
296245242
202320513
437086014
74608875
790653644
78799667
227642392
311524982
410665739
153610085
34866258
272640222
624649676
24732390
120000604
643879814
8666684
669717117
215759824
603916988
454449577
434908972
956945008
234178125
283013390
179866448
16726220
14150868
712987233
234600694
924731326
327288356
467575312
321240379
293860854
353368824
121602854
127868741
138298730
14701792
63727376
321550224
113949731
100534162
375824680
210936572
71680098
946166965
751683879
718460626
2508843
225145290
76760823
8123176
94061906
491045435
255782904
97724731
255039314
245149066
19780536
436925819
87176865
353329469
455640
7869240
367423008
279301668
349662991
416575204
205864043
662320651
60911158
31224302
377533048
10667516
64658629
443871312
74476890
276445464
679384188
13289025
427191932
167180976
346948406
720822605
4574598
447512536
450232301
124093731
284156537
221443813
501981878
86926917
558905013
398517456
496441514
640811215
311783952
43511655
119780573
304240540
544129234
221756360
700034219
31657100
136686479
189693288
127612880
194954541
619919922
6133567
722111990
915899480
826508680
615638056
315514877
226901916
592337506
398500494
386168871
211675915
19728544
352620895
324529605
470919320
235014738
550891824
5464065
491189765
106188359
476792128
82922269
71821116
689215326
529552048
274032797
114756804
631294433
131767638
241511113
230663740
33533395
217193656
185338850
46667301
68916636
634829913
322518087
671047555
254041272
389884955
96739451
297380722
494599762
143684013
2344245
523175611
729832786
701160363
357154817
132623475
299255205
14743017
79460053
147902688
178099592
660551216
220643235
580149228
6095604
56620912
70857169
425348145
720330003
28790342
254617874
124109003
549993358
104541456
483708723
292270844
243245986
135857776
466033045
412970572
759936183
277523975
180231013
230559818
363158028
343575031
178331068
330695237
662596303
47218540
290561476
17376265
17298007
719289118
29901761
693532443
120565940
96102123
35326101
829203265
333791688
190020362
111580472
403944299
231012733
39799350
239522268
176925874
159486627
863993522
88829585
12315040
473444926
773111861
348471409
5788118
88565766
781719818
416099506
30947340
443191724
350983939
454677963
102626278
33465289
706940901
650802907
256274408
209411568
670970840
215715332
470238222
59992436
127675392
449188530
655507479
172456846
352310847
251015243
3420806
94380889
60745820
207319032
279626545
537466477
244774219
171846480
433753538
75636095
128775746
408044251
198380439
214779448
392867203
604103941
57477020
70756129
350977537
125100266
78067562
48103992
290780417
352650730
759530628
167669596
159777003
249713128
148596
191638263
539984891
44803069
247388274
12577423
117956949
244871125
331588545
745149835
162005073
345857646
22810660
533962376
33170319
539170462
534984161
266832330
560980872
131544698
568997111
396679284
172693709
495265030
283627554
431814588
244175915
12859025
102117960
576603680
168532187
133288615
382627899
709378348
85954462
835375893
210923786
422908335
252259960
199805684
56910235
461229859
547760252
28700235
548460727
40674000
56888320
159663620
95680755
424549896
561759740
90051168
294855323
163230606
603920084
143586377
173136918
395568239
68284520
25872355
2755614
171602173
519981626
205992856
353002555
453096691
97932596
60567844
257173477
139598976
39474905
247453578
181404883
334755727
129347648
351868482
122111536
432290550
284258825
142727550
551571213
229080646
419534729
169419956
273811610
358735401
131678565
98095984
271047048
207627854
92043892
250318513
454569492
439582913
87420711
523877050
1100066
27631213
170011047
314261540
568186828
46165553
654633553
207493441
32061145
31976198
396076590
809959655
398052516
565720247
146942992
258957821
681884372
439803983
83603999
669310168
150137945
150448088
630480982
562520511
249419012
283185968
359948683
28717153
74050361
93131083
204252986
583277060
255245141
537740163
246647056
110771493
6912291
353006500
202115886
345308754
153034169
309619201
303710774
40366353
890024267
570852285
424452261
50685638
55924811
309590471
458354388
41577371
200457783
402716780
698142866
30520469
523407672
354484715
392142190
374678704
489546764
790763430
46402960
123870663
221740141
39198011
780918353
345492829
727135035
191302083
312619212
2951318
282235056
199204346
256474650
154259589
210089777
431868442
64983115
130097529
12269068
270020714
70074895
765475772
51019584
115563089
46434018
62053488
73731735
445683130
94773916
386217728
339674770
46595908
191241562
547479540
759436512
4102410
137494691
828923120
148974939
94241380
517517699
500547026
147830286
266350119
836076987
188065605
26295000
108176637
471137640
690598715
299752548
240559530
564114616
440230616
419583720
321671048
458745648
345835626
901724877
45887622
31596693
76517391
512268525
83080733
306707287
246497157
140407708
175598719
86105813
366039231
118839256
308959738
331303506
418866227
556529980
60141110
15211348
146473037
471982817
767146712
371595394
170322880
214522562
97669923
239284990
398389176
23826988
203483686
1211847
487275320
564582486
346032392
151174324
535153367
719393750
112723338
301845659
17853643
367354560
255980543
849815762
674915290
314132569
759066851
312931734
276625718
456466907
61413744
34552405
8180087
307541467
638705285
379718411
272071232
696961992
201115176
90053674
422349794
779464674
536384052
51610924
49731664
395389950
85815500
14344395
197302662
79365771
72365929
133344644
577207748
64523105
792147218
72268840
92868429
300641578
648537355
108553609
452608630
492345407
375892633
39536806
185890700
444586994
374055375
430653257
630096534
70039280
5840578
27372157
633808087
472691723
694811816
351142901
582288043
356942110
764029660
199947441
198167358
150566368
261982524
15912237
299947895
43752304
238675552
472170480
576418973
36832882
153749841
486586744
708773052
489930099
136237935
592777577
157999340
539482542
323746176
461717688
201875462
131636119
77537907
545499954
48856501
838828812
26035242
2548428
285654322
35031921
24856181
713849
83993196
352961758
325007624
314101852
90645585
178670925
272671884
59326158
7242830
367960018
125573611
525485343
14577988
84179047
251579457
218878918
205237505
280916587
91847059
453555947
123690192
237620571
13541389
44683692
7856883
298039326
389388104
7420868
228836384
26846254
59542966
580360815
8443468
547962406
668578798
554981487
49346994
35174020
129970149
234320719
165729676
534362067
353456451
55012094
503637744
484025504
277810253
22293262
242337554
291789156
67426646
90085862
24716450
9991524
408540064
40649618
139636620
74048057
270345810
245420819
6696523
6451016
480511470
381259104
15648320
370997762
43488031
116430817
140126567
400565625
11494248
737100131
215064972
570066498
38427800
3975720
192021504
94824409
175835882
246984097
34081936
110886748
156352506
38902056
445879510
325796871
20960048
7092829
457085472
43684335
556324067
767131873
173924843
88030802
346223706
61055029
190948250
483768070
69116247
263755699
26369854
161474982
504891500
428324795
95242900
15204147
332367350
20057629
486907440
31230820
388293752
637953248
19611792
561525290
15719931
455084810
145329801
740690578
221906075
888707310
2513928
286746186
287700023
30077503
52931700
45014369
84932625
180957330
872925005
287642675
853966025
160874518
474227308
286425670
328677580
55689832
279329172
61347532
576835828
194434663
134439868
333101831
97715464
337622664
109455921
151134240
407854242
93436901
913552803
976048355
238041615
269460433
244914306
685324968
86609770
565573508
185093798
552134324
118461931
822760096
30605369
525965547
782761
596670494
57531553
3042894
439541696
388188042
88428815
49796556
448419323
146838586
79923069
289326176
521618251
824295052
446576266
270076313
38260143
80896808
808261182
407336140
331935198
248679280
341794939
181552882
154976126
661363274
82921797
81871745
117927486
85557393
535676149
487693212
420379612
704636631
300800847
372333181
142874383
696421776
291415040
376570699
86417050
562029827
97152148
701628829
20798906
321262053
89300354
782166833
376400677
701204558
4969463
590451470
187148736
117736229
828436176
139197266
590885844
66954502
340256059
609368364
235308909
77054461
53127144
58166287
35656140
489790480
541291839
154073517
859658418
762974478
539935035
7410927
178410726
228289805
94820154
111074345
47567982
103096498
201494406
159599332
301964231
368557865
383277298
177280861
44778434
710418722
550757376
104087196
62280084
433056393
491577992
571553321
12109440
137412355
170552323
221854386
246441683
98591568
37158687
55905456
68783976
70373894
650258894
519798564
455842573
33527377
136061604
280152609
10451484
947718292
214532067
489436226
43450434
165413223
429022614
297241081
611365213
270029779
202519740
32311363
590063791
22395854
27057588
722559852
258668092
223277449
668535075
11297389
414008408
21287877
470953378
180991522
185706280
321386180
203179403
838263677
31093264
246741409
160468018
290122842
67845232
120409119
517657104
900692141
111417126
297183596
148066045
347737763
364252231
20772796
359351691
293274425
127665833
275135387
99242820
789515298
241996244
101625680
462674853
706851073
782790810
68661060
238096029
552657205
156710101
25188912
281905434
210024195
65476913
159335997
333540080
380529548
133752141
1271321
33345341
211269154
786972949
602404540
195101200
285661880
663939319
41611486
99869487
484104104
523392238
685528771
63841520
143622180
241597361
78816273
219962644
467184569
352854141
62987264
15885146
344277313
571330439
219828155
94748565
532763847
501051813
558741566
160717944
35955969
613722004
138226340
5208068
519889390
11296234
17578520
588551549
746762195
35457253
388712412
198400891
578368195
295421462
414420037
216166402
648572671
719634645
394829898
442043107
229756085
589521166
569436446
328928480
31758023
772887113
275857976
274318312
4367692
158105153
825774823
509622187
304889324
2554114
477765961
96234433
356947835
47885304
146173685
395137069
93709885
556746528
399441360
608453436
744681368
681785892
586313194
42332322
725948194
18690065
12231378
977041477
337275150
48995457
246863845
265014580
390549965
644955844
91192868
198322393
33025303
107686890
475123730
26204653
331059557
555067921
140572948
100315984
107013564
298911848
41161799
188372210
168155842
173831328
630909828
611962623
73079786
479241881
613349563
99287795
118293507
332819652
342618414
178622018
422832663
508855646
14626163
413297074
111512145
729246081
521242904
53653457
68695035
361762539
98139906
577114144
128286250
757942746
58041052
545718342
13347892
173741011
188667919
428879379
19763002
226659621
296148223
335843878
597657228
62845042
688317751
92760510
413547504
463316981
74394421
27836693
6743944
90283791
397041376
230637234
189471982
419440399
34549878
437253212
129166707
156825844
309595504
354602081
461051182
874709920
591096708
111434752
310511421
464160393
121895402
150376136
609252007
472278803
515679178
422162544
92655981
471130216
233778060
25588735
460978000
260406934
42638864
241692849
27131736
535688961
68955068
355488142
297320955
251524431
389417400
295673616
830408148
311353989
30350511
231956849
193545345
28525763
230202831
136244367
175266814
245371696
84718126
412914758
53193933
708369409
674896749
2232604
935333043
610616372
71400511
83620891
365965150
102009869
668828404
144501528
425781861
233383745
29732899
7606543
468112981
173822339
258995759
674444732
45092154
18217270
374857734
143365016
30064757
608510974
264551314
11108811
648966956
74037054
341895864
463378556
305148636
17915337
59795990
382894757
118961080
215552251
443600572
157937724
462184888
19563962
204244754
260550363
159745646
173904329
442802598
376665951
57537445
310067285
216061015
344409164
316061353
49537241
327250094
36454759
150329025
525613625
759083275
501724100
180555961
21602241
689023833
111314911
270484858
328237248
645397847
171018914
177165963
81560547
86743363
493965121
17643232
169471262
570997896
302872924
200885002
189232063
597511848
601506402
74221427
101503464
422258620
246505737
182073625
47403306
411511812
401077991
107765272
238284010
561184423
464800137
12181254
25044635
383265782
793852382
302726875
286190649
303276847
710412667
269841524
211944168
181588712
39759683
40864934
24102108
215756991
173744774
216007206
8507249
977025609
260238167
424972299
234095915
79164673
32232528
103814396
418779813
19102694
116663781
30077921
751065158
753270473
34622449
23829618
295610380
608085768
369296038
255539292
293273610
470573722
211682990
497696457
306656694
282515805
250865453
162288784
230230024
495643202
449619581
210349234
1043814
348846450
332796370
480917519
113715185
394944259
453581186
450380931
793780668
949645738
131364456
482830626
236093284
198501152
29586271
109629437
515373177
447068829
279370762
276368734
725463890
449673108
563268243
349932227
326962170
417012685
517942754
251764265
953305534
267734711
21153671
100143118
73114344
40167267
95445021
121247264
5900849
486512152
240824278
542913421
279309791
499026801
833428840
604953243
311344502
20183501
205673288
372811185
775914636
52114915
651852399
634161163
385641466
185671800
502991937
26059367
380282848
658165143
266031937
752628129
308401031
554818968
660059349
664668188
418780011
799347692
318257836
584733378
361072134
333560434
44319522
42693835
652900677
198505349
128675050
3260017
443725344
830516119
117182591
712411858
74767563
752801201
25807020
371732547
114947071
325502411
61227507
340085304
188840530
250266822
142544610
216426217
840453555
212039572
46288500
95627886
635218008
23332408
193033633
536155716
255930210
52111753
555648651
150020661
225034956
824311884
7041736
530346561
202002128
176103562
345644748
559132336
7807666
328314690
166049040
142676009
277555186
394233265
150865300
326622574
600840899
66654922
15854747
69604846
6111016
193791480
19770164
394184409
593417571
432515791
7606063
438612733
57363643
119813716
156912654
180159707
11410928
214187823
561781258
309523874
336586140
144787032
516629563
43610406
503535204
333329764
195401812
294207423
157216667
278800024
240046277
90784840
75101908
310584064
215099696
390679183
44365064
310447654
507659747
106031234
532982513
124072249
421303203
20211010
40463120
603792687
489769456
190946162
148719576
182129545
786646422
58421890
192735937
11115916
209347884
101605249
36081504
312027458
398388878
463158027
73115548
371843637
194235681
30482413
340578875
462256889
165009833
37160731
488242948
233915711
25398624
164678186
619575129
104271546
88668410
180865210
193090383
180346160
16215588
685686974
24849318
802639312
757593778
587997738
830331116
224083821
230222327
228757970
547612192
537487160
124732318
222578976
588152444
214143250
283399522
568201049
480531718
337432965
18885977
205116805
2094661
67523992
741610602
791858509
640888730
96222604
389291407
93194355
136437021
852623823
356223234
363355329
751841277
540227090
30413608
47284143
355565690
909324210
550152476
366466183
595229823
229121639
782226852
516038078
124465664
195518749
88201923
454144481
11203136
356937094
622677220
46510138
252140095
202813774
303612738
379395681
119153603
21106925
525765743
702204190
686124682
866908565
244322925
207600628
141340013
180690328
714805447
226181338
393421863
131274414
396221472
583406632
21304955
552121795
18446383
561974471
130625475
46647185
427343386
333739516
990
202634021
658905502
61519773
122014102
33393397
19580154
654291354
366691456
664206921
204148126
608889492
340984566
66500725
190307008
16943560
453529952
733226683
450053496
301518906
359133512
355780626
420265510
195380057
378878248
22359221
66983934
376135216
34940410
668123972
2598615
729660063
438637178
118449339
458780274
720740870
153001020
235332403
490075047
483401130
417124919
458498168
202515468
160424515
82738226
412614282
295063424
40969099
347228724
52745190
476408693
109323468
296528464
606296683
350128349
825533833
303142553
827524252
59061468
117414220
524202506
16650220
51554193
453678818
14536530
351738633
29071640
256902364
137787801
167736652
6452927
167479304
720242631
624466588
788656722
36260674
444243822
109974688
171751101
26302860
643205135
8634177
586837768
205651255
158691399
452276486
197193559
7437834
264427272
382725931
232871904
104530914
503413411
504644865
267657898
328077867
144669341
26089322
508951436
153490380
836218014
320308542
133713152
9944074
614755577
110866063
371951078
858266242
458256818
292278856
138678820
127644535
87411347
325442733
125467346
162254456
556634730
19567258
121381666
1043280
123329011
509408265
326171819
299519969
215760194
244686422
286209819
23512144
87091980
267371396
86254878
128565338
424277351
213468721
123058010
212580702
139348803
351297964
209909283
889269534
254621162
730706120
314973090
217252941
377013323
534116703
123687883
621802304
10305192
95674018
422972890
33997191
168471109
239557542
443150580
472123830
37904540
366724086
349546289
360911482
276688161
13414545
58326650
221496413
459673962
464896226
228119002
544258853
526483842
412561498
889932852
38736312
54243667
232033928
2195237
352591629
224660518
377454690
16778799
98246318
50112612
427250728
216755099
131473836
20500230
686256027
415443635
528282042
766486692
237676917
30229304
9008270
17128278
371885130
570208698
155746914
962182522
442923556
152742330
73848410
489040764
265356756
222249264
379992433
58134616
615215215
320526645
400896806
783314234
56086710
307149170
44348914
414717287
48538741
596949537
672551525
234966260
132616940
27198835
514381294
12645920
314520263
137890366
238321138
41468562
178102288
12002504
190160163
169662231
160370308
604508944
515784711
3717903
800403637
526570842
120473907
551467840
37487816
229583736
555750901
418330324
438005274
7421122
459229816
248656454
2561170
791085430
475650299
279603062
423475723
199396026
586550340
133636044
315207759
811970903
117941058
9000350
65057081
19520381
399970143
282867707
400654940
113813567
411340452
53340437
757482435
216840278
23235978
282416157
91912016
74000730
231514127
80372009
720538413
2045182
64817386
67022546
132799660
266743051
188900751
69222601
259274086
167258067
156438987
476437087
433542393
432072220
61454523
224174057
798099425
637649865
45808165
9024733
465852524
12964402
43498736
261235219
623574932
429699642
276279409
212373076
334883082
121236751
157141002
627736519
34999750
282256851
582557926
573048190
335097753
814372604
222563327
730067567
452025560
627033272
300071815
529889663
280144946
519281282
242106034
26591881
429084120
28318108
51368620
518047139
318557698
221949486
376302698
289043793
81828184
41826878
337911522
747593587
216032242
6345259
258768540
38262553
375573682
141200088
934813488
879467899
61484930
558584831
348358902
221756625
699806065
50087018
5746471
712422494
530099760
120371436
368368564
235607704
4096144
537929486
142528706
7966002
407559797
100308174
342291516
137037328
593725358
280203130
86433311
511061616
697016779
100243556
219595512
258600376
515002507
107953508
174904137
135009242
3022416
763136920
229352207
453984209
94674796
616698381
700477408
587885714
895994645
722927239
280498691
313027847
382498616
327631083
133422518
616095395
517044262
557039792
256628260
413341157
91532425
224641137
139235002
41244100
14708249
153800230
3073103
257491187
511454072
390874984
60315532
343894521
495243053
390289451
21234621
169424082
282134303
523750380
50843649
285616760
788618253
164820697
545093941
111164729
769727544
277878726
398952876
327919212
205929959
651266990
826642829
427840275
400332890
876286290
125367618
404401756
530998290
105797177
103379464
30228651
276531173
91920131
146029056
102299783
83461206
869524872
465500043
158037485
260395511
11200514
203975421
9825953
533687510
116027345
266403797
432162144
26718985
411712399
278157410
117452448
2619194
38050393
54755170
163798874
661463529
604514883
106239851
92219930
13552451
123385415
5129095
225701181
208655369
509556708
17637886
325946926
604741162
589523389
263464881
4509659
245707989
436890013
346718400
405943140
321600906
706738128
89121076
167425510
705263936
519716200
449677078
956780300
403540494
758947524
184025036
107275295
218805000
299982497
100895426
51908701
43574816
450592290
674421390
162578503
538512793
169344956
385112688
564638236
834262274
215245144
432841385
903902238
195775962
176117824
778685716
427957281
10151076
165546869
127346709
12139389
104198903
552583516
181067903
25165126
628738179
508284694
210104612
214941354
391662671
341254465
18707730
165392073
142759430
167077683
102403574
637366057
61582981
148838885
174958904
7721314
116204279
18373042
401264420
436913287
117807084
12542634
234987904
322039119
14652925
509780597
446235026
631164275
366073756
19131775
123519340
18456566
98678046
152845642
278965811
55726727
36847246
84202536
66294671
566058056
350324943
275514769
413066433
341833875
20526791
11368700
196269645
498295922
168083626
101873982
346555079
202014700
32068070
56992112
206247536
61110965
255033590
392162286
561206121
30738160
345814942
29264734
189675117
430899215
869277425
337053978
5105989
183325
164680551
80571362
103488238
500107130
409219064
25476628
348796711
474671593
256789344
729952685
64745937
617856910
56500417
379764496
545776429
283841268
70492620
799813524
126025068
196064725
806791645
377391441
37871298
863024464
257146512
209352870
199831674
36683033
685194601
561335315
544304339
73770400
71009458
270292727
48392786
732355326
372782244
56778397
502411235
284011599
380431732
282521938
913664951
227772268
634208240
535452172
812270066
70434800
581363665
65566434
347291196
158681116
141888099
56365160
344523058
289931906
392965182
88004345
72856935
55048610
621116099
187055488
142565287
1424625
140392230
155160218
582284510
688747582
179514669
246860690
97534642
105632983
156359701
187732697
447404643
291244987
653893968
307874430
103143569
255684029
510001173
379890658
165660252
181807125
388857022
414454163
178602583
181848831
254434872
419885323
866944379
275136432
270108216
10714450
478148940
311552772
218747635
38546253
502393897
201359938
305604662
605692867
737030476
559049236
379665957
11949582
89150614
556867062
908388756
476578237
467176781
436195045
161647724
512809350
46389562
617629101
329382634
206028796
186215781
4247376
687422494
60064599
583203412
818045776
104398588
585284570
33870730
15623946
489796249
619734764
309689336
96559048
233133980
147338076
198885729
371766560
416218497
318200874
228644387
597315144
17501446
202045988
458943716
46948008
102419394
113658560
267212948
388477557
25153927
355362207
26568513
400481962
349940155
119234474
192722457
107617443
301956181
545040243
5990243
491015035
405873623
199540263
220919393
359775080
735175406
168814408
168265894
652123725
372652001
49892630
77262732
18294918
197994407
237411970
128020530
132657090
478773944
293634579
581311152
128832427
18701829
198841904
407934906
71114310
236317938
175889961
44236921
47135359
789062792
59585828
728769177
298568506
167772580
319051136
211303732
130451323
715124618
806051800
185660962
331412758
614739810
17508621
88220646
34897612
234809234
516636139
234657710
445198233
338156382
28750294
318672309
432216725
488548723
787292589
28248877
219518184
234645447
604286825
101103695
77433500
355102494
151997196
276175469
149236757
228491829
666487277
489392977
443745525
290703200
99565872
72777053
384550799
15171137
172671346
383079502
421444314
10919422
397599143
35070638
25201943
689134253
34717000
339092898
26127069
147662862
482271138
206653544
24506669
566505132
85430280
384676472
493390247
355104153
166330460
639472387
513818302
115557681
201616256
126272317
121412184
78738795
499585398
632117323
559904295
155475904
6576960
197817594
120198981
403314764
493956274
236634122
80246355
35212268
415611606
368884327
191378781
547742175
14143864
41138657
21851574
42666117
155342326
426860730
443888490
188365915
89968788
112605403
155348158
863313930
133280425
49177470
180278810
86796020
703191964
245450194
295860175
18529881
203079734
269705862
103631563
883829759
322119848
114978422
57487055
519732954
508932868
388280175
347470256
145484798
183901597
609918211
333235645
326988967
367941160
198855145
94364178
1601582
174816589
468566431
235613236
604391122
379799208
270861361
200651684
630438572
333464701
15037855
74865992
684115119
374390112
198781948
227472273
86937687
171874599
68133826
151156227
340373407
191900681
322193140
381264258
4436678
62018908
150945165
494592362
428523407
57581591
195516842
380374651
340026351
322318588
35218455
565006894
71533058
225442922
218305326
453586851
10329688
411512030
36051725
350220810
33547400
131143286
6513766
144414863
698859446
537299036
692042926
47357203
38262027
37013013
382658255
165858749
101155526
399049590
26854985
18049294
377787936
1449391
17570062
28891411
3778281
513386499
203165289
438598898
498376777
258927786
176888438
95596
294367487
347318293
426636722
201151447
142101468
310469870
134884999
99402024
406484579
303250592
482369394
121349942
345151627
688101495
632049827
230241376
108586819
715876092
769388709
1070452
57283330
260168932
337654077
73163615
583522361
312479030
290876220
769812126
162378729
682400243
845009004
406648075
573646181
367696279
39729265
26832441
62599395
156826527
128979608
817669910
656204422
7477718
267923193
834318617
16826294
453167179
652541574
339625643
13830799
456301736
84458845
62812083
423981884
457106099
588609939
247703644
103181916
690774620
619348283
35967641
238175755
173573677
443826067
80611593
513169038
164974512
6698065
148900526
198895571
229271667
193366451
425786360
47824648
98338302
403331697
397654712
330863572
264519292
828261224
7972005
38054472
29924529
884926308
46167296
167108738
316602777
619030236
421919684
462121517
559181695
84703572
266362208
801117268
205789082
88401529
502764171
66876459
60863918
59616316
442759790
211575170
737432948
490939714
143351058
225325426
273691592
378317451
255263795
42260841
41038463
11521806
12829570
44651124
514674730
233751393
21167477
97356843
39226456
491481993
109171983
123824888
486735158
615493763
129742010
280134023
928259142
271096353
327361826
462975279
210288171
318412048
214980
870409176
35059050
37336518
295159303
52533600
678979285
587528040
518957848
508461375
40979952
9832424
648379252
77633207
188195084
88245049
601446168
4465041
158678006
91898290
363810786
613055802
273024030
633036050
59136957
138604074
289964104
406899822
178702796
745517831
6049024
48599564
508805516
2766000
12891396
761655559
109383163
46949838
121321853
599966363
90252704
355527650
35637941
59856098
32245863
99751087
42661087
425485828
236113466
11544211
10972064
42434006
897917426
117508500
77042747
839911824
116797779
392752131
52457481
47655669
25159644
152207397
203076873
129422101
279328878
55476894
306732825
332823611
318276253
737963262
29392497
665253032
102087855
42769483
136583591
299323801
120525950
527189226
940055822
407886370
227139200
1785162
517593422
420923131
361568464
204471557
768661333
332473870
32557238
398687726
641235517
76335974
363889553
110031979
358787243
50196691
439093049
74110333
711751431
98780981
323327882
240555646
354421793
159812540
37614603
469092391
160780515
611377968
509516468
405560184
819525501
51587252
217814249
185721890
70044210
118134934
459177163
566747014
694110855
472979100
731026960
409058769
224976424
70304368
262937402
176357766
627335030
102977252
30723608
668948401
248616966
2091186
174744317
100108665
453157879
832899150
456068702
486974446
381446170
674771325
475837254
70233741
117180545
393351957
806155777
181124368
69020
791345792
956953620
82499262
698050251
29793905
266703730
256744038
66971423
344076192
39168335
106016384
252210146
5719618
190349071
162222150
395017642
294449486
233587606
350378635
229516376
359618000
79115458
278855167
787814578
322355873
888680204
408293794
640301207
376282494
522892231
2216196
315970937
393423010
537439766
13381473
309528491
122756800
756294743
79296871
673575383
20062767
578233749
624641728
616573034
161776334
883790403
390329771
376958523
625260411
45256552
112752092
440496379
359539868
241685201
25170514
28820606
535163106
123979620
34299526
24679842
374498947
72748393
120541999
267337358
665488314
77326463
73467199
143420040
792953452
344141285
407768988
45297731
158914291
2749029
653237728
54744504
225934818
49048564
97138666
163970969
65883714
637558002
81496917
304978393
50036433
359078820
432091418
332937850
254498708
258993328
346612572
100494452
70531608
144693298
504342253
61313406
75153611
762258795
312785746
427406830
31865860
162909976
598248632
313385819
300194866
128074922
302474839
36580453
556002161
388813957
327226864
244570791
657873466
335654076
639135360
804053785
101309189
474034439
135419887
382523001
358572767
137621830
578075087
146302128
654957547
255147575
641431934
139182348
572736459
111365169
31247309
43344729
85216964
322072039
346197605
360033319
197396956
15249276
166857547
85833374
332713701
516615238
230373336
315884503
384412550
803910265
97695221
609494851
534179918
113698614
226373885
27603144
839689474
251698667
39826575
281451937
789703049
28392099
335956266
250611940
483045552
458476472
41655380
604486940
91321201
98342302
91656955
5400512
67188550
395165
290378806
1084524
349851012
111426610
165247003
7840687
171017201
304142340
170993530
93829351
28671995
255459686
55985386
95130169
95786955
221548536
275487030
35538384
4587765
102386637
13266665
224672598
270089174
293721535
131788111
265506289
226469918
103710182
101004852
94627794
90613902
340165210
41873125
133830987
265412563
100588596
178032928
803002781
347192232
501706446
7563624
87407181
277428111
284683496
595104210
139799870
751815834
26812456
489810415
477404146
583545756
625181115
513049076
218889962
101147990
65646644
552298654
333362895
89505151
18531399
822467735
369198424
42538304
223127363
196260807
50784053
105775691
356681190
283816720
474298389
76435881
109147575
277166894
171734517
277306095
448969059
119079228
213788860
712476929
31487565
409233462
23911688
218627291
728078378
195466023
8974470
314963419
153021199
692326618
435992802
396975664
392559674
146444601
281953637
474181232
358504742
893179047
9747644
394408126
101552750
327922903
189131775
354454518
45059156
13706814
334966820
309139866
59155075
638824705
476447325
184808148
828287040
47015042
349923792
349029014
19830442
91231188
76115437
810700698
343046767
120740074
137946984
2964154
643537120
886185500
147086118
277744835
505997421
134382180
14905144
898927912
238154239
272567144
482729377
165785637
778620605
445678697
454843687
266032498
12758123
87492090
218940746
243708002
165952269
305735979
484067849
360153957
293250791
210186177
824847597
294649559
64933820
492723840
76103331
21565962
529735355
336103882
94189884
144712350
248122166
390849177
535942444
16999994
296524280
644678474
433888647
143234840
512652745
773655203
549292923
762107659
586490887
241379512
266086842
247229153
16662148
138077920
16079967
770256264
697184
85009275
110611876
533328102
184226910
681734085
145640920
370121024
113652580
195708596
27368810
636555598
7944786
23704409
248069553
54433128
494267168
139836796
291248712
218616104
4275290
384005950
228651898
533748409
351689862
333232202
56087907
170794228
502206417
508020855
258051325
416184804
75795791
73760686
55606339
7611162
126739682
89548942
42312610
192043140
22652004
258905609
215919700
238722775
199888653
316051678
233811508
652458084
514113882
30730184
208919996
479949158
405059053
489720137
301603708
8914332
112214726
288001042
194111384
138264887
595164600
333559987
8097525
458305330
62147946
88290204
20148277
237016999
155093030
149606137
159158571
97460105
80479440
101699187
528397724
553089582
843807177
158061181
115534429
45037860
533371933
242641023
368229948
414302020
40593785
249661140
182671955
154239339
82162041
284802708
10109170
313088912
358688332
349745300
229303286
306108017
574212365
106433766
31910814
419111145
185948333
908620988
141803175
362287158
22312298
126852191
405391385
52662167
311791186
622546144
173134400
46862064
139689005
190941428
112499813
144567696
908775842
329927532
141869768
64395171
220431144
17141642
564710006
20113890
86163045
12272840
33810966
971917980
367232570
336474366
37466251
74965148
772171959
363777872
293371859
72653740
104472930
608829020
162137086
43960728
49241190
472589799
541044291
195057438
200610400
592196239
439078720
561118722
19206050
11962378
602471553
244380191
96577734
573392772
342895628
392931411
8236051
793101275
23821023
276802372
134824760
715538994
147398696
100007400
154211831
207814126
62737533
48111840
665511765
267951516
313879534
596598234
7868998
274642525
424740222
538311347
34238426
195342864
329321054
297628258
13396272
311647112
257874302
208485040
198775482
101532298
287896124
423355064
480240845
28074325
184185855
618852605
152729920
479358621
385195975
688018233
827509138
840411668
264865884
651068977
21915098
62764414
85773742
441420410
124808357
760291206
656369725
310262859
592077220
94256094
385877322
241214275
7521886
343874722
319359651
315471897
38563166
600201257
169808736
223699584
249735174
63136997
678429754
676476371
44347266
120792282
435146304
79591020
297122914
570732108
552528578
496439583
40446010
887073232
607167166
322490553
204594729
9219619
208071380
150111717
180692688
478374376
83418543
92111708
48843215
250149524
145668085
303878388
140996137
144195921
183402202
526000121
207777926
918353186
344242821
559730961
168831712
570216239
77956158
200309980
52906272
152866344
432831596
273761899
85716708
309554231
607370907
366664642
317518429
122785370
318021386
15713000
499706368
18328467
477532372
552803715
143669123
17058146
140034854
49783405
276413042
206314565
600809543
228072028
59447428
29653547
236132633
212814810
136380915
85801733
591504989
55300908
206240935
439486679
851251228
193840215
244808
670522659
116316027
207239975
782099893
609435884
69923389
79830518
702379890
586345956
241614697
654308484
763623820
116673845
460221514
116638904
218067539
12898886
194788216
467467804
427808392
58577263
14447409
200996992
2166805
122837212
932833981
309898626
679239795
431117057
166162048
638139644
298508430
55772502
86480540
415563332
228942668
7076061
7737789
140144636
375054270
142254846
319093617
2201101
351652376
479515271
15236761
43009242
32099118
152112566
124912659
159806202
114601841
373590959
266618
340008780
93367402
458526934
796342825
82686601
312955252
291966667
594310291
528793412
89923395
461682158
273607795
118330845
21992058
36825859
901728760
109325923
553529465
63275537
722665147
60944166
5170905
420043333
9427744
154403894
490427849
625085457
538636848
631974203
290014136
283407973
204180834
255481440
57518588
6705728
209359738
94836178
574899725
609343451
15749296
55357742
54349977
154608339
383532029
22137867
58848215
145853099
10117294
263788134
179051641
676883948
330258576
62624998
375328047
809761306
107250093
4342957
158648230
113696162
229352097
602879650
605067059
414572854
606487898
854308695
518178431
9222932
901781481
760126111
525165200
676371922
96816269
38085597
254957666
482414877
39375522
132778749
269021326
818237088
290363380
325887889
360763076
391508709
397076474
348919786
173278939
16661648
34106364
465552362
36247212
26766841
358239832
627948764
125580949
434083303
276455056
91639305
28632065
313855338
59157887
177072241
560476740
3840892
16254484
63548547
605146565
173507645
147836511
38500927
32819013
169784400
756042498
23245344
304990716
10806124
451284643
405782062
424424448
80073581
706508802
734377316
21079950
317975458
718644780
36230392
507937429
132224612
720636
303619988
6032267
81972744
725629986
126915635
177102451
751355684
390889037
145775494
7096634
465007671
633990656
65031786
338498751
296263588
58125732
67027380
142967993
156118410
57707539
140037653
63439216
336210322
172634405
640171425
64776118
205780194
263946545
185723
38302227
741560839
89401443
51725970
414806682
291872624
873848579
432889093
195151868
692363179
530475105
240765462
26335247
235225899
292199382
120820847
580643004
269465260
178720202
385749435
319573618
195364268
28066526
1495390
545787978
323188184
438648578
705130484
393726089
67524154
91312800
13002181
125881728
566526284
285637435
454109395
46317026
222278244
797266997
562038784
923068184
109729340
377993649
562188587
920150677
413538415
253012268
769708093
45654557
25385624
130609301
609856829
860077387
122253167
384589695
625950445
317851650
461681811
4509481
240262612
59349200
43781166
19120648
317087671
278390370
93187161
68150049
862379172
419257981
713946940
800055385
293731
100036120
156324330
14307482
161574277
502694119
128930392
272770958
332581200
17555872
505034334
662778293
488530729
269991853
166412182
615502683
31878146
376731902
367579633
488539948
589596605
517088898
374536957
181300884
748303375
106227388
219532777
20489574
152310817
598408863
211192835
72308517
95381509
808307838
314665059
200650448
211749293
190435842
382259980
150355622
364791332
153340436
661967622
47699110
145460984
710874416
448791392
118759838
512286283
605326206
84574600
5685015
34360192
804913931
192208274
203828957
541490063
75208463
790468458
282249650
252722652
468051
336176891
685471387
35268100
178431079
376197417
278474096
242666723
256358681
218212569
160775252
350913411
93630512
38328638
292339842
117002625
97969257
350761755
260078997
416164637
653720920
411406477
345974902
840797270
465972323
378688007
95327214
109758516
205868034
433719727
482287050
516450492
555281826
577224245
492887369
691210934
554311642
310809276
274758518
514519256
872650509
157067263
125603928
537151040
192536630
257750727
165023616
802059530
82906911
430443464
103555833
461294050
5755768
609266461
172473236
181624188
125225580
46132010
550215894
261678238
189685945
115486721
532777840
72284962
192295545
7935476
3509264
228107613
220629962
108123018
762819916
89340966
160841229
199743673
326674361
61199592
224432880
778158082
909100923
7014028
303074748
148310484
796962610
811664267
408551941
506626230
63105415
110222696
308500461
562502679
54686692
49994260
88604749
162464959
229195785
612247595
194512823
366502134
3643077
104091593
478301600
263936636
645405758
15981851
48207442
405253296
435292593
401069134
39179830
643923129
616049631
502824144
186586047
118283222
244516332
672263981
273402716
182345275
511179397
292637502
41930938
99702048
385451804
405999771
547850616
167590330
31731847
386136600
532651269
150008329
170763866
73052675
144213440
679256644
555261638
22040067
506745360
371689058
175728602
138361042
676500848
107962663
336263413
216664368
369293540
915072168
4497873
227659669
318253742
208510136
356224776
1984584
418052282
709341710
277560011
30180932
740178276
245582447
330756842
23791238
476681870
37154554
9712779
31631011
396978660
59888571
648091300
98651480
249609075
524357396
239403774
397685870
148214998
354116436
338432967
96747804
523506271
153212599
223295741
228999397
521419213
45075322
656204781
405552774
581318074
156399474
681009399
363085344
253540665
331368359
325614011
485511552
437255155
622137839
811953849
254645494
400565707
222574676
245219360
173111274
737001188
523749336
168101135
38010219
295159886
32934771
138803196
364495175
80241764
342795330
73972992
5971737
872760089
142553678
18583113
286839524
472720554
95218247
108427592
78417620
116400513
46699873
88817620
538237081
237366841
156413631
20057510
481326695
2616171
79302483
239528053
76520312
172300446
301531370
2168261
236296749
453389526
111584278
2699796
436311930
67463468
203984312
626058198
358814319
134128298
125786472
157636922
344461234
699022713
400190622
170573247
135517281
554094730
183858558
402204102
942849143
65164250
276191469
292723725
573287986
230197476
23056649
33214534
313750254
96403177
29648928
150507184
109531596
387446329
666349411
416445788
295211250
178500093
29152726
311682090
311564561
212486333
444606655
224458445
838605602
255552636
5283593
349166900
803832985
273503958
66584166
290210397
397736617
122164187
243499002
45600216
201932175
1046760
70644360
274701462
355616153
93544310
534088798
82054668
572254529
231402344
677484376
43845479
474791564
412155153
309665135
220840480
50841046
586787761
376376877
49487748
541923145
267297936
301275770
138514685
190108755
2620086
740130956
115073013
437416550
243988498
322270386
411414638
232045656
340315258
99933873
16707822
103909380
63190428
1649411
535297797
332723380
83094533
356228684
149010773
308951228
579180343
275047888
647020924
212346071
12526072
430397921
357948700
72912260
500502716
167135286
133692040
72468486
27010400
686781151
20991701
77755253
550798896
112982230
20359656
199917107
275410234
195240761
391946965
743186836
319607873
108330913
867401
544966955
376550191
554909386
167307074
48173019
467907549
408474834
177325559
546127354
394111417
200096904
156050403
549817818
107798910
38932320
6024360
34257081
474633998
222090819
332184204
531437823
22319093
819919000
106682784
52624213
107534570
81026691
5793158
92003076
79624254
651510226
307347385
366656555
83830284
89099243
371767555
490516180
56326370
9043697
49517440
293161652
191975859
193261359
128413732
29397256
99203000
19107366
31691766
103757
786813507
665992742
48374216
537941024
223161981
101377527
538617390
14066774
565521974
272031058
635975099
26583807
50234253
405174059
5587722
101669095
9893846
149517040
626800356
565197448
701428909
512162205
316697831
360641092
30367575
128369406
444852589
685376886
16668248
760665648
430372364
552976770
542149661
386488086
11037796
106257725
164900743
667707714
281849315
323703915
524341671
174743102
3162516
49502170
51573427
183762824
155617642
242496891
37576789
305081468
79309670
394896446
8857755
385787448
165350426
230712124
20712919
300643596
287710225
57172520
48901250
94808876
178996560
311076759
82249150
575821872
91554724
14064070
34561828
229352121
25689779
472797884
68490791
414018806
185355377
330599809
23050020
612671
321140209
539301210
168877709
24941104
71862246
830215673
551108698
792708613
48458935
477138357
45465256
305933780
113095284
550277096
122513138
374357454
155544129
414178287
234892659
194746964
223995153
129837203
488780204
444904412
487169361
121644804
278028341
33618448
659594078
92456424
113542039
430238012
194450126
146918288
262871525
3325221
279541507
111953502
199497877
352999946
746207455
554676078
108423131
333518478
248105219
365518522
210748351
119080156
176197843
63749924
378797949
752114203
359980499
252279608
863809552
514641869
221509556
21647943
195744136
391957359
260547298
63823019
126613049
508749310
479210986
79198827
86328641
40168519
9772500
80711466
644674205
688673903
7431821
100537920
810651849
494152502
323289483
38171991
88981881
348804505
137529858
569398591
348512291
806399373
334117980
95217625
115584620
234432210
500700868
242095636
408179032
448823668
494845622
64817340
28750046
572361077
354379794
67058710
183110016
1542945
8316132
323201451
645509972
8626131
200371387
30174660
618380775
49159453
426011934
358590025
779030108
163567974
52708838
6726344
301374635
717798014
537742717
185718656
664945962
627070142
69307669
43823944
776979143
431874404
253265804
3129120
147563522
472770422
466959401
647401592
744260949
12672291
618154003
305247019
672035192
351536190
616404854
286679540
314419713
55928128
127583295
200454794
180849792
77329098
394082093
178689350
175954111
21174691
281890555
605261088
654408635
280627117
216780115
514754669
368073175
559755825
415138021
273821032
737888419
156681471
569386356
231121719
96070716
1727604
66100512
487878127
50344498
52293064
425071280
572601772
338366823
429556743
387262422
567045994
362807672
714839774
540958651
787425137
713563479
679334894
185358698
654506959
193984905
99460783
83980890
434022240
533195537
107017996
79637623
91685600
343393851
165479647
760121204
8329083
127159254
231287963
135737064
409281783
536353208
147068861
356041169
498901403
94240109
264639216
811405065
295383976
106490671
158068820
52940157
39125567
41427125
296809597
120364794
139306247
128350439
73662007
436185239
101336066
271988696
181421570
178408645
148053937
64506136
218607022
83350028
21719964
764895263
146638760
876973175
338966076
149651586
43947918
135452766
567338604
24940444
620057223
240440389
233878520
399051132
324905365
246029932
137684399
188279504
107238075
74384292
202469694
293446626
162935171
127397346
21185836
125798564
9949320
389241634
463929452
3027509
485040241
675020994
519248972
701545200
475101334
362706716
84703432
252359812
246988498
13270323
605622708
437988404
16741947
332448112
410268438
72453455
279321534
361688
128078736
317272183
186934392
256041442
721493849
603157935
523851588
239022815
662601267
235866258
91926456
491426622
7067808
606730680
206258870
128956004
732257867
406041864
14874063
704237234
34676121
780533880
25066726
91567814
2854395
20082174
241247005
179084063
9992024
133689088
643719239
561134654
536181649
413427804
390543426
108630280
389117385
290805295
389635142
173172559
952188613
226031926
251041722
704719500
202236168
799125361
720232701
850669826
175795339
333303944
273521551
308467088
806171482
128953890
605302506
237070546
56629399
288356036
453688347
342270774
73704196
392849546
251633694
906722236
71963376
499702253
637685319
55632809
232270022
308766076
59134587
612371036
142581339
578603892
489435774
465413034
575204642
149861384
524298262
86881881
184527222
93848295
36385690
185824814
124763508
156855681
46583976
675707833
660460857
122039246
900315854
874047167
511076574
633483329
13175898
47830957
206323880
110316918
805958800
238814064
160669086
362666722
291632260
818954610
48092667
713399685
492634252
52469536
234938361
684531576
292778202
22661100
770684579
384399827
151183983
462798557
316980121
47156660
252030082
288487560
159224968
11312397
8130822
137139342
94021871
13607972
125932533
79291561
246022575
269812465
43830221
366846550
496154434
51755826
115969507
160591006
423958152
225932808
31115986
314503241
258402422
100269428
41857185
137270652
222392438
34998033
110979965
589244480
53000261
311972832
687234312
255839860
609159905
88891462
76641701
549391780
54523875
177978347
91226218
65965161
577356045
5488078
217688606
440450435
96972724
562820936
36580399
667176192
431485147
14863526
199779992
4092228
68045818
117392426
140667108
448310944
65104
212350260
91105709
417271473
459297033
42534101
255462721
18978363
849258880
353656833
16578140
59766574
273333996
94320
44401535
35761756
214210320
421719460
184800317
99538856
423632297
432035418
531096814
618977593
892555554
246035712
94608136
886928730
326490937
