18587649
365581305
559170765
301316072
5580726
146607123
35641465
406017321
221706865
224186352
665164745
74006677
262246546
763564211
796358898
119959077
372859314
414914946
300317106
156010243
387502767
507258871
160157687
170133272
174262132
401816054
88889694
825820705
26490529
325021694
146259869
597862578
684424962
390491640
548490640
164798939
391071629
286004371
30919989
257306765
167782952
940315811
286374322
321095701
585125954
152925844
239729862
247631891
225215168
181850946
125326731
85046682
375102785
270765161
772635362
327296487
5657877
20736899
447934354
130427482
46791789
21640999
421537490
73615453
652868184
225507324
66359639
696072074
807935168
167754971
409414401
477702737
545941814
383804514
4859600
10071507
3279240
40903420
47606785
197806914
350413438
612255644
136394994
179715078
170146054
123487715
271469268
159576962
279208455
878807
157329351
26815800
59134093
266195724
124331274
326392413
303819225
45692343
399543801
381379772
722411502
472015117
600699673
25985173
48647288
828485776
586985282
261682519
681208145
61956194
814213339
770804248
27966011
348198477
206214664
417241138
25345959
372782628
16709067
266141646
248344741
436372327
208552771
503030252
320740901
63206988
265742798
115465295
487558379
75023619
61846136
9586490
339087301
347947713
129408299
43676046
400328077
55022869
189269004
55049584
825939609
108558124
353837449
118043971
620732877
20251402
492510327
87725775
30274
124603376
381079237
179618536
624273369
94593807
145262637
343391884
469483377
68862359
229276762
476096247
132783251
237778547
195978480
516725926
374999580
558577851
271233679
174961784
401217190
212663838
72366802
226588310
69977181
518945463
337030487
15769756
201991278
45116267
128001330
539715054
239428989
172863957
263656656
751782669
17887185
546259584
550792728
71100501
635833171
22672318
129081432
72746356
530637817
40199291
742326
570384372
219354511
290134444
216761711
380582772
1073546
278306667
547825460
845499462
580475580
90216551
222836530
63065763
27268150
101110756
64158080
266811278
16008526
24918792
112603268
76198992
445521543
23881668
206216169
407583689
102039390
363171698
235594673
277692308
285077496
509403530
269368348
169009827
366028502
549599226
817350098
344390283
188771195
616391533
178053354
167942816
108474869
361849669
491328027
627658157
428102105
106240908
583806715
45589268
169029955
769355337
873007198
117541013
383991980
16785996
48160109
173609692
484960268
269277256
245988384
318928391
119306965
469761323
532236619
150268454
505984745
745289718
536464124
400673339
272834143
9634967
463321149
488409363
896772250
44683395
51105206
756389996
406858572
462519646
66082527
329429673
569760100
579202857
145130997
16446445
38799524
386275199
264966934
775323756
328427355
41870164
931538315
41747726
517835881
303648314
445462615
70084149
285029856
498314901
485803313
80773419
403596340
204761021
584597260
148632484
264275502
462293639
781746400
40684727
893993969
35037506
365867271
378567974
367138229
465106820
53688430
214813381
35895700
60420778
18462635
153138900
178007921
53716435
276101980
44416929
225574133
785557755
316915229
118583435
409491060
528284294
215140285
353480402
14566741
381334896
137939740
11080975
503293800
709240661
175616126
648900097
491412235
611924988
103496656
470042824
476958757
628223436
151359963
171707778
218209928
167354525
299157541
327575280
138818985
22562264
109215507
483925557
307914840
46652836
20830877
379026824
179000380
105028100
26949616
242506785
441921669
35300043
309623808
49945167
614404864
274141656
531798720
339373832
108137080
812189204
502201502
258598042
199477367
420501824
126058431
388912842
346360067
205992900
129669422
472154097
283355350
124574747
382940872
224655308
513501747
170355783
346487768
6212865
78231892
676089734
18835403
64432048
294054396
228127596
225460950
667548531
120006088
401339136
84559900
19396484
7676723
111051605
406744498
67137336
66327888
2331439
22521630
178602339
242253255
87250636
284785403
280444799
11234316
409670081
6514672
129859446
489827381
75431967
434548670
121819669
355185686
4367437
93030536
438870832
193266508
733418274
486757199
337845143
590556750
485742934
513818343
66958394
7534278
442476122
438463610
613762447
443092144
10228752
762342109
37138107
108572576
299626754
788331466
201029093
639981991
284042124
103396956
374228562
231013348
176140974
376100831
785164289
754585617
796890591
45954223
731861042
129171609
2015280
462601359
6177520
174446952
63502722
174600670
125220680
124389152
143374966
36812992
57234347
684320357
580731081
283154624
475403492
954376060
879008504
279700215
248089033
595405527
260716486
135439990
597003634
648738386
200744431
24320556
227825400
618515513
47425378
8855835
252903428
129474626
145802346
466527858
94728237
435366384
13225399
87346122
695131917
9478625
188316222
643455032
210801843
545844284
619161277
260629307
217285717
299261640
360183407
82610231
423259580
82550108
5895506
316061298
96802941
90358400
237512667
223268324
29516189
668801016
289197089
226229716
104824763
34230692
243966126
166085032
89107710
611137183
417185830
202708486
210423420
537056407
273460403
192095162
297644723
431426557
262348490
89351756
79349705
311187691
71996226
263934036
416890521
139696998
206848200
539074478
762782700
550868941
332426540
9774918
77023985
116914391
467143677
498643479
239071833
170550362
126072710
367860887
541738280
654857160
511328371
24796816
466685197
197108253
6465181
625913794
102592651
197144937
117303502
664263654
545532590
347080677
208358613
96084118
520984038
133336278
816874164
296897939
385298700
390296600
330039208
253343530
534944036
377150437
89045717
401903640
271812446
352888122
27499402
709005504
48053330
250853204
72132564
622566759
440375603
54195561
23313324
6135721
336467184
306012780
15099120
837513918
480008680
542701092
223506135
146158418
138161520
138682962
74793579
15862871
538259750
256313257
539023581
218175152
33922474
82300338
431580848
263493223
198633822
705842362
83358447
287362413
56672016
737329369
554266410
232920375
369623356
33408296
137695443
427923960
298279825
12535502
129045019
173489923
388906566
241152568
19781029
421289067
44428688
315813326
396995932
61232678
366776332
374092994
36391531
130609303
911137203
304338072
7992397
220770661
229607453
581985587
122252235
151708550
233653791
248419279
79440802
263825386
542124035
113242886
23050708
88438383
318449537
239240029
373304206
212477352
263321512
608698354
279619398
478206977
463686715
133877141
492044318
247305506
38467483
89029166
30014380
536360111
808018903
795114580
429714196
449592094
869356709
240508033
232063671
280438613
3133883
538226137
413566755
408815449
256034204
434787888
28745920
973657604
254264919
411163697
57653878
366159404
190213103
674092457
182652648
498450963
514375517
794157172
351873442
178897676
374844645
537382788
527600536
281723031
298936848
764711222
277935286
276267628
238373218
859584700
633984951
865050514
270837954
171131968
68289875
228739314
258613365
499316540
209812266
374033559
609672768
203539503
127898513
221439718
101966382
501225263
316835034
227778185
650835027
8616750
96721718
9215615
456915794
179023277
407745319
251944413
95857866
374577077
608371578
66979128
460612791
329644027
229358053
1998372
343474200
788329950
350050922
728074452
165807488
586463492
405015423
808827082
825658969
489050491
261862403
240720177
557538568
259391833
240776219
315597246
83584508
154392670
618561782
106596988
54279820
171457763
132164210
288584322
349235456
523703822
1799666
267138218
273301320
403269
496851794
768404904
85271615
399473648
431679270
532595543
341371439
756039462
103211973
250222028
172403453
95319807
514177545
79759556
259455209
138260352
79987531
201478392
329777418
129479844
12323539
778387127
30992634
864646832
346732831
94407961
94857262
42995678
335460157
479523354
82995056
582294220
153667321
490580442
347935256
345776553
99196503
275218247
60596517
353849116
219465621
60765735
726839134
49218469
606384443
14270206
35468944
143359734
121961801
530856876
410392628
208499241
328833513
77230322
154556443
223358762
514276061
797318169
21171209
2152759
828547462
6982416
10951326
286989564
61654521
143931909
486712254
856849226
241329878
318117635
57391214
63078684
141657595
287238264
188550803
239965770
65564779
15465486
87608638
149293974
73880761
175064428
120455285
25720771
554741898
108741178
69516337
327571276
121904622
167829039
139007433
567864186
376593490
700089526
261900754
411237760
457350337
536197934
438910830
237870183
192758975
42276664
238496901
557755294
235957325
441173588
193329438
94821662
468067472
225692096
99260271
59588475
91118447
105886290
165429437
50666259
99866399
4252055
109549528
185338555
322845347
116230538
227797896
812357849
20459573
624014358
486724184
517441425
147061851
287571239
168248715
138767061
192472874
519346464
270968600
428163748
180388659
42657740
597048064
162248580
63384512
647009005
78683600
521172989
275739489
170962217
660214591
192910113
169882200
321097964
300486393
74207477
292343060
36988856
212631177
23317520
892711162
51890524
314055442
158360760
469433982
248207246
296466986
247121086
587654738
514829680
426593172
99854010
203365837
451892918
400225504
25423694
153153976
256157443
30755486
105386081
234479311
117321827
277872333
186827700
478511412
546506606
407607363
567983786
342347576
169128310
23172248
659488313
331507983
853501380
267523688
317983949
179789802
177292091
403187575
111481322
469995398
527548546
748133880
139789271
762066931
311770286
361605086
292628563
276795187
295848474
163968392
241044315
640332005
366235997
418492516
542061301
688616896
423833962
497308517
406189339
442207556
235180983
165195827
446362966
53335302
714759596
722801338
127982980
635303656
544202586
218301959
633548885
321414666
90107117
48197763
171935374
384077171
21212033
221528061
139936001
444943361
62305336
609177019
110896902
723838700
225701245
56683747
276419940
90654845
353859681
43018367
259261990
333614226
261305244
449512605
638025655
401864254
107149637
35055909
441212987
453669519
182504403
109789953
232718081
571155513
320779131
406831801
6209244
92970125
154669064
131314014
139706332
38321175
4419733
354527246
67587747
309616958
453294788
155406390
25864374
241450629
400839899
5538193
63193255
403425183
591652091
557885416
434367048
426410305
353053095
92587550
357004356
513836048
388164681
94906021
5236243
595322418
769175865
103004790
17635593
435719900
685127047
41052963
68511160
689674625
511884357
68084883
430652384
522599970
102561854
270397701
395108888
103560129
190152364
458578956
296587761
227731609
121185729
178634092
214234469
530329678
384314433
104964607
649103570
101107178
114069639
552272162
359587310
162206596
277820991
317638682
752200771
189914085
1907427
581266344
178493302
48009737
443491850
3679325
274355380
206951126
368914874
698986052
13549762
161459884
565454901
531951573
428598979
46385688
81766463
58154768
724054597
187285721
348327744
102721424
394748013
123892980
284148727
374786001
226406729
268883585
144831547
100203605
12604589
455022591
163482200
6388888
54396661
194926393
13262380
730172711
35006804
506664686
333830173
37696740
487820250
52701722
74193328
163612457
181549705
598321264
64169827
112177170
348154596
522141959
34110708
294877782
85091806
245049222
45417954
343498127
148730516
562699327
424747011
381541570
756032760
45736637
487414820
902733883
106923535
164344931
102139626
2446590
312433127
353449870
323966612
472658507
70320594
19116742
378926064
250276450
186705704
65678137
300535086
21525874
34287278
321824789
115620958
312512291
252055631
638625818
428425503
324195683
665093776
513363499
328785239
78071588
764876156
264476378
773500139
548322179
66334884
77865764
545377720
825780723
230599095
4013020
148570607
312002360
267263910
167587986
506010416
533857146
691900020
31162455
643323129
608891813
294031938
151858500
13894253
235331433
13684811
218674051
429779591
74282190
371443803
329946558
935221119
332240339
9146382
39156889
289609589
133129074
628748648
2967326
373299723
11911228
717692437
536263230
932496756
320837464
504235732
448235919
90244680
141009996
304066214
647415529
377948089
21071663
676365075
631833591
84236231
533493350
279299728
294810185
171306354
122517282
753345497
420990036
35441097
281158414
217978997
597352277
150876596
276629760
361730830
201864834
342836060
233179099
308580737
774406597
433762157
576707020
412630189
387447988
218606956
654372368
107635455
180254283
93575376
378443452
440658786
43404700
559091858
601290489
755361690
214964528
76897308
20718028
356941457
446283826
479804568
225446728
298263179
178491384
85960186
139431320
273474121
34673708
230542888
606206677
20596704
73146159
37128144
519440138
21499475
318561370
888249334
350689438
86286936
337011318
245928244
328992216
78683720
376838665
176276486
714034567
44261004
753638301
512674255
231130715
345903932
319461195
348745969
325930724
667358875
80870047
241321545
650366369
309767536
13460148
791989621
737410107
782922186
791727180
64933232
543207480
761762492
769755339
183260595
482354393
102629266
106954552
17059290
37344340
83714937
26133814
487708915
66607262
670699245
110853558
301542770
776028723
6630759
205657985
648810200
115624808
263627067
615101734
438570683
437365010
618626685
699782625
793181767
250286202
222127849
755899282
22996765
86551571
312790136
50819089
124261962
309851605
575401650
244986979
780437217
426560706
495246283
542887358
89311278
285639362
142787770
100694723
249269267
154599216
310334051
660344900
73123325
485944638
784755979
212429946
122779390
158915149
9728666
397503245
279914419
120689990
738082598
135103387
49703840
235291568
101596103
358666920
652231197
429746790
52559829
204411847
808771995
792555316
456336744
190424396
333855926
310927566
98493531
254450935
15296156
229878450
296912751
276926497
346612084
157543360
369448972
153255267
275628524
133441044
848705439
643169550
199389165
386704754
76307589
273980376
118433658
647945584
120188103
50741493
449799322
397725035
18368705
125333043
143700269
103305569
597131294
73246234
89290597
174800338
486602802
349220427
944956862
407125939
257450762
229864075
688833574
804619626
856778481
358576024
298660906
433944696
17420666
333846403
7586407
622046163
529292553
725735234
15317313
40370318
617727158
71294538
492007653
593778906
328109071
231260121
111766116
369771569
298190768
352384588
229172430
31900852
209621878
840091986
130698705
406135241
346512021
15209502
38084806
37363190
116903343
443091657
396036954
537851135
400184555
663587287
524652814
236441104
336719445
515316812
80650551
607108879
287941624
230122965
148769965
42841768
131631723
648393029
727876049
204945039
113564010
344494594
153708289
594636201
247356452
570051174
359831870
244267558
580690236
106080575
273093213
837317208
125051413
867148593
399121954
170349043
386857470
288055022
476078293
421358987
45345960
215241362
27016332
52377133
394805593
66057899
36201077
513419638
79279205
555846352
1217957
662012736
186025835
6523356
960365080
5174885
817900744
58249662
207816946
125427966
668677637
33777699
813844596
458066544
460112931
134680892
149321935
531446857
546828417
163891216
63048825
344879159
7816980
73788201
58673195
242210067
733597618
378686508
409955729
8517554
60737842
123560919
142147362
328236706
544137783
369821342
675028264
186021693
253560794
749424947
629796732
248282456
113087917
11493887
328804980
90119623
629873873
554219257
591841611
645399716
25343194
339082719
163027423
205271525
133450647
124627455
369529535
18247105
607627909
164454073
79421441
364616434
488060952
235172381
151032253
544316900
362298632
780683624
440885362
705310272
3605475
709095556
572566052
207439060
179981420
167939883
408307510
96367697
217635961
70401453
55536972
174766713
117139414
449758935
416772136
434614375
56205995
309954161
145667355
91450121
325872707
69702217
9921949
72816342
527155327
207543128
738902420
7750313
373975960
78171292
99107319
112164590
460405350
58741685
688173725
217364428
222235194
181805688
500458133
610441730
621093139
124416445
734080833
756054774
311815833
302456375
149588178
476756689
108612587
215148157
380436508
269048598
901125074
356976692
26766542
732768524
563396049
353531210
289118975
130694304
109142570
10978543
490941318
14794524
552749339
43669742
593420934
192978191
561402304
497048679
354820144
198184158
548140889
367199590
363362
539221598
169142370
24823233
31947087
150435792
45326030
55162876
163796300
803892560
3996612
177870706
267272304
268337442
268370090
52383303
189705068
412438557
62480902
85598932
561391112
66449490
30038002
468654374
975062594
25280710
651169558
239303569
386337804
245080309
361435950
116056358
582032961
328794984
127246748
30796788
149903089
469826588
68939013
96138452
587405530
466869599
157186038
178827702
593180860
738670047
171631790
3734341
218931939
69322789
73159320
511766751
248572181
219914341
686069054
89244885
45757388
526699359
7609134
174965819
517715501
161982161
310935801
442055124
472146445
180465300
282552874
434463671
227390063
236062007
4667016
527537854
74555524
107603993
909161858
90253424
643388603
50844356
286130145
354613469
363484198
7287085
589207996
59557476
366641939
381355651
160673454
380194481
456064705
530697763
425789153
370220442
28557287
390477768
8821898
275219262
173741350
460038295
355436755
478105986
496151748
29424163
406431828
403054476
67998291
65693824
186005936
420571262
548119545
306607381
14161249
242042749
7394351
81033438
53929139
683670566
205072235
337727893
15860384
6225012
266426472
184151075
119999556
306833565
474205277
451168260
505457770
721964779
229244098
69121162
631783099
684223963
891194595
64877438
15535700
488275836
118573272
73461343
326116596
146002136
425735033
41300543
588596702
495376130
647309717
21971041
193288493
131315862
464207756
480993849
861646331
369432343
215168895
21865102
388280691
400387826
27683849
37790891
512552259
268515348
229058524
71383465
121684941
208702701
533292760
269417555
256671452
105959156
560363865
62458879
236435518
144694062
25431029
86676593
50160686
618303521
523712060
27785889
194347599
180796888
52448341
95320313
286908946
398983898
232354204
36295774
186543
279858456
351187644
79184108
590326254
941975962
174426565
64183306
280309769
423214003
105389066
521398447
123213806
386086732
114423842
36263920
559669920
124211052
117230109
109021074
214456429
73484416
56524688
108599738
230822709
192173762
289968132
88380973
35783512
211486381
478676542
48544924
26154912
40911616
481328031
77844870
84163500
250817184
502138771
455527353
134020419
75767934
547483438
246725415
831959608
77814918
105015042
124489764
807283756
270095131
100612311
41559959
509800674
174158801
711720351
400423035
708154648
461138023
39315520
363062841
199674355
227779319
230358048
377835721
5746633
386145015
629634661
56709701
244140084
286526171
315561344
52819854
695825236
187348159
901580589
234805629
66219933
242596744
785470122
394030328
184952003
107021857
28260251
643448046
723178108
33942118
348274839
209248563
349647761
86433760
232198691
95975125
275110809
669829116
163813152
588584743
80094496
317860273
111232930
4581183
71205218
420547624
438506082
581161079
536966481
84902338
13559502
285372670
12868702
31139291
264135410
113003238
194644990
210146942
213972044
91412850
55951435
258276237
570146943
55136208
62102808
111950740
341090283
319032597
3655788
361560902
362164682
190212113
80376148
51827554
258730023
165230501
358364118
663696968
481263772
133218453
175913378
526780059
204840652
493932884
30071337
538919295
23023425
547282067
123371915
130981338
408783939
255413690
26182194
764399376
455126928
482316229
70647545
322279441
153963522
109468323
55973065
128231229
238096472
515071306
154066052
786999829
573606857
45667646
56868981
57714137
250052112
106269331
485574246
240289167
114461934
583146726
254472376
294284975
292871563
399286220
883196620
121989552
59332400
369068132
637664
388250
86339421
4493150
547836155
408820563
38005659
231775354
335536277
737659668
118153317
139034408
288139574
123307347
408995313
826023944
153726665
39496872
816448608
402220906
138869262
20471472
141933970
369683045
653821249
99208073
38734022
287419692
479709658
282752349
833732774
358736887
516643868
540925601
261201771
237045225
635260213
837085601
163996410
634233361
236409240
127815854
24093005
427642445
292245702
188619091
481510981
301063624
30922108
76026682
697882480
413502777
288292046
168011027
426616505
603322585
101663427
12071735
224491825
281838194
193143122
523391220
40524989
25339125
524662443
296550889
205673170
141702763
139319575
742011882
159907167
72024652
671573947
173115082
493457542
69862624
370884976
419057633
94064702
26795996
167267547
364443980
141392812
128672718
366229899
420787077
10087998
17694435
240840170
87382568
544862648
319476860
247138880
395571332
625982637
166121365
394139040
400595370
23580994
271558335
117642841
47417080
228869587
360107732
290506523
540497494
547378159
243262240
578655688
44848260
128399245
16599861
452511029
255125632
120003240
395452038
236803725
64701428
39226968
27432490
533759152
114488090
5159390
57944337
570058417
248473838
359930766
74307271
29711077
12604861
70243751
163692208
151792004
161462650
563031255
818137378
569082491
364598510
535808352
9856875
432266624
243215772
303138076
318971045
574418302
32042473
201159598
112869985
245289446
568840626
498244981
22205468
899799689
507399871
802997779
25952193
437108741
284990081
539997551
76507936
672915442
213571959
486517636
137097607
43958104
13683097
732412507
167245441
15336800
55515131
5782075
270558337
322204386
321476430
414208650
420560105
616750891
689869162
530041457
256948840
772006344
590023450
144652483
360436887
419663858
750953564
256071895
608246638
214513213
27957080
87518393
274807288
331832417
292227736
4842134
394257541
640924106
130758145
77732740
421648637
207371994
129760702
252481462
128604727
679315080
197861635
54278644
25972602
450211519
328428710
55849986
70897532
236992483
386645733
292931584
579338875
716985155
5454134
600199339
16943697
296954893
3883515
72771458
115099894
312288800
191659956
587969855
76152427
10412202
50985091
451090340
351360084
327733945
227998163
6812069
168320798
354483659
823700756
70125680
27367155
342318511
22066414
157897050
444554484
304724594
392147011
35898910
702468923
15583643
612406116
298669175
118209600
47919237
321837811
37919887
617852298
324802079
336941233
377481707
238072584
206802765
246215205
678288776
653605662
115393876
380043926
592085825
708890869
260424120
47013841
250033067
429164598
442239686
538557978
444387451
225351263
911417554
87319968
450413428
281744071
75450320
251039459
23075481
111506196
18272611
507253405
119345220
1089240
462980228
373114928
782271870
6049536
153557969
109060560
675844677
641378918
203895611
752905662
251994841
73091743
631948407
123767597
449941782
3115954
350629652
373870681
155253212
40968988
357832058
145665254
454855608
444716966
461386060
103959792
204841975
330207188
70220480
7044289
463195268
229687433
444637640
854241515
97362651
674098711
577958254
287420794
566449802
107889058
14920454
633827544
466823247
231908080
81201913
15989617
565237236
215203236
99449587
384912450
10611030
800015975
345126304
168732263
366422262
828079
87786639
1906997
74239425
152809205
484177498
189206343
696629536
252119014
542696228
26615482
98362830
623427833
176631106
399098457
36543419
383338993
309039574
525610013
814464952
364508426
439681896
165918224
180720586
116455140
21292253
50624996
266979875
2271032
519519028
102180665
52098095
42062328
47550256
79353285
825082698
231345294
350632813
263750292
310887439
349900556
52972772
271401237
240905246
42497400
212518241
526144811
198936562
810105411
10259453
226511835
543831220
302800203
69385515
46305248
32455813
180729727
203064271
486146136
587415715
239006922
740785558
202441611
114600214
615529769
419193011
126303130
706285830
44859251
38831681
80657024
450146802
125888140
66427505
19742793
150775948
250458957
21667963
368327440
114700805
310087254
155806682
318513900
67113216
597422668
683835352
245502518
843311291
81404421
72193902
360050176
54540306
222111827
785235276
363690087
55937234
183074087
531739730
40258304
349488803
40272923
80097006
191850717
186541213
394857915
134704350
521191957
487315581
507097030
412019507
136997016
295221814
412788119
318865060
32240693
306533562
799113820
137926665
206662003
364998129
276427663
115079780
117228914
689250784
76560341
644700808
749283294
17099692
210472557
221426035
469146476
132836260
372264753
802468717
457690357
150126364
20531119
656041425
842899263
393601572
354844274
221258025
73538025
434303875
573411386
132199445
23811099
158789961
152312165
631281215
35135874
284695178
179918715
336726436
233786897
146824761
2482967
65723395
158823865
164466090
121847134
95434891
119982745
342580551
24070742
18409283
67231332
247734540
806185918
562368217
57492942
343432132
153457068
339882828
53447490
360585
201072302
132930086
144802647
155629413
141936208
742578449
161020525
145385301
18686407
295104948
9463818
13770268
823541544
93885004
544523480
440589260
688006297
291773990
351468258
314445029
295665951
9127728
307785591
599200146
351814612
152406194
79311505
269633512
661993550
7131664
220520704
116210649
234404783
843494542
36606323
218363723
192303013
30085330
56460196
538514
175667286
53558520
540926249
612922276
362834219
75799992
310639150
300107262
732739326
126289494
430829776
104045596
185571169
214642835
41266647
285680798
206933601
191489079
293772416
14254509
327611897
131124440
239144507
680049517
313794829
500795206
247146389
14255891
238347655
408911157
182861444
52978335
753496819
66845806
184915883
367541420
314516235
771956171
680123584
354745114
429989617
124828234
210463283
182025853
43774690
100356320
389659158
443315535
76071093
282674885
23503718
5386985
668819620
418901083
253994751
310431005
278185400
177244714
70514885
322384704
552553903
1300448
273445097
174692648
367533535
252371992
226229494
494143322
263662870
220337794
586041930
51157696
271093106
185438740
44527679
385028391
192538577
70449399
453264533
141740364
328947398
334326691
64762672
703520890
410803682
314089724
165638419
464713472
403368975
484202514
213214062
46271324
191746213
359760864
698159664
127562831
159059555
986639146
332048724
713359464
61691962
270102729
61696433
331652488
356692940
121783627
173306235
615981580
513159229
269243671
223831929
196393690
417092402
25635421
234606556
22978602
637438157
240724453
34355772
497331984
267016265
566422890
181388760
483956918
341986976
497569247
636827602
500256
11523871
506942988
53489552
183976478
262907587
365042869
875647807
638164937
453621714
23702879
941383153
241512475
33697270
745393125
169858929
229594514
27045377
59724585
460352210
362451195
110694292
447829374
341418705
254587553
123837255
178216639
274027336
857853634
302694525
19926439
356129731
413738145
233108094
77923611
27933738
174553690
286643400
236567620
115345313
581080090
300509331
336488181
278150916
189893865
21438978
660650579
7249607
468122898
69868137
325084364
596688457
12089126
371294640
129530763
364338095
369757044
462511518
236961225
80094703
270322391
45456461
342705834
37530072
116088186
51583248
223653873
3303496
185343745
75216645
853481616
167337658
805741271
208310036
235294162
491452283
371208141
147648668
501430952
632746061
75761244
6189468
516658630
126325752
258281850
647774930
685639157
68385146
514466645
1181066
502273788
240580878
832724642
403745082
387111343
43970230
744743862
219517790
366035308
58423290
216053042
783932604
666266127
469046922
132151359
519097691
56778020
233643508
255980690
59119485
362425415
166722980
193034948
244725546
206100384
192686892
315570218
19838461
193216456
395236733
57393954
24911747
482774738
568836302
63310834
474774092
157100064
429636595
411871186
182131242
307183769
28757213
198934840
62079384
10638913
546675952
313336723
602097533
350129200
546258191
166528175
251168781
486624983
675743304
222750193
233568537
8487960
38749096
573165598
680240294
219179589
109519026
53445528
94936680
331642880
2594018
529843686
629417032
89800708
350267786
447152641
893390850
319055089
57206937
565801726
341796256
526859367
445093803
302996135
494903655
4037552
180596620
230319185
276961744
335949510
401830659
379858070
616240271
21470286
299357812
54552769
220761498
469915701
408788491
407955176
521787623
30443387
750836235
185081081
205689266
552652305
257954984
202896051
225113879
298616639
296018268
87913228
688472077
319726228
119287006
693490657
47039390
18877221
557926390
181541528
545864704
368386673
493999626
199758016
326312207
696497665
581086942
438683928
22869184
589957099
568208955
87410617
164197148
99767630
33928921
886087392
419968317
260841779
392893918
9844376
790204756
215922245
280341258
319233074
537689623
90372884
284828668
252863262
251335581
72357366
432127879
106790697
86366090
908322313
680304079
406305448
95637589
378081363
139468660
28902169
266233625
26568630
95075082
433248475
280111651
717127712
73567966
520372180
210800678
17692987
523797892
170886346
129893596
111146816
349439567
187883797
369816718
256508204
23600348
618924472
909264
398063694
260940168
47883616
281425464
308716598
192074380
253717366
198349854
649231822
634017719
22141896
842829215
70401588
14711322
203392457
531901887
487782714
239242948
4183938
326094448
74683068
219062741
457850651
372870816
638693202
68662288
209459220
282124208
45816507
7585953
180883065
238112291
330156744
114965434
392336341
54501917
293985053
361062816
620271333
22028149
434466261
164754809
225893497
252591869
460015813
530849058
132389286
419340393
676938794
819711926
332182125
15054470
428326130
32672269
10604104
367875046
79359790
381087878
245681098
46758128
384207866
29589761
15695804
315546594
758150931
210068138
358036473
351060259
317010457
364637642
562090781
267556861
96188064
700637583
244927356
92901260
99957157
463089554
379944061
368385300
147254106
363754996
927876
487042321
200171689
96023448
293144824
121999856
36398761
250158982
876625366
32735928
607509130
167867892
137892111
36610201
49163613
254500697
577323060
11988016
222052422
68783622
1762241
60637480
230623620
104243645
106209540
389243784
406362912
133591926
219872099
107678000
234623262
134834523
67552636
48938065
74938120
32693312
215092042
672410358
171750970
302809235
289828539
110636610
45526083
583481542
103964510
672785114
500201648
286079129
8714969
8439945
192059836
43373272
32713233
441122017
446590586
345160074
432145154
597828716
117581138
95429193
269971072
520062061
183852007
592319805
365770844
140286456
197852340
65479530
38971977
776968486
138115526
520052318
111946920
60563630
651549475
192664643
233355831
291474355
629411057
185506055
121684669
298181337
651303608
126390258
818353809
505106602
115452972
128749398
249596696
14858270
220542156
128421204
463312688
222497633
165703178
193912992
267296371
33858141
454147978
694262191
330843828
250752239
121318663
137876332
86953496
237345541
47349109
66980308
132361572
229324615
163358697
103291918
13144645
3280969
470350746
407786895
145069769
20972940
198009913
715641012
635310504
557676920
259560348
356731034
457841761
926225235
313907714
284175554
604074154
189600903
675136410
157629053
342859552
107874578
647581869
12225982
367195120
409845412
528859430
175563233
17078680
196055234
330295400
232368944
667862189
80532416
170829654
259356160
45957759
25494570
354894496
604581644
616841453
531883080
118660613
291432031
360106084
36193482
16151300
523316864
122749168
222911159
553354088
244241043
78857611
647698457
172436724
724299057
68179777
219814591
329004618
181377954
156173495
580610084
117834897
261453468
714932341
636946111
22274992
25630819
416457480
256160617
16794941
491765890
401001826
7678074
511596033
719034861
372750045
476603783
630289926
21982952
37512356
58004304
154886470
530820633
658111248
493934440
104085840
622563215
399783527
64318287
35821487
46061407
499519219
87814040
955369646
57418344
109604161
374962272
322026650
134716196
116636870
221956976
236623989
650578448
16416182
103571957
43797626
527363739
79569038
250592099
258427253
563252204
175870357
387739413
60074981
228234763
770805249
2392759
330374904
757767084
678875938
881093802
34244800
126787876
107327484
111331990
805727782
100994100
588902726
15628997
785782746
579049321
453937732
205782777
659045472
121721489
387897978
85046254
131388716
118762820
371524609
62919
183421278
724042104
145810805
215684620
29674920
311778585
191994732
170300511
75249917
358933357
302302229
30960328
42866478
409038864
106995354
38811122
15099102
375533468
598998444
156117100
657901420
783643512
251284107
225205917
439689103
422559518
148295620
538003780
75387060
508890104
147859639
277471793
163950244
585773108
239824029
81873234
66982639
418485794
404509430
917989150
142330574
686810902
592967882
513241407
342570568
420590026
60950331
212172894
104255008
96844783
83353988
37516873
41681979
889530464
650258205
218929448
622623765
148212394
257069761
5227569
352793057
166109825
14469369
1325627
223478884
133063904
82760110
288153151
389803624
154443944
115598440
342095550
516148520
884865883
819774171
90546136
286954188
466221343
527529160
812407875
257126919
87222919
813205187
265158664
303383675
582043067
96499524
497914368
506884347
254392262
27326109
57664520
89505763
97175734
24602864
39333042
479618500
154236292
23713222
56033538
294984153
86211210
266770784
23447386
398022313
401348288
75347835
442218899
759081403
309249053
72060536
26662875
531929626
24195292
128484609
677544553
390465964
5707296
122462037
250509406
829507657
592387899
363576458
65382902
183199813
55310227
22350768
60597423
110500173
653539463
215813046
492440724
716010905
247440096
98655899
384176819
423063656
156810831
1860425
563746645
477966588
6247591
283426532
407302297
475803102
582323086
226206816
179172409
756710560
123257457
493191322
16087390
339845413
139805035
315944911
225318615
748069128
139640118
81708078
758424457
134750796
760334078
264162682
394447406
464764254
311275863
6652312
520040962
534029767
31033113
48552538
59718829
327730024
319984248
64512445
602324381
109476021
269417484
586541090
607936497
755155146
141489598
647635555
191494920
36770156
232298776
323060930
187634382
648772445
512131203
701374645
28287655
412080016
425673877
220089820
73057802
241036501
345715738
347563906
13475113
839047506
553146897
120067766
90102127
393963360
129807672
389264199
17334221
204170498
47586105
586857998
309485762
2580841
464246741
54879851
281634558
469395611
666927875
330779449
262886532
15020712
613232094
169753600
633863620
251585541
252028023
110347377
475475534
382471089
342090748
415321703
360163412
62015678
545025046
265926374
272380321
708777570
688828742
346885357
428268045
362145711
45719791
16549332
81261382
54080051
313386904
698555032
307761164
102352397
75416852
210776844
194827356
520415223
576011670
140866256
508554778
478111676
101139649
327610749
78828732
81678465
193522209
537049642
348110970
54745662
73984235
670604130
411920058
105650397
9516204
157425895
63356534
341582600
811149866
387378949
481300
300495543
152827612
59564668
466913015
38348558
146973782
368428894
207480055
445279737
325313848
401483276
213509074
391670235
445679422
210941709
385037018
23438620
355365320
387077244
68569345
15153789
261167140
420642563
508540112
129242127
251229393
310917618
313600601
227102176
142343946
855494127
181012999
43526073
8573680
225129483
155921277
7720788
273578427
246549158
704346416
494792964
648005020
2752528
248684147
697706924
176455804
758290296
788961471
569600688
58684320
440852869
24547084
524036507
106066390
240474501
194614248
616589216
537371941
288079581
14752494
58059084
449679250
42824367
537599712
188560008
585873188
224381726
776471352
220657499
685976751
144476224
251800374
224719059
65639153
177131255
164791503
464291380
66315767
549441370
633628787
233684269
189465006
127460210
665116085
788173686
153694488
600983175
537433787
303687710
866563287
125601275
374167443
100653654
388184117
99742140
110410472
163147617
79354830
156007244
956727351
44844370
80719626
357591442
492757142
532148544
14163372
67479936
15591534
737645000
503734392
386014334
151235586
89003129
145973026
96868975
787123250
33630383
4081804
484281411
465691607
135243935
112523718
280673579
689285730
223357650
36392412
9360185
476533285
341080200
63874990
357997183
426425564
44321561
53509250
188326332
81977706
165658383
133779358
741750762
115082326
241629631
740958710
681512809
506775420
570033576
39409228
397811846
212557454
823676300
305599097
269545905
246068146
821867608
794018706
223560689
565425404
312830487
121154481
92792757
9761116
55441075
192174642
385596789
68992528
817852914
664557648
162234568
226679336
261978438
728429817
340486642
30777274
645567807
88815048
277164222
405657513
561358130
769925018
153371592
7327952
5939050
49740796
45967542
26748860
776128056
414430514
107512859
217682257
432796976
391523904
194852167
207674833
58387649
563848446
430041410
435439175
60950211
504247824
213698172
53350171
258022903
478457905
68824707
30181720
29216212
105516144
219260516
184309022
100796569
414052672
167360135
105660175
344891264
668866417
37624243
114447357
723323057
693917728
118559932
87518978
78215382
716861812
125618940
123660390
478442524
204273220
215510477
378368521
142597861
70542559
102957170
108142609
397522766
204718787
338022744
109091786
63845566
819987020
119900700
580084342
339872962
338671074
595284817
201939565
8378781
583845103
198464874
555754878
106177734
122243030
108519335
252788488
56463211
326156760
380855420
359277639
325869311
76747646
138480431
371600382
451338471
609350930
118519371
170133818
197005887
434743344
366604064
223752594
16818333
780410956
168815366
369853175
211803869
129384055
666031617
391822784
53343989
114480440
416966897
190071552
287859144
521596895
36856791
563170938
98263777
886508423
75535130
611678446
173664698
112125707
80735271
444354
278398259
234660299
202023151
533893539
53968606
537011158
527630592
651109401
247216820
108405875
122291572
381947126
432555861
937164296
43409688
742331789
436088535
345968396
455662571
55861704
252007633
432630090
56587195
215646065
103708167
474784526
75425198
227127924
515688548
414665253
1099190
560669754
4575543
507582203
11845609
6806405
65949192
472970268
203722422
192694821
507842100
42058012
68346960
520120139
23825972
954637163
314764816
367278846
315340374
311423847
101471261
587903323
399922536
442446663
120854004
549729560
414751932
500908241
669281930
4535531
690073712
129902829
142700805
491383355
365969
410437707
228223812
112064504
112933772
87804633
20500382
492775690
163310350
898575863
778798475
182294896
296419417
3552344
32479708
8491620
364705625
615614538
214108499
232882334
86067413
496807920
218697064
203956167
12301434
24907587
16019885
43736907
463331042
208831070
33052962
74227925
188311440
109586943
794121389
599244849
49750165
227788532
158307490
373342260
540714783
98825524
477836917
109308678
332769232
395616620
519312528
206808819
831285803
274570950
721861057
6275005
209599291
349308503
33886071
105842158
110302941
165098834
368271486
323540095
179822291
134195196
332967177
876591558
327468650
207684709
527752350
102328208
180091857
154267207
101366956
79899813
116514671
111410041
141892859
336765953
243185121
226727622
625338135
1453574
163984985
175283100
69955273
8785241
160317294
197287653
216381524
714398152
173777581
434286606
443891730
185231056
771710895
112412010
200978573
216447954
528954230
477105511
466398546
457910683
119173313
146097782
376131704
223928974
198100979
35040117
329931655
474593446
50700081
260247083
198744699
35928209
187688084
183394321
389715654
617134850
129852126
520642856
136261270
251935058
547996937
17050757
239086626
629774325
40811778
388491308
68607561
342287803
528453426
269847619
205543413
590803915
390951587
312041039
54576747
86326428
388158126
19599150
15929892
343680899
141747441
177265459
575033358
73183050
17239695
224345309
456011254
205903706
60383460
352882272
211582208
39445900
440480824
234710804
564000464
363109452
556012566
92387706
63239985
589081464
594458478
190194442
646867620
492492869
560125257
40811112
385088008
31034980
483638318
153865736
70896845
617566974
31936302
57852737
236076565
338343445
467808668
589638113
733374282
594170315
468058042
354916572
234876477
665168398
195591586
258831628
222179876
156061778
818042566
830700322
61081770
674743517
548343251
618297153
319679406
620174502
34467161
129727725
215847942
102280134
686504400
84312828
268247141
317591100
913262403
93018408
656676424
926522281
544272212
235804369
92155292
546029392
124955544
243620991
233246128
796322858
495332403
701211059
349278858
91951157
410305886
260862136
65868493
219863190
159665436
351519880
684754309
317102825
24551850
258619974
276275200
79457164
226858823
3642828
657042782
86859200
600395477
55769060
636821154
224717281
148712840
276571838
363956884
630673764
357987846
144880878
50517660
798554988
397154216
404890029
300098902
543333218
200742052
96078084
88248458
607212234
27359284
133244175
86687658
213752254
236950555
707701881
657868109
193692929
66756044
126516358
111950042
138274087
107155440
300054238
214568216
354841701
133428762
62763800
381074258
13317756
388157337
165399639
14688258
343958756
8518421
331861175
190011524
333494787
695413151
364144670
875559825
25802198
271701491
248961268
601399169
105327576
364024388
512893350
87636168
37319099
480734118
480659803
107910773
162708970
1052732
22441110
62977874
147230243
377920754
107754080
311478991
147906896
32045204
363353898
186155989
300973362
350372652
197720671
244260828
39751236
670200
119546316
513895125
179323058
68885166
85289495
655906425
46927947
735546556
362894901
3587910
366926797
62514095
321001136
293029597
638345732
72481784
131533875
985408171
295021083
28854016
854913036
249856074
186561806
535860177
1574045
295110387
364241320
4639828
623921756
474225039
228215811
293893744
690298721
580145388
201059115
147355900
201784941
745685103
111214002
108496189
98638658
428941805
115521160
360598868
291335538
676021650
19370415
116756783
63211031
491604838
337929328
205670448
424848064
336654580
8788246
490935155
79173260
679760916
204287297
195471519
152826907
83384094
29480192
180756568
120017682
681395988
343518442
477515884
277406389
549791123
119159075
146523791
180034033
671175383
53027682
809692124
107940721
326989264
203101321
305074947
18934590
39739445
214095576
304491480
192337659
720238714
57242715
186379342
261497455
43836944
252306878
690098604
536786782
26169533
334995544
481017278
29865135
102116792
388710262
95914924
182257962
508379450
307906174
349912566
611958935
528919941
510271595
158394931
71935624
45310506
720161371
170620022
543614358
700431320
354906440
619621246
497087321
155831659
355827695
541503892
824685047
351378080
204921723
128242935
790019553
3265752
255651178
665888152
148983603
548213130
572310767
241649474
2109741
245530232
383806110
77712702
298822165
417610106
223689982
264396530
271850800
356735755
188510893
77759010
26709601
423911470
657250381
61718793
31325219
586068970
134575248
45503693
255145680
10546300
5862886
13904884
664546343
223065744
413198306
288898737
406465910
42634617
256762944
398041390
349122
24928049
783376463
850049607
61078095
64970579
177045662
139376162
134284838
4161584
5704458
188528328
621382296
46560055
302846797
161083279
266956685
286153997
210594863
24788295
624377649
152308399
149251776
633018325
495086492
198762094
2568387
569180310
664805656
367499020
555537168
444004783
135426518
696235755
19705546
388539120
237577327
86306728
407071347
349708993
524290275
168673696
504361156
254804566
47994195
509076949
13206229
181466340
97520190
54072473
361453513
259879498
261616074
441185817
421886337
373236562
158028406
727130534
71593615
245403871
172440415
700762085
181989139
34751137
57385142
242902346
16275355
930588233
109003025
74958228
171943186
24716848
375292098
176698598
56610014
442852678
53026652
146528385
244051328
173662496
764972643
730836008
329241779
82211678
9620354
202722492
250315311
199577704
38657242
158317534
220979947
256313106
66262448
253360314
21478990
204805153
224260667
215112579
311020018
16761760
409055996
461131867
12510378
278406773
129833773
542627039
249625359
496677908
856618706
435672049
335847720
122479222
779946162
372405252
480282245
650740556
97228226
203423218
247286983
66509388
445659447
411522782
676226772
439945927
85220217
194161664
319356429
208530446
308963120
600129481
205752032
93273072
325324808
9339888
518316872
468950360
333140770
66124928
336903533
35436812
134717667
16630135
3001323
301228893
354743225
755185406
546707962
484309802
137273599
62184876
250256289
506049853
390375583
410763839
83084898
71338786
132274734
627368201
376431162
64133310
548698944
57022182
317808571
247864816
163283615
76533483
369956445
237849568
256564820
81783639
247913595
315177537
778301746
55539808
886630304
129694944
125062997
345997107
213187842
1539653
655169582
329971187
3709432
449136679
22118854
21388619
250916354
89987020
251511022
640811224
643099525
503909205
398862824
37385784
160893482
747331236
167775446
531224223
164833569
239023698
223573820
427593661
37669971
165608983
11742826
382339130
561703302
165031859
14238288
266248106
655988248
289671710
68956190
284071873
228927149
527814133
274070745
283041705
374933882
301199174
658927242
52380701
425098734
323945277
795061572
160373832
545493067
406902538
212801794
555644029
127576919
501194813
81250690
3524071
1335788
171743187
349296209
670562340
661331717
108412398
513179481
117808143
182661779
126856471
269288280
269565794
412960717
875012864
158400778
389078861
305252812
294731525
16446008
282810909
7243408
444304162
207547488
261363623
115428025
63609346
212741433
34951244
427792034
342865338
379730832
319613352
401636826
618786696
39264698
363618903
473965430
18166972
115142488
82348859
887099844
19600255
589809553
283914125
109603138
366377196
834907006
194546459
879791055
179082403
463086736
807612193
38006745
120907386
765415576
353451724
446967585
713721492
242118551
21011136
597249935
751105403
411691502
193820050
364444072
191068470
642024311
17349534
753337596
55685286
350167267
19391961
5899492
744781028
84424431
42254300
234033049
425072315
629389272
40961260
260767345
498848580
692143648
346943898
246803029
153992548
50782080
250064054
9588080
93811798
533094620
318398624
60619893
212032643
145855503
27408984
214749685
522128157
243575140
217791144
389889361
772398538
358978981
520720868
369770991
625176282
214179602
19004
22579004
334055364
219783605
179960766
89155250
169024111
8003339
95109
438465624
21264767
132676744
156540561
63458857
46660081
35648151
396340747
444150521
549052430
23547267
356094557
174101924
492315369
287613453
598713670
743609848
118498500
821356550
506611887
230732263
109843545
623288704
241019275
323167818
9062419
52643545
353995375
349260164
820316248
408365621
24510998
442425904
436134118
274295071
117473069
44984717
836427005
542631900
353349646
515160388
555251158
506037002
167352450
136800443
78380561
57878623
402447686
309432863
5759394
446015639
229498480
466941571
14485943
114259929
308385238
159655416
656336067
70378536
74241444
4247960
110706836
547064055
305066433
14244188
109990837
201568886
554898206
601902458
84836714
91731327
258731360
267410585
271796590
456136347
92390179
49098998
403922721
406162461
227049092
135152706
280726523
80385814
326314636
211867937
230766404
376399471
17527342
413384858
17853130
189485970
534993953
570657525
485978399
677332573
423840773
515753062
357933832
330857088
303845283
104012631
97212750
249171948
463304561
264232779
609035353
680432263
280815748
34481310
277225895
86305515
370330259
129312775
41987083
89378700
702194922
485217737
148440665
289035257
53598892
216053378
461925140
42030688
57332099
52875093
258801378
128529546
805180225
190718676
192110590
383740320
211627635
11761142
240175610
401916306
56630903
132492507
115782827
238231489
27040560
555834902
36867221
750007080
260434891
309940653
2827690
206841318
165281328
182104893
142864488
654128694
199506671
552306739
602202002
401266956
230886793
212258864
677273941
369130515
649601199
219119319
204575122
658718927
401872493
481732638
898477294
112672306
27866608
226455999
204501195
88748462
28673552
170725825
79837217
11212109
218108453
208178254
170155391
374483826
591333901
28980357
12514352
47999824
96356400
379310982
491904489
166763501
560285695
174243010
440803063
153170463
135597634
261431557
529111951
91548865
632890445
20893630
161153798
404586041
143934260
216865967
397750055
32773873
538946912
321439464
98194188
663737652
307083837
663125687
177620131
250574163
122177555
213487657
153057278
330384336
566355543
109292870
37876030
264283649
14346270
81827270
21928332
38755684
167162682
94267953
334820113
69562937
15018296
186679910
320275735
66826102
631435890
145255872
430092268
592613780
774150963
443764823
318237654
186264355
135386401
478389251
61726041
216111433
100884003
39099013
397271989
325124710
571541725
266545867
234650348
210023904
30034928
93248313
188520451
741676874
44288372
543922606
91024754
310387348
190762521
245543897
60239838
15147689
141847480
290033871
59694541
294615018
622502504
439523521
185943163
617042886
168888715
515453028
261476176
485258453
164321091
42248500
188704311
656113693
19683966
15574378
54510554
419600421
106312391
1378758
361673327
258091577
2352080
381001168
19805355
7806107
597802900
501605368
771079411
248609012
322238052
522449770
222334271
131968917
123849512
109691429
617790195
240072222
409105130
237561190
87613078
138188098
133821492
57190480
150230305
146636640
12222862
88816047
326703633
3036530
236644255
43258480
171532869
139908225
611900
777292937
258063454
485375550
580686622
24845054
151685925
217238339
596312538
193538050
107508375
851431727
839566938
203083484
496553867
357805698
67891963
116073960
300890033
556874020
134531463
98462746
111442999
347342724
516809431
162265078
197856815
115933842
21468191
144874939
271870858
567275128
467338972
152785554
441807821
128958964
97401150
396811219
307293105
615341257
76985958
254940532
283376745
65642759
494429361
73701292
292268048
309786243
64448378
363138286
259366125
656650362
150266635
527156453
155654964
465062329
90424357
212556978
220949099
297500500
494148462
127070860
428287188
394857842
208885474
4162443
343488225
347957497
84504882
168838447
58742209
686427324
394313152
52943925
425176471
29153202
472510066
243126147
493951400
317158608
50073158
616838230
252476188
132325955
437569872
18737687
241829280
135214794
278191891
396153147
61185628
85168424
297407690
333790004
104352201
632509290
310592607
767798927
761777071
278170652
73143116
139619415
381062500
54319211
474973027
99584396
342788382
744635890
17438316
176115362
432040362
837778726
770561413
211349763
406273544
197901695
341057158
106147180
744195594
609022687
385154139
267737612
715085213
498566631
142086070
150569678
521927265
229635080
217705096
718772182
81388419
596830675
560818152
537160786
94016381
244469510
316126991
253517761
215537053
76377602
529318776
22177272
399266845
299293300
596975170
181653291
271212284
28659774
155343278
103171658
39379789
55758021
87033093
434983804
81995210
774438761
275239224
365884372
19177144
107119052
524733419
55730742
742911795
293134884
691273657
277499276
144829490
28869350
763226790
24931714
526764620
23415153
475059590
5263155
64519356
315642717
132456414
693129305
300370994
49837722
127790680
259956673
618622017
76421184
446179448
194393534
453398678
174285863
221495710
417600750
159133093
554414871
179255440
3308038
139409522
406612312
462032768
522776062
545243581
452625384
493889774
405134898
346878198
214407181
196929326
63423425
