375483014
156691769
552395991
760460221
11866885
62762148
30570606
78847529
22611353
416837159
290374345
80579622
702909322
305054901
518410110
300498484
717805097
171394509
289519945
35450728
595565180
120054822
6069094
722482548
444732032
161007869
854911475
265097986
198916074
110981860
829042045
246765400
343914400
179478350
185113697
672633056
194727151
456596760
131028932
12166380
37985761
242716854
98095020
521688873
203306441
216488364
113400085
326173712
76746797
531798569
406131871
631790666
305574486
439034701
571559250
232961039
355169313
62276920
180700301
287646880
19951688
142817883
84864116
423195718
12708377
10933560
14925944
581998862
47486936
320004739
285358542
213374904
374715216
467102466
11879741
605356598
328138740
278546110
557733432
188218404
250368589
448488696
488537501
94753900
625745597
165629946
234337610
796367102
271429704
60745677
900998223
30182878
17763447
735142960
300674400
10860933
754642223
7346020
283959172
41742594
347495985
318430806
240692222
381912629
454805721
339275212
460516941
303733503
537848539
190750855
455497593
680817280
397619898
717150914
51002605
571147898
250524005
534146626
498963107
328837570
503990500
281226278
296661476
771210857
405449949
703158180
711720691
287369788
198606991
907378799
378547627
75676772
152323308
567009618
52579942
13660679
622323114
746807121
129865314
292673564
28056888
356990276
337924770
512757633
214426564
375789416
82587332
321550218
185997775
1880727
192981163
215728979
606135229
446735049
115777348
121734589
28526057
631150527
297285946
483987537
363769800
768130783
267289555
442253357
276751227
47544179
210825865
148998764
258804658
13896184
633935223
295383995
314387121
82801355
160302786
6080828
410597224
4234903
513500145
70286842
232345825
518611931
32633874
154700255
53133665
287248739
121183873
38071371
499537283
97455241
13489718
55323910
647305109
893036898
48707470
156766308
52720213
162099674
233478262
782642162
150743024
10963248
429741633
184478412
175003855
574602236
37023277
19280231
288132911
457686936
370756788
265750223
15224632
224822096
919331561
54460137
475636136
49501129
434448287
56442392
101918460
275556274
44541462
69244065
315195721
28783590
405530374
408983680
233099724
308136
36081094
214258
32597761
296876565
626084018
133975367
231074972
178713585
329359911
645378646
889475483
168758050
527713290
100063524
441565680
176736953
201324292
236062408
61260701
340343663
23053662
75453136
547434955
40951249
215466408
499753598
513428453
410478641
234231831
761867847
395378685
23536374
376681602
65620992
158315856
155093699
436021914
170623213
737495402
656276
29055110
489005345
302749569
50466402
334859757
339241036
674070497
138011957
399109785
317917935
542128491
194670644
608423
213634053
496505084
259431388
134373918
332978570
153664287
297115322
381426233
114205948
638189100
813629538
94554776
436320204
274274532
616079873
268136524
867254214
483614232
103029225
298068834
762320112
132961860
293785960
330120192
320156647
556199991
191641129
2916234
354093367
143845648
22367808
517920406
113415208
407244416
508486934
91365288
275217766
353297952
271242380
66553344
405226628
88085336
32970767
8033475
838317392
761474536
389802025
183850182
125337889
430104264
372545706
434816573
297433943
159623263
252470557
133097929
3575918
320336569
310384467
636324651
333412790
75643728
63463922
117964390
123031420
291009279
75210750
188400201
100993736
161885774
361589409
321388361
375042405
533556032
157800815
401646513
357001141
547563154
62874254
391921108
14387917
14536416
528929331
263019784
96260678
185907775
14619187
7199242
7509938
228546910
280643497
63640505
2712631
69219838
135795415
148359648
84631941
606954687
350132347
564650409
555794720
654408861
362493300
90256001
75997683
35371816
5105166
443057295
420423626
124132356
321226851
279298858
917591563
33343535
135458324
118904281
276251857
223979655
119994119
207983754
52084715
185189108
531288838
80053094
577279806
126422178
248636382
139155915
648226072
384337219
40475910
5600350
331419999
511641531
13609899
26359436
66953899
352693238
185659198
433757871
8654852
726135009
32647642
190954078
99388922
609827221
132829905
96218223
93968298
519583631
384660581
398754251
23457469
165264631
70364732
21849661
652960218
435492544
567172735
691831421
84504617
415030928
82584394
399781095
4297804
413383327
287844744
195218719
162659687
51328776
235523905
2628782
12393100
320382768
5323572
6318374
392354161
337595512
158215596
283317566
258193779
512498277
29334516
429619738
543415148
32952408
226203648
477367140
442945906
813878726
450327761
774715372
100223636
38210809
582269199
238925221
520095616
18375051
327377579
167313203
545537840
25627110
196020538
280928159
180101640
484523200
285001576
351010868
101801051
287787857
259439669
147541664
674308449
243261744
61775494
262747902
607559992
628017598
267882312
508215643
83379475
826601817
193499960
197635607
383888000
582995875
432592276
789724738
206048848
221729646
417832802
561843559
288485864
677359853
52731289
17381501
835730709
57963905
473012598
36752742
696050730
338827407
634940701
355551225
405342788
189067809
17651915
218390981
383109440
295277810
165713590
1980081
546913238
314991116
820985300
263127145
938459147
474430737
217345463
474207041
493719128
288137154
15089944
26737674
383887677
109143055
272787041
186812112
265605131
235733238
189355072
38959928
9146247
205999023
46158381
376554510
579192097
140250418
41802564
482277767
405303925
181491706
159890812
308247207
60496657
681028648
453049818
653844728
244316572
15423147
66016952
228689961
602474603
514780008
34687288
413719010
307221228
105804684
627955591
4647606
1061055
521109395
544655223
82253970
464976299
327166905
204558059
151472458
507151982
122915859
501826551
248349515
266322559
213371932
152954493
15402248
388388361
262579071
183599652
215077586
169009210
315985305
57938420
148541248
92031852
384700005
294137919
15911426
228377039
327382230
25934192
754306804
483535584
231080154
779345792
32332215
70284198
642263666
279837574
5433265
174309298
134650560
72788616
398320754
739959009
119405688
10863618
577971007
515271148
564359530
44975270
4684457
179774260
253717482
67811948
199212257
570037470
292480726
112581406
272215287
34042743
519073463
284173226
670334096
78667328
329349492
429628842
163419402
56428966
107850138
378992359
116995188
265719696
507387498
183242262
489911959
37177133
151377908
734748978
298601282
759292808
184503316
246154632
179660790
5787202
306224224
672299004
343313296
226977581
126431342
653434789
162491293
18468345
242848251
255566203
374213267
563392121
81801885
307686427
351157771
159458488
9735796
33987548
119595554
139023044
181726689
275049083
213105965
54640702
648448144
46069660
438039715
128305128
315873107
272356160
406465876
677169177
295897496
299269778
207658436
3360178
78434828
112013078
502471642
109773580
409066147
427805943
11856671
343509597
30158428
249412270
592631890
325766333
46250663
11448127
369159827
216849518
164185987
140295747
611196243
180765002
56893837
29881240
38036552
137914296
278000377
601173796
373829914
46575530
159008685
184020458
179129766
106249152
146797457
471745082
117298478
132715083
598055367
53716563
77710167
49369838
49789469
559220734
396131997
82877400
308429543
18492784
445777579
85844397
268122468
663642011
392231444
556113333
248870320
260812613
449284584
517721652
563140768
131122677
712983882
177103390
438633529
328757308
14301568
50114255
147007164
19226451
568963423
355887719
617985078
403796232
113245333
299200416
42061955
46240575
114278042
120290190
790315487
228152423
136436637
360850542
162398626
190709866
334766314
49425116
103109873
380321566
464298809
40439274
105264992
85105739
184683041
10138311
595631349
302917524
22365695
429208373
194699959
1256398
197437299
340593149
593301990
381496923
919588899
4451084
240638388
31308520
663736001
253315615
26581648
705077020
95172465
329431327
148502424
90874141
277802845
417898590
536314265
66921268
304360607
40601358
57259
286276732
524918150
358909963
279831529
54976
155778508
444460215
66257142
152625892
217870765
4013653
190687880
306219734
34729421
55545782
350072882
492538860
335162452
373737500
321975216
414883480
42533360
396644102
71089206
271007798
172176447
169061380
338010399
126338836
651368605
151321637
96000846
46522416
366395449
15129996
383972592
667592077
671142549
241125919
148014389
117278821
423191904
804768040
720581256
75511857
558830528
787955277
145513469
395902770
548003982
124312907
393586298
167245103
865052189
41813888
120489828
131556938
171872753
272029052
545507734
393628233
73434417
46353936
355723758
543518348
232740249
320114494
480949274
69127684
34616766
199391425
75328346
6278187
308618978
110719060
123637244
669176323
143998831
382766518
84976520
515025903
291639302
371901146
349779637
632912808
606158981
453962446
322423523
379823614
749703306
333016670
532789227
166142706
97986110
81071378
20133236
110729673
105949797
264249310
600492088
39928576
112896531
212470799
104145825
264704963
419233519
619005320
330131781
425047857
534312970
253240830
233992451
74449845
172923141
486485391
200220174
481988612
459144064
315170777
139470419
738991677
682779746
243850543
187888066
15839569
55951335
21815999
665435720
565264389
663918526
269016614
113052695
196754352
123268925
136057171
463860558
209715442
420354102
574831208
200659344
325287951
284800109
608740928
198066527
443717371
108052824
77471784
160555901
188094447
412763110
611955531
551067664
79920675
664506928
97602424
812040416
1825644
251623815
464803323
225776796
357800983
605327899
539368339
44335242
425543824
50744662
100649732
189467006
5305554
60653756
252728728
430431233
61506447
268981883
175800219
391148829
335484177
243478932
362284627
10995561
299730072
93023301
72275998
384231027
683005028
618162317
143191361
19964535
170613483
589965588
80751873
168035530
263147772
631481557
17460792
36340025
573748294
402489161
115763508
39061409
391937609
70921870
638119213
807885535
63720318
67528859
505622304
840239184
505316742
597705652
227246198
41580135
225057419
282138304
446095184
766537822
34053375
39152742
708553103
606678195
407450589
13527999
77222564
309123840
316718986
120519958
580107650
519703105
121220
335152221
444363386
727693211
159707920
90727189
641711764
15358175
65263626
123318519
131241592
87511049
42374080
271496339
254200049
302105543
187015946
751067964
31234000
244268787
225507774
371260872
311336826
73816172
678207704
428655795
547397670
271032919
259817667
3261664
479575387
10116870
68065977
81361747
161335529
367029444
211726454
59481666
53902628
157866142
149242217
53084123
569940941
327344222
252519840
861657887
150799377
351790508
262919779
501750664
470121455
503469996
711253450
95697411
398885904
26484890
112050370
15314592
94977298
3718845
98017508
13128340
144453092
734320508
369457505
850265338
49484870
485175850
458662704
571009428
31265074
355585394
87670544
126296424
612516685
505079065
431757177
154523348
532301772
555291275
26414800
14456944
5224828
431737174
284707250
219928933
30962910
143622538
270113407
267076330
76542239
246590396
101971311
123992927
368690666
550902542
771305537
257954846
430023058
32704358
622558041
40041257
582697888
315233653
239812283
170288071
379727964
734091540
142038610
240635684
156494641
226920571
24303949
365858670
486705522
110532079
841302744
70107033
531909739
291806918
46379084
633926381
374760608
455737721
473790806
19201235
386408883
366361980
107676636
805907452
11461190
567745233
508666053
173440558
10738000
557050579
423079414
207716092
353107470
69383372
102067636
120301931
124519210
677780940
321360083
316336743
27043319
612621507
486794748
197623189
215809350
261188209
21384890
99529407
542671625
56567693
430774968
42174092
159248469
421123062
305128434
369652889
33329975
441430376
89809463
120710097
295840645
496597525
17206560
132142072
350605844
435247603
175437994
491317815
61445574
832569406
304917533
1443645
19523616
216598928
421042400
267969571
134239667
320401249
181151656
221499561
328163370
424945498
665313610
48264635
87413273
90422424
60423903
32975220
166889173
791110485
460634417
289114384
63259844
391341484
147393394
109601410
300492304
620247194
482231918
228119377
45970040
545705678
122571147
308759810
713628012
897732454
370539218
393134992
54223969
714340766
290495581
324811205
226049858
223202521
450611733
295686871
2570618
526397276
57932684
566189316
162306624
321239472
373752063
439634496
278180048
364816723
19657464
63432586
666716910
130609112
213466384
85048168
118287520
130306183
364841024
185822805
42122540
430874577
220558890
231747317
527939915
24102640
669204917
127191048
826494473
2464580
767673182
848978002
239701165
87567479
227429989
875052049
24795666
115075646
79653683
299952916
6433848
820467394
601825371
355078510
367865484
117941825
376414844
343180163
41879337
241940992
268107004
214247240
130280233
831280708
265557336
626314927
439666652
824787
83525120
136962768
354969412
212324917
313569162
279292456
198571313
259026837
504676513
512678659
130426623
2896149
145856298
338333718
758551230
79936560
63111687
323092272
442947816
834796890
440932868
161499527
695468264
237618029
389879625
172144333
47263539
407793347
69334831
103177064
423614663
74849261
621457211
464436046
280600932
145431502
16157596
424092580
352728637
237268357
80275842
62290599
258011354
371321640
88349951
99326144
404805764
338024008
141224049
830666013
278659122
32457756
49059697
476894030
120719763
638598991
125279085
121459138
166010300
195801721
762616956
33940502
24995150
99316174
27188568
342929765
329318140
22286053
115828330
292405092
469119156
421066741
101639087
721582748
287152222
900732814
110759155
554983203
382734090
162192676
82477797
216026982
449365165
381048823
105927592
151681658
141684451
806375484
41786048
14270420
26911930
443461435
147598460
146247268
78588638
701435083
515120423
142694454
115697480
478324802
273415387
460916121
491242035
158265279
271764473
548831995
152553802
633718710
91217552
774814139
104794548
785469305
252395480
270416204
251948900
160002543
236271479
424976459
309515698
184169235
98695154
172550136
190907526
762089169
219776808
95603866
237429934
74675083
45117085
317952552
186207245
98647818
93917585
57509496
186352362
162782608
282435850
10640512
36559623
244343120
478341455
4827042
283246398
266403887
411032607
250761216
65916043
592244369
35372052
10271397
757079467
587821253
584471837
877308483
101141691
33376539
168469609
220556248
98735028
70088629
40768904
56324022
710310470
301087079
187040607
389287085
147271632
10555843
754469401
430110748
290522548
502125380
453509398
363041769
81291089
625028521
755076712
32121416
19184161
143986569
501473629
129672200
375294494
443738278
44242262
437563477
6270083
287448398
68987509
114828547
281137984
2913874
244651197
359907756
66318133
21186361
431283652
163708480
23925848
371615107
314815890
37361771
188282472
149866074
345049435
400354032
589759357
332562259
257314240
139034741
23746572
636468702
672282931
17844336
773866119
481125567
426224499
187944092
39971352
227849393
153134631
334007240
84348465
760773467
150844370
827835007
202923916
25828120
349616141
217723570
48663092
526211567
120583688
140555201
117872499
206286432
388361440
302202677
357621160
617717056
98173040
379975482
167650086
53770007
254309980
406318950
352539094
487608601
452377820
879373582
352592692
4259972
313641678
110362360
94164613
384700203
101688676
393172107
4503866
354585611
175491510
866727276
736196297
227838142
37128346
92112418
356187740
290273045
764475982
315730475
117081559
115241787
12281792
472850824
65139182
224607482
398109686
897982330
883454810
40947764
116277100
805139538
345549642
403192967
258522082
193795409
184690033
53624836
138573875
654340736
802470419
305397792
52224458
603014091
460379527
49752300
681593185
341493853
735638590
127247596
46768736
614109738
11297759
106952874
15113975
683979784
863191200
128089547
44244147
869771635
760533678
399664552
38754444
442544750
150006968
378841801
286542555
160613810
103317753
374866350
135140248
104793415
526139291
218033938
107801686
512441890
375782584
607719312
235374580
382170309
346431080
75551615
43782982
927063404
557743914
503407701
12810752
42142985
49613824
481894485
159924356
61720470
84035038
382356266
806547133
65419485
372286516
755697999
801740321
299252960
592795132
28493761
115125323
463447891
433642905
118246308
44580300
294028824
8142351
414800845
465779629
88046554
296686640
96510792
167998312
18259260
36585850
609658454
320228893
219986724
65092208
54004794
677028156
134958780
284677148
407261623
174107568
7887987
489957387
365481803
151485456
330441971
300391744
57896563
1403326
29124652
712929807
103796358
170899821
35641824
216067337
58264380
77256048
711904851
245126095
35218589
528346082
276212594
171441881
169074341
189956889
31909314
58106270
50125543
203698802
46037952
282536985
760547289
310639404
858300695
51434142
104029268
708044738
278620745
124450672
748407427
31143819
259193185
163222328
638445243
498815074
24349540
385789643
138612383
2361994
342194338
100972315
218916506
128887444
200499058
682770934
196175158
145631533
292553866
419339223
517549241
27283671
124757592
207532552
315098191
285127103
43960320
171549980
140536591
593366595
513149287
30708575
108590682
206731143
1568751
403508507
251170276
218029660
323294053
373665088
310426828
761163053
48443687
526723342
706142043
84439404
631753941
40037161
263811427
71796441
610623274
705192095
130074380
220817413
187292679
90804812
76211832
224653412
348041817
221398155
2749686
42432675
546622736
779922316
579331558
16171580
450009709
32937047
289708852
398669405
343971563
50424900
436024739
331065935
587271705
313985024
62284700
305124243
88313916
161326341
116698363
5051053
56251898
335546532
182636563
198791770
125946693
224637359
397300938
376352258
284219306
22504242
304709127
546177897
86711399
329947079
259267012
736435348
222590754
295817538
664891864
327432025
175960827
909450648
398942167
302626084
565441221
157687999
8684430
80849216
120000484
491554717
72515674
3478938
321234797
38138418
787112283
214161974
263464712
205584028
658121416
749648075
736539600
503692310
253388042
405669132
61268429
419549478
377511994
331280152
132998949
330267612
35863053
858018283
199120218
118679788
285067881
527799160
206128530
23947123
491723827
57968345
172569095
136139241
28751343
130789623
354972817
799952
256992785
486728248
831903431
511447298
322279418
212944699
299137622
436294249
91347169
400951074
66594660
864635185
50471156
91840316
695326527
4184125
553280001
53410453
75650169
324448235
369864919
701728323
25967147
366396435
128667939
172906372
61701067
419793973
328509851
167827561
58281686
389277013
26874478
25929723
6462435
259192644
467648802
102411935
18671874
66206997
54445586
38299955
10985704
947476752
612636
6895488
423244726
33338696
363852354
718780467
229842946
534074505
44314418
76874784
547251557
574531488
638235467
732801890
43687030
363261310
166634164
2656125
73471620
62293902
603734247
34470469
113033721
1673640
158943471
443165101
460044895
618800920
460402325
445151591
463095528
13693768
456034000
523191983
436416374
460945104
355440227
482428070
306361518
420049597
143187855
256488155
551199259
211891465
79361916
695039294
98288386
293210113
393518278
30766376
243772990
15490957
192292854
94269794
442685
361836940
391338689
396908545
439794555
459859978
621190876
29339574
415536845
351150651
124203941
681298650
495295747
82391830
283258910
359325833
340805597
172059516
277977347
334718029
183724828
96935087
692401678
590229915
100299986
667553147
362810314
23220268
567053071
631144431
635561791
161584391
74549331
135571036
356893230
303296505
441570781
341946179
237022137
320526009
32080136
199624728
27797340
273882473
530951677
284660420
333940253
13369336
508773657
645241002
285686301
89128022
35599870
702854014
495002422
761491358
234808188
787888044
489164276
202379776
61485773
468399492
3731994
185559455
508895683
827000585
58158697
602887093
537673754
140878581
146292966
175632048
223726867
131371744
311468434
723246076
312091064
488505328
131812878
599495300
490224468
450142199
448669493
8951367
526881755
373918030
548859315
727624751
167838732
461725508
103214694
15870580
56336188
279399865
223103587
270403861
155106796
52336742
89435322
145033474
340453554
432226153
36966052
261770497
231781742
200451788
348150522
28767550
669966420
342810794
451611451
51144751
693368469
104669605
164413034
475669607
675851509
50936520
492552126
447288852
268070532
106858156
25194800
585303004
16573931
604713628
3897754
256554775
233509956
324371074
530320224
380103049
226770616
702926847
716085602
376230981
261126188
14378276
563453751
128076318
86745536
82969548
383987625
508864907
4540188
48882594
119315926
62563693
231834579
623826022
349909418
334307461
315615632
609674987
170231814
438726984
62809360
11938784
882857813
456732544
146618188
168791700
377204961
536179917
372306500
794044276
614843057
609590862
355138500
803310345
55833610
364187820
23769390
232074986
388077726
522140224
264718394
281721952
328476537
471474581
136254772
60786821
334297904
193170385
458310917
33505730
359712044
19378948
64048120
464899273
365476128
234921904
853741504
319781180
27368639
558864018
11693958
616288442
892472706
164438670
361286528
222066775
795920147
540334196
434657454
954293304
158751273
854036290
358614074
152683148
556729547
86569144
204551484
54345861
35968465
597184860
264410673
391688598
186824041
60353893
156462900
615338992
259578730
235970556
17247252
445364480
351774386
174671946
489559549
587721462
446425699
542259497
486602352
408208952
351488051
90865223
590173
223735368
288334202
283900013
13623838
118013128
1873
35138088
33286820
230286648
220916943
44905353
2727659
14285768
202555797
118630422
54203537
104029521
711318660
558726364
61026910
15907563
100686691
552088368
287521509
79059790
50185542
178618410
69517594
118995748
486385847
118348325
364875312
260749251
202462555
281629279
46804497
221615568
137489445
303925100
351903446
146055350
228859115
366087788
238310786
518648263
861516509
81667969
467760032
381188311
143540099
249689314
156824695
122598742
102782588
379095978
192977763
115347138
34921166
97393387
607936695
74670846
23923320
194664288
85452046
31907996
139944984
139810980
694435278
359763387
154120325
723582010
177147986
137410904
379878440
906904763
382761240
69423399
232466855
63888428
363852444
92873632
392883516
20346418
496917154
626202810
137617758
15407115
216337441
88256616
279787860
413193177
50463303
205764963
312149889
4104593
56246129
337601103
47374995
362648201
494476918
136753867
184220726
266434812
315262516
361107208
114121743
578390198
509503316
17191214
76378364
745575064
860935378
743657521
853412
304829567
41665856
301087020
396167967
461947506
841260140
150496425
75646166
129961863
8629894
802066060
26143567
29139622
18367357
66433212
520181633
535946326
270158450
10311450
383993287
263254431
562436442
347329496
53038401
478788640
886458000
6308138
586799130
69333085
853791521
334206512
185157460
559697563
437301430
365039641
29438001
326017699
82818465
77887515
490280509
208121163
590281361
43442526
435019028
282599706
41461088
19246652
305916824
906547384
174299798
31258360
449709854
292296607
40707127
382347498
51594697
248128192
313577400
664653826
34079936
514521997
616883955
18582235
643257739
37445401
714236111
30507899
151172960
1442251
855563320
2035170
119761958
495964166
174109828
510006924
156100056
841909887
494041876
383097405
251158964
106781009
118087506
42147067
2924303
151439117
76841597
839623134
69642727
521585140
34731493
148560789
603628338
523430166
125701131
923904305
139956484
128436858
507534278
7750844
649752056
356114123
70442506
511764942
522980866
701948424
65229120
73549847
428989172
405479970
82995556
10234918
106211174
202735200
468543328
236847284
87831111
20104089
6307949
406783314
279460496
129829689
228614320
2830501
789790157
461812846
249156507
77802483
494721475
190962936
185874320
61742028
313724102
186517603
144330905
441729148
48502588
205156241
95913942
448767845
340170641
128624357
172066804
274121939
370573051
224554834
321467114
573928055
128540572
45033393
259830668
37873466
703539089
785071723
21618065
177034578
212707798
588404765
18071180
156201960
222994061
304305681
31247512
648370436
196856281
16103910
300583005
12098358
223045923
481927557
314926333
251401200
428625009
18840750
309138889
522179452
229665814
1347636
138949910
88032535
374740810
225576585
25176363
283479534
167386465
109338009
76362485
484040686
327902484
567990610
649686507
222456930
2680715
80522140
224672519
432473147
67402115
392406390
69975265
425788761
19536148
105349412
295523843
782184369
264940235
148626434
119178612
482745177
100229201
260892393
184371744
35390038
584595744
104934995
102986120
596294056
46133780
310290358
318630497
87836525
456131642
29307759
65510734
439172421
403934633
141007295
235296406
410795916
63507138
247225622
424683604
335896360
243722679
415990549
294556970
613499936
18154592
214817295
81929696
314952130
136797790
301156885
209252066
134907595
170604925
687565419
581463429
733086126
685461358
412100487
94110305
491446364
343485300
27737385
323989087
189256449
468551522
160767360
13665209
689179
64414597
690582755
315820702
49850916
78158117
387838754
37918301
382088984
76091002
450679408
125849204
487546981
213744907
236761742
236514417
89690050
83078272
322947136
541968336
540050116
445607179
175800330
108237532
269570980
179867116
287485985
527351225
2061914
140303025
564460344
93744600
518395787
424808665
172084870
31229942
314961148
318069422
45200427
251185924
743171580
138845976
222087828
508613406
255492050
20104319
452944469
494826685
105897129
433870478
91379147
287906196
13336977
208752742
94871462
224576305
65558165
278337705
539891946
796146207
674750628
53288843
98815085
109957863
230271857
145233232
673681974
631415091
89400330
312587779
302444619
34602826
309276555
717831891
131443762
41487840
11100768
631996575
48721972
255249149
303515430
9817560
227020561
75717583
264522809
632361855
563965153
882760140
799390751
20910143
565762583
434963159
450112019
238506321
552296185
256983229
298299022
116785944
181055160
126653090
84526456
228853434
174565797
401637055
30146890
254525688
717213546
10376704
651887450
1118179
805042005
33680576
167782153
29033837
893707721
331159739
159268826
14131927
256251076
372032858
122517028
96770965
601372930
58936324
417642630
164263395
432024739
99479499
47185823
241666322
513707028
640589751
105615176
31021221
205461936
338171595
269342610
261219446
213068290
80594382
503959
107732374
102552837
294841937
41240918
196300650
308358280
230289283
826581020
77125809
295960617
48047366
108669060
154959345
132181148
434393299
11176049
315538637
82343260
337496732
5328292
390249614
142380848
241136069
854946940
162299
303363070
90334080
276407915
98251468
57735545
694741280
55346702
73409790
216689500
125693603
367424659
196586612
710526070
95835204
52047272
280530462
470990031
400974700
40944688
555427710
482519433
88750123
337901040
106900229
167663036
177385558
753359499
17276023
123718596
624263588
139048439
47040522
29160390
602721817
441013590
169420775
48030496
128754642
197793689
113714790
177172678
440650543
32219976
5578890
12236759
660369058
88242279
19851154
245385970
398184821
224713482
687720101
44865124
325973765
41888155
655392406
313754963
100666804
28900020
1108756
337594669
94553946
322150341
643290722
7219432
229013919
285382358
304027174
245656284
300224259
19028247
136884480
159233363
470286633
147817138
29430530
349551619
182805062
257579424
419606821
192126768
345509563
173170354
741642262
787604191
195916829
398177101
230438313
339621465
179698631
10176484
104876056
420943129
76626698
140936940
831627361
451477763
151318209
436573285
275119981
29318956
59172755
397398655
15602790
107369212
156952212
204521293
78966427
48687049
686137975
257027006
431174116
853535297
165257841
322934873
317003070
222534884
26256062
649729650
422656755
456314197
684586851
303699962
17611688
219883868
341151080
194487447
190889658
474602026
4882088
2771529
187729461
246006413
395705923
105088660
78082714
184845505
764895230
31649288
71203998
15174079
9518181
363020899
147342782
170261322
518886507
186527776
747236341
517784815
10810291
443847639
457427902
537843810
336939161
815564281
53445517
605773611
686533199
252481478
33946782
73054731
314036671
17168078
151100824
249881776
590969056
189603639
11952402
409719324
560395710
28325157
108846474
149214675
58327368
238223175
255053152
716148518
760625457
164462242
170693589
466485674
53732814
16345688
134766979
14265553
293981504
220305731
45268587
151266076
161910491
166808180
508267214
297464615
210942644
280349268
93023632
236945760
136072257
99475182
102232541
322160096
502168938
5806759
338445871
172497096
630070138
44082407
74643106
352001342
889403584
27983660
388354088
302339512
109707188
250382466
684138714
172203914
599526722
78684987
142084026
57348657
389117704
637714135
699689719
4455465
138483243
114576526
601218218
260698455
811467981
644422995
572132934
88919676
125220996
213935131
222655921
692713291
80443269
79674021
626406433
107368881
24850830
724045508
190771076
25729222
545539173
504775189
331014450
783558906
138608415
119558544
199736035
209078243
693928978
409221096
231220074
194805028
705219683
318905099
178702732
479038799
2720784
205454426
299394127
294896708
658295099
136508900
15420790
187277633
353321125
65289017
128199833
405157322
7078838
277862449
237412058
7328094
16562248
134946220
176578811
47652600
232712815
12012976
379224680
551559509
231968442
74371517
118214689
121097490
430969645
860075697
198910292
312153184
408633061
517205018
281152248
354541665
502996350
279148821
79349018
294435483
24226999
552080251
54973419
101384856
225757532
50105809
155168462
434218226
362673932
56355156
263942745
65661222
48732692
238907389
178051944
482801471
202195655
92949336
69467414
695421312
540023185
99326268
331983557
50364130
23249441
71760336
23395052
415466211
530138139
252933712
349916046
82420200
546623254
554706898
203596334
252731718
29569879
128089160
368446086
123750044
136123592
654625146
157982746
173457169
301625857
361295041
794516797
300087944
89537910
313734029
39204437
220882499
132775944
412735640
95597343
56272089
43600668
170836541
81653864
402213028
207426720
190286121
419625770
1000145
187063104
516990125
563453507
279041287
183091942
15140874
286054848
209436438
95057518
788115000
563741615
691100686
187702309
788575197
11552655
60527249
561487492
763365324
95685854
222872182
626846201
374856544
26361783
120200018
230241453
400567081
437068449
718088595
92067311
119668711
90123084
70063566
780017050
445314759
281133036
441972807
215072857
606759649
3475036
551372966
110002903
84829423
853524875
323163029
245113976
215535545
4510995
98639929
171533615
775706035
4033943
673392388
73428898
255347307
356599356
445500439
745857210
172936150
444087909
646971580
308489562
134251435
33058827
637583191
235735054
120699752
901547574
248027352
430417104
537572496
794030705
11673591
134090644
87750677
236817912
69798804
531028900
200493533
17380505
127036317
57557798
535233285
179274182
583008308
419707959
55837666
731284610
116662317
384189655
373119758
386362802
403348378
82204292
645907914
55199124
9406772
291884432
55690469
413340987
765664969
502915020
909297509
80796330
620427064
971072328
483320892
829539255
68583938
401158598
377209674
455282277
82970280
719870306
4222622
668391934
203992822
204968719
83623329
547326722
48860560
101628247
657258622
802136326
25701295
390443236
64848978
46398740
269178115
258097416
202818451
66541181
289557180
303086451
249446674
4737786
868120592
4829929
47396597
168554670
28410486
437248366
3247623
135060990
124269308
505742873
829735
350218491
506487514
749035950
393809564
80260715
402956910
50693624
66649500
143080072
175562003
287916316
277542099
34149411
4367756
141535438
605571958
16681377
39763067
666906698
289765293
253043292
36657516
290882294
202944687
684105029
17690614
738713664
287231628
227268175
470559677
390421712
499680954
38718737
529662313
293816820
132376067
323158464
287495240
181271242
220433172
25162250
808737246
690961332
183124935
55535628
57569245
520957056
55366458
106354978
54716624
390579673
89570120
445606420
497775706
960464383
121820877
115277022
63998122
79954304
74021358
11878596
385807348
477461947
107078053
200259881
115695876
55212183
157586301
429111390
91238613
97846000
210372792
659769333
513185240
248788963
807613844
3378848
101486678
130178680
240183430
422298212
649540189
38363380
307218231
318276186
154576230
378798054
155623186
216277938
483530613
89706777
323717065
75595840
114901976
471327271
159363487
181948213
3560616
340241595
273025852
140671165
46678707
105589751
138367889
2509964
287054204
177959954
82165005
901600025
110200440
239411640
227239657
118627382
377684203
55525686
189128334
347173742
148348034
234258385
401205328
22134026
147772117
484842835
559075862
258947943
4494446
98994216
549304736
663306234
341206319
10338414
614265585
126896836
203390673
15033334
735763233
22685588
74227054
646772916
225476164
154040650
543988712
352045956
352071124
77695173
9161041
351974973
101369877
79732216
23920228
210306661
533306322
38250513
198138471
547866888
510862413
234929337
356900431
192765240
108183863
250623447
546743230
80660240
113377269
511703366
219674808
82144833
353046357
285786931
246818426
481281162
106216126
145455351
4231718
545195
136484016
394535282
379511681
66114231
454111032
192411869
1573018
249654766
4520472
154442025
454001678
490512520
55098100
400470693
22943601
844242440
265600151
115685432
157290893
100253333
312017164
117096510
579504772
13484252
416119748
590652060
102969154
494385917
458716453
37267919
682475579
29641831
370360530
394029056
5466819
712489850
266722645
769621895
419483320
258787193
487413466
578823987
201300344
600931548
148177142
263813346
162669695
429571482
326627433
121436934
450716301
122583560
93672482
595166058
591699315
233869455
300880273
799629655
82845582
109241868
283782781
15768396
296788990
652579694
13110648
219961670
64136059
233571059
203540072
536805652
632335707
674122798
585928110
277356552
513143781
16342199
85393408
363827953
18472036
112057590
279595519
1272474
327033351
243296660
576864817
237954903
2043855
173739070
199740379
177371802
129304005
234806606
41189792
145671648
161769412
188891017
525107442
256477959
294798508
56758461
32513968
383147699
358216164
712631450
2335914
436196540
259016633
132155142
633365306
17843556
215896611
38141278
287399230
324733198
561622500
607999271
138566368
221510750
593359860
760204174
3535598
235834734
5472620
584487018
56328387
39608780
576230481
240904836
480145233
751225081
232228746
153411846
187204227
93548915
467912036
81895537
193577627
224141846
576059895
311621606
892301255
218780768
424419156
13637928
415673457
17422241
582963173
23983699
311012418
220212668
186004000
64064573
165689138
357877380
789365598
283426038
16372780
476833592
587021816
210050511
6945192
728259753
410563688
174542788
310307847
118703593
331738911
351878626
636075301
148410640
50974425
148930079
38879137
786131384
250802387
678207681
227389052
28394693
73085287
254230861
229560424
481048073
618072835
252481853
13416728
272314966
652707597
23268225
91371740
199658842
312658289
50796260
219676061
716659658
113223242
114593186
212654327
77510100
85322762
26248564
110514460
319109852
228267836
545564120
273383825
481061941
360304698
477511084
79619454
186866171
275127541
253158004
237229867
108945965
182950106
33856593
95167209
24168123
233789874
664137271
262335817
44223300
380318520
63806111
686542133
55998075
246993828
500242248
39237964
153129147
21364231
225710985
174857042
16861071
32457912
301205165
733071496
204200525
152044685
333018052
218279331
119799682
84542542
621555408
47885166
788761275
250356634
160670429
6511540
328303547
104834298
642135642
563445794
55751420
262159937
154215365
457660387
19893685
535222560
13219624
351329245
11676699
348360016
22048692
595227025
166679791
346708987
629418895
62538372
756873128
643033544
689120429
30930712
422940280
503041581
454561164
234067830
968393456
187621025
316564418
303383076
513884570
213125045
98879962
793257072
10638439
73581612
25100665
38092933
620549127
671346629
851768681
66295328
249769950
54473841
99791903
521354431
200023342
117478597
146180199
72013167
49658346
488709293
81816107
36407899
49089632
165865959
718601856
330099550
426121410
260717691
59030841
308710639
230886378
121339542
166680644
309379362
457048047
513172361
26767942
188766876
788437401
39910065
213108853
106896684
37230327
145311744
73907199
99694036
456603664
374151185
441995842
194459540
122086504
619926940
413679349
54712795
59649378
529419167
13285320
2010993
199438136
756152820
276935187
388165552
694202438
343546102
727153943
287895535
615090954
297476297
136493322
522921038
25981094
640895550
19632742
394622124
28338357
532550592
42825247
184687514
44839505
74592570
321101654
809911474
263777982
102171963
144806953
571516365
65117670
422873947
256967716
258405704
132269821
165920786
158112623
48341869
172921122
492071658
68704647
37715829
440816975
597976119
230961398
24630818
76241764
290736697
4840080
228218212
22841223
26248470
203163960
205251250
428395116
600212290
938512759
157904963
446473574
103072328
442409120
356336901
431049590
245294559
179646550
370357637
141548589
246271018
310188459
575113
29068140
44316485
156670203
527489229
25061878
34094191
56581885
60425439
320039491
207815008
428548067
680666618
128796796
146754055
102598630
8027176
96063393
298895152
348917719
162843105
71589037
121549354
506597158
18143502
41905665
643943847
898626496
2646004
3789484
57803243
129125736
19365288
810842475
399893587
488657201
139481143
51833218
37619212
114683046
23372722
62525330
232977761
3449408
16388787
563562754
69265134
337252270
389807270
638122570
16004874
560986891
459299026
276833430
374673312
328049496
95544340
241748776
10754400
393709454
207648206
639210768
11097754
375460590
183865325
353688160
128335976
41016329
10091347
763054988
418206551
325721940
40942418
494536582
60395720
461252098
739380659
422686923
360074455
493085950
577206923
88418875
18434786
158124092
48574289
69069728
484261710
812963065
9811249
337230078
638320946
4232341
73103950
232859570
293369349
65930420
807677120
247233615
343825749
102033269
23563227
491011577
135632749
69454215
79142246
110748432
253233591
191653813
227345113
754843635
555193569
113753940
884213221
394708698
53363050
148733738
571774883
239755054
537597168
15942665
68191548
897192791
231680259
834541589
49373620
195289824
561472154
72731145
138991274
579046371
22401711
172975533
155151770
706179062
649601969
493539221
452943923
2395031
514586700
93913851
52879646
376836045
4125988
344411960
31919343
589497819
155893089
680254936
46770182
68622476
162300894
317863802
628617524
85271933
208084694
75688206
82574699
88020428
29680908
362263989
636780086
1789614
1691946
181045999
178802437
274604261
106305920
322998925
3391652
125062550
242817730
885314790
18393684
105578865
245375678
79305994
400649742
215967049
160594833
371689461
381537297
263613605
191303184
719638971
150685242
538620417
70494792
6975392
826212788
316708915
290684921
877184922
383769852
552836025
37640975
354479414
144747486
230054653
356595316
117883169
179934464
293255688
99721986
539625325
161141019
87816462
708792706
744472436
268275890
66855556
556116268
38377200
620067608
399051670
80563684
100467225
402487994
223085676
282092805
506091987
332415980
221168154
84388491
492297084
548599202
288488242
72366509
430180799
307015294
398391228
419645789
103420448
33397775
78807789
251603736
155403050
703267360
226647877
373006303
325806723
339292796
400613798
287547894
462326868
25370508
270323451
67536663
453413497
130518767
313856074
506613436
865913507
307264218
55357578
6610982
59605958
474328065
6157485
81934710
784184023
440782070
833853474
682619409
74602444
599514798
161507151
101089237
58909926
4687388
253669130
394022979
465766042
7086357
29564423
843336194
420658296
758023252
113578135
740379763
720154108
200046901
277424114
29509755
368988629
293572444
84821457
440256066
462728221
435029124
284824857
331596280
58294168
148442975
217132230
843337701
13822674
408179883
168254248
91135554
229156541
168852626
130703934
188231492
327162080
57485410
172346520
21907297
392944665
116200564
473685967
11935248
139120935
428910198
44525160
49623482
626019665
309305115
37072750
362999852
11662424
20494692
157011691
834583789
319835428
469418790
430475370
71668813
590217722
188752947
684589848
129301787
148974128
145857654
12054278
197501474
490828294
492154825
76137123
40419821
123514218
290940017
495094281
365977788
62470071
333934582
76144602
377593245
12200259
322441391
95845874
508139371
268839897
117751347
409279770
162965579
34222913
83439100
393125986
337008317
61943025
145596794
258937791
14820852
98665948
501333225
187127380
198418479
324176296
234601109
278445958
151901522
248891306
353839753
882322023
180253941
21033100
31837734
17227152
40044511
135879100
795573137
126531908
37689915
59930247
144956077
427862180
187332480
20691063
307075165
310117442
100207125
208258291
770467842
11201745
166783226
20340126
97901370
9731946
542235669
239893085
262780484
731593594
506980323
578660716
79013056
135035268
382085784
258484690
280009335
394468285
223396444
224773976
697666946
1803304
92785570
560362864
270417760
919705653
687626512
144956738
13713957
32336539
513801736
126836557
288738355
159276388
419291977
61188426
5266639
316140275
342227802
41110461
150262611
356717003
436135253
519889973
561423266
105809874
112935275
217766
344723196
581460309
188805448
408579636
494627617
404051147
152772288
580751082
160492547
756489178
125768193
264421331
40466808
370124957
811975458
2506037
109357260
31749161
517373081
221073680
707928123
534804618
450001944
278529769
44898432
290512988
43118907
650771526
603643052
3013459
160309821
44650030
293574460
207669522
479275050
17007458
11841192
44866020
163680772
233424726
126353390
119739699
175382951
87129599
140455353
104875689
920570319
162005042
123404203
201307798
460471
275752139
324154252
4125320
82113494
636011370
314374527
264864425
650630999
174125042
285804317
607573628
365034093
58864821
359028224
572536
18370165
385099174
49911795
570147683
90035735
100883064
31137974
322152802
209662638
131697423
19344936
522704483
210136050
151307265
185790060
391109570
118904716
23543369
393088162
17963527
41022847
876193540
113515175
7654438
263910276
715205148
752322461
259109321
715832330
682161228
181735325
420062502
38771498
422308254
721700883
241348948
95085595
365796450
51362490
572522200
157582690
207543666
4180096
349799079
2963205
336324666
213296337
813444271
512407913
896973528
347783045
568486296
269660073
443932748
18346784
261520048
74414032
883834382
346522639
279806175
2543132
631507462
422744108
50739665
212752960
334771759
160957399
352441410
597016558
187231107
194149344
278774665
101679452
575180532
210089117
39031714
49588544
42916096
88306501
162029198
176630070
122763905
800106238
133415179
133917498
189668613
204193267
191358990
448824060
103113561
443369233
2804358
529594015
193385945
911127552
631893988
145457558
26945908
902134879
107467942
63134167
450697163
477203209
274723488
213087868
825695316
149388460
560863832
132144340
272874001
127155165
807187830
151646815
600674978
485876948
122933153
218334802
464754708
85320024
795044796
56285000
322350090
192053952
50023623
288858858
454991430
4996848
39702658
38706654
623860038
140716125
101947969
380850622
646073868
575236634
24514409
30927079
510102826
429393828
822536652
442456975
187233777
358969750
144188503
360598810
107951343
5129804
404999532
3143956
407821430
382576180
530237283
36708913
111554023
57830475
779419722
443578336
307026240
18045102
403279142
28134133
721205771
239593
7499429
10171625
94663183
177136307
423561110
124936827
533704028
373639185
195201204
344320296
636535137
381399409
337980704
558558494
802509695
363083630
155990328
698400751
54314681
383870955
324342093
405076444
141857317
348056209
113792476
657516620
428293621
83896422
202075371
5115790
320757715
156009359
28069242
256108396
130645463
121173815
145276216
45078686
185827767
102280871
115440778
64702529
297390178
380456294
744630522
10562688
65137708
138589845
98301061
106026364
55280042
86443953
64940533
343096536
82258278
1556796
22793869
229301450
3997318
473212950
148809602
785588725
30311308
653648680
10315219
324329696
558977232
603288745
7844802
322735612
666509896
39797372
52196177
179655392
61342997
415715352
185230646
208280844
665477179
231643549
128085208
510272081
678245720
194132480
109663776
126854328
844446207
4605410
545437969
56899016
6052354
276564009
286550659
650234876
136697546
48021335
168903015
63002611
67545991
438668088
416148966
262763443
225122689
10301661
168017129
529392204
476152037
329339643
22912141
36841064
459773879
710066785
166031934
62459940
150459408
445977388
284217405
568445445
188951736
425252906
453730861
327982154
110139823
417548937
731682918
21471672
219514530
342499742
135468305
261477046
247827991
475139358
288975937
317339229
4574453
217344006
62424720
284518819
30599481
849678094
108620809
73288246
94164436
319960429
8399780
101459382
138545252
435371857
93042577
582607657
568433034
437559788
935620133
35244560
34920812
104057210
1655784
20070253
74842850
248404054
477139391
102977052
43066818
334478996
334569999
43844094
83591140
153210260
518851735
165383467
23851678
490492096
14691755
15993308
268420837
854453352
429737234
199083884
975045
79141603
50368125
28833242
51536228
76687274
16964453
366079940
589689459
385762350
263784458
15173337
446877757
17261976
18013193
582671362
197692920
162320144
158927232
24048486
393098780
197834040
24806609
188982093
605168834
537653902
377079732
111638899
635155555
868425217
81227958
324139041
618844506
221606979
54364641
131379791
82774565
439400640
859162784
224551930
55378629
224203147
452722115
302942283
22457852
289545222
231660575
590442719
34926449
329013938
516710902
432880043
517285209
116431083
156642892
138324224
88925554
377521270
414933408
86254266
507393827
413721259
186769347
116954584
663349467
64516905
87486636
256914719
658734269
289040690
117027339
701434848
304153164
582928970
306680785
793471915
48083930
646879526
307718052
349307510
399073427
6690145
3207108
72112950
482116546
659146683
11593729
62155452
588833551
78496432
162675073
126032234
114797778
552244130
893705864
169259862
445972200
14209210
23781955
548167849
47656303
737088559
319961348
40117600
165311026
291718477
810326930
672360456
743102840
774001557
886909649
941955940
296067868
142275330
342833877
153113837
293840251
544837749
132576278
568672145
111390262
56607525
226399720
9694269
791289990
70994862
176275880
2960117
388108435
384119065
8442419
557319680
25296933
177061869
86241321
186440026
205116115
411942078
128188469
524184213
526580480
257228238
136935246
54711148
23759523
755517300
1952047
496589621
651711199
80748477
470878350
229622739
369034394
237094455
1832822
172100245
232514140
876785096
98812336
507217404
192706568
415806950
342196215
181851639
302222752
127252542
403510476
408282838
539240271
81187739
364722992
29596484
241619160
207452738
108901095
621422922
232784529
335008006
211025556
195751253
3019680
36051187
493628990
7298328
108713968
285387629
643632577
46879191
78817686
337622850
47564170
318270096
434001164
308012811
325107422
380390484
413757631
148190906
87566867
660839458
78405999
401919337
142293240
67175627
441366715
404327503
22295960
479372368
109408557
130625012
585378018
15595491
120314370
556454618
405450636
34388128
51647415
75483666
158757678
17976045
293501935
440140329
1889122
158003921
5439617
439419803
5335432
510801335
778795200
163184891
657737118
5395212
919843884
141037807
281796985
55995897
366882938
767352065
12260360
6421695
293151720
446561885
60129077
568472732
656696263
266312800
443805285
459273905
68793890
109290001
393053675
462988538
235302509
423495995
462593538
721284642
512946859
153761905
345721692
460113736
68249169
340006988
538578797
608960947
623451680
373130855
636342735
282789296
480178728
193912878
281649909
89241626
228119112
278670245
511950862
488022215
216261294
412692920
3746874
313878862
114568312
491636800
53138906
307297628
45462203
529718079
14097247
244511734
188797848
292801392
590947014
278502927
662578075
127431703
55700492
409986186
250476322
92360010
784940594
190596040
108653661
416719492
267788152
860197095
388352957
207793542
464530235
559960071
691926648
548010114
126436724
45001660
27811434
659343441
629294764
730640693
192700708
33726508
276756074
155976068
90483148
67780090
23044302
470439538
342412564
181717620
810398991
181476287
46381624
501301665
313739967
16742235
193467258
955889192
75191705
704990670
63010907
2761050
42645349
760128655
328929548
110822352
139254276
52691742
698511234
190278394
375956544
52017740
287758696
495394309
781497546
542038689
873731179
516569069
884918345
325781611
638187745
195684796
639651047
5855763
369385913
334375344
591993312
181295391
286316538
102227284
168280044
573922316
64030866
189557025
226492764
519026291
49420842
489786670
407350060
373218347
59672696
426664416
668963500
21530533
568501039
131874057
77571645
377561706
5138490
25001838
21142892
221572447
70180162
484214490
428354828
696510072
352180882
353608176
30351639
156396154
107934547
540624250
452467732
349536720
486816386
172939221
160824356
64068292
188088332
191605800
890936704
21803221
171966808
121307851
492142384
309463887
722857306
145410749
477233410
341382142
268680368
113147237
89561085
264224105
355521122
860374015
25042898
220020138
330886026
518363880
676079830
573553763
49493446
671898814
359621691
374910504
520814097
563798192
254667926
584026503
326516574
35528801
90277592
438602222
229623637
27421946
349187464
115616651
423627253
205181156
450347323
63614924
239401987
90656290
164900556
15329723
410444836
464305412
151389483
206596539
914069992
35636850
835073068
165907357
419163741
320258803
138235268
711359946
572510593
348446154
691219145
192665680
37840958
750263896
92417703
362125668
65971287
93885400
749763564
468350765
220297301
485760595
186347329
440921356
351156602
209869761
16766142
385424902
231645747
126496319
370521630
69695803
329389919
168278472
395352316
195314154
527549510
890787314
241686568
288056475
154333502
353132778
763132071
47072771
63252777
202088233
430539789
186353392
48977924
282972656
88852562
470066036
785859157
701841874
3869160
510169030
86889851
145668033
290231455
542378245
677693299
708977297
649968961
50251763
351146887
103933601
487356781
419386320
564678257
157821908
212740711
81578724
11627420
944811501
22306085
396479757
206428228
124866657
222431531
281723367
29182078
542797271
25805525
26340021
94348969
220048154
400803274
19728532
18414074
569725644
308494347
24836
12142781
359932301
79766710
35268607
282352873
249795078
563663043
703177472
423135273
294191616
36056231
304152109
507051159
419065609
564892255
326869832
64261630
388668502
910643983
471460109
114129769
521417702
103479734
6257029
67558095
15710283
372300360
93651
364076187
720072296
11871094
546921657
335953421
177697690
56587148
737120054
642150092
321743334
56213732
173583460
307254893
132649880
311449095
267234423
19203266
294950253
25516146
818766019
72750636
43855323
83237742
226238265
118019330
233950376
638633718
548195605
648052884
713934370
278793204
179131239
749677704
282731347
71563404
192440669
115998476
410149219
22146645
52642232
285692503
70824572
117713300
415606494
140786090
31700365
48984000
44005744
57445944
143315169
21334697
703847554
61446909
50851065
369730721
245797053
669869426
3159
2972566
983812714
531622424
503916812
116142441
178468143
342932280
941069918
620299365
7045731
81699994
541056645
619980458
44123172
251382271
856123061
44525819
420751472
583356160
502642312
15447238
19792611
170217651
31796917
423166735
496014729
771024368
102066758
117795922
17547370
428486967
804644769
9306517
668195326
163775720
341001981
108291097
638521932
213342468
157828152
214232397
266263975
428941440
447993428
11512717
239511070
364530936
912062325
462049187
95345800
700988992
364900998
28524079
113075815
182389006
27965518
552209156
199572234
276820496
204474731
490703895
322587115
768307466
933339000
199768011
124396815
291403024
28998438
126602525
595074783
59844083
124872822
37786650
577493085
100169329
485660919
188027098
464277600
128611461
273007773
857982301
17582608
742086835
849694873
418418714
212661586
12380253
258561137
105785582
229090653
21215781
178371155
755084236
80347375
687558604
587427593
253267116
520311405
181645066
440960256
12874015
64108691
96826232
114288755
437421935
435813827
98912322
188538591
74837176
40997879
48692533
159344513
489272477
234405226
766117039
298129636
8556090
342304349
94323294
17685037
634509044
39894861
5459797
160374810
834965958
61342079
283490205
10832046
466927142
169288139
658277261
139974195
450090181
44835696
598434805
426611458
74769241
152203346
69008249
4580006
357409710
197712994
568654755
134282491
75332817
4984462
286415170
89190968
300526179
160289028
47273750
272583220
121073006
333437115
108046366
59624877
637893308
679611488
332743677
502779127
49247920
442030007
10034168
283748486
52797192
128145099
299207061
264673313
181760863
101262924
640820205
833532582
172323677
600295022
102512066
271112131
721047745
246279407
584742830
104297456
627633045
275836056
21599612
650320636
115118036
751407756
56678314
199640640
616329358
441166681
674028715
269675344
684674330
774795230
90878090
640928101
407442858
713590523
44412072
247938497
575042877
569802540
154099706
242264882
417021675
535961612
312481378
278727760
386143432
13763252
367060607
40316471
102703128
555524423
381272039
474616138
244370203
401391822
135572363
109158911
1356420
112781187
12144498
401760591
20065079
129955091
200566248
15485838
691976340
31449914
256402184
19311685
416682300
715938680
25806489
542576751
475373609
665305895
71906179
653499513
658226607
311124126
314037316
208920336
541292635
428425660
207252109
109157825
7386863
80342200
502635588
204534896
271453127
204770585
330130124
867379062
249376315
615480166
822702942
348518324
447485184
355580350
679380696
28159366
3107853
2031314
102819265
752034740
294468503
216546555
585718842
310322472
24287815
95747562
198248818
400151633
568170834
528469207
363928332
397451570
123237013
62721842
241390664
189145355
782020464
194050166
78799558
313202906
751336722
34615034
308190643
245687731
115700591
289185609
54510043
372405415
466684342
43460500
129532897
67695120
54532827
262326088
293492093
143163801
92681056
136600208
425360132
641592666
485918560
756502067
1785647
113292302
353105733
505748413
97207966
514631264
114384637
235850956
236311748
26506145
335121807
119912240
14543032
484091345
5080649
201273570
396550997
518343900
36462452
128230049
236997384
246629414
5227808
136346577
211659419
133985486
481453931
220914240
214423448
37196994
222152142
225184002
453269511
29236284
87128246
212626815
364109677
782122321
738529993
537515827
216689402
386245551
27884300
273753122
527563672
83213752
803549
201412614
754531224
307780032
399325357
359122616
64565424
887170440
5061801
21709631
122824364
83008704
60271174
364018845
235360120
31624210
399929973
213471349
25667264
628110145
36003508
27288850
203647467
755860049
112057814
642702432
238597164
27137773
22408826
268449745
604601864
156011507
245385335
445362407
10274211
141950946
655084180
45308127
686065668
308303948
298756314
718054189
3215207
103740390
398368718
718473853
836276546
310590697
677808119
212791802
112054887
24427007
263906402
376105012
549989804
75771632
55619550
215101917
160423022
232075101
493714412
853494998
183702584
144746930
133674317
51068668
700902173
142957059
481719041
147987425
195265464
183195071
64719937
392423397
563406030
315137384
46365856
171089254
211987118
859855644
653691788
278748052
148638554
346018241
41824625
4379058
251205570
74377680
600157803
31617339
276872010
600313073
282297015
11684925
685213988
407414562
336048089
193332024
114559505
513073120
425597318
504044977
708124992
78810449
150816446
778030936
609634779
339661797
891428471
104937876
221348634
518264077
253140957
109211460
457788952
140902241
81379845
522881002
861348293
583002037
25049486
125103029
110010230
33653824
16098812
435031810
180903177
81290453
14249512
582115200
281489969
130593191
271322637
23299825
403207787
33480725
540536442
606218376
537249860
312297707
37301954
87447966
30484572
666303694
389926608
130707883
243619901
24302481
273475598
4819056
205744706
520893618
44210464
783185603
286666410
365084186
60745993
281106331
666744956
17222530
124894431
76638894
11878880
490254879
62469647
133449760
66173067
57090848
109709956
564802214
551863500
128785166
64076512
188383692
11954343
293600728
73817681
50216761
301939296
409029387
7109315
8882801
585830757
61371597
222134658
45400530
583589272
63846840
111754866
4648888
658554614
664650278
314290637
134374617
151408874
714102693
588533006
114349179
54000728
370834007
191473842
670369860
897847282
92332370
33708814
372669671
153934092
216592624
239051763
581664864
656901531
74604808
129739705
103330804
104883544
356028101
653563940
866771872
523772335
23224321
120654891
23319331
431440801
123480498
548458512
500354065
66241803
285185492
459361760
16828425
138685196
566964019
148709025
480590408
510306741
46639045
223622338
214308419
801550822
111138183
376443301
404271286
210589046
68653104
979469772
26171668
216406564
738057782
57861005
459010926
169273198
266352995
717237771
477260802
70805059
334955831
325079372
560820228
8926463
617270680
607205938
289575992
677644654
139566825
1034892
262019699
57730450
165991407
124994885
401357015
415392509
294857682
88095196
534497733
109580689
110598708
229685005
571100131
84470235
400188408
570542249
833765364
186578048
477352235
595126580
149834719
836640032
426859198
84101294
157479104
329454768
94324020
341811284
57786987
53482477
151007514
169753032
654480485
222764383
61449348
266532831
101997280
721708525
60667851
194487018
830196158
558589899
212727576
640052583
155587043
933382310
21967467
405138189
227579121
425107261
281280990
101010607
32657496
35791992
602787735
374848926
52682078
91064348
261363560
139466882
113014003
221566550
114506846
624080899
507449415
142589614
294546301
721556004
270737327
197720200
98318072
513882
4493535
711281254
97497968
337220966
521622330
124765967
129140754
140240945
919408007
402986199
97734897
357400353
129032095
698289205
191052022
27230653
482530893
146299112
9694537
247635434
620808423
56726204
315521041
202176593
105123296
35598476
57528908
347373433
21251293
508581037
452766464
172640079
504918774
113009947
6196948
228185347
48702035
388719973
767524163
216961041
700140320
194160086
13029944
743817012
329137409
666630488
324350639
87693905
21906768
376633126
926059806
335436728
14004698
149481389
87671931
354062904
289197755
188213634
238517199
374426314
175168566
708260861
209539314
84955706
1675436
185422101
372248639
81610117
129685021
166992957
73338488
445962182
695665339
361745974
162036379
24366291
121772664
161394089
465498785
340846744
1340862
37053576
819753652
745281654
27772134
681237374
395175046
69996188
694253106
432193118
829856871
263325187
615893936
664994012
103392000
147170500
552699672
829870977
684430373
64810770
793304332
54906506
5926900
128303307
307958633
119208231
160198239
721035911
107413584
41966118
315997908
683212920
396430164
48871266
195844688
426136287
321789914
571606518
237138963
372239694
307392404
251333849
539802271
5221462
131331232
325773864
23198169
157112394
159478876
403061800
579758625
547975701
567279609
280390610
170039211
704151916
86478350
2793198
28859265
490819000
182915624
698368563
57961777
24467940
335150648
178003047
178659294
179556741
517314304
47666532
239483111
581505018
15649297
725052442
38381718
140352266
653163675
578404666
190531829
770905683
82680933
133113973
294470462
177894936
85312960
102640840
373655396
54667287
24779044
113169938
247704948
150674020
63635807
235036000
235754771
417688937
54738537
499199453
289106108
19806109
299146747
556151752
170692484
591587472
140829928
58255577
930502604
133967974
612644650
256368336
393821897
7671012
420246617
479603453
301419772
153845406
55421192
121186917
653330742
25262642
190570410
792255322
242144836
740154257
689677596
289347649
138279364
71674015
351476643
114763418
565160489
152650578
9935012
246305379
2112954
123918222
428309510
393200000
84193504
208189550
23475057
354101674
577738614
197317806
198894615
455189963
340696841
274440322
25408872
380153099
36523676
546006903
448245805
158822450
25551120
735229779
50889666
292164473
333606247
161264261
534309428
107112181
61531067
189618854
133325067
31619786
983644512
429809851
541269955
698065998
76164889
426051399
874933939
495971426
435190089
244284139
372553947
156914758
382361085
407896799
101583030
85543058
309909805
669452382
47948162
10505757
78529998
299155216
326633606
649853755
39060624
542941983
162179736
501850131
739289048
14411930
100899112
340555515
170550309
280950047
755254624
176687149
281308090
235809302
108477679
59358717
316063585
90146187
60058140
224933487
307714986
170345298
127664601
130061545
138014960
715850575
156448465
578570697
631129025
497474055
39840332
72594148
307478360
135835163
840863138
12054502
46553079
212305608
749596838
87903818
184083962
297624136
137141914
594095096
165711558
88238841
548805177
439048009
609220598
22035537
366661051
822530847
435339940
911581472
148454463
16358089
23824963
926566108
120724188
149349856
165817528
255413425
6255147
89075036
197248656
32307990
587131115
44435560
271608102
32067748
596059625
281721321
164078486
490727298
457743794
128769858
634450752
526189103
1988832
593261750
71151116
3576770
63658149
87278005
130117247
100498736
566976309
374500759
884814554
146907727
407029902
76840835
394925152
777255442
211941284
476040498
43468550
99356376
226625677
620781227
322563398
34000637
10098102
911871381
73306637
127308503
171987042
798378120
428506347
234388407
717910
293407850
599359155
586704230
377346472
27220909
429404758
608512492
619142055
673366451
81630499
551477796
60843486
344632065
671756369
26915307
624451626
342347524
355087420
69168367
31157219
377602924
90032394
227933526
120630533
796666464
210821281
524555451
16001389
94661307
65953673
215882968
695042867
450951041
453801191
696237375
487394904
345473492
21012674
5905340
481379638
13508566
347950276
168376899
420934049
5920476
555266807
266340245
103162342
48911958
633121865
179462746
27756546
76161280
231309288
6564404
470974389
356467087
95310063
790914254
305984888
208607874
256495782
68300274
43236292
54612880
57406809
394752366
438981840
4753552
440923368
392449515
30582625
562775001
491156917
350285294
80747450
371978198
90902726
1178542
227239767
67563344
127976985
11059930
38988545
348581140
794973346
299341881
553526121
402549716
190345158
226460569
236699451
187279526
436482316
68825146
384688989
284298644
356793786
20926027
595179635
53758709
138684336
75527803
55254832
29543524
528722640
531290724
785077403
311086474
28596035
44798062
89108612
262608712
711261419
806887033
223368789
184599674
808472791
7270722
801390612
167092293
430615472
634123563
28788401
444240264
74571403
153530672
438781885
104220578
125015948
126082726
509472509
441336718
102831096
95903070
314140296
314467881
464433816
558251359
95233946
199986439
109917294
26861048
3980112
21630895
601460656
731810945
789119536
497740617
242771520
94337104
220332498
162572656
761527865
453407944
123144381
158674895
583494127
74594720
346218904
555427968
68742556
102692382
163003105
468120760
301082882
413322269
832080585
550602781
13500078
377248358
98983428
95517289
45453998
754126555
547514980
135856430
306583614
148466788
311081666
13727528
80744640
317530948
138669864
20824702
192456237
677248842
800930532
8995832
858430791
211067582
516526482
95711788
198210168
53195870
105129379
516165791
51678294
157575442
171216920
535374350
573142344
103978160
52202378
527311867
705587302
217442029
557975234
35072997
160939139
82035945
102973408
201401697
542298868
109464112
11575053
54031298
23473196
344840173
518724390
3327020
377902340
470417489
483733929
128570219
283059852
621657258
65326374
76126322
361298870
73850469
218890224
862906805
1473046
105187656
238515963
230899050
500137984
407573794
713173856
676909557
305195160
185837668
532793639
110057508
438499944
748006082
170743312
484779033
167379388
433529712
234871122
780331210
237177963
745553508
111880869
768788376
463906297
100133745
281125765
415807087
213666156
799639480
573658033
288429000
63995220
146677777
7285981
178497509
227827708
571917567
105102256
254008632
720363800
173836408
669572777
3228182
8680597
202246388
525500087
355947703
94496655
573423164
113973299
32592744
851939895
149399145
416958812
115819341
19124550
897958587
684634962
68818272
389405764
893855710
71702561
751410692
105879604
269662368
522431994
113622490
132402798
64985137
233454407
133097176
401486030
68340485
96866368
661898634
398267561
434381995
221323150
132222046
309089300
170254652
65519288
705820603
580829767
759580433
43610418
363563727
531396692
112261003
223668837
761048100
86671230
687346209
284064127
691302304
431747835
88928770
444035157
540808307
29315343
255570950
33436406
420811063
527720143
522186440
160198115
257002363
271266048
352942358
89944610
111450484
164956392
124301
133342570
52746700
51183600
265443593
50038099
441819657
403826328
163431900
489186615
658690062
93768258
319980352
592704520
321881988
743795614
536481800
366079243
726981592
242749513
289048984
80603064
53205723
876397880
414874092
162864485
199692304
283353816
63287034
232515526
255635976
181009907
285200921
126513398
572473856
731984596
31555851
566344827
410336890
696063347
59183084
47184387
210375851
222211094
84509567
23642110
451402652
137391294
11295846
51750432
73514468
38725442
498340654
54548139
177792782
777413
737983079
443448237
95227776
436108410
453928197
454346634
408864292
18579258
348083337
656314494
613797663
562258890
81379044
239628773
712202912
561049243
43243011
84222247
718860352
49369402
78781837
224821810
579461468
417813674
251459232
864917418
828108482
488827266
245527815
621428884
159679251
137119500
11794909
201732311
22927887
375817428
787508923
435720340
193490160
478045378
238167387
199130956
189564637
272681805
111337205
221122413
136282882
264208482
135829062
270086573
258583567
30266753
196511877
327598564
133726320
52086051
594037565
152434065
267519558
464307543
40233285
366012960
696088576
9466288
217408633
170460171
78656755
15676074
189750600
774986436
92002680
59946725
250890794
329024226
703264130
712277395
128703078
691549899
561197699
246209243
95033913
51976690
569573489
339367898
339498103
143950371
39650920
6139334
152171075
34197172
496693884
595739381
64517818
153303693
142536938
817035431
312569152
179580938
169788177
653696616
900596497
198864170
382297507
343516268
815104407
162001403
248341842
153117804
539265785
443271855
51856114
230712107
319461594
544737949
332473742
33748699
66230793
522126403
387517564
87569713
119479794
195302711
105833123
49200813
413829174
140240004
132912586
276425608
66297100
1740570
18332635
543139109
337521739
293791823
473058999
8079595
697291419
287696337
8030278
98362468
38036772
10364148
119940739
828243228
147620455
48029
414012626
53183805
680606749
534820505
391809874
106773639
232044022
18279567
268978431
24639371
516535234
269172994
324994983
24622627
20773493
256058634
240564411
92388249
237578866
307128507
373347015
73310364
110381082
99804226
453386377
185346318
236285830
45097406
259622198
73610464
29306626
124357950
105990148
166396944
157209528
159133547
308413332
222285393
31737140
622776210
789766304
327769256
187092203
408685608
384363703
950512179
66912415
190350773
43923344
163704261
406732604
314209203
88235844
510376465
841518069
392881394
209137257
204415558
8670954
30142160
865809315
180208155
8854080
242030569
377658608
123453655
235819768
500091958
248007492
212413613
192607990
201958085
141056504
503211050
431813268
561970453
109475735
179707913
312429371
325798434
379235083
16263970
485243121
571342127
62178826
2961022
353096775
224805441
37814461
283652315
471253319
597935461
198023935
8691775
117728423
946916192
199311666
672717703
140199211
239555424
117257562
93607622
393680685
295568565
46827510
101193305
365767440
42175078
84752415
180991744
295371186
269727156
534445722
289418350
534462369
532497614
88850864
33623932
223868314
77715437
4871273
224684648
80214960
148872804
346955455
292208888
66675842
343312458
644777100
474955957
188540121
362429603
532802733
463178665
540003270
84403628
222544272
93423886
900148080
4782798
53103159
218696822
164155620
559675597
858410171
604983820
225787515
569319155
236239700
124102066
41250578
9765217
294098042
77348232
206063047
443737829
302487802
66597700
203735405
236770560
89200920
623405968
893550841
261994601
21565840
331839142
407298762
229334975
739299738
747493794
193527468
290490222
427128324
585350045
768653109
356017075
624409383
400918291
736677706
145946906
319006161
30727156
727811416
757623016
545564154
64209590
228461605
287005553
426097549
301392342
121653869
322787045
88207868
56633120
417809802
129840688
494212613
259481829
123757498
47173741
272884167
93957121
317986059
267150140
80013690
36380493
158727571
868854645
317287943
162252478
455035447
258589930
286816309
282316344
15871531
473773645
468211425
13888111
761577282
207639640
235224122
357522930
529525839
181657196
323861936
58089001
98747954
410436834
156605
401822058
431319612
508859447
318273336
8944651
102946048
141659616
432686660
16653071
173902774
102571658
276188560
379875937
253441522
253075323
502511516
219639614
123531526
284776466
138248967
249047113
608260582
73593212
120255576
667661949
61336619
326620787
52649937
566394932
591985131
259693301
78283055
575514792
11820797
570751026
340353682
284034278
72232780
125948087
300108592
905724722
292840602
601472113
296067438
191756150
30138700
51830708
437018916
67921432
78857301
399166556
492284091
200179484
8985894
387440126
83569906
389669
27319216
144776306
78161784
284577815
386255073
108846850
255868990
126725228
323892044
478456645
148509549
451743710
730387535
636657316
834511436
86530875
425219505
300915573
160386903
873205132
127735650
101274675
17327370
224487320
245252570
260235262
464391600
637152271
155766748
153010556
544487839
183812596
309150392
727381327
91972461
580334388
159534790
52060206
72177331
95259500
78104900
178944657
445164683
636136364
4780866
331323566
463785021
754186264
467529673
364132000
574959170
121881090
422842813
239597794
736152791
6473347
136104086
99521170
574605299
229306612
360059877
183382568
2952625
140357918
9813828
115127337
102648229
140729023
178224275
274812869
264904127
76328022
37965414
325225619
29439223
824306670
733705420
413465266
7261002
197403518
424424300
729743720
252036275
292484392
83381650
585195732
578942311
2856075
635378591
874500201
75336054
17217863
34401665
131585566
47045806
13380324
208854791
64167314
3120775
613135036
116296231
32141010
217676797
226567865
167724229
764384037
647714350
466747567
292112656
604540508
485607729
154889527
493791789
98326236
464066355
85655646
296387756
825713869
180965113
277733183
723928129
306393560
154334191
50530194
458229437
514864972
522279103
343333084
458641814
128405809
118591282
4492117
557171442
65678397
530393540
287685153
78970608
659201183
201558862
342037137
260109593
503538321
629819398
394413279
535205173
429062060
213588171
91914732
38214662
267856317
655319171
82181655
491302844
368915799
789119625
74106177
289899950
74177325
524013717
362527425
196234529
119741702
597213199
62876607
236595644
283150509
570238766
96888
521318
256425002
254417023
150817410
460717467
523010626
359975372
526954418
610946453
430995250
259979203
344603157
157882682
445344564
246134650
154144992
367914732
436623476
28896059
135635839
107058380
115141671
82860528
261388116
27614669
249205003
207888239
457308933
98198338
100784465
245763135
23828234
468106188
53927543
171308931
103213661
677826334
200512753
358097271
523697014
575199455
597175733
33966308
134009175
341993248
448243999
452283238
19441436
321599756
289799260
206191683
881816080
604942092
804045810
422918332
85045346
44168609
291086556
245000867
185711406
412484972
340430637
261516217
111444208
317881740
190604162
52452745
115043547
21101232
534764479
176453926
156207235
528359207
396751725
153195787
82233371
82007204
330356502
267146544
16131847
2890582
206700018
190177477
158892284
374193107
1061796
37295690
377201640
502920752
598829893
241504478
191361117
398943342
510382529
166932293
253179300
35584117
352330378
112197353
380672048
38349495
261939384
358524712
114170710
667320777
656403623
157836871
106396759
95357845
183160182
188206894
129565929
354379803
237616302
200580616
538185227
115822056
435345230
134654897
8694892
281498472
48421506
186517216
598094346
337426722
473813840
335521281
49814378
180275791
530894086
159548160
583211613
502151943
890699
575324993
33195439
610857889
301582412
674273184
369949961
3088628
1807981
897067017
736940272
116411299
281357737
955076928
5597855
282163533
263406566
193851269
217804462
244777344
234360948
282157556
532030012
34849996
266810398
164488376
50352483
183601139
20726364
44781170
193087072
563641897
58717013
343620070
148510769
146872098
438311615
176052551
224017246
240326493
381227946
109724145
147368150
126704498
115082604
623414037
457285814
858737320
67732369
178629538
276671754
895024658
532018777
128054976
874760866
182640919
730600110
223831526
731588516
708292208
158019891
411465827
260755027
618287988
481871175
458549726
670679746
306896430
95311700
209784303
472340468
178309348
19520707
250464617
301298736
376611999
26455109
355383753
88242864
442138746
546991001
14368616
649939363
525216419
310318371
62677299
3183360
431278847
15840861
578357923
698683658
419750069
60090947
710399952
640549298
54486110
7353341
672550218
90700405
106370971
189963173
11563098
71531580
698108453
153366988
9655
4394849
232705408
37330339
584432866
8471136
128019152
606720003
266560181
368696844
103186594
190434732
613756894
14380519
268408652
519130997
41992752
264857151
49304295
531499685
795799581
581853842
540287934
518509205
222793352
528210673
12881794
468288498
483047108
4122625
426533995
762667993
776412814
217658819
19698758
125106373
201678230
80202052
549000088
214105125
615354771
230409940
7754636
54588540
781984520
9223621
243160381
53634231
191402233
641505366
219548240
48240775
205325271
815621350
692050769
224402942
210438657
140049533
517574623
740880755
354505886
70770612
401270874
276268110
22774911
438908575
46428375
22287283
212250765
104093132
234969520
181910735
115201682
166470973
276546706
186397255
129178700
742650797
170301510
298391572
704127534
143663381
19489473
351891997
452790500
521291688
230761567
223899106
373481869
201967628
31950458
77618344
843798149
7416962
606959223
72722857
173173567
78284503
751405761
26059536
244623692
40449618
338550184
48162717
353108252
283167992
225822073
53826126
46888674
37709074
189636626
978615805
458588819
196311066
395853396
338879389
646498328
16073392
168453076
75688988
140930143
621298519
255322360
653156962
774794018
367360129
718297197
68989983
5678102
136670622
236309487
422880156
504133115
12154646
616684532
14841102
351030987
500258200
609206004
4620135
102028395
433554461
185343102
319119825
715759088
661360970
152663075
249468986
271399330
552242221
225719255
53348167
155878030
865526766
455601404
31258096
253739238
231865842
403129056
688282513
300028552
350927449
666072202
254233228
594449295
524931972
38193952
375071400
250838525
5724509
596823693
16195412
196693067
64070681
665231420
136205032
270912324
768086046
49944323
147524502
28173500
405241149
69154879
163287801
333232553
455301088
107101786
156613678
604212173
101327810
211234013
453552392
1303615
124315198
260242998
282902664
571101146
231468725
135402461
499896213
55231703
109097066
1690191
928601715
423561825
436929690
358920618
399432636
359738681
676884800
76640636
113913218
733649994
684693448
54204913
252219795
193709375
335206491
586639011
57851097
381233958
386791386
503939754
231696985
608255274
399781522
537454064
262804756
51302542
424368722
202027161
35062074
585806061
372933274
213212070
15740112
95660809
329941263
518283914
117630660
89196498
812727693
42404852
264127730
901926685
723523484
671114980
892132672
200415217
178102049
468763624
271082376
319404162
54329354
33688849
147967845
75857514
177395192
14270580
119013358
74740386
372564680
475761919
1333021
71425614
18950936
65087127
435614479
825068605
199918408
571384133
327676280
10251988
155081366
571619018
42373237
416426520
168480759
246040513
497120538
605153185
231120668
504679686
32346921
33862342
244847974
21163526
188497160
50431936
98674874
511165126
18793057
6279675
6097
450288122
39542472
99291295
882735821
642464185
532315117
22335547
110751358
660429882
366933118
57416562
131752008
243130296
504977779
471677010
402871899
156329256
192642690
460572974
183833176
720326994
609279847
11673078
195254232
88318958
415885168
136389098
580136158
764494560
534393931
278789222
26514826
316014945
649079874
444466651
440314323
232782088
53903301
8696397
52699577
259235075
697469183
183627602
629169069
4127269
338856854
12464910
14494414
658479581
182647686
65089432
793279871
1885616
873134216
408451184
280433876
619239408
229575132
218433017
55064754
209806625
481828786
113500258
540583174
257855304
171050206
138190771
430543284
35262296
131699882
27586537
190112972
660030168
109679432
209792858
175159246
869133824
611157959
560073793
408692880
197273760
198613393
609443772
244766495
501758065
505810436
498608332
178960272
270684496
619726785
12312453
318586746
733434786
492403385
225434975
220380572
869389702
133784056
250029370
385359703
49049817
775198982
78067988
74788902
817245580
262406540
7299845
20720202
165534865
96109512
187360604
66345705
597463214
200225456
729887639
112316879
366538847
576484895
87463049
467871052
100811196
505431549
502146511
329874558
21668088
115057727
746545927
195439743
587037326
296940133
644541669
24870283
343193852
22724002
64744436
351685318
150322072
258945723
651193055
509690730
417072763
232748255
894854264
127386133
520735713
71850615
338810609
416646976
130054887
224423503
114121854
251149826
591860804
5265451
675966739
89014976
63509260
633235425
65862207
431677811
280919229
369019176
23779830
247400914
26948726
577540536
107501383
18202192
185705832
325426291
490865949
209114125
350176512
262073056
557079000
32540079
239796919
426354798
182227489
244081335
630568376
41763753
243679260
190424397
218161036
351600890
2410640
49325970
31997790
364806414
2820636
343545728
102461364
160999212
331808142
588286551
771826057
942739192
852948005
142571106
36540000
50323752
218113244
156998998
217299110
131885957
20767815
255026708
250328012
282150630
54352117
149799379
488515951
406616968
58300451
137454648
51864386
4031616
51156089
2515199
81830120
420255659
108397355
770059348
219732964
70609021
486598761
206456389
542238575
575207958
799865054
486162824
370014923
87379912
329984416
183363637
196318319
324683001
456705819
13664759
724334309
560735557
313870950
196075896
326120
25536049
18967406
190118647
157974640
146500595
42182807
2307900
250505628
302689385
4461970
359273721
526005461
631233529
105066645
160187055
164148186
46922621
156601427
36686550
728434707
645263414
454714421
294740289
319772709
110283971
54900770
17852034
726825849
421283942
87713109
224941949
105070772
265781634
526767834
337132389
162763002
65785436
111657442
189371436
38849242
654471552
140733981
194530906
891516511
129691120
527432430
221524354
9108606
822785280
172148005
871612366
198626890
73789155
154817569
13294576
341213568
110461384
377583182
568163036
92175151
58183340
369778176
208077042
112923194
115732124
543938451
3667809
139448076
223825955
781489536
473485237
473586375
113923314
126022872
939751425
425349360
627793813
546247123
494661879
737266773
193817024
68841276
64232022
478363496
140597262
31402046
522849672
76618142
437043282
5528670
764848564
312057970
22922503
30787915
213521396
47610713
67878652
523181069
457241728
263681648
485336076
196614827
473715341
325641267
453699886
574372889
788460406
239110983
314458387
23797788
28229256
335775421
267497580
51342263
254748714
461755991
166512304
381471
43861599
697299196
447707165
49214432
240681932
50852370
41774969
248871300
606778293
56634620
226466789
670757046
180481273
55260261
245945451
272224328
326111190
44473719
362476457
621525499
177183782
443081679
20792382
127696093
268347738
132135566
622117984
429073052
70899416
100476959
13478949
225380624
1397578
16052345
705258652
652107943
377734702
365460902
20043946
298957180
77483388
526140738
106378587
56174160
296566964
37762692
25753776
763248144
88520412
112271115
37906889
242821663
95307279
163548317
173050026
116107017
46371036
304239865
428797088
146929350
567562110
268259816
513698115
3369027
90515064
666751456
297667072
38752370
129377435
57883305
507511175
103817604
132720094
71419042
406637639
147935646
119733108
668878298
262777686
26780617
102344798
676981481
3118947
943862845
507482898
299079248
8212790
470085065
587436689
80263316
43125742
30551576
5776694
299434872
288572430
24975655
446223213
13151097
248722308
160357788
538414826
68175264
53353500
278558263
15945630
652225202
268561126
86357646
639704488
41195766
515861793
817463613
375586969
711806899
34183829
426171572
591242427
57554607
369490472
350871148
238330840
524012870
345925808
192017799
175285776
195364473
73653020
625374116
826242482
97735573
543715947
389343643
59265547
192355406
263565477
612356138
194782997
682452245
410112956
480814901
808497616
245140333
200294132
718427904
26141914
64509592
146428744
19223532
67224116
411159784
303594408
344722962
360165943
258341228
387630736
69380110
249133677
170189419
835950389
113389241
220684559
78612294
241249838
388953100
355842549
685585865
67190904
126387460
126983914
709367724
93076745
461639542
321689098
507342380
659337704
50465100
136031613
347660548
403098288
40629530
52540260
166185586
116035607
596047271
379779418
152212434
33857524
117233178
71987658
241777704
145088500
537345185
85167004
48931987
148740701
127258628
450119389
435526884
623793973
459422681
627834419
386276783
9558975
462918853
82923360
151907758
48931896
259455092
620356646
827366626
2325980
6656849
427310538
796388509
128561969
273163492
106043111
148518966
2337516
509688129
147754759
258995601
251526515
476233882
32182419
794928699
709772454
257096261
390133790
15769289
215588
145146003
96734430
284931290
291764602
601344261
31991535
15046394
439591711
187560960
5133258
442411402
219092847
172336227
247181980
845893418
554963513
17136531
335488136
48415568
112820374
195546079
281088650
814550536
288335932
18405621
2030998
45360480
286765954
224854228
23497414
93343874
119763160
220771416
530452654
93592975
1340746
174684970
190947525
118935328
618700806
202171108
23221835
192690674
153070854
105201261
44524279
191497967
262589088
235777927
234598885
150534754
443681664
50051673
116335342
638650901
7382462
152120172
236579257
15223670
3385472
803587320
1169790
260082804
55373494
732331443
88213265
128606497
73733800
310205418
128088003
799958577
203480076
146350423
73387343
288787944
114789230
347109153
721676608
433218219
774522866
563286459
27317805
114544963
297342979
390428826
257406258
135262357
838549681
421698928
690863696
252117024
31440996
504167449
414939470
97857302
28397018
2643871
611924857
50204380
27829586
60181058
589038939
165209932
312624692
66124890
142081302
1240283
64574947
344340626
695535917
64115208
41724158
88800900
237966546
45194329
469631789
935734395
387477578
70841075
45422509
149347033
241218740
691192470
263741840
419455800
371074004
406862812
91384712
137723202
232634469
44045648
468507991
137252330
595856894
5827301
193238433
33371213
53624310
611863463
245560101
685205209
30997308
894833960
689864052
55285732
32091465
556097926
172567156
217172551
132264168
352492483
278238580
303251315
10054466
586245303
416073248
392519164
125796910
608302866
417902256
631050556
331523448
253163582
350714564
129599718
555682354
209087102
270556533
15561752
283021344
121201608
74822278
245653767
3420583
233050978
98065526
304722393
509423856
140850125
20261747
31493905
354178428
200720772
189427894
331264747
20105492
794866555
15168498
254999819
20993266
154654811
564061805
18637548
521053350
78036704
216901605
333566022
553152630
361864937
98993067
2546380
48214916
646250132
465855345
21708710
217709890
241754806
101653390
317592754
448764685
324115015
702676895
60806231
32617933
689047956
353755693
280384515
387311782
502109793
405306900
742771748
382063437
66764487
219410036
401861745
576050746
553228440
20427909
623845497
351144791
947216647
103383517
574267954
100540966
416120467
159215237
168113706
1897289
366076985
679934843
739565442
706666809
442097237
367232139
329524282
482126237
179753089
123701756
600385624
328649734
439584744
83620885
51373520
579218410
651717153
27454507
146017515
40415710
144397940
159589801
504318636
663451282
44433352
359080977
553411667
730106157
232104793
269905474
23942723
119060278
226157397
591029896
250039886
4927803
29171180
614501764
89505655
63440775
460230344
13431108
336025871
458282577
56431331
84887878
136983307
122475796
103736416
151356218
230871891
209844905
344553213
601323574
145737456
493510017
804407175
446171447
555984406
62568511
323487566
79023699
2397754
217411095
121687611
1991682
86587761
168570874
138396223
171111353
266537480
456147144
364367698
139303214
144569232
54707493
191657280
351152111
298638128
192419754
92135830
598609577
118236754
607292883
27286540
393884497
353440256
143915131
687276789
27271486
64549326
481166156
450148451
493239411
152294365
289162898
12912916
286175188
49911540
107891167
723678424
17093255
436713842
470919891
32854296
94004414
659367348
455439720
58838401
117218178
67181908
232048810
708993033
302717643
74752822
706949383
3905003
153878168
260486381
902936010
3954194
504664446
605018541
315482471
10871595
89439822
303558466
513822458
398777928
52870166
96725848
64660114
177339863
686051509
906020896
33581880
53970083
15455282
160018100
295590425
291988044
180191215
447726203
350360227
147939802
134192655
597721733
84579965
90933558
127766189
389224479
40121047
145183552
264159666
40243608
67329540
99661180
134120739
822557678
923642396
128286570
30736098
16760862
658590584
46667616
257313054
252424393
634160907
215917436
791650907
160404858
197975220
123806374
198645903
266462000
590813162
15233803
78999607
522077582
210020307
320253018
62830572
138377496
18842319
289990122
351891005
161999811
68370470
459133528
470866873
39153065
83129553
69709109
331772543
29793121
436626736
43181901
376297656
45106187
457754191
611830400
73616148
29247261
262712734
644057782
225224925
359789568
25752303
209972113
691715422
473537535
120213869
497891053
708456310
117959308
296970264
324029264
29360266
269178234
299638077
415604137
33682025
85818260
166877587
305746139
44714538
208135187
671931275
268768486
224173298
229104443
471708427
474271399
417374190
820366240
768068297
172796691
12494464
284629399
488824585
72746589
26360560
222583443
116157384
696224524
56313195
280649279
454883717
635835437
36093788
102297930
3528448
173616482
301345871
270460102
817707727
543758374
50033728
8559978
686559138
260675794
163609375
140374983
374807523
2574094
145138586
358517426
340364536
188856598
559998581
446603776
66174836
203675439
421323903
402059203
145075489
281409660
18076922
88760719
471059282
108821408
126394596
81425077
318177311
435175278
346201265
169803215
20650124
91828132
99555582
134574252
209115413
3011362
223236320
438663740
128575521
37200235
325307018
318523126
524241348
29561239
245749692
530688995
792024375
91269848
280525733
101358342
60207930
275400558
52427261
185692188
5723088
625349920
283107681
90942036
105233507
19533776
186018780
687166247
160551235
263858437
71332038
213196609
644474863
229458732
281618363
188337708
23480469
84107376
382970477
110107313
17119170
24766982
86372775
175756935
147999889
545411367
273053267
255020669
221022531
821349626
721933205
328241025
18793442
479100043
400020805
424278449
462902461
20058332
474005036
18282570
178556285
925870428
313214268
193062012
55324330
141521782
800073570
467638264
496330521
515101758
757037766
141485322
603065330
779332623
524633419
55930276
399486218
146137075
414384552
183852810
103542324
240674773
126762397
243298202
532382334
79995548
540148077
38916856
209215660
119591172
7590397
483836010
271621350
86146155
649548458
466180440
193408588
27908490
146824932
211020024
1633335
216797196
503804762
248214943
901893653
433317879
224636891
318075774
2791982
31355565
479744378
221691397
173196984
232741776
623924450
490383012
122529048
412329024
116934120
321490102
564162122
139437044
164370341
263174818
377779976
119240256
64265807
108156880
321446821
501597811
130033244
210007828
408294975
461613219
183912266
252959082
238510042
110332136
625428357
63756077
37190158
472694688
761804583
769718938
939793083
232957921
480480061
477045893
233511087
303159776
226732173
155384293
68763198
208026552
239313458
125038749
269907440
164838503
477408240
103297045
58137582
227964052
339970731
28744595
51476955
77175776
268226632
4084763
13451863
628487343
613715347
6464880
327985662
606053507
304690624
271238710
276095816
89180331
684874412
305806134
171801916
514627423
86105379
95499663
227605772
699825378
213560779
87520476
396487175
247322372
67789917
502988777
80292619
757071291
100115415
10756596
11725808
858438193
476154791
148091981
353096149
368202735
375156914
95533930
163857089
34677258
67593093
467692848
13047236
15516943
477838321
386938706
180748920
268756861
2692193
173558905
542802545
400948881
194059721
1900062
24739544
555939127
138774505
9966969
31091963
248840568
128542
453724631
76768845
128325326
381251284
75382007
164209438
251331411
363017995
168827154
29815162
163445008
217888050
396054374
346432328
229742625
498617391
629202531
684664232
495720528
685827143
70768575
9594903
552428043
304001110
114759311
149123501
312072830
326181126
523496533
12834325
453275302
45054030
409506915
169226322
269657154
22432436
591998153
126233578
194736232
21845238
201015336
521253039
447619552
31219894
667162448
154390981
273762891
126988508
895738161
37595212
87304120
751271727
31342376
453389462
145376348
579516991
722572744
385032195
115356397
35700701
321609374
145353846
84557159
360200627
318500984
66044261
50404166
553615628
45293447
199025401
659580333
703973868
193033890
121486853
83531822
151907645
49585758
405967253
339439053
261347222
389370023
465901156
314750938
249593545
148780888
29123042
227772214
225828710
434053586
347137761
207200146
378502212
378750985
428586553
454562465
250965240
233337943
775492779
44362568
650609347
937079109
192874575
41438472
421010324
334391080
185156860
704848175
497564124
353231257
14138330
500644664
63170254
29944982
348846219
299658245
501571515
40045170
313277520
187657842
518082632
491371803
154997401
411168351
149039445
357472292
485922640
408509292
24978261
723789538
129422630
616365082
689728668
62052478
125769557
152678408
95614097
193217598
199399442
17458963
394016610
523162393
152834566
394380623
442637175
419009240
838644579
221552904
594875773
514048246
278832514
189584961
290074633
185398942
9454901
12241570
445155403
326671236
196190336
489539640
175141079
251206344
79287512
855205288
722752291
59138900
43524890
309130648
170669113
57563433
614012063
289303956
147932619
551298172
14849781
118061732
350201450
605248712
80690349
79567518
164407675
681563996
277609160
607181284
367628106
224983991
253074002
313911723
147251955
381907842
423988700
288866488
366152639
75641520
147649553
165724092
273115485
173546582
201395
437404924
94685916
196248044
28841661
82154972
302866350
359141950
857452830
49588815
566156626
103508574
405715086
659357557
65403935
61126770
285389724
81351724
260524136
134310199
23644836
104567047
629207619
894510972
45373526
147354324
86063017
160462553
647145062
545468959
293518965
320166620
81634103
721352248
150748086
36974136
182900798
20115126
509779314
117554505
424371699
247434503
157121719
233263101
217771540
373708419
391649566
79765752
80601641
698129638
834893979
38944931
13703953
468312408
250416797
275238136
37709455
496168128
886504597
603167550
215525783
465614287
8158131
4280686
5587216
258171737
270123414
24666139
265939422
105636187
8143397
3604316
221211254
233227846
531480996
413335189
90931586
144353500
139564646
129793973
206033365
556402300
328477467
204322627
163067413
55097304
488311412
6506437
96709764
277201018
306864185
96237752
419935139
19284073
223864034
311173810
606918572
28070606
138420554
409869553
294606677
259293666
75286623
48415908
543057300
456866613
689395136
1418268
19930038
159135105
3907081
581571812
769206834
311064341
2020920
522469464
10985139
690387480
102005103
383953750
13904785
211104978
90864643
327368598
161671400
372927176
388771640
673620725
104559897
87573482
301523347
702160301
435565415
160946288
835129583
558045298
42678145
147160048
85135406
221413992
137400410
232969752
361012102
343429720
127021592
52158510
448240442
172882527
31009440
223475637
32520605
40356702
736294061
469824334
575477095
675812851
515676761
179094862
104569396
34299936
222379216
335349528
352785456
55463116
7363031
444162942
416328305
1328578
458079425
136473573
212566899
235653440
209230095
166005804
547659804
146164364
965011485
147436685
187749271
771311583
564460048
592587464
105919976
122047492
341430580
90048324
278421602
43843799
5789137
287354821
48760649
284773998
477382025
566709984
112193552
620340599
740106088
208116433
200172580
56537423
105426770
338627934
121026714
257269509
95457829
273026172
99271056
681084793
162465499
637406085
277760579
598569105
627012113
343684935
259758190
2125160
741772838
42524790
203651619
215236590
329169732
121091868
300613990
17006895
337475775
135706126
413226421
57212254
412094738
461677151
151189642
839775518
2169622
190214744
382426569
35424757
300880880
96574464
121252728
179337978
220723368
272075286
118869262
711498687
238153566
79944522
457161479
302349888
104398381
114811254
388677398
83675127
294732283
644417692
537836699
203398847
227891576
83427154
505047329
16010412
581055473
59051723
60350101
316512118
390235023
430058190
327385210
804101999
337604893
40857591
269508990
323862285
84392749
302594928
117067763
586747713
125241707
88729888
206038161
78681632
405809846
318848273
86582422
65664720
681140268
112399294
152322484
737025464
280423210
274238550
333109597
433254564
458261782
253623931
123441217
242713233
305413906
336222431
137287469
285486089
282353932
63019655
35012077
439154576
213617845
24222103
22783994
5655715
33207294
177059060
238410885
54200876
290119840
647166365
276850740
349067
151351646
128469060
301085068
332640409
48737827
353160222
441630295
402233520
559257214
201577064
144031565
20448028
24184092
35953825
588383172
802748513
362835615
109028138
31041412
12910361
147963852
102213530
673058421
600108506
128780212
198199084
314213796
230370996
38905839
415123794
64287423
528116044
348137209
350357395
19331602
137073274
236704280
83102131
477713496
38338663
519519871
117286395
77738449
198756037
539944955
346561851
391406871
272826030
17573448
350491135
157851966
754075267
49558667
748936608
737246837
497332923
410577914
22893278
831203495
557390720
353363188
23762469
76016369
361777965
223320421
266182874
36102132
502075674
795075389
