415139712
296509949
121690560
199034479
401882731
28135759
452614765
95363545
421794994
451169366
701928066
113469382
817944687
562722216
437503236
49384377
9115028
422748781
684923819
188719002
10038950
198458343
401525033
437525467
93389011
507646752
52654750
246059245
753331504
432701848
31503560
946212660
182458752
150665287
106032823
144722630
487230232
389932079
104797062
742631886
268833937
283233921
11926964
523989487
378027001
118394573
582432046
400711386
864713078
148263732
630057540
147603185
69531148
116718849
743952203
588511038
166398992
1684039
90864233
87103292
106993376
453307
598583129
397406049
110296370
424209208
9042644
764485968
14419
466708882
169057360
166638069
596870629
201537894
292394114
390564510
132918008
25275934
23295888
185701202
293436807
363811816
76573778
123533229
43193718
134038086
24090429
795198704
17519831
347226001
218063863
653874354
214069012
37506868
407241990
149091800
62786626
31719923
97090820
270379664
190286540
184083569
43602595
298796112
431030190
13760952
214704215
6816549
736186955
32685924
360454447
70429766
402867600
186671742
798612437
667432538
336163556
232221738
278423592
324259867
37831088
760149479
94634763
315221100
78928879
423629371
955552424
125822041
405842362
331970427
296818498
207185761
219445512
18116313
28771580
562480902
155322790
362902393
327357349
522639721
112190869
230091600
682333556
564427621
599325302
386169060
485640768
302954935
236033232
59382026
39687492
484036998
8059411
35044130
350246760
386390296
33250300
3342531
429094389
35877604
163770919
493458898
164386650
221829529
29778191
422352216
250740504
136959732
242003976
404794940
103020107
27447116
23866209
311601424
275041970
714725574
594219111
51788750
116636911
450579005
240055582
453939869
771504316
487294357
520350179
73402501
106255244
297080858
88005506
122166425
235830769
392511283
597698429
672348502
29068331
283749898
485597296
286578940
120083952
228146467
549691669
237763593
572254075
229397325
296780082
470920754
30736983
493442857
668835185
608687519
510527326
167820790
53039644
137940722
42179561
428878564
108311557
125288033
229147493
625841922
869281722
233624590
268206887
225610790
753003799
208483030
299889476
37867167
119189789
335974820
683512421
790998954
103210586
205430088
206384814
426990991
302929817
73094665
653634730
247390981
306957706
226737516
44761726
118270888
245057959
388182274
581719493
255568944
2334664
179621307
237441199
173195153
203990066
488891996
415713934
