72939197
65723546
206695541
281029074
370448744
258715146
785494752
176735929
842633110
228378268
751347084
645436618
324246366
767863446
633649754
724389528
952820624
97787428
263637144
418708640
880696155
649802732
362995551
820166191
727980805
521199111
69426165
642174903
643941393
35458335
285815858
352578230
91942792
141236154
195940794
200025561
141395299
6317910
792363822
112680444
237213791
315985779
1800060
183349953
184949806
451917404
807472840
272422036
506058639
130731764
24679949
86727219
188605926
451051411
253788223
214461493
548530795
652492514
22462617
332025752
739927558
142018712
267999486
338157669
114276492
580390398
500087366
479455097
227852153
40741095
721365347
316309996
349325019
31054454
201688302
27375736
269337001
547655840
36964774
132804180
151701283
436821479
159164448
76992480
132794871
483017284
48985057
22081
183279292
833311188
5642469
505245762
487416596
134134952
379728414
591920411
280905663
9710268
262598785
477256848
408350316
310955816
423859901
936399735
606181055
62722361
26687692
301520861
90366890
582399093
97828104
506836542
2757810
26459766
113928
235988068
623626495
85926533
395050335
437479555
197931956
179872711
156840568
200312416
633266623
608663985
586657974
361495686
382668195
91573875
432964464
59604780
370203278
296787866
39593466
199347339
266259
835388533
889321375
24518331
485253938
632635931
584318055
35931676
277015772
199350721
731690794
712918356
568030107
130939311
475589692
326240859
134215593
41472046
379304242
511169158
222573934
346862288
213125078
397864224
489329696
295374981
334286177
698491332
597768224
433377057
65931493
86203677
72015539
143839600
24108162
705508681
165903689
374254146
57988326
518135676
416750086
236027513
442381031
36780069
421578628
277131886
99803994
345022
177349722
482506879
69547966
17051410
65498880
585992233
9853670
1993040
264690665
291321212
387395346
50561900
120030001
160311065
134048034
310740532
113874110
415362631
818618442
402112377
245561904
13947292
667060397
687055112
313207085
143970335
196370526
270285205
100024384
256621939
202399455
758576581
638347953
648048947
284493285
360368808
68533573
5466090
92829535
849921925
34515387
36881430
7021563
153471440
461701617
6187
257844508
602410871
168139556
184941337
31440480
82038159
220456827
175741510
250812291
540025828
450868384
445870683
409824444
446726074
140002978
22355054
780872210
834963197
694907280
213453652
284353143
107875236
24205014
311907081
772838686
513149806
178841234
406183183
541067122
200390679
178960702
317549248
146442942
146483375
757436375
17631839
126881769
269601415
24381372
131027423
64984526
622089402
487988355
125349456
189670303
190936670
74412169
203480741
70459690
10144044
329123749
221386957
428050804
721125186
208224519
477725200
40605800
356272134
117187158
394275920
435457291
288596403
543375914
10186183
508491312
270499833
780928965
151082402
581541168
529059133
23898112
506027257
90429587
11878232
719720959
20957241
361901870
155953598
197378188
156455893
129572285
5950482
366983186
448903462
907208443
18507284
131323264
96302867
94507457
589854507
513116966
641731737
195433392
240062687
857307743
17227148
20288350
112385174
346853541
19930946
28286030
18155798
443220995
41271493
591905119
49561159
69009140
201699703
106061811
143415080
133423107
642706453
390485544
131958663
474407793
64160907
203282604
494917149
635198017
349301620
783058722
74971394
101436566
359587138
309061079
558673893
525694552
402060608
280505990
496126178
61399451
110897256
607727173
94436285
107406984
100731846
350822672
846603
869224421
621036265
458358443
81900098
252970276
181761481
6177535
355135208
519966736
176274000
106964094
30124106
16867120
32881840
87173
106333463
246850947
1602624
298527500
401648229
21517707
600586791
648095432
175872702
125047912
218448545
257939488
122032490
337463281
360743350
20525175
257917784
40093390
363209109
23273740
47069390
41942880
132163671
214456602
508660649
117606580
341916152
2374852
36942969
241611136
379062182
41205813
201952685
337624342
550303839
352720961
253025279
273876277
473286922
556660025
415268714
43966167
214111530
768396327
36214792
403615412
617240189
54931265
238277888
6081368
134517800
380401700
252251485
188510658
152755411
537704871
782609218
155995522
448965645
90741147
510912338
194683088
232816404
27383128
113270454
122033802
110410645
856875884
90127762
204960594
591690067
630835494
271056774
694894334
296914269
18953259
38297931
285373260
910349645
419330741
28700123
650532574
668900466
47774367
331713277
120335430
303929103
362492621
21213125
311581221
584165857
123283492
194893898
502786999
61079515
648527256
340585252
135529628
153359699
348525156
345368108
48486606
35702930
124107428
226427836
207945242
510075432
553828566
180732743
240138489
207194451
78932743
174748409
152622055
411862412
180917097
455980980
36523079
426226601
59871816
412101756
224803239
122250349
100260714
70446138
824024167
300068853
297074766
667335610
285191892
480930032
29078570
831815
160841999
281665163
564976017
855956987
71662590
88164
154630067
476816670
50061100
82278872
881026033
289195128
425475011
511076673
618727274
97345385
88998850
370664564
156124651
63231350
270959729
199587478
228057019
153870
7090669
263713310
545716141
6773234
424185725
594930478
469212663
3925876
96186688
566611524
594756134
311354606
426693232
100170957
2594240
141711978
45937278
683627466
132849138
763310621
103070406
119789999
13186897
25617970
271027401
567045508
20591994
44240025
232870902
12565057
206098
94501926
522244772
24618340
488486913
125252125
648157567
46892608
484702309
634832116
114929962
655073681
248276921
177676810
53042996
680966138
894246842
13929729
532014336
115066956
155569142
253144328
392591817
488015206
253857935
109546371
382663680
644591313
595463002
292740926
864358387
311435879
11029498
212316746
72416801
164333082
52875225
305299766
14818168
131821764
380039162
699137075
25361833
184014667
634775586
329889959
86175378
50031202
568308394
554376054
319383634
47292736
821622655
51882892
162635897
256454692
223656226
8668591
774213541
23312905
197010701
697823337
415949509
562497743
131107456
36083951
19977433
487145574
334658871
39691572
705596265
9319123
677968547
218421791
181346486
654228389
401717176
228182278
174525380
30788105
51564888
11597597
311272928
70469358
737796370
192911576
182377260
532659125
150836312
55698669
390982817
79582480
367797419
905503147
420705545
866704009
689189549
190685565
630714978
328066075
868821317
28292733
590721266
68791914
480014229
25092273
417698292
92796192
541780606
143403386
54015751
127628169
286640022
186165097
66518807
480769120
234389240
12662915
285325669
656609688
14767700
254709853
489930236
313431041
406442661
365024825
193902083
183306854
504516859
50187231
278064058
226232301
454767791
162116395
699054060
38979768
117831429
766087998
138070004
287463093
497654825
50954785
744173923
360681301
270188205
247694008
44622407
42153128
20470104
274527074
185431680
159186148
462612193
628934304
216083892
192525667
325968564
603648183
123721944
233847376
175148035
511873198
606970225
524346075
219029091
464898464
45010261
958063564
66719312
777074181
266671706
559734921
271184377
156995229
148839846
185241308
489677211
244264499
3542428
22601405
306237619
210018930
443875676
522424279
352602171
157232404
11903401
240367413
566523076
93163482
158387904
426741187
64010100
546838247
37869069
320376160
488942365
140107174
72417025
147365530
80056280
64872031
564084404
707514876
155745539
216133548
73932906
102445213
131884652
128421880
346602277
79655678
676687589
617323768
352509239
30818865
78478402
25179871
477523261
183328297
29888370
149561607
19385550
79899972
72949421
258305505
517847087
754343464
100911993
172701009
337275168
282620608
4334199
85569797
449964759
458859623
229619381
268781984
730621704
120718533
162787587
590674491
194865429
201838180
617504629
307296746
783653783
65285520
25901390
9384546
21245988
377483629
706887506
28877949
93207321
81290565
256252311
511435794
131492077
105872489
248410166
305440941
907019749
438556188
395992905
687213026
516331952
102377695
20800175
157616790
6389910
26885908
720099556
159581100
298987823
436403608
249995032
397870481
100721641
636344738
336745094
269626613
111141979
90339249
77093158
600157956
137920822
382562627
155912033
86834031
22419211
246192435
66414363
119081697
323892250
284051056
134951751
747997790
19985571
96687480
681037166
175556328
152804870
619379813
39440112
428571984
386410983
493680800
335176692
561001423
774553785
395774222
26263984
22093814
489310310
29878503
494823874
65234996
255730944
221392058
318020974
578152646
446800400
185246344
183046727
601196769
146132979
130564094
436178931
426503819
542130162
400644532
99023721
396948948
160843723
61319074
406382083
78172324
15120120
380427140
452762503
106046573
332829799
181722809
192467969
76013132
74210834
3391553
204305794
136868135
884124
683740251
317444780
508099270
456304958
159987020
310575229
94767721
92095660
189400128
479388026
651975749
238638
193272612
862095020
574054938
93243088
783557520
279661600
329229158
677878413
90556216
22377769
122889164
64116629
619865417
126659656
204997989
196434872
579695259
510411292
13094740
87625480
439511496
37617224
106504552
56949377
214559663
758948936
810300490
420547851
452440113
96229861
756349697
54830480
413956744
55159605
471158098
538635025
227596732
346983602
451218302
176749213
47086700
574113641
181811477
99683400
148898255
193766288
246833744
534755027
436728748
843443313
232846525
102516886
238203012
175911821
144048510
767243982
221367853
6135444
170903715
266543964
172372686
47249559
33919773
394287162
263048055
65407166
167332977
135579694
583595194
673321959
154026301
52079720
422097098
735810681
68016368
297087935
119482264
28020847
281521800
526613778
106117162
487544652
37126392
319770707
114082895
27175537
77265507
831947477
80636427
320472448
185041505
40815068
231501482
350334462
542047943
242418601
36079179
28142323
481736
244403466
429687930
231711435
266575658
326510691
764268092
634332305
520668792
31334592
468635338
87848307
274330411
188725140
28758403
21494247
661759988
1651473
4460145
243194672
287604528
761630179
491670640
302738403
565654936
148160740
22865928
445744225
299746484
208709804
110137523
405126680
53746477
947505
440996438
118172771
437507568
480881757
94886740
97571333
769235032
637563656
468262159
14950767
83630898
477606234
455946659
415749053
310752030
216170004
235700092
601689010
14120173
69700875
70043970
259582964
222562882
33206528
202196600
889095494
15135453
384461418
579805478
104347447
25772562
377074041
264851405
293732810
822973760
2195704
82985068
63480369
433334210
41215790
5859194
414247325
47382165
39114699
258109095
579092646
42787855
459860784
500307472
47220675
225539121
416756610
104316776
92837796
532242481
613133404
173155462
46033820
417831388
344404471
120790450
306877163
879106264
326306237
142722318
349428234
1378240
132898030
9853381
236159530
277102776
622423502
417625087
412794442
206634105
267694535
103271074
185668858
135162440
92091479
85402242
160300579
121719795
73894502
92951130
108045657
87696263
551734423
22372209
296518695
23848368
107723966
295701813
319274054
449658088
104957020
561280662
298874714
247576436
759946366
221286594
600891170
389294628
7800147
313875080
315747727
442532160
144171971
61914135
40650212
195832665
260449829
491821196
450134360
61190373
536436588
183417350
181215094
139454947
383658320
218828512
78959236
30952043
828985087
300482340
165600362
18888827
510787783
287366038
80479700
274701761
53354924
530822261
354896755
31119720
136370749
499874724
197472041
97445726
16932599
223049056
143455428
156148504
354256580
94028987
829091818
195713739
2396044
266347116
677419024
440327844
172947603
306587026
42358294
18740259
322343948
147268096
162039885
627361942
717204316
336070245
858353534
622307712
501761675
405584097
380343978
464474862
8949652
9058991
684876306
434623262
154577141
285315461
142361342
872532996
572706744
406068944
527597808
111084410
54262310
317886511
18819443
134713311
121496678
32984173
30062398
245266006
98092901
41186856
44287791
480746541
3708712
270116967
276926210
581580618
150294833
3854382
143667839
52302419
360819164
194179017
86852814
278861859
538515321
96332280
153759936
347129264
56316612
239873038
370150561
162300609
437633181
220690755
566052594
267864044
75041162
43982928
574800844
138078579
85291550
316920419
20678519
177116654
69438437
411865357
190199344
320743108
254774761
101602498
230495328
550443971
572733639
601421080
459018954
337950317
705936405
240083653
582692288
264710376
229643513
759421384
704400
55224194
521643629
524499480
34482186
395857940
93853035
186179402
104223477
169835322
149178328
195881550
381853929
23139589
30326746
356875769
258934914
46443912
257177992
193611936
202590143
715642
591159212
69062237
643848743
553530197
265750319
56644857
47854915
302548019
460321700
517256816
467047168
44363779
148058258
503016168
283756799
29690843
74189256
10150841
270621644
472252721
357696005
252104157
107496859
27380462
170089936
481429146
544275858
765339201
32968407
23961176
92583341
479667138
251206989
559521460
8400087
59405987
240038889
698733989
56149740
405664030
107361975
7186705
703185224
287014021
8646698
608545682
502942812
248348621
207707621
216104340
568763186
103990770
540831192
53019882
261499740
582163898
644736661
415669674
710497149
70802368
33868346
71989828
128006550
13263012
560256814
485660500
669590063
323262646
688006522
848415814
302495291
65209758
474370077
296987816
323217874
238685839
289187337
49619169
687831234
539487749
87386546
65199739
357721585
132846182
87982205
273273306
430703319
211257412
362119780
6563455
21351846
30904712
476065603
227327842
706507255
618252457
414224882
111981027
40226825
548550313
4867773
461921148
685391358
112702320
408620983
204897448
68760928
14030241
317136418
178701216
170692432
285861503
243120615
20420698
125169483
309803822
344725630
140112209
226911032
117530797
264463465
78820983
268327750
129306279
348376309
110185818
403164714
192453538
107365230
798212687
491235864
145648164
218400657
356920698
46535730
532951516
447967880
133311121
112495212
6087236
287326565
611757220
81969472
953339743
152411609
64504260
6037113
168193894
580887862
896685320
34748888
128765554
155009514
283576635
200378151
715758510
198772193
172808994
79631930
452928179
201656283
66924701
482967914
37070860
279429577
498947706
2117834
401697341
125676096
35797135
215830258
303276884
109882391
357011839
34436150
45308407
70256897
630121065
312379343
117000835
25868786
23277881
137973825
355843517
278941465
285391015
743033869
38098012
495311341
7156860
618779401
43951655
54835205
513047091
752113239
661466160
319945968
793896521
319569375
844813258
604985918
304829377
11325324
306080268
62232500
231597990
48687505
696595212
59138522
567681870
445388024
264521958
563002938
151072982
384216011
161659691
449459600
17433160
640109311
313108758
806849987
227188784
331884398
255224376
4873649
230188463
280119880
6463121
425991465
457362995
193689250
100517126
19157674
54573279
452779140
286106568
880322883
516523
324415842
57730332
93562659
212752196
155469001
381524661
3572692
296308188
584240661
372620679
147240795
833181039
90602538
664766959
565196369
29924647
345451630
101808784
309561945
273021651
388203522
78258190
791505654
759339528
191389884
156941207
592640307
170243341
71563283
46011021
788465950
135667778
37243026
13313910
175412769
194970592
100062860
62307227
80642292
204605403
190452468
565132300
326646922
878774823
732449199
200003187
408197551
336504943
175469421
298595165
564123170
653816881
154592424
3671899
653513552
952191145
169850378
270809393
429478273
593368940
116116950
241275003
425338123
603602592
222137036
46790828
316922343
18523828
169321942
349420369
86520225
14700995
383846494
298506526
73440178
12157363
793704587
18225254
255790780
102855065
85910575
146641172
51052205
30581491
163447442
155972178
179623796
189795741
452880940
329849275
483869017
689027968
335199539
201062844
226144256
90414225
634307694
271269423
134949141
304536520
315489110
756688888
123692246
230792961
483255278
81955636
439803031
789998234
47700392
372814022
298576269
310995668
671885416
184244359
194040561
232438027
146650481
311390134
740304339
105531842
400077696
141300728
523876676
44046680
161087743
170158744
313792772
219631477
773647453
333161836
365322966
344532396
281633695
28465676
386646154
93330043
152146350
381159353
670469820
347702038
416203626
578605568
271652157
178834256
378357887
225919044
173878375
572898080
672243103
958118475
149565565
320411290
403197900
429795573
621380391
85594463
117451218
140484516
730192779
168083242
11522435
43540985
731761612
239280927
429899632
613642004
47848873
466933454
179433962
576434438
592796790
688772734
640046685
256632204
286976755
190266128
168968775
483778322
60921379
317467400
85887938
64873112
160244856
119098985
17550736
149085424
222117962
524371679
58745022
878381121
101550307
493441456
501997578
35037589
230368146
143562213
275448576
14044394
676790866
395859396
10571792
579481691
3743670
148682148
150969337
14656464
644517386
151055835
513061282
353596734
44214577
558774830
62556934
788147484
59793003
30853860
418792870
52968398
786283497
146972976
281320190
328040679
75305729
95054049
479138369
275289762
651683430
71991836
842024958
368784157
44945293
527898737
50353323
351435158
388333842
265367729
26538066
263246761
15758906
659185410
21877088
538793314
415932890
662212498
96796358
501611220
810333009
424796367
46750911
592982913
452723434
41278560
52827678
52413896
406024122
850715915
125089830
254752404
94145005
118124618
601718665
287538619
142398302
441657499
202876764
788263242
304611962
185511329
537144709
577003548
119802212
40485739
10650913
144096941
280946233
666400122
667609150
535074165
427197920
271039515
162938401
176942033
252126004
487559552
268442763
204668875
1749102
69076590
172494076
326644028
390407500
1735157
105943996
247802266
420911506
334751451
129282104
266302871
1826056
552617319
453151160
119011662
148171176
161667108
477114092
181437462
365559900
242945844
841522599
393261062
217409884
417977297
446830394
680463771
148451541
121207382
315843723
208175829
401019048
161711154
219964221
10841945
112425614
77733610
118074991
276629885
291127822
13980358
385347406
230288680
56888850
432275396
796402050
142933814
792515347
336269246
178473410
424127951
20946372
90975655
72352248
625967429
37475113
154452276
48653648
92850428
18008813
579774358
588158485
722568394
90892324
413622192
12414532
784812607
66359473
583017417
307993382
31752178
477459001
635084246
152695200
5707940
266162910
197337408
374063937
20576641
318909096
117463868
704869417
411309377
385481594
759985813
611898468
19212247
7296093
331166473
27950039
856778423
345217506
141205035
283797301
757939107
20766384
673203501
38608792
40798112
6959537
134682628
324437736
110403176
80921048
605944559
26803722
274643626
11103152
491314312
271485852
549863375
670428763
156357456
3324723
427926048
41761240
192673413
346934602
526742756
664039431
137931078
261624452
32565981
261175712
338289050
52901457
67401678
1105918
476825303
263267635
370108619
589371325
859140755
71220818
180404145
12844974
840163895
30573938
725350169
110680035
185386884
291004873
533730780
279713865
464405686
118482411
17003418
27157247
631299516
166828501
1694963
229820092
151979550
159259900
9317730
147552921
201715328
506861411
117579459
75543928
159632379
258613280
456844405
431602406
168457640
708924750
41595037
137172390
337468802
611952893
35479962
362018056
585269001
112406040
198272085
710190779
226215371
61699290
6356415
21615727
337761086
57501516
589966453
474639461
184482654
93085115
34925415
47391682
265094864
276393184
303237734
560056118
64111244
74980351
232374183
464809782
452068474
665975372
37992114
570220809
334113848
12807438
204759778
89160996
144638550
452957
13680701
93022232
619713639
282182901
151375146
279215439
74332656
422204666
759877884
220503169
158452327
33010680
575969761
47129966
142052800
291199254
36635337
621843219
513787826
168806720
75201160
174786465
266143320
139642165
75447698
298060908
341939698
15331166
553582353
99499367
229010082
64927716
694209862
78935318
242131204
612827841
827272390
88657307
277844489
353253575
441215019
523123254
332063745
8842419
194503876
400803942
27814088
53194338
342492058
37166747
269445150
149407935
532585950
46989598
18538460
181712857
423391899
186114365
273394735
663630910
569915492
53338171
404077977
78765618
3390464
100912717
13236501
453425258
435560855
571854290
502002849
500886
326151238
250688002
100336271
38262347
380905932
428478031
743453259
125751160
71539643
836159396
19888777
666970287
505575099
30242927
36200178
674562700
267563738
103633959
124786607
204811398
119028898
77872724
733578828
49260719
661020592
76383776
685127878
402490160
7564520
631036705
545811651
280301525
543662459
489085882
407137530
234823764
75395373
152344854
622846952
560673616
200218500
89971767
6772285
96367944
25685610
228088140
351056053
16601965
46464701
276689640
382018869
58427490
105891961
546586832
182246300
556778477
468726839
477148906
701842993
756647827
857068451
571358239
211052421
239097586
128019246
172217374
604097843
458779591
659034579
476931692
194610717
483273366
254391697
371989385
272210006
335705550
379103431
748950196
14510961
646341781
361408100
181769260
76523329
388245850
403874994
130439394
68034154
245736558
238635558
632387305
30726333
789257505
527347078
195500482
72628693
860378254
147575877
58964501
293820687
485140494
66367967
317984791
372114870
304201499
336690602
149788604
583356141
322967084
117158783
226341308
241343071
238952026
111151733
321195364
803867653
208996463
204790970
1901790
321721308
149560787
158960564
157777820
778440165
38417340
89969199
48144728
154448398
226275224
738413338
648519688
96448845
301116438
317000962
290873808
283011248
268313286
206705953
533433316
244180
278143394
248164616
267561436
7161204
452109942
324986620
89464922
351594174
646465647
377593861
233423331
39916718
297936150
93302568
421370596
942115019
38546278
22325653
246910207
18657793
444580932
353616221
475305594
928465169
15774874
167771179
389070814
469056369
38024330
645187760
255290250
655858066
341877419
150515113
90129014
254726609
284592609
153748711
175205456
618447622
719579002
735473058
160338420
25552444
241912272
788001505
332889134
192610
119087167
691715505
237920711
420405093
113472541
91567472
634504930
200778984
141838920
783294147
287695586
589824993
853848988
398729404
232574006
506635934
271908518
367164922
408110661
13708989
19275575
442888248
654548326
371630649
149877944
284400228
38961491
628683038
754212892
71499883
36751348
745889447
581266278
88983549
505330144
603902847
118959895
241322982
449656876
528867185
636708163
224799490
526350582
645006339
226368368
384599174
105724182
351132480
660009873
124303887
307220520
252419016
347005263
164604906
183276930
33670814
499654075
270300624
390320640
170690876
709062991
300842357
488438824
347484980
372827296
409456041
236386220
15975287
79526473
324909404
194941678
71860986
439365748
309751252
125234875
49490551
140456338
90913870
226225142
367538580
335358756
419140170
322608135
595995723
114442572
106137349
25685088
267539976
802045204
514727834
373312045
12756920
435764399
85337902
19648565
177315262
18734903
299100176
40244588
26382254
581946073
83649099
329651910
28846599
187866583
303238496
739732185
24423986
424352551
71471992
94462134
245313873
368338904
651673018
620975532
29814136
83168832
792723591
65655212
99325046
669814602
132259172
13920398
535265440
169423736
611297796
544145694
110795961
272619477
344242441
442391513
561998476
299834889
337856727
323845121
485143062
161982395
149527406
494949419
431994671
24241059
54599316
649182220
435346507
62289101
534471107
663325784
717387564
202642805
94945530
142329064
358553988
13411995
160529187
68134342
145866475
59120798
115758731
401881666
19425694
106488653
205296833
17870099
38722901
241107605
111361968
407033219
89060732
557811001
295452612
10257585
73813852
311281113
92506648
225650014
75137885
245847039
101099839
414649420
696170081
5418745
132063864
608844392
123081159
616647570
184367418
41151359
311859522
298663243
345961686
208649175
190983891
663602345
671767035
612019159
365433541
181480947
413739336
139910438
12180161
40888735
649672389
27054534
40690016
175152724
319715074
308017245
558883460
597401021
613879327
829772741
18437207
52385608
318567228
135225831
4409722
64652344
297112824
41571333
375612900
177373409
22873320
228093028
281033401
262110678
542664942
629756805
733269338
247682244
430887672
3259185
32400201
368667544
554830924
933604165
237557335
541155987
11599444
416734441
222717986
795860670
670062669
515503859
24037766
881540984
63170584
243556474
610949194
161816446
91378735
349362261
425945910
365509665
134768791
158617076
412709708
130250834
254092615
239144740
290362784
670139757
585353882
418923496
357488831
273186791
239219476
664770262
157342058
247129422
579369018
151071244
935831961
251037983
8246807
89380310
331106265
394550892
265029242
186977424
516620164
53292082
296558815
212571068
44211993
297011105
356950840
153172457
138736938
354131912
453752168
8628890
275024203
377503001
619475178
28545733
89175173
843068540
201541796
471705182
199910258
13487441
257633058
261829995
103295899
248406849
63967981
342238423
129252000
201781933
115410043
390691758
191180730
626306872
102527891
315488666
403687089
34220802
274496431
594565398
271430628
161343932
92840128
709096697
158124845
665138570
360281083
393147285
385064646
8118092
31350539
222530560
213756918
335612257
591247829
624030235
201146481
27953893
1767639
377700998
14499725
194603362
280357136
544882173
313470023
314591090
68680521
323860674
76385545
161104399
30639774
2074992
289657037
93228553
157679547
253135605
539251350
112712698
19943991
933636648
193575456
533353513
87238152
274273520
270939546
453058477
281312376
354289007
26239680
65369507
48197018
604883879
358956372
312024771
567845786
304485856
535516792
168330122
561514500
115257457
291762842
269782920
715261458
774590525
609099892
57489058
28420592
186795925
166147650
127454163
133973578
115593560
280690666
62574600
317351363
768692054
83611830
652869832
358278930
65422472
485476915
814924672
73969532
705179548
446453878
482808940
408222657
78153904
315972705
38873775
74651638
78185848
169150283
216673328
828464616
161093320
406622664
208905520
847974769
395471901
544634042
106695529
576269468
37166294
512522680
571835388
99689162
856968579
540519048
31139136
73279955
26658157
196368171
64870526
19622742
187786401
812909475
36772785
117243052
341103541
80979607
202772072
99478334
427150646
17268497
542370282
16548612
330966108
70930151
319401693
529686624
142364720
423080430
150809805
12134989
449905860
359250644
754470399
825665797
579420427
164011405
688793770
101592296
569495603
152511504
304212261
103934851
94425052
513671209
120355387
95121519
356931640
821464678
865898687
104354497
133140482
40041645
355916581
215628492
2030177
101646382
125559867
60840278
25743386
340626884
417302779
76097589
64142963
200927139
514798149
358525660
749977325
463200063
186197998
40244981
224113863
174274551
420510126
718655695
132035177
336836638
149025612
454227161
92613982
368824016
124240424
124247850
928681901
602185590
55945504
86085609
53144109
3698423
59476963
458609316
94247360
319297100
66017923
541216854
222001816
126377059
26491925
691491111
17411630
170825348
341077814
4601622
19377344
485770207
214644770
157759412
135544406
549178176
339027092
166640458
41392014
319155774
533548262
279660378
577070990
286764949
243302905
95360089
128763682
48910155
297382098
27579456
253744149
217523670
603955435
145236684
450886565
78894046
122609708
340806853
238545111
200352844
399272193
246429884
104925542
193517461
621904013
2151627
56310184
454680762
833128409
29904229
263141391
24033349
494939166
56049070
263883798
69750252
273998409
127620798
40140244
105915220
622852479
238750278
452092082
106956383
119149450
517052700
593511960
91944814
239299563
247376240
38784550
500320991
410175480
262312071
747227519
234891760
205728461
180187984
329396762
558733187
28627
30474669
108965231
1532811
399048727
255881738
421590218
632082815
338496473
181505020
743504944
365885572
66896661
198801702
51061146
276688624
178650748
59113387
239789838
10830320
148260487
12620374
15320531
294914760
449258750
10567444
382766459
30238848
883246760
441156901
94205414
186918118
13286936
433989628
237279516
183318425
506947170
52179826
306634496
781811882
23502003
246371599
15080476
46873088
361151961
32330260
95217175
346005626
197480837
726562480
307872876
1485016
566248568
277076297
291019413
16649650
350866103
341328643
235335891
574164393
148805702
298767792
681083345
499211481
637022533
448118854
492696007
71281967
56104786
851814564
694593004
785316843
942474688
13710024
630712356
67192698
791045664
79788060
39482424
241080641
354415791
72296184
613767599
61502727
715089370
663968246
606798990
50505120
8285220
483540344
57472732
69249951
408412467
97282812
191221899
601430232
103153359
71342976
342325611
551629379
21626823
713863584
310560200
367556003
10570681
239237438
264613787
133347582
843247787
718525961
354569243
107156229
932835004
541357361
557605313
179492890
37239392
477434478
61941064
474585215
108284736
703224949
506806861
171440380
66178437
448951859
42230416
483281490
415531920
192293364
353429449
333654373
461332956
16177475
552331134
121432017
351328169
79043437
502968562
367447472
159101438
586767150
56845058
658911768
715249821
416463802
73132090
112289280
274458015
193193274
104100335
635695905
103096889
684330662
808735745
204153810
133847734
41647664
251396243
66972020
358063232
3191472
34710041
604724997
152527728
435320954
64166472
12276009
140775359
75700972
169350868
307676422
353852644
373489827
226219520
87423700
711051948
328843789
570660291
23240538
593756847
16515766
78379726
119488482
22551393
787089920
413726193
241372372
422528207
284057475
1063794
43413730
139898156
368701384
413087882
255195751
503710181
463410020
112860
268389712
244834737
160428363
754084484
349587217
5257359
137446950
110967488
130777814
149746501
229470426
174434226
420349903
343258903
151794183
384432250
303319556
97716240
280478967
486125079
672826167
492560496
534123085
182105267
432598508
27900284
25863827
22560681
91796588
47032938
912288186
187102566
116695676
97419887
864028312
177708986
386135449
215394791
105636400
634152609
628340580
59127887
131131386
181873175
114645626
506133275
550844597
504283653
151408836
490695962
67431232
437469107
394726368
106840449
866141365
160276120
112577118
72606438
336465989
52034325
278866886
68751441
235164193
198042354
33479747
483696149
665109625
26326614
117234812
48845884
198442583
187865063
286002536
155474230
30886799
571287766
197803704
388082267
118307283
3598884
615144023
577950818
130252104
661610938
92290110
121489029
169980072
465899936
129730851
92754999
306891372
363182870
24190541
316973417
34924617
103164093
217386890
179938484
785133753
508751124
166456285
101441813
153656086
103093030
600395667
614752316
250103837
68034501
253778504
621684789
214268710
269406217
251084299
84980376
531296783
319291064
29280360
173178429
211399741
252081403
157810706
251518119
24806323
270131652
198955536
821462915
382944253
458295793
100352234
53741734
342694112
194512204
352627110
176389727
531898575
62794680
275146416
445209902
558219374
8560864
110970194
134872824
136173291
5803795
743428833
221981345
430901950
430884748
187131053
58361305
445178125
142199563
166184587
191591973
107527823
150496
67685428
36876912
622198525
809849447
135962377
355265582
15318751
433906275
533688879
762335475
890115512
110716555
472610723
116648229
1238013
115945630
13865696
29721450
21477726
138151082
25113539
5939074
207207614
109198669
414559900
170555818
45715611
151415769
212057475
283106996
380721218
275822471
241245145
20863432
100326022
633262079
110101232
321718225
40686486
509888714
187864282
371414585
166096527
292895913
408813780
10046529
367152585
395213693
82521897
90868302
509429020
163139738
131821683
488643092
179764676
479903246
628895133
319004744
134566342
47300655
171278229
253264406
506217669
472780515
730166477
251218494
51839950
556885524
465079409
644848525
96707926
771743498
16041900
373102916
488345820
298183160
654670605
453532693
228807425
329457012
251120522
73414833
329211458
193592448
483864260
25060910
70739980
75179278
843696248
69272247
108436447
258988356
243618389
72929155
489956411
690864
6084710
21825166
63061386
380268737
91903824
704864673
313525105
146138092
334324761
507139743
481578183
649052536
73326828
711192013
83432540
172648913
167565500
120223353
67140501
49141448
475575348
361538004
305564710
241522
398653188
323583393
344623436
231455087
172666189
5795253
153917033
615197120
18526685
296216697
290897112
711431182
495907272
393384
323492498
2560480
69387574
9037865
254595838
219449602
233583606
575937698
357179355
241478428
25334791
46547200
351381133
121653360
180021450
322468320
26328179
534324472
89187120
389221875
396340902
612958742
48612484
269333210
722664715
168127555
42658860
327236373
47568564
152652029
848469952
362897785
447862150
32712695
399596227
471914607
133112926
396066888
48262644
857572217
366472605
185182548
287637310
893310725
21207836
77465087
470656522
695663132
611696409
5905
911306179
167153300
132162368
56371431
83578567
1190860
134490565
484665391
485572952
21811257
220425996
280657327
36207590
106946838
620559911
502052818
40334542
203993925
50611109
120951366
256452408
37347814
434825039
8347899
6071990
686814449
687101196
790262564
104441272
793980100
54675459
592981374
121239246
666009019
623967508
142414660
94880000
127298413
616444171
35385681
69905381
683665656
320204745
96791771
160026307
69063325
49038664
747751722
6529886
316596805
141240003
257130
594928218
83271773
8362300
316225661
82228276
27780059
93886954
674669308
470186657
14471184
194425569
291741586
37865252
473682582
84909021
165532016
364856273
351178998
16496454
120974704
294970902
720204206
1484814
71845692
1360508
20858091
47828636
168230678
636060997
222621390
840872497
3021912
629043085
193797469
840080133
743190234
513077217
128101161
117948002
294054723
529161906
235589899
216552796
316124709
53558152
638345000
217881094
525445112
864327102
202858108
45087748
314987540
277926336
562657563
331753643
636101970
482865731
348880394
102177539
315434680
129377368
502783194
631057444
153805808
405521950
29852581
85706120
85548380
229974990
36334754
454212
118757681
229333914
81401763
852803273
46473879
425670029
22192063
577294548
210982536
116708115
94923878
79809142
727143806
88829677
370874669
225897894
591203825
372313953
369253494
839548514
218368333
232461166
98168263
87474
1392040
424022863
639876166
213745839
322379227
317442880
20616134
178462875
178216175
18300192
458465832
290318086
29139510
264430011
149716788
363937363
217403762
319778266
384492074
267687821
814061422
80972400
909853362
463444062
254769224
104167957
709199653
288325974
471253627
7455205
712456601
197605284
162175001
171023082
529945037
285261072
631798107
77261842
285519622
368529435
478283385
78559128
579819712
125109239
509684411
363579208
323578795
110111691
57326067
108547065
143775591
642656641
21011060
628559313
497355350
505601706
222027827
29844467
375501228
524539828
13063409
568184085
29328355
676188840
62488689
318680976
147094395
39401909
385175961
191779114
297299610
654600502
181355998
161725977
200359500
724969295
382226141
99053997
91683613
48335212
139667057
352248397
397301035
262417326
137944816
51952511
651905006
565487690
147374654
307118187
42835947
2070870
189944064
84406439
92150163
139737890
180323380
808604595
327590731
461003395
651054869
169550226
188086349
359009451
213780843
160509015
61081652
585464150
69090932
234742459
233719698
390343114
743236120
217053793
46713974
30313052
112757071
2137230
3601298
584811384
108269411
463950752
404031754
187651395
426539532
537626160
384925440
29012862
414804675
26396722
401066015
119412368
55283358
22917001
105257395
146183011
232711002
162532070
449033589
90910000
64966531
130831928
571971688
85858610
74085776
370485374
4585758
97801022
59243227
558181964
816243952
411012552
161525560
328330067
449072328
219178085
111243826
366464013
732845880
222119012
222286800
534759986
27425522
514887169
388774800
129298662
95065248
471533876
10336047
6458480
936290
59400143
36631173
626836844
313236759
272814087
388199336
179783028
104863648
576480012
247305007
463609835
21597264
513987141
668233
260097959
253131001
29357691
34395170
134324302
462545926
224067102
448777446
612405564
364281320
25009059
450730575
190623148
291709730
511961616
255485851
696441954
287479929
534909981
128713512
198027797
615989181
5788877
7660776
419385135
166805274
578221778
726132114
163076791
444903232
108768132
727408750
623962835
338498116
753106267
295773228
930040700
617815072
351861056
505634124
32359649
153752982
119901256
362275890
51465889
429583374
182243035
471331167
441224096
470967932
84153504
6719944
192250427
36264630
338113860
12728304
269152409
276623421
137189099
98832608
581905332
288039783
108146712
192053032
268871102
255703751
523100307
464452681
31113989
866535795
351209056
213869110
137782050
458058968
37639256
264856671
257802187
694649370
149509389
569322477
42779475
204867582
83955792
342632938
304854019
823210494
404905829
150093076
747138751
84785599
81496096
594738146
137051702
592243353
234668671
94098864
222472640
558561314
63780387
115946911
311535277
726973943
572302290
111715014
390643590
362669832
152143149
122983890
153678355
103212877
57247390
467192069
247300786
233984934
258898819
630583
331559010
67575172
38945453
498733909
451943848
506836500
69238171
357881094
181904903
160997520
118197031
328013901
347470578
522857168
273600749
179847236
317613763
89444426
74209461
271834633
152339130
42507246
98526158
511991614
557615500
391363094
173282756
474616905
127669567
577629855
42866552
153611237
77537942
109529991
230932924
234289674
639445934
162778794
109783445
24904431
352005878
747675894
635449555
41465048
371869001
188659850
496789478
637070276
15009707
102909482
87351988
786714468
534173600
148873683
501221379
69223074
805304433
442343660
491748899
365218113
46699194
59845670
362753221
363260
356144300
205055168
805183693
22814449
15951394
220889459
942693407
531502596
133063613
316404594
22349695
18326626
338123397
115013426
711006717
158525158
230443379
580076451
384744644
808821843
441034388
734361404
174695530
31279676
370399154
345012153
309421065
201204990
233941703
81841670
407188563
83987502
713970466
837829634
165109068
341451277
392260397
79889885
366401510
508721874
3868224
323251069
12257244
6688900
805510058
626055529
94731147
243380173
191725522
71660633
263495285
482503011
76037265
609240642
246095233
303243703
806710219
230020
857548476
659922607
68749790
629068871
91951482
37454815
338992187
13255530
252587311
270084066
16841381
73820994
330757288
172213065
149206980
140093770
432884965
279010795
157513005
283513715
533489423
403675505
51782904
730852843
41490612
141407475
458291970
1844625
271187589
131584932
51721763
734171564
44121956
1695444
342695689
163044532
221914431
375788448
58916328
209481158
123496640
319405763
73297879
252962028
101156325
667480023
246267031
656421512
306863387
189983525
340044153
214294253
86700749
264527520
403272327
112431881
388143775
2326806
43131360
77932536
299348937
93551636
323296161
99688614
691280434
447952848
788548920
20245523
676854932
611612873
727147624
84786923
335392314
534664362
547055974
108982329
194380440
301670037
97430854
262052588
268304268
55758930
152449046
28532
496092822
189973327
49984825
78284990
321383228
689345369
78610298
77218442
217314952
157013302
63084359
32219724
69937700
22323438
141093465
90078853
442510002
136725352
29252195
42342933
159338149
166879344
200163797
60983253
580486969
133163768
370080280
86731146
240000720
546450505
494978539
207347037
198397876
48038965
93278055
614285988
25249695
52100988
750072351
254622246
490698579
254419184
81878518
124344180
227402786
414802377
554763250
453999082
39089125
840034747
133931434
361122440
493098019
298158810
754589262
455926255
85744968
606304706
198063352
113372077
423817695
34246474
841626733
552696950
841379252
731009090
228230480
569233866
403929660
693389853
560389657
338303662
43070626
300998453
315483760
725048021
311295525
653890231
11947876
52744484
413189547
20064223
169696194
219553160
549926424
114774840
228547422
422538271
152413037
501962252
703364408
135111735
73757590
48978694
31999579
702351336
41023378
825883447
579463226
12286022
596408214
24398243
105619910
222949673
106766157
104062941
459449743
92668748
499794676
179351160
592120214
58782614
175868063
147725421
40431710
45910353
33588760
72475714
331496670
77047593
862558348
639860259
280836732
276927279
460584695
84243680
365106948
61167431
729379607
411541456
171129108
566355056
607387531
137523458
38098376
298234414
292863404
447493725
169615282
585132011
214742913
221251693
423410847
726872914
9355555
201166059
625674973
43127378
52188433
494618023
350743329
176849904
536799336
8018869
376221437
485503875
19491594
336822249
220336842
86225820
454688064
107726387
33808296
940600812
89194291
126674997
245205865
326327256
192962922
294966154
153851647
79889787
533946360
132185538
94730697
698998884
641066228
390646624
415806678
493657399
308099748
129695294
868710298
39372912
100136773
451865300
29573031
660718847
352477303
540394604
564937856
375626677
394024985
718154053
459302079
150013315
504363061
87635300
39665580
11262576
30836614
15213837
56564774
286046107
572819537
246147516
470492316
645748471
140841841
673178718
389228865
269002989
149679005
828902578
199831
540915601
20044340
230034449
8633105
450849441
159110718
87076998
179511912
779696811
218426689
325446181
491555270
519589636
116046137
97276616
41347793
53359124
54007683
109208812
715123470
40945253
844461326
251437343
310842933
194279545
541186992
658299030
579358029
431989416
474708170
337917935
385780887
97504474
99441564
567245109
325893348
583385358
67350930
105478170
159811037
733412854
292238476
385463804
52542264
67752586
174122935
723709864
230328127
371596053
140507801
636561168
294951116
4010220
9853342
1758770
457796188
555275720
4832693
666624866
223252116
64662969
515433644
511681383
793480605
148535872
477346369
167960103
364705659
559825413
248529478
294908808
350851597
20977968
449262706
797338931
317908884
2268178
69892410
98502748
147432322
475115957
205686888
434921182
93780419
689492719
9196786
115169837
4352131
10433862
70115142
160196466
83891898
584700630
797433516
198324545
523532999
299507577
453161569
63338940
287053706
60058553
295165425
89246210
232421081
224909411
400171859
334802607
190418188
139490418
79061285
605260129
11394716
71888426
314260410
366028524
76968180
35917347
312568085
382968608
200680188
171584352
308823373
137716363
52689590
232222000
527366856
138191017
723697744
670944791
162811595
102815728
48818106
107701989
466896553
76322181
158368878
236453469
690411356
10477402
38498776
546283019
240951150
19828468
398791735
546577166
252803855
609262386
286594461
112485160
9440060
19789906
423258792
181959247
274270210
20636949
227267851
1617751
342491747
499833030
50264220
275407479
899292894
503205303
645868307
374535422
934182057
19956432
253429568
179523251
18548077
161348316
148683128
73561238
435878009
474983054
72320252
215252379
4049466
115332391
409877446
404329223
338916116
528269553
343382
1142766
247364684
477783690
75253767
542890
75104494
185449075
124518247
531132980
437077235
331681476
473439210
85490115
533693676
56013275
72480565
960509436
117613797
150805353
638022812
257665773
161251925
601165875
241408062
360643194
282656960
245590740
684009514
541323643
266914
499269273
3709466
545809855
43116522
533065331
104804803
903160115
551246338
126786178
186998719
106623472
209578881
421796067
485456346
808362835
241994222
684050822
190000973
75306068
672132757
421226225
24615402
309959472
250189160
64264516
100243790
907337624
94570999
136754428
470686934
420477780
158995740
254402769
266070710
200785451
98170444
548794234
853909633
320401230
292292664
268648800
247229762
401406572
284899376
862404
37435656
432373175
204117210
132656775
727591306
33162478
181523256
266174860
295262614
60837893
488676567
279877556
393848958
25304461
202538196
320650054
50362476
321123214
621882443
698321555
526917536
57083575
197574376
93120474
643568654
147837354
301698189
148622678
146555174
353746926
74034754
135218548
281219150
8891226
20285893
454578466
147799702
332600789
618488616
200429858
57204403
67101345
706278464
317787005
145196727
772736699
360406781
39639721
109546256
116703648
2206896
210913031
294268729
14915332
125274584
229788795
2167889
2817442
424785834
498779464
597675022
22323327
126030345
230687735
46117578
3119820
859269411
577889446
578567594
6493511
104086106
35734161
557742430
319732224
2210331
44930230
82634670
78129126
180947202
42601860
52621624
108003359
4500060
657220930
244150437
292556349
94502350
57694475
12548846
124552126
442468904
173900964
55871544
280909802
594026595
779134598
84863121
113532610
71347676
849116029
275119138
733102292
830362908
153973314
223213029
43233166
734109053
294207082
488143011
204751310
113380807
289466907
484853862
23591892
255907267
275488444
19354000
584430270
592948960
210614014
740890166
127771792
25579758
255476381
522879738
63634080
164888997
127648871
609518388
353177219
326878998
413568328
133962900
823512282
98612870
469613466
20114533
240815280
61233246
345393576
24667081
326387248
158980467
470597061
245100680
799688749
2393828
735961099
426989582
52767026
256476112
15849736
28849012
291159069
316924550
736771257
569327762
118201256
14741448
70482025
854442264
381952230
14490412
259654648
177519151
307967488
535037949
42115312
6480147
39479076
398416676
370057604
328150195
461780416
665156009
488376801
174960151
635557018
274621974
109666270
243536051
47580402
8725315
865047715
65390577
162607630
76311279
143769146
2520022
615137837
153734560
216557236
555437711
227691900
252355242
23607335
144435312
56584643
561902614
290100535
435948986
397715462
7756165
573336732
74450459
481622490
124896460
873919908
131901701
1353057
618777716
636385852
394645695
814720079
18622
271444471
237132432
268378142
493294550
142996211
430476153
10696545
42024634
135135982
112173420
553926795
190673730
346259834
569932533
45726939
424782064
117110646
180584938
35385031
528936625
880103540
350790293
157409041
579229549
442032237
650843234
137545999
447116274
25643044
882643648
795259037
120394808
660102847
41254978
190514820
254030379
427751172
224863450
11848937
109623988
138268168
97492377
247881374
150357998
82992780
132706934
445779415
125838760
332961911
148868424
67004544
61480935
105932713
295041327
117110283
68893266
509370459
601222176
751352611
172570617
67346873
281838365
47398599
246258460
343497938
131237922
33630268
39436791
227798050
675458290
558360181
96224522
7635076
153032294
48616092
205989656
47816514
108995192
178611701
449922747
795734850
66770965
148241794
406002695
269565338
80473992
47220220
49969172
131096774
81630744
217159113
596946292
192206107
164775930
73873389
411780919
86100170
158992288
698171660
602913220
13533562
385247856
182957428
639155519
383436431
175883368
916074996
63450429
270751445
365414733
622990693
4114808
339687162
726757497
294455414
179095110
132815824
200490457
534135906
629246924
295182596
608821797
370921143
716664286
238218820
330544254
36903398
446551208
475088906
419223643
189638120
347623933
782189500
47387796
61904889
88550046
274175366
383018053
177936091
473519118
155459251
97584484
188099740
518064512
115393284
78409203
724615074
34904636
96009551
141113447
716925964
131855900
156907012
247340696
64837772
736343517
230630372
66694221
72566942
102698602
10516328
126801470
280878226
22002502
167144529
251881108
193683648
45547192
199337445
321222369
313728846
447433523
356906371
22316493
496161509
16461885
127003992
92564862
156842892
64080478
462816283
290562988
46533292
6363422
456647766
175822443
317059842
506304043
226745337
459122576
185998223
335180465
259474364
241387356
92924689
8427362
511399995
152196296
717996589
11834160
939373326
427585849
30355584
648429549
142855656
322096343
445494710
138305234
10336885
180350072
191996399
2345536
297897185
660125271
599329557
559207175
553209780
69570279
255492780
6031450
125118050
400353814
337920753
621122070
121393314
442074765
113342713
156848388
43301415
385070031
180145145
22330625
149930426
358257100
91936287
246776495
377113414
487774205
780451440
294710016
455364207
428954388
414533427
349418324
185654044
772617986
246782156
508652677
550172671
13938864
357726580
222014106
63431697
820681186
200811445
194999035
373581670
365594926
21582417
82987051
60526509
254749726
38249197
593064625
768095088
341017206
697742089
52740886
234846977
142184082
188918168
903313494
57821256
38850540
425463947
71026333
33326868
595527228
585890823
104002070
330677274
435272022
262433133
76688851
642670520
125949376
80173114
47618630
417141895
465880605
656288716
250748246
57916858
18729908
483608392
496458578
107548897
779155552
481940372
45859358
15089177
344732078
787181455
3145868
381183076
11221896
173368019
592908682
143336625
280278772
419409561
39588570
276905218
222706932
46527052
505113099
405320205
65556644
23728175
44253222
1349447
11500794
74445953
58451037
595846048
22789450
199711235
317084872
488813781
9358525
101845861
432735990
36660450
211023473
59730778
653035776
52619618
98629637
309325419
155606011
289885870
11751765
187191303
287349449
719222391
169651473
549833407
137710115
49919818
751596659
24445371
698481269
151716019
770461532
89672174
209692034
238508165
691351365
569066745
354176798
13116720
18119140
439185263
235255883
6145696
921836790
1887246
196652220
639048384
63877935
581581925
27159015
444571716
241152862
53064535
321645879
317416520
159990054
228344020
148022505
3150200
444017403
338174510
658390905
260156329
73566246
192708594
113681317
279236998
310264310
381178140
28885668
551330934
269196366
126662455
206939204
291114
138070734
64609327
55352928
427456846
198221298
229798425
780310540
213700786
151695598
152525917
507925660
20736191
187222196
243971485
79706455
453692265
681549986
176060936
112944424
139456485
541553170
84106302
741115930
5908236
29312337
37352010
123746696
511175035
519037744
67415225
116646676
108948686
226391326
866717205
157374132
21431976
59922964
126231501
19734164
803875756
795217087
465775190
730109211
650985320
488245172
80594907
186603035
527926875
112778720
101339214
506546553
275609965
357248166
74225814
125616171
114015883
39430144
431695306
408626892
15823016
58169930
333789940
121750754
24601607
459139822
692549237
641397198
121870869
3710127
127103779
536880172
567545523
16069463
363894608
91443439
59845200
128112653
42923515
359794432
335306317
33338740
5675827
770255348
391077456
383314584
776535935
469051659
526988789
145699786
791311829
208042738
466397715
865272817
200497907
490455414
231115038
313612026
32077615
375102206
125972250
151342598
104310552
196805798
374214368
69768860
92294652
320006123
67772895
597390087
175122755
336786235
16155423
54689717
492990985
501258722
334140888
206487925
842554684
477838227
351943028
41900174
260951612
1935069
762781681
323686000
39059990
169721040
577210834
352382332
173909806
5823985
548500632
544178120
924147217
14169750
423988068
416716720
150393446
81654564
336027255
553905478
302274366
267325876
117675616
53486857
225894646
20193733
613188724
229670323
64462920
26248137
644242725
102170033
172662821
653646417
278602320
316952952
577951950
282948886
49377275
91564422
241837726
263849984
109443081
314357606
17736084
110579967
364731733
115951253
827738957
329403844
35744008
118072797
310247693
824023684
232963830
436931104
80547949
471847630
430900896
746667020
244103930
17123767
741665575
79556510
210041722
79167528
769085505
123827300
360192060
134094421
97488950
273532450
368515226
444292552
131642604
717262894
276047696
217538747
238885448
110317221
376416834
263070282
491218376
14723378
783014357
290948190
53199833
379309916
585064121
74935306
263210413
151852551
1643857
290875747
142292055
16837155
77987392
535464917
257108583
328727144
277428656
248198810
287844395
540447487
90151003
165744175
109517400
68408684
242874311
469715656
196933755
67657308
265213106
390676537
586966912
143364686
154213334
236518995
343332033
147252028
766001708
650889743
716792273
612163731
80063861
1900204
849243760
42771833
237308669
260746664
352439405
2927544
332500568
610125558
795823183
299247265
438849954
35175789
127133203
79754173
202255287
54863002
107205687
465002015
290747487
53236523
470581357
254196361
263000723
45498046
355720935
801342793
483001340
101303292
16202392
218698038
35165504
408876559
638828576
261333431
345863410
37810949
131045007
16115353
611048800
343717228
569448170
27179373
15186807
547825644
109050611
328739672
255842380
515930076
73131543
170562932
278720651
49965100
101126062
252152699
112763936
868161552
100908603
688611184
216590529
208123370
42659715
174850467
100901627
375985040
84358312
241737645
245011505
13809807
709102578
153866737
420448371
652588401
64065771
141745288
401929734
734493225
883325
217750009
121543708
71514550
18245096
232300755
453336208
44110956
38053560
14307399
419410498
44139836
39482124
626678748
643590661
541294269
117105493
565422222
295736579
2188247
144705258
112587312
583352497
280313122
745204893
389722934
20483554
168489041
482697521
554420695
51233046
828728283
149071225
71989540
621559760
8885420
142372337
595041249
139552431
242261002
202868738
325639817
548151561
3509104
503834103
169558325
81861917
21020103
81395752
682855334
225464086
817977799
564409488
88652193
382133790
91701440
122812765
160499425
389921989
626839594
501168332
579573108
562975757
39620308
45118130
209003066
232912502
143995203
218562163
317831694
180930685
676853380
384386769
599020926
482214411
201305240
182246715
788469042
184651535
188914202
254980753
550183311
40798020
34920971
317692513
19828330
468677723
577751408
155061869
132207564
351326095
497348175
56877715
244953471
107691028
80511712
358076868
256271493
420738391
202933387
60136964
641347220
155227879
273191029
150786940
166833796
415793957
345561621
563814948
354800239
611062429
187625971
76998048
398105216
207111164
185065660
504968401
329689445
622484607
47268313
165474106
62551926
639481781
328852552
157878666
218235344
40914126
467277988
69218353
657728907
546169826
382520543
97229847
140634792
19379516
137339234
760211269
119350405
36644877
191973795
807323821
86226730
167770247
791359108
706901248
121186074
56836843
445213053
203464983
938853180
2316450
585462642
649446098
305468720
720557403
360138331
479923993
788516014
107572736
67004736
224420995
598572208
293937312
533272122
561121358
65905959
194537431
113175528
30400996
527536400
315084407
175158761
474753832
69442838
245129420
822017730
374459404
208553298
225528170
522490489
7195658
477180125
224666794
378334415
78936290
52205800
572330651
184991650
229147061
415482524
491289544
547172476
724223839
340355317
51174611
744357132
255211282
369962299
367664900
66022863
349405325
114872552
102191132
868018892
600200411
438222024
187601878
35663008
161488353
140849284
16783287
76738950
158002386
221647632
680008
569328525
516519722
367050064
6848131
486646228
302251323
631568312
432589780
18764615
63955531
425930655
502655965
44834790
188583771
105479007
34578790
611655787
160772900
167863384
161576832
201525762
757490570
795510814
480752671
8438718
516865999
104283507
317038177
416678140
230272053
192574780
223421444
331713948
605401823
288746118
2315214
386645882
302827567
370056096
485178280
2305085
129536293
567806438
16648526
71036161
458799690
104561109
67768523
249151829
491470859
546430032
382161383
159698036
36480080
39968360
309196282
413364036
49135770
632681638
470802056
26833118
131017276
146272802
264891317
379527556
298067463
119773599
122966874
292833826
271520271
318661088
468115845
305913779
218032234
207812736
345400023
182714445
112999560
4100490
38082833
225810362
481229572
316542787
11979792
58693153
201511655
399549092
162509895
65151102
44525576
57518646
71280537
468417096
414500020
22573866
366825742
608558153
133296745
379287331
624091593
163891690
241081688
408476874
654794618
107463632
941358687
94349062
553743394
37011954
47085812
10184056
525412827
267143058
274275204
495402873
731865607
154236500
835826263
32397088
604062696
11396782
288331687
316081236
54036328
71023104
6819662
190763534
293915310
288429420
2499190
884208927
162779042
290259090
46745735
675915
170657285
387685609
412784183
255935320
26618544
595568775
2746484
711206218
190100184
196170318
623083643
640678869
262908311
323200407
20163818
239849670
610468859
525561460
497152991
454271116
507373334
225996456
330670840
201592834
221846202
549866231
126766037
15794738
51425523
134255637
178527194
131738438
408554631
149562680
103736305
436677990
120745253
738377637
568448017
442508949
573939039
505383378
82424531
27198540
139920422
194636858
593636647
4302808
50837596
12918953
419158966
429858632
142169820
102521469
585665811
17122022
535650068
157902599
704959492
348489728
10906188
299823887
241083452
298156668
13138148
440544119
361987871
157428101
292737424
45204523
171069004
683438265
245624631
114195797
113010434
390471288
856282792
214444367
179430394
572110370
227478159
488873406
24347448
252669625
389210135
105858281
122483778
233033766
145453943
169884126
156730690
46477281
532551897
168127744
173793891
1885333
481931232
172224016
191806684
713410378
63657327
163667376
622806238
2605148
91550128
326782036
117390441
81177270
311264493
178463274
467527217
194781116
446400929
390904072
240507216
686575512
229611408
189124417
581273740
249208508
87794803
362250987
150983902
39377048
419180641
950729927
624419235
348233920
459844237
152870068
138212360
260775122
370335842
529213071
207578871
484326639
128337532
419687259
326405523
282426004
183622349
397744261
846539454
297635108
654655454
63077894
176234579
334623889
128625158
751236709
186960204
365273205
520348929
134179422
1691568
501045053
157674245
106902188
272692185
152207034
21969220
771523119
61002906
10140847
2182238
507895093
70009590
77527020
468024183
357831285
12647952
4656270
185435626
539925069
14212842
928884006
272242618
336462616
264166809
45514928
353998191
6723017
394328295
168065963
9460775
46402101
139543820
513515287
67050557
486910008
827310254
973425366
59162564
212276395
49694177
177325708
33318463
363861728
645779531
90906549
807049232
172812114
211373280
68538805
372267800
141963487
265401770
584421559
355340856
35421207
428378904
374475878
757539406
325283772
711754447
588055975
143410124
35278002
304257096
75767402
268590818
173728048
99294435
62549333
527750416
634441832
72847502
576750525
190100928
321796645
346525172
160238567
575044335
224958599
305681445
581842
733961695
53009865
314634405
617907852
33265611
500790545
507914569
120716655
214390862
169888617
679056246
354505992
25707910
280177349
14247991
586834390
152155686
131100790
919046718
93107840
530220572
415744262
550426428
375870532
250604191
398950660
301956888
659145135
493577135
466422390
162552776
307507251
3313388
552966270
80186665
5077018
65308424
324658344
540621526
680637389
141976956
771761571
605828421
115031898
209410893
264313520
297464960
234792837
547229365
101716126
205441557
349006241
639661171
21777946
727779525
176429292
135007056
56376542
69201508
11483545
384510010
27629555
142188406
184613983
30845358
82873970
521706393
870261784
739871182
252816209
161614077
776885908
127552956
65350679
96008021
246129146
22395913
175884058
389392962
88155851
38932430
17002733
285886153
316059300
50087433
118966940
290197710
513201624
267005909
212972602
17696576
19987424
37135357
271863515
65711700
253162048
454651407
144743058
171386484
413652336
33123142
76578196
713358334
15643449
829452932
524147547
1912118
16700893
86858596
156270905
781849911
158001788
667224674
694538397
48222291
79582376
588777839
413938457
72528427
34173308
133724024
15843022
70190123
40876488
4794764
136736233
390484311
49775402
365945483
715385664
128224581
667415862
440447518
1884975
231443770
450669019
65724905
31082890
381988305
42144379
526648108
643111794
204689493
318345009
43282243
98236700
699951823
639422512
44854323
868111725
791404059
558819138
98204592
568088403
613181789
763111013
399391300
279756376
857965050
27653182
72079638
12765908
700753074
738780216
66087632
423081121
19925382
701786632
5171781
219717710
18028890
364089689
268820301
610753101
435646083
108917634
491582755
57150312
371440336
159569173
88858203
51821131
25239056
512659303
234910110
286839753
352591245
15501735
500544546
610151840
363406527
377236703
646529752
511342271
196809726
245685590
138862590
340438480
218872733
26647059
138661499
42413706
627256829
607643227
107889840
525184496
411658423
235451231
483823800
518058250
47895732
264777387
606790389
139677909
37054212
193740512
57386678
231749862
508588311
367324914
431649116
40553358
390490455
493831930
284424024
134835947
109543959
440061429
69105527
202204332
659258535
407921214
6461532
14298454
481504494
285061600
257661852
71086175
348878193
336173533
9038080
66045027
81630621
154649140
216037562
192832224
86990486
70394033
92817960
491544142
407466344
34326169
377966319
52963290
109915624
630203529
684584288
291854057
317886410
27795501
726038544
489004071
274109079
298905757
647860172
403839167
536005803
22154469
372074140
188892456
960819281
169664417
458220946
184888294
447115326
518153142
255264418
40779531
560241725
313753667
830756359
883256
335977104
149320714
423497119
79926723
494148557
167880070
386185236
185131784
18456344
536209620
515347767
214416956
385827945
25723104
357474618
499190400
67728800
111348326
461236090
226427567
830232128
601701332
367635151
573652730
413594883
178020673
124462479
140298649
83651394
350900669
550518850
769233466
155889177
764332250
201505794
473738377
243710517
154503321
115337870
489660800
135701207
141877547
786493895
141244060
277998321
18946608
96142369
148064397
100058100
418136304
23135726
162867276
140616545
210583250
60336524
46057248
293050587
649413061
331761364
393952849
500076555
724657621
152709562
137748521
568451478
401522129
285949138
83637831
42945821
768589488
794957550
48365253
172922254
574820779
101342453
734018636
313341094
200187391
358916132
576813134
139717792
348635035
194023197
829846876
319007290
469635052
502850188
13259745
79394958
131559055
51407349
16539629
253740960
557571492
656504954
90202731
14803740
724434145
475432524
170822386
359298443
578625810
169846092
412171894
432368339
171730859
574407453
60511715
243199213
284230416
129910464
111904310
189581328
16771454
20121427
275069550
881702736
86581538
568784120
163928232
545806266
17624883
313849009
439511185
120637241
233814865
196981606
71967838
120330318
316742253
362213491
28422962
82680633
372497235
314265189
84322442
52110385
153677922
933833289
496130246
414415261
69627500
796568010
486490461
168934464
62327056
57370126
85773284
153472240
31814324
314197981
23934717
183404268
240318035
274024533
48109504
194064005
602014740
552372473
270550773
639272308
1742712
5831221
354878215
