104262295
138085874
15571044
638272934
338694607
7685106
61467264
100232884
338057045
341824896
313917160
40676382
498332518
75396162
10508332
286614311
621911772
857574394
210162803
122202900
87825052
334570470
500300437
30455778
152453879
53664496
52199349
145008707
733772370
165774540
15022440
66155075
205650307
482739932
132589181
375725322
520893442
763503310
574503227
53106832
230832297
442351945
50728400
542726504
136284720
100853599
108170154
624977513
130720633
190977029
579372559
744789449
233673372
856614641
154988042
68515014
31238315
81312440
259386154
10225735
380533500
547440104
589258400
108130638
657606391
683838501
113629042
84043413
392726173
7804920
56441073
143434128
72517223
25868625
256078077
277900653
391413402
711806665
50173528
428411311
219444989
189111205
442660562
35601262
115920621
39817684
13462824
139715520
317104472
85678153
170205504
62275931
64695781
270740166
75207463
43263593
366320429
370732248
628614760
126813752
198848283
454423528
1305246
422275962
119269517
16527531
438022468
609251869
745661659
18662426
222040109
309155662
399376842
413144599
339923936
784185721
133089472
145057798
478983268
48982880
163856565
574157851
646721041
821370374
136286324
223185016
421309414
114362129
13630649
689027079
693023023
393009613
211488543
134903990
66573416
35868219
203546935
12054934
430739408
195971607
533962381
461574240
169063212
101309019
148476164
459157566
216053411
187235822
137847815
185850489
380921503
370360909
371491565
259262907
195500411
221971050
116599758
310605781
270612872
77032692
532538818
631991064
135971560
354109109
11443068
865096465
191142984
263986242
107718170
298071611
216639966
129052090
112152147
33923784
253091149
804872334
118809976
309785288
61782572
14466162
209298171
347984141
5108700
321426181
308843792
81923076
217333791
309652216
142789316
570599446
445622526
4806687
251911788
52194180
115645599
14696923
359941583
335547113
953149832
29690164
313662542
24527429
282959422
662067629
589110040
470408591
31983794
35909105
22494974
435043788
232644830
68972029
524833900
217457122
283709625
221754134
285789764
436398713
21323485
96806408
819697771
408916031
5786422
309463822
226075785
532312356
41720
7412031
195238153
243958542
247447212
434270271
596900578
501195463
737588220
163930060
33643256
238799958
538489267
261095844
605439446
179770540
696460174
114166129
24187304
956989529
287329213
37057128
150713412
185594241
236010454
548794448
133102985
249139174
43304012
708579113
678336270
46303889
3319917
268046453
457217938
75753272
153290636
458605746
49781670
5290776
700500524
249485294
482874198
13654122
534916928
553580513
488412323
296492930
303951456
251338333
955731317
484898316
12968171
185372143
243682186
143480022
4964414
305226086
176559801
352854371
41625236
265439221
454119953
300436878
46967412
177741633
213746950
87141452
496177340
125524862
694459696
99798167
726140935
295323305
874229107
198518807
129104964
322138855
107068693
164638963
147639848
29030516
266500849
14322736
8442264
292558310
145288983
125110184
288609241
315810617
279685273
781979481
150893960
557512549
60614819
537470511
553607676
57271634
150320291
153420143
304422111
444158199
682952166
81294656
176373362
31703684
647400042
263521771
787037232
486233564
694862419
81594421
686351154
3122346
431207405
237249825
906864678
299954378
203244452
206514636
163074708
96632200
714848236
115240897
30716491
9863817
250714178
180671414
495940
70449431
402813900
140697909
694048449
71371509
583736369
766211838
103037164
569454261
362525329
243232096
903452691
153156859
550086621
139237060
201024120
820567373
434103956
66936111
273237133
764865040
63797190
138079451
58471219
39273559
119032417
309324360
363763301
127975989
36809019
380429653
42185189
56694171
237434268
841678078
496074924
207611144
375902654
229741036
466724124
26758021
775466982
599199554
62786824
19823489
65285628
2774781
438868648
286770796
131260519
372390960
617693396
813636664
405371179
669995012
299059839
427972973
135888509
237626900
97461806
15717666
288683283
365164707
305240818
231503666
664599806
374504550
663733458
236434161
751614954
134008152
377679616
327399210
39472466
214144802
253296355
6357904
44139576
451792481
19687128
238432805
164459930
50721198
815693
429989115
709400511
140003994
127744330
78771861
137098687
83323686
339787628
94669979
157757278
592754868
327006096
12704064
227193633
641155172
120303090
770651137
461002900
232260302
402953364
392120116
22607084
345302377
623821660
283715911
848470940
90146988
3516939
121232829
246468850
86518110
436226944
227245435
265727609
170452042
276130676
536697376
764012253
169619106
13556114
85914964
99143246
828536604
506695337
392320884
231873
225740537
622681278
518692542
494944706
651559730
658921612
132072433
51544492
44343027
483237221
327735589
504198338
422195055
135032295
81842072
453506019
512683922
105639739
8685301
569540263
707041667
5380788
266513478
393003264
4506639
126346513
247278781
56837269
423646210
234741558
12478444
926530060
233435993
310570252
170321008
58660222
7210040
41164995
69205630
626025334
104093290
282321980
361664957
205573500
272576661
193815110
316085280
131598568
189202704
6234822
204141072
184380252
128258790
213496523
37249573
185584400
393827166
243668861
14610948
65179380
542683699
267643428
43771976
394818455
556908031
17410550
278354693
152182423
476255550
427740666
35447329
4467307
52046720
293978307
557378371
386626082
231109828
204340177
274055424
297006337
68502851
26456289
74362735
76824592
12873748
179783738
550808616
790539580
406774535
98433145
894989135
214837356
596254206
544541530
584491310
692941704
665830065
111144516
165325185
296771866
189187124
102421894
215350832
640871776
615150749
390959464
44259897
234917772
408541774
170707530
453340665
221897089
592906412
377183418
345348978
668718918
379915186
236202655
339571887
410606897
294812584
406221160
136601056
314761296
8441572
617333715
392250725
505192093
278371320
417516694
173400146
70835729
85872415
321307146
152617267
864449880
637139497
339319110
58204497
109957622
442835976
847571984
488285931
685511032
327343203
75953008
6930972
548512848
393972124
47146496
102853884
48304903
128773674
160794103
858822128
477406923
154090822
444848928
143793702
526151596
21799493
528593793
177594800
280513562
6490642
374913622
182270828
32627882
573278322
10466562
495847654
467169043
400383100
280043318
67535947
25127126
120693193
133803980
239954309
80651830
68990455
52311566
5459646
639137029
464483527
12909523
298321321
84326662
397563704
476399334
234286969
311958865
55106890
44012927
323665415
426596651
854216868
111371550
476924576
908975008
605570455
155884340
239994138
242663866
519751620
573233280
201766976
649340917
108090412
153843842
655289439
713754570
802519432
389207728
869701565
213420435
77371546
384717869
309244636
97422409
16727594
205714932
119634764
204306642
177335618
603131578
39540666
139270712
265286901
298867737
10816719
474902393
70461272
966773495
39801647
146558388
88433009
216170172
59363478
8420316
311014916
299555983
639937935
624432771
368172549
38019721
556809914
234124155
34992966
5780874
449943376
203294201
488598908
789703702
192158496
603011375
139080998
57333315
10916253
133413401
303171237
303969026
33893485
250058973
466185180
337323929
394659564
585319838
302299107
125054208
26723083
211687252
230600829
577010061
233621712
669758918
41951333
135832631
270159990
337830625
537837038
32337954
46545470
624510739
262768236
423869250
496447926
232131732
106389887
7241845
178531492
15538994
18396597
404649175
306065371
301086468
38397691
80590667
48933615
433241318
73277656
128459325
395487278
701708478
161268036
289872537
190243415
956603088
719315852
9421704
239124640
660345708
550371006
322019561
41491809
137157881
221672078
257443961
358644021
421874444
282364540
329731225
82906528
601296795
234109206
319199495
593288433
88944658
6244649
193096918
825067096
975641451
610295420
538191582
45203384
100997235
597175957
667585042
258913958
18794454
786137967
12596304
552131980
56620195
331847787
28741372
86857322
298699026
112223527
136913949
315242037
350480183
550460201
59796390
501621200
397304654
54175211
419578044
456539281
512433145
218796715
342248905
269813370
571794360
777999893
150487260
538220826
443838360
193269276
94035532
356486209
105378193
16290020
521050613
4634847
5942774
642168209
447308442
124647246
68885532
91008233
300300997
80274983
165344306
329498320
311903565
518550655
481914301
23204416
11657463
121212512
290836572
163317
117486668
23953911
49106485
2996702
7488212
844753641
620432977
539505822
98704199
6055725
6218210
570147362
100974426
308255210
339856610
364742383
146043255
71283331
588476165
77193983
632992852
129274814
448692433
278521874
699179146
678694708
495906898
622999234
33590908
722946454
144519470
454702832
18826302
355841243
526695440
88874038
28459429
356608
176284633
512007268
64727871
882072420
401951953
449809265
8123047
52500782
388031676
568114696
379193849
740752597
240346617
669438715
126195641
452455484
435879762
296503019
659281065
190590372
15274091
14915401
225846848
567837552
56351446
864409965
16376090
785438722
269611624
125609412
361621939
82084341
613875724
598922829
210869620
387791736
521213173
338260611
607262519
83002194
185830143
538492882
536205321
596684478
202688227
184455937
130893871
390619596
649521497
46011913
158044272
688386572
118401163
259142340
381466973
750394041
377486954
640721100
226167214
297222253
745158490
189284384
50278254
469491403
446356433
768477852
151610126
463553705
339049274
52001124
344658832
74968384
18113883
319778567
452769552
768834738
131969733
379651074
52416050
139662682
85656974
107218377
537415138
449605029
42315330
308134392
263891433
668223010
407759809
401465768
81395083
710201602
40501357
736963293
144007550
93496
218646872
578295902
20646686
602615216
466871366
174698886
240375748
389611466
163267199
508051677
268942978
432353427
34111443
558061913
155724092
283804053
582163458
11656041
386366088
308712704
258216483
67240695
46160041
261550971
155525523
363784358
81291698
483529699
677141571
499598273
126138726
416508618
288877232
967042429
425182598
171277660
192355707
504071200
215230227
10819076
31062531
510847223
538100173
55425110
36446155
207984354
492011435
247500920
2409000
502694248
123568953
476806629
545840331
109002078
533385450
169335312
596953791
337603917
496092335
487427451
822877742
618478317
56971463
47937080
50462075
265229088
89352605
36893886
23428936
405117733
399096961
79814986
85265433
120240509
666649558
682795252
225554270
395638903
84398701
170169901
69446513
9225427
312546965
289852737
348985134
137218148
57051627
348004764
203954457
112018500
269373480
127688265
80227536
170725856
349379028
721379586
7804405
272969990
138535370
308294081
181335276
35724206
17937283
618683259
90434753
83802281
350418321
116459757
317721330
79661002
670755456
218862614
53968325
315701058
241719783
233881024
193613651
292132833
324564125
267355967
112051236
304461277
315733662
783739150
679778629
419340822
395907388
596430120
109247555
184948358
150257303
101252647
310379632
185201338
117714768
141832964
96956844
421834444
6277107
372487016
276526597
400328897
71658184
290890830
461544
158825052
12676222
771351641
21893764
41574024
119793576
616052220
213368013
22542251
66351207
5592882
52045337
18392022
172955094
355626581
374845048
156622903
376697524
249834375
346389605
637209188
52431351
576291205
396313539
684095139
29225558
760757096
109034196
339590190
379588305
198380606
74951384
23358406
15241216
159600394
70961058
260578971
112952178
58974226
166822271
42387120
236404472
57468910
53034054
21627046
6489985
272666878
102223798
8278335
307080548
145022029
521237176
137459806
544036312
258551427
216877936
264115524
329437450
129927683
237969870
349285204
340199712
472852402
102316084
248330047
136772489
383755791
28786260
183161295
133275638
242897446
507218858
225159024
144344247
645783602
20754467
256480038
256527421
399203267
433479003
899387590
229022182
333912498
112807652
718092089
679865954
128553621
80969586
8893499
395738562
268774632
190190814
258278384
235823935
19011244
123089421
157631138
893941639
14309589
338751496
777883675
706885060
72069841
264766107
21617407
48550171
295518664
92972650
82969176
190800309
166165477
270451850
557989348
99615345
194071945
100199491
124500449
112818832
125750769
20112713
558363102
409936120
43236395
148038666
283727536
166540626
322408018
690960009
402553133
262844626
88676156
399788442
90119439
47752749
568198641
492275373
289024884
134454100
209825621
313175310
40248934
410897387
411951600
279927493
650189963
533915217
479457275
488026306
308660732
55519386
117811282
317857433
69373721
115987645
88448708
47800373
11203790
559858110
330344200
44272930
534920090
124766403
137439270
286666336
450214228
546017800
292712760
39676032
19261466
110063285
263312649
284452744
701924737
298286363
154283338
802672419
570645623
484538449
45764090
212372216
484846900
848557812
215905120
102036251
136713442
494485035
80168945
389053721
559297109
144604160
469102492
89864407
76769865
241619788
777490097
427513410
104034285
2932005
370242884
151882032
67468568
403048271
423356037
575856752
351747133
103410294
153540766
908257383
19194756
631612164
704582690
75176379
381788073
140839995
292374821
138086816
773754890
603557356
564839376
831117680
826039418
87722518
762465295
481108536
6176404
4986935
758969859
151970307
459626195
570190931
285529610
318563882
62407138
75764583
639970895
454747744
167546187
87734455
361876020
191946958
329954579
76615832
244850895
695960746
601162741
882901479
622789032
4411677
185653454
277322134
32486245
39787495
591270814
429934541
21499024
246746829
148059036
112047626
715472354
260339012
381962193
76585580
434472670
244610166
52384330
177526729
764333180
160520948
139212706
95552026
110182405
433989985
458706652
176354448
319239039
32575641
551952435
156237640
610127745
616980256
71594708
569085339
115249344
125041833
644757501
235847431
77089968
414339270
291420024
154764500
111952055
388875462
284384741
305021621
339406373
45614808
59601109
69948564
71670220
199330346
103685761
17817698
246803432
171575945
14841853
168583379
327521090
639329552
510242064
708892791
20653230
764408812
254973852
398883465
189611871
502066108
569316940
464778927
322248875
374532132
220566434
252317673
419996
75510051
425478616
632661447
209955149
340109703
144963458
10005687
448476498
498254192
161564820
12786771
269106334
886889323
621578556
71575715
26657113
47994388
622882
467111965
77111747
6519210
741555410
30271527
45582010
288916478
877699632
665918376
807153258
592925211
22738590
537364772
13565618
685066667
430473434
120032584
163049294
37018232
281346736
623308924
408505730
364575429
121600524
180267395
145661362
753162701
60336941
326414306
161211960
325374789
487281175
230423733
137592612
99618155
745686345
521127752
384127861
818690381
537700712
754730724
53511516
9591974
798527884
510228190
89228498
105204035
598723628
2820940
903082097
855156133
284248656
281720142
50258630
375327033
339454902
683238183
122527985
236018457
157496566
191061384
501706643
74635401
11183660
97217427
504485400
218016545
87368503
229762803
49218536
34691249
947847507
465655616
179684093
218579216
184422630
727134816
85761195
401593544
240475960
71439963
546111539
3822168
504071796
40793782
464110493
305432919
1829570
60470149
242317303
201088897
193879887
93985894
316717935
96541836
1448819
591607838
25120708
258390104
20246803
488936452
117491308
711459815
22951158
96221779
228481886
78573584
204844692
210081144
153585580
266163877
19657084
29434895
157180464
498838584
75695226
653966734
720049221
387882353
860047502
506832712
448880892
655509806
162454003
186420595
601035449
26680758
513522491
528268070
32716666
82035452
26729024
546227554
660962650
190009983
48771088
316816171
747366876
135000312
58124690
422116155
33641779
214023445
81838283
584683991
186848548
470381301
318761301
124726862
780927030
84656153
701247024
305569272
197831660
205005558
173547657
231577580
81205823
338605010
237532164
89148885
13882622
462513308
163731666
368263110
32680136
311177233
605179832
157936868
378837848
7115776
86781003
522169773
206555674
109891463
241266797
322397464
152273844
15408070
650971690
34497428
205863312
205724486
256410745
951887654
446777988
524305869
210113696
434711424
758187810
443790139
54342292
405622460
414425222
73115918
492896064
147009739
91282721
137186943
505449342
510466572
188557821
457566261
178298575
143608752
80110140
55511933
398536140
295959032
242897090
423163522
357664903
785973550
210062214
137948923
88596358
310280815
107827360
673677316
114330298
373373543
147568062
505941231
51055174
677255016
357509772
266090896
80109869
252050068
110831131
491463977
363247288
140789217
155179132
207587664
594910686
548134987
315879650
428645755
157246302
285681810
120262290
490334774
363207572
630489073
17358511
545654176
146235245
173932113
571229708
21130053
745639653
208591693
50396204
22845154
670910618
471261239
15265579
324432789
724658325
541323093
259064428
64904191
36538194
232335986
345498118
722810612
862338525
264731420
162113229
664385321
18603923
612025873
306496521
599321728
158392267
69084992
145576273
673775
2023696
260811236
162244858
376070641
413937761
459200105
148554496
873535832
1838913
17153813
190730196
537780074
770557183
203340974
9354591
6319724
340683344
567902164
45590274
156030903
225283606
128087522
243176570
411912425
110497394
854742521
466297123
192786584
310409291
836089020
9119084
289331545
603138054
465968265
265452707
146643151
88908768
390387893
450274304
239690980
48053761
619746065
155557695
906480931
145162907
167934733
294416101
409711214
172444684
292168890
260709181
11822867
662912617
153331853
392426455
99250480
595912560
274206699
535191829
37434765
189454843
862428952
447533575
218855021
406304682
19833584
204120594
104451660
315288405
105869898
491383058
37070151
105804496
48743126
34990970
346871082
601698523
802964202
267424987
97440489
66673947
564733322
25450270
487930354
63039086
249901568
423478271
48891085
46077329
37687633
769478846
219508335
110852712
11627126
258471086
606257462
77141523
162389712
447917148
940822
184182209
38892557
432629779
330957133
112133039
28647174
137628550
901108706
102238985
526048016
92412264
39379684
517174978
93079485
412680984
39033410
255607184
203455230
122420668
623398788
610212082
26048080
335744810
78046451
368449236
105064528
12383319
204564696
9456990
454810519
486349206
244959330
320594879
782997088
640580661
371526093
327478659
633071758
5273769
115907346
890931515
208196097
259615630
595856892
306144535
393845004
649063334
865056487
136067750
77245719
634302349
301861041
305847725
594176644
600169548
265404945
399654249
9179990
102384756
112105009
201953050
596762978
447720065
262780286
119139031
593343943
210202141
158302447
43930562
253590086
126927660
105889265
62014330
7868949
397428421
883357625
69732052
290215994
149331781
319562984
232141825
195840980
393871782
101640841
202128966
220219104
723127095
35721687
251682042
399263938
513270205
228757569
324436633
496166006
353855143
282167805
234306264
800181190
229937822
309866653
292795574
68597203
62261299
148412925
140900313
458167460
210819588
256721161
23065937
249410821
355003383
12630367
622410661
195018373
221914374
217271957
360610170
217061425
869070102
280163094
790227124
72700410
15078671
435626914
264564958
28574291
22971585
414380980
73899988
239581535
591299020
247517910
221831806
705680743
434694992
278466525
236103268
26282808
6490496
102410506
752389540
219272622
66730573
703489792
60961099
591888952
69240614
2725791
501869933
612478791
83924085
825670216
518660163
31968077
22626869
732383619
323144468
20724945
591979551
12341332
334711768
110543110
12292000
526279152
210510096
219362076
416425574
366633637
674511695
177948105
391623059
176460246
30852180
176784156
371538196
92305218
270013629
57065207
398063050
61878744
494140396
246169913
541780388
768392741
207396588
300596109
306731212
45253998
366296979
138685008
231068197
45033097
31835982
146071243
317897841
37174668
375555884
378767423
146177753
760198961
595909770
646460474
275219698
762171914
408675504
129432315
63799798
6263459
635196150
320053540
624925519
44721934
6152145
302996165
143421784
357089401
115723917
616884923
34472996
218104846
376005907
263705085
563486913
859289099
41044
634048275
541037387
670671774
98460773
387194687
18483925
192643614
103401335
45209015
5600048
795897303
755328635
332535007
244408656
179401419
51960745
198025671
439120704
3511773
647169138
825491892
154427424
221423954
55572030
545933412
164656672
180318581
542233566
753397101
20634292
417562275
255484702
445280871
58614356
16919840
857989309
42723856
592376196
139334730
54837893
92971244
459556843
116259220
97000557
152608626
118004130
359916851
200751752
225143897
244728678
215195405
495260170
206071654
208430039
317854592
881223400
369419652
70450003
376685392
133886901
62788739
328300517
225609748
295550308
230769071
30154146
103572258
357322028
521979231
59181173
406215206
44894077
5925993
416815726
12635974
673885597
338848478
153745021
301701757
771223907
156158859
582768972
51101266
264559219
146784468
65475997
631585499
14662734
67192178
220738469
327755199
160343181
21692200
765586363
189088240
23018681
44079502
79558139
259730179
604526489
425400763
17660783
203790431
351463781
14431691
228198873
130208296
165766475
236534061
246652027
78541888
389817442
564472091
207803069
538212345
218267989
57000325
468177325
88901807
96632257
741278252
33115765
778764432
249267407
15945048
54910406
641491091
298682494
763665944
192700726
3894910
405870511
619666114
216981331
181840651
52066096
74641622
123571635
835462109
43452870
183892851
301197221
633131556
378030582
451265472
103235514
339929954
416559118
178730514
168798890
286032552
287529546
777055755
130967743
26746590
210134524
444314253
301694400
371811755
293456005
479472401
922242248
193812798
20856514
67927254
25524390
1819396
59531538
115414229
140947763
713149190
437836827
234830150
27976346
457944152
140655806
67228364
616728318
212193414
425833453
262319236
382577174
571832445
492949799
336601404
163575892
582187858
487598640
651960714
45367413
661661432
452394058
731422025
4217469
61952748
214989849
280500554
197684762
617275798
236456128
175730320
18159885
235684682
51291325
410647350
442730520
24545231
839201039
549134956
101935520
302901684
66456698
9729480
122402029
551200696
201324057
105233200
185184422
849735812
318941749
831686770
178567490
339454469
348350982
255216728
768949877
374285482
415144229
401817824
633085066
496638501
639501805
138111992
200503222
664725559
136724062
288276302
378947581
307610898
22697394
11546762
11252565
94483320
61281326
585152527
18429212
121840380
446282326
819171214
406367429
718979168
589972486
243310609
490994958
268745159
171447219
305251316
249128432
496011986
772145231
443670120
179496334
710790358
214978736
689925228
302629420
161562590
83689554
306593246
91668044
301419324
65162908
861839453
67146714
69060509
92419503
82795885
12317447
278346336
49681897
25461785
332211654
117611100
290803776
104155476
103155004
250584974
266545086
32357212
773610602
574528032
554374219
313582068
335863732
316966827
382150322
183581683
349869988
729150904
118132659
18708948
350374666
619678172
141217959
558482354
48949171
54281980
737680790
69289841
533092115
684169272
727628976
177385326
194915722
46416580
111977428
143472314
84648626
588075596
5861959
904401777
125194319
66859628
27994969
382638201
563454338
308163298
485035063
88277168
752927869
231203932
20358012
91722229
566620426
241587344
13366522
172188894
561190823
114117914
267634133
69619257
29515697
274240876
32859385
695815843
404444679
97641863
198380237
357586123
437770919
159746595
691983205
23301701
193687502
442326355
18392668
345793578
8174935
337221509
61808682
50648887
546903208
9245162
657016035
125487019
305192056
3770684
873316656
748500531
468096216
77745323
30372651
359913246
217898981
849053020
269515887
332044441
87364901
299091515
13934048
713688
101119606
243193013
553328253
313367323
160301395
134997196
148847649
79675659
599951271
521908508
188914567
54483550
578329162
743002760
309570044
122548581
81753188
105238063
594988665
718504212
21471056
604895675
6782737
132212730
156670109
556193971
597827340
301486595
15524732
135417364
821199728
2604732
162065920
10793764
28999189
403881777
109822890
369061572
291446879
284079024
173267236
91809096
272888583
4068898
244502442
175505179
140657022
9022497
464508275
202391002
239135474
106173130
824401368
593443428
298740293
737564334
139481935
905430311
223706758
424746079
256760222
125743551
731596275
639451226
656177883
625502872
806476128
29059257
53544258
405167314
70723310
18266691
515717181
18437118
28769632
174842261
249624113
213950330
430201255
45265614
557698934
99168525
294061107
86707235
669500081
107465042
422268778
189727242
326980308
846826182
473460562
629839488
102394926
605991912
277672008
392862470
228220144
488848443
38459946
46124968
849472241
287188874
441325529
183446627
155591242
21733235
81454541
534640661
335062527
230608329
263131054
831114102
442329982
591629875
703752835
208663276
486424419
164009362
177082047
873174917
776333882
272996141
15334703
607027653
125810414
3886513
164056064
842392451
449379358
229346703
617169299
607638815
63935702
131052358
68764463
651578475
695911838
146150445
219222167
121542926
823150283
475043095
27295173
215780182
666018658
390984851
295385259
355940993
106852564
189747034
452358793
399432362
210254102
311702032
544008238
20899957
114552975
473232871
115950211
33994346
543235048
493690
208027905
649850046
411191216
53869980
645905613
119629902
179453233
160111258
134880288
119193013
88457907
12748558
69760045
620191210
219336649
149714558
151247805
684212527
494524172
167410406
95974381
179075500
492624644
293427730
122338977
548129346
476050321
483308484
575351936
147988089
343645516
24498148
591576390
449984448
16241922
387481434
330169566
4777485
22114442
197321160
45961550
484692931
256775788
56473066
666257915
641550780
137269971
51433139
104603692
372908246
222944921
184442117
538451286
260815615
6714347
9353594
497605563
120024578
454820653
381231848
18904736
351329098
517695591
106611401
281741595
657514727
29041872
1887357
76730850
69425185
436531827
97754666
323900
12345949
39480845
210568362
193193098
311456237
448624764
194246224
308789074
144247085
125143143
166196142
272474031
427126736
251498178
97619761
713442502
777598373
313299609
431921323
249420444
467832305
481302111
347575778
4061386
25581481
68754814
292661917
135832716
323330475
482176252
173443834
87601586
110969315
83131446
202296143
328603397
26489004
475275254
588960594
12162049
220289476
10840105
38823710
560986525
278639782
110306488
118834398
637713113
405209776
40582931
434880392
182481970
316204977
295126963
554407912
241505340
800742367
222354371
318466259
170915209
235605636
28149832
291395940
134876548
265740026
802240129
202601065
168944745
274340285
44378336
620558567
47448363
24615899
171552085
644063904
75574612
206779250
458893792
262330662
93341069
881707576
865908784
89031760
264705178
135276478
23502290
414749969
250162924
353009636
19100
632092908
47154397
71520733
118818704
734714890
269047605
209762643
344609417
506418330
129756037
352517984
228035901
839697149
592262
343576500
12274346
27846504
266243691
403928526
26198438
31656697
58090205
567393204
274426083
64349754
129862387
521953816
491827980
259592252
274711390
563653914
612481205
26997212
482926800
701988392
579848286
17092216
189597755
154659790
27578950
144092955
109676122
101670385
623500638
11236746
637619524
102346522
395227002
528341914
852788875
214520078
153289659
469622660
72684401
491373275
66851092
33303621
118642948
831030398
23516510
152967074
258114265
109963163
211220706
327369270
154016056
271716987
410148557
337034002
3507358
238564029
5765010
188770608
48208437
247832896
510424648
338637427
146630976
120133668
764133730
112880201
170361088
139818878
326426360
366781550
236565029
476918144
288662534
691506693
334963289
49387210
171582883
494124932
361500954
559883566
122760586
35821442
103581796
314585634
391455675
691769579
175752144
578727007
136188423
135570684
354826989
231055805
403412397
42218516
20409063
384112617
24937416
292086729
672206740
167995917
181096545
408410141
340432307
41248738
132929243
33265830
327174073
279931322
347096272
418900482
542666360
78102728
126666018
86250713
818901780
312772509
40878222
518536494
224219118
99516390
5001631
59791376
311619088
426134277
117961013
140954864
715092148
255978300
44903917
682622197
8632481
670152639
155836029
487454170
274361331
176987458
75638797
244443024
604104258
615306478
662816697
349963155
358642556
100481505
473197812
956999214
96027610
34920847
158217051
261187824
120252340
328344830
2027087
471686619
234772312
627506195
446641887
249360610
193837382
176619483
255115590
24577624
489499552
29629234
601674507
561564608
505403802
590017918
297118005
366582274
509212022
265162397
378474026
307603495
365970517
192792116
20331318
26906460
18861846
283131072
94404464
452481162
575841283
448918414
255589792
290720714
9458778
46209026
536060525
338633613
325682801
583482192
607117545
406415410
535921929
98859325
670650092
369734814
80245298
682290368
9592813
232089488
543495942
12345929
131799064
282076271
99340370
301956736
737304644
297457200
246108339
162234863
50836064
148511768
3961069
143484460
75765813
52190934
196866257
875307773
390101965
951721752
404930515
740063216
221569628
266223653
255583391
223468935
711334452
380257014
137515705
676244128
385473448
556569024
390819577
149365058
71443649
240506519
926941638
153168715
334392405
13751293
299081428
595232880
87671629
76970537
334417015
156412867
170723133
17311329
115010724
236098014
58457471
3097834
83995203
86262161
237303670
358771949
150950592
568568490
166696953
6235198
95488601
415305767
810752
49238326
773208190
152775143
764922871
841420269
305560454
626948458
12174880
798494448
490617401
269484848
423887086
8101123
381687944
180791564
509343771
202008384
123166408
361089156
635069705
65510552
31796270
13790884
659801701
486141699
349282537
248159394
16712562
281268607
102745085
15792263
722912773
28793642
375525164
50964454
397189647
34040445
607948173
278522206
475788888
268441081
164955324
293572596
30250586
137366213
638162664
536626100
301188052
250386249
729602700
195361387
733105590
491596330
208215193
212070569
219848122
605334494
234613909
307042266
84213
510307041
72547334
85206918
328163664
166866960
30954484
385887189
473834713
178104852
219812841
715121642
522130696
579581162
125334892
118534988
577824083
250955686
3181972
88818932
322456416
478168335
198165429
4961441
139832715
156132720
2360641
175120530
270001542
255812022
28116214
575546749
128730474
65013398
100423651
860340793
206474301
216273876
244733582
936244635
271534532
850542264
520319304
7450866
408616307
979290
577342898
437027550
251440542
84975846
76819022
406327187
517723543
41786405
13270418
309921498
377581552
589190576
751760242
82968675
59375899
351975317
205721973
588940704
853955267
88803508
816923827
554639147
335255948
537645441
391537712
557282306
614047280
70390816
338046724
189203899
727993632
810556908
628600330
666349672
720215464
370845462
758231366
335149985
265580475
622578695
632239306
612820294
89600763
454772726
796136085
140232148
422532599
185550148
396827819
344690143
239834061
377610407
336030045
96461525
30708270
466079411
248497748
311904599
777258024
22245171
130563065
85095350
568375130
526499016
231879650
87472353
299141838
585761895
565438750
615326070
102812825
228585330
205472497
588276433
46835654
384519463
136096809
244243094
141528992
219497248
268754036
354068336
9775421
746627502
589772400
675408245
61986322
475722192
354471665
466985213
104344459
452096510
146733149
227341894
491946209
7879324
405162176
45441279
14851901
40157993
143328892
446531703
134297248
14607380
102304796
292440548
206379394
342011538
10622662
847128113
243057928
582368692
839845464
358754871
356840076
621437922
7070930
384151225
86181754
100716165
189347689
116981953
158089202
37109682
4781681
87370259
92120128
28027140
27118396
173771673
406044720
531977766
63581444
657596172
405963797
268595420
231671766
751224451
186221191
120202596
324922899
500053479
449206008
168494755
603320396
9840967
56776851
346187248
10963714
254360460
162361763
48740538
148974214
226049905
152717378
573681867
88731925
20616595
129200361
451133541
553860862
167861551
231545065
230313753
93478451
486405917
482724718
568866167
514751427
684019756
479666756
211703510
343460476
448806780
311266795
536690873
499671532
203852292
136970157
606853010
324448692
853103311
340754100
24972949
26775572
150534099
45252685
288583779
13119468
246979586
256618573
129322334
295714264
67451277
97195476
438935309
10385769
842037716
477292508
50669030
58683750
13614047
43165986
143764111
279730912
293200405
437351792
588213672
589958541
419577653
607642676
503308578
199957972
260662946
276513010
474907767
90606398
450315742
108969075
190472056
286558362
49214739
142949491
82790589
122491368
691189680
71714941
317995474
337008542
294946483
442703555
523303170
780463594
9689225
364817808
791062168
44876594
155587919
184309055
106212052
703957022
368738481
127674095
691502498
132690419
147531497
653819007
305543958
371922048
79141470
122608315
346670884
630463699
137206025
181738689
654460933
9950214
348253236
612794868
18612992
90842018
379021594
41352326
116306389
164752240
110874101
531027828
55869501
66054756
598202228
355825278
610942719
33372515
184363014
230429046
394806180
75523758
193579887
150641994
508585520
319932864
66264268
11393762
168296282
4517589
641452118
529913189
440339552
51495836
79496416
129989982
32326911
85590499
100885724
530697785
11097143
61026491
349232498
465732617
54024579
140615666
48548665
24145200
16263112
78893884
306349968
29645603
273709394
470876405
2956992
196714026
23042880
66244877
280643310
117634240
16527088
567671264
256328867
639386646
187662165
81370687
431452611
144096617
34717109
44466517
162689482
434691149
202492640
234778291
128849388
240825916
117362019
91835324
198805414
71741070
529208393
3459750
140096336
223428788
737487704
679350851
21827722
113118596
464080274
83383141
515802650
197240004
42723027
433246339
466289281
130876544
290979795
444985644
702915932
726414766
8464694
915453230
352271039
381660565
455581510
398109643
116018487
159524037
136218070
907519569
83343412
814796141
264493243
13874888
181907027
15554287
129385828
541805084
351652218
341217524
41005083
71640281
391188482
167958816
62688339
181907943
70154636
69282398
79469750
368381478
483365683
84486912
357651515
16292768
464039662
350659986
215400989
5739939
392733759
318216280
189275856
719324624
129350428
671320665
407770687
225630010
41576930
658705833
729624165
4135941
606907922
404028553
765031432
99263520
736175372
154238799
88764293
588937445
9915381
355750356
114144708
260706171
139639990
322033520
43228614
695783211
84049290
603779847
379135712
676878001
447499055
619274030
108465360
544628982
18681045
310268246
192634086
285028000
910185395
461354437
45947
99531342
257634876
464410904
244074413
121149050
80562722
616613041
697698533
639291535
398224055
42584866
415823216
156502840
1031666
121116570
218280889
457370168
390065166
614609618
111120673
186890154
147091636
174878796
185942721
125569079
170950022
8639748
87801262
527551009
93945074
12740773
172568202
576149809
36424225
3335174
88169236
97337513
560435678
549758502
236257239
732658167
85078759
223297471
642557882
185360190
363375216
457886124
390743100
17310905
408986035
375082980
155720849
151622804
605501123
126847364
323690532
304880845
15204069
464183496
548764437
23395888
128597564
237542369
555905881
374715723
402645978
115489556
100271820
40982613
252883006
166279564
183769602
367610461
620012160
418139260
602941794
636608793
191940971
77956288
202832552
477067970
904833890
60078103
152990352
484807951
609628296
483815482
27473581
85812520
813910075
199730972
457895334
179909564
573556728
93156277
126447740
884379493
52435721
331604724
44042344
556962263
47657275
466752199
18415449
190467172
211146363
477736874
589246421
42078234
302392343
56175638
76017306
203707196
181702488
397029554
28070681
125382653
664075641
476196463
416643716
272186642
11325202
392013034
137968408
507635705
155838934
363729150
449443406
241561031
332660214
25776710
33817235
273439096
240195432
735853394
184068390
2066937
443977908
119371545
699653858
87587015
477372558
561964420
49428604
183019287
761037319
204381931
157806928
19591212
88079938
363116425
71128479
353733058
114454813
223433838
882511640
443055499
620630
694595282
651519115
41520326
25440543
19196682
60195701
451586226
369615485
162033499
249483708
429289436
647756239
190345931
354020724
4620700
418086034
495018938
428211142
717758340
891885
123018925
130509062
289643049
276002593
29384455
563709442
278584520
449495599
43192580
344992283
186236472
60829175
225358862
350671389
242031632
42245529
200476550
208302926
305394252
552197928
418447219
893580814
248249774
359510162
625115006
41409778
5433105
346308101
559125718
518756005
695760792
227547923
19262020
55270758
191332626
577687025
565640551
118135409
6672176
36015916
57591764
194217835
321354584
325001332
68813255
72816888
45170424
30105175
363553272
81304530
204511453
12084117
250487954
783809140
509110613
94299695
191328112
373109576
18728433
272707575
179618736
121489388
473193585
15041609
327882424
131342658
178320561
663369161
17864927
38895585
13093488
420488686
22596085
328265476
117814106
587732323
10834298
556294307
460450998
748810110
46234836
10446357
414718245
541718752
100678280
257637399
65274351
27872827
664559900
299658337
208548459
31260511
102731470
11763355
160807062
739940160
26057561
192370975
99544660
109424430
10207244
499772075
812277090
399495885
166468427
129875044
317117112
193905255
488294124
55840995
197227376
83441136
317359364
24327668
683475064
492422610
735538009
741496756
26426002
409188061
388824745
1626231
448932914
466862455
345455972
12376235
261199561
760324
160663091
645880822
510363008
313202862
850864599
258367875
568966898
502608992
114411908
219163389
180954457
544334440
287487063
190574082
256797343
160029474
256712221
191286832
395797994
113481876
153520101
457374651
261854920
219049269
25118207
324977065
86526963
324748140
228792799
434578331
274181388
330124723
397154908
418072406
129041827
256372149
1476067
910909888
133423922
10718120
5328358
266485432
238551902
430449948
245484525
322168901
898401925
880978938
23494774
774566774
488748167
764103246
517882279
59511198
107563979
280088035
671993422
140940793
593328229
402763052
411601832
38261298
559982137
114093440
81639625
29555
329266292
22693343
66664221
438175556
188787440
464891757
501289738
34040665
563664020
594788801
110829679
282212377
1274154
217007457
19616715
178412793
76013858
531524890
541075401
65288794
90655354
30446193
276940662
606342805
452763058
8192468
302209959
455529233
41375712
20556252
237626070
134776491
84267208
596468458
364711723
304160174
422589829
143267823
362957660
99740914
688625020
189996820
409335930
231684214
5820741
473724870
282066207
537530356
609559701
64773358
374931816
625856088
9952235
719161354
195806751
27106840
488068451
224700603
401680062
347255844
793409522
155977574
133228009
64203036
131089609
350617689
315183531
557084433
809387697
163575125
156166578
192301879
665911599
516548485
687494356
297424774
282503188
156945453
129011391
535004210
13282115
387017137
101693559
138136089
623202816
548285529
149169141
901539247
249394982
3966987
112945563
395976191
533318873
66588852
89030415
323464411
85864622
86082549
298526377
23710124
127538217
261787249
69467151
158702661
28054700
425299312
332296287
330491002
373692579
427350318
511672576
156282498
788348379
383619364
982964
475314789
110815682
181884026
56268557
224492512
932982445
316409832
552174843
76134605
260259223
46923210
26249356
90014701
164026486
164615157
70631456
157780896
104229603
644326944
120686720
182397180
511920228
9862479
34386867
4282431
390994135
337822392
127099443
171567748
397573548
191214583
3687118
106074074
489476999
460502703
76647052
70633631
412466556
512047257
76016741
133082325
417893516
321519023
180080054
55443864
416940313
394936354
377459781
362224969
187869056
422345024
112768767
391910849
433864081
30544993
338233543
230991426
273278035
540188117
61359217
74284738
93184597
285645437
556376655
402628442
392968921
36486677
14762204
516500741
110577374
68034751
446044772
48334074
37207579
557122167
56458099
204147384
462501524
296303352
340697207
423471912
50636287
939421456
53774097
125731671
332810260
67432234
624564140
895982199
257971454
37357820
273348680
381989514
107346077
346021500
141688755
962321833
109853275
553178158
115196256
43896333
397585280
37117570
238454841
6459817
46839369
157502415
70614123
926436173
598655246
133166793
367775537
176834852
377390103
688049274
830597798
293812227
118486942
4488912
115394838
21149680
271846478
259956086
71769184
213603403
233561760
84863556
19842075
34578271
74857302
10875220
336363904
11084822
75288831
83376807
637443098
42703391
864933015
644400211
109887767
270333552
164195865
372123426
126815476
24514106
782544254
335692332
823751868
103859036
141557682
61762247
458814120
350894099
332534197
675578678
263845509
51449760
59215133
184061842
330023903
762362352
273786263
211436038
912106201
86286599
35151187
43264122
365359061
421096850
71729258
800501081
831457105
34589159
237521794
332341872
11022694
369066456
160667346
529403034
271232575
162372037
311335511
559289215
586121905
520556046
340521715
642458167
505948785
245500003
118961085
143206164
52029311
92319428
8878881
63115022
493685276
660215392
25110012
360505999
335277049
151725448
165123818
14347090
485591216
38882559
282275098
620801673
96238518
110069511
87094764
122835068
164842024
105156050
784008618
69373409
32706129
196427498
658936648
268746562
128816117
201021270
100783755
40466776
140167078
279973670
175585834
743961539
691924470
422999709
435671273
5035278
88913309
172154984
26157926
24310842
83408446
238175373
656677225
441090621
67075461
191960498
15106447
95360207
297821220
207133930
69930625
23667386
412334369
90352090
70519839
765009106
69248700
192977492
342989654
41294210
144242058
227353738
318103802
369476453
953657497
14979559
283394324
24912759
341631585
329731954
434393354
32827260
567158349
48134926
353720541
432978608
40262335
25431922
805472802
245676268
41192173
175808587
71971004
29355039
262570200
497074617
341993519
21067248
113758935
472693368
381877989
755223431
39878225
537943282
168570120
834075402
254095878
487257197
571551395
390504185
453948197
596982581
594442881
242695989
386317252
51109470
375898122
464507470
351727779
194122211
860878711
410583724
666384044
38750502
371924443
51892232
310821942
433330903
490896886
511382749
110808824
128658037
315909780
25525978
555595176
109587819
180936268
239240860
86504760
261709946
70277598
67486399
338848573
263048520
123076876
261003937
98629230
170602664
173156530
112302883
892234643
94619784
418476442
634469545
28402654
476389535
559411386
687780136
598325769
416674360
661379471
594280771
125062432
728862169
663055692
81013335
608738736
88270540
600581746
291676095
329331875
698183622
343449661
65696059
265420490
675901978
21150249
212587378
103912616
545539084
97830536
6346488
174369670
559835383
354269452
359004152
34249260
214154096
115974889
784658323
305534648
550324240
620725154
136085331
792064293
200425010
436438790
78540155
109367760
817356081
399972957
215738231
149568282
368422874
437614222
443153249
648987473
233347755
4124716
207402113
138499333
41609774
51392616
224606477
133323028
386551934
399209994
670596655
81544889
26292671
75604203
234696282
304007758
504855232
512492170
400399024
328964913
381334104
352039875
208996004
208035241
46089212
233031391
488532324
12850065
134946995
137023786
317983803
860975216
107078167
223692090
256347403
164080077
449038091
185970199
518895190
678880794
495933964
406315979
7977266
90977832
324841397
766206110
612650103
572795066
37654136
717236784
236705378
25338064
230836670
263624748
265394451
124373652
856975032
18132650
91769831
465945796
390116208
96951330
348118933
736691458
308758569
970115924
15003225
279577294
527346701
89540324
489370407
420961738
669605639
416500011
291133325
306834425
733462298
611941239
258339343
456805540
289342010
126093313
411702425
411745208
489838111
7694352
187882864
634862265
54646350
607744062
657700202
526032080
60051974
93064856
872415782
303107666
148010281
178473796
79664210
132896380
296248682
236007453
253823000
207692339
309396416
367446376
611817665
565261016
661641356
77611897
550842134
94155569
217005881
4003542
269818567
190708899
87577112
317260210
579149486
835179690
349958210
167349204
427180421
435110168
77925961
483971447
67411997
404058820
23005543
366674315
101257662
467661145
249543924
103750923
11114310
32962137
38110359
651262398
378146023
576065293
588352001
58383593
313745335
46937315
57726928
340230620
400229504
510281916
282732897
190695200
291336762
98495276
282942354
523844688
538239211
84699207
164444542
51206280
7031546
500593810
383435824
491566226
462057169
111764654
52582036
135824339
18952011
217792679
9328682
54312447
829510815
600708415
482413003
317395825
49314269
155223840
11446232
211805335
313409871
635180785
259416836
240905242
26353047
261158346
452326961
218430072
864427168
173192967
92359489
357661029
29284852
521100079
320516535
106295864
452465991
187581776
661763338
676228410
63167576
448509366
172626149
212670480
152522467
394078324
287838515
135410972
209613376
722903373
135366785
64845066
425507301
349356690
857189587
861571859
498291124
615628534
460146430
11104428
183243412
152317750
382522562
61177058
486422508
378214976
372037752
490861829
740278004
173974383
260520563
165409069
661135038
271881426
60264954
95993711
52184468
474980245
165174537
202602477
215027466
443754911
197481006
112248996
253738236
356602006
433771026
10370536
385325743
19632791
867619719
395048234
582199877
318082728
22759479
137361592
154560618
824911833
120775585
803775185
149335347
151934249
470428380
380629660
449193128
31902198
239404889
218518612
321162321
237744654
15022215
339098471
611090839
214676493
103749703
166247920
420669568
189591055
681521984
105252564
76751422
303287197
230256845
34420815
53045676
77832714
233316798
280825020
396168338
39967788
3521949
45948241
48632614
185740711
40085552
188579524
587654278
526254670
338280
642445234
39782183
165713944
333520525
140064041
63447598
327863764
166101484
629075782
768450292
341741173
54098051
218096611
201246738
519397239
329802422
225102840
6067983
307696461
77342780
56493389
454505584
317531943
229139057
188545495
492134888
169291290
619201231
537845594
134677575
655985701
22909444
445187793
423720128
411407286
579413725
326119560
565540203
81925875
221956223
334083563
405656275
337693173
7182064
315316196
228278237
301989367
263166786
247766246
549052108
77852651
38553743
291929054
937213374
235153196
109668191
22629832
23588101
835205690
89707516
510341575
6611942
81134792
100252074
602120108
281977152
540160556
330404559
48803148
403619026
1910902
639627819
23193419
207483998
257749319
314517912
126544436
41715394
584325132
91604021
615547633
3502043
412290130
173815850
620095287
376546730
316564673
1365863
435666111
680743977
439173682
708664037
47018158
76837720
101029740
97465236
205081070
140556980
55657460
264904259
291394047
14978262
389073166
486523453
98235368
87012841
197112327
7129620
98439522
116199915
91072166
350294950
11399410
212341764
318708016
456471333
654502232
631501568
905808681
32122504
318713034
435042687
92298667
523743634
266252070
11864027
203986535
245583773
125630430
736124961
11554614
413064236
84793179
206785203
497311741
66958597
337031138
88487678
15954853
597510048
193108542
211427469
561451412
124477531
606289194
40230536
367183889
500120084
443934977
123272893
402452849
446131212
257895280
175539256
199347519
272791839
1319984
211941072
68281717
140628532
130409430
49446885
96857898
8949099
294308358
674779869
629134383
457241044
239157468
202087209
629805474
427165744
373001502
702186032
315880229
494783317
86168498
236873443
586708950
77880850
172533882
186300088
14990652
619484122
268229256
580159008
97039963
126660782
2619712
440664233
51781786
44094447
126423822
400306195
365072692
91279189
166671577
122843137
240818418
3539639
373866814
304862428
153713065
934983758
387253852
120911372
98174182
162261958
373864488
393144865
74172719
232735181
256305755
21959630
675906428
360510431
149974372
130623048
58877706
224192851
355343827
130420651
65147025
577760188
34929584
31372393
586476822
74439484
509486976
298228942
340091322
136932118
384526036
37808267
174038302
44635352
16332646
156043170
123647111
75823512
287584870
439876104
897699948
1348550
154917250
495767160
447794165
15350668
310819560
612305214
67728989
191592178
244370721
852056916
161045743
480268582
548599753
339778742
134227782
10240204
87680428
29738552
497900372
50752959
224247464
300766953
168250457
743779879
294194082
516660890
603821463
305229872
265980881
299820542
738544154
732106594
50724062
237144589
210162048
112929320
152938650
276420815
42903457
670206298
627600708
138389666
26600285
561372127
140457958
1745464
140934570
162053285
390389919
105758716
283616476
301309170
5150946
954974427
287339165
214308340
152878084
688775400
245208461
433133132
19152352
612991798
827849321
809036798
463629619
43218318
48483950
279812400
490772443
82315540
596068671
177227056
572192241
218295336
57739457
340449085
219067105
60167130
509948118
427418550
552846931
204322504
135294119
265915034
282713971
871861996
746293958
136570692
51094445
438911888
20086205
307277176
109284339
924849946
589573423
172145021
512732370
44842636
252133197
804038325
216628380
120927900
593786445
34496506
138121719
58646188
385466436
96485738
38399135
664283945
294373714
490362708
739874340
113906228
23961390
10539132
166044840
246472467
67646805
130631662
408679971
327033698
15048114
23670656
70076240
650484123
57396285
84483838
496525891
794269390
136388230
376965369
589808688
475899948
309131060
393903814
264952362
250472414
61072242
116507711
97706838
44798936
286953139
55702068
152422452
14659895
516758157
175932731
296643788
108795384
306086236
100116306
275818448
239228014
22414122
252250428
303185270
28509805
514365280
17621030
685414813
92049136
645585109
9318267
110778315
172450102
516508608
584405653
278786334
74853216
113974193
377205078
59478153
17716437
228860758
202623232
292408824
342956893
152618465
297480478
122614249
85145851
99505033
83282259
69260626
371461574
23191593
467891918
216517868
43407657
387991959
219812355
234586442
459606696
938060783
195020540
103631039
236486531
337675168
9918163
71532692
566461270
1612199
226224142
744866358
709378773
174027689
212025771
747944463
11918414
622046076
30984455
38476896
154204178
328933551
463052366
118484313
10967281
689045901
71902522
211202475
718628966
20428756
539469967
516248714
427077722
466594469
486542201
234776560
159799864
512666462
230152781
159902931
295073853
72554834
419265113
330321224
802142643
80507822
191332437
574839582
352922243
78866862
500462522
382587451
245092505
100151172
28819618
171703023
53480746
57921875
966203792
272771446
14930638
72378054
161068572
356489308
122665162
132872946
28298308
79185453
402950837
282962324
76018518
432318427
200289432
66368146
853611827
50210676
585305276
92234598
767238295
532945509
244677586
4687032
528413068
164881236
374606601
129109170
284009882
224610406
130146162
162637932
200843777
32254405
933756613
797877565
20750023
497722399
78526488
322969769
243681914
526755082
411535060
245977421
59273226
394312646
193755911
439083170
97537140
220688351
54897529
720017603
55556917
284783455
289650418
192775450
138474932
89037257
464548844
818988492
286195930
26189942
137191090
431671298
16183997
53625301
195970680
126341426
95868570
405934353
59477670
637673682
15472601
348946197
457104824
68397537
123138728
148033041
375398201
217907564
124430987
219147104
71263806
236926289
111272092
537832062
471093178
799397100
72445105
404573858
53106347
732402005
7567597
458974338
135052965
259395976
777375080
137790352
606476698
764693620
96004552
296540246
396123096
377134735
262110981
183431787
488395946
445976120
118484031
64777863
106506804
215270861
475842439
204235073
4742144
69256
116848485
327761182
146445728
70913873
38069018
279642443
629173239
467462465
127121957
431031600
226667132
99515447
211462792
670891725
277101947
197259836
163995973
215571845
121546364
156981358
747499483
433690219
275493968
202627664
460547730
640303796
94176085
466734160
100638474
711960091
70927233
77731555
160192516
476335643
357302136
34422350
100625428
292045233
102012254
98428980
824897284
606857002
584759597
416035127
430120002
41477562
82643646
85390680
6367981
109307991
35912023
206979145
202018088
249372566
265275982
479942021
158112072
143663636
388101983
536991192
421723332
126061061
403944690
243339374
34687144
204288019
27965151
736230103
438070696
466804432
427021020
746649154
584322761
38334878
238079352
70106548
419470693
382703797
421625269
391265615
217498313
198310055
408681197
421474746
321669871
382457375
666004601
37981142
314898705
14340430
525216966
275701332
99530587
10241583
633622872
83122894
5336974
558256541
258638182
27592197
163300996
544083349
728868288
596786613
154990217
253513625
643100243
282211829
99211769
57039079
38281542
159681390
37168104
123221760
729756736
656110240
544521879
3038954
78187324
387103361
460038336
350515802
270405955
67185972
791587588
520068366
71533002
67568485
39903285
79302685
36459759
575175333
159813144
404222005
125267401
427141505
311747945
18819853
46138758
11709555
5969061
155057670
62469618
292427662
12067630
206526091
17175175
70998834
256162997
63894633
90998154
286930023
4993176
14912521
323924137
741122374
196140655
156574822
167817834
219626670
393772822
7276536
57499753
209810531
340814019
8048916
96424039
270572684
53218373
22072675
262982535
228729121
645642555
240383581
133047431
13320900
51654251
96777668
241166874
10385395
209361440
691269308
594998741
599202197
10362475
35391056
76447761
466210282
336774900
50391387
492033139
5545855
34671144
433510092
139035387
738633710
567198686
110165441
554141968
244768188
671262289
56692049
63121803
377344104
846932945
391458772
422518995
255371517
391520141
13814664
697013914
205604608
20313471
82807230
476349042
81936408
91763877
761430155
14271510
105977367
519982899
33926834
486185399
555225274
224126960
248766298
146719087
23460260
8000270
627449156
427094714
156222914
481513827
56641127
729596152
171540705
140635526
470295295
612636030
114955137
255994682
281723500
86068651
720487230
231892445
50768844
120051080
697435578
211915956
72214050
325310766
145800410
167802279
442328204
385723571
519595042
388820611
30204321
12698705
170720952
497481855
511655045
23833174
18190416
12703693
451284238
305129301
172735410
442077858
15861216
22866032
311500467
321597264
18502786
37321800
7164847
584433638
776333179
280806662
142533212
190265004
73292412
81547476
95632396
265817702
207307062
253288857
8305333
69874623
197755832
237968090
62432843
26173678
17953061
758235267
1429841
573376179
171443826
170689099
975173102
141087869
2037308
6308536
18008710
376403706
191452863
787062087
19617133
114011557
98509155
396375120
78856318
309119836
162249634
709424648
226749173
23097048
162287843
305656952
315876406
56534832
383508580
67229942
61103751
351165073
25715104
269850103
356985956
5381198
531184656
876882894
560380614
344169970
547232759
306339557
603118178
91244634
572200161
321206485
765061298
143427264
53141898
1998070
975571242
383355156
220462401
136118269
24259212
197065554
631206213
423346375
168675561
376671614
654519909
609169291
136435998
209316914
816321182
90747084
155935800
351184625
248840660
14277244
333159810
90417872
52351033
165253339
390378645
58731351
158980744
700196941
211025491
605027905
524229882
805412900
108182188
367324905
44634349
3051182
358008096
306123542
764622264
629167153
555858575
615316712
69772931
270820976
339069936
109778709
92525694
53629278
62508865
348228498
467441655
272212290
210712821
225345820
47538229
632300550
40342026
645305689
119585665
683716477
178539156
591850563
415431299
94938688
608984880
140528568
165805027
24735540
663447237
451739136
644137195
738807588
469197699
15251248
393783366
88447019
23398497
307719356
378402279
346562068
370276430
105207377
384036322
778612301
326867224
227578076
134812141
228452166
533224325
80474466
117839509
297523270
256627126
46788396
646006825
507854172
552017812
770803703
595383050
48465154
109738091
39816824
8813865
91769911
365733042
40428378
3432724
21131423
848604266
121268014
260294819
509461762
418424342
63234463
106508171
60495035
597938573
363295729
336897822
415471689
95119664
43863100
122980328
85202530
625753590
384944710
614313705
142067956
214326922
670852581
394681953
719310765
453225644
747567505
322608743
692451082
568518290
269276922
3374598
21964945
403528794
314208224
81237718
281305262
232037578
823305313
511450244
109951701
15427656
75416126
433997242
463787942
227272333
800912107
920512030
570032274
914231266
602471674
70415549
915726925
124868523
418410041
280711206
718090871
738739505
677237989
628624884
497264403
508339046
630173692
669201421
104617980
899920698
123905237
367075143
415630271
233092959
112843148
153511746
439628218
268591261
716543540
324420973
15088524
677002728
10750461
254441993
32687105
256178805
246870906
793605403
729699201
88454740
72858846
736935899
43763607
127757024
251120202
743368660
423205598
479418374
671863425
514756006
2883036
231842820
22223935
113171509
293588545
46298687
269560115
277238795
800768510
87180627
403894154
588232527
712085556
327832763
328800383
578613204
121101692
128803631
13284070
105847887
221335453
146700885
323434524
672071861
168471006
580644047
370484330
666438946
322414166
27891402
102409130
407307918
6936462
82220320
833864030
17674584
28440714
38616594
167953217
242981799
56430388
151353612
712769111
246854928
252492
3838488
33515597
513812916
609902264
85951950
12722319
693659668
431953029
127619198
602228555
230871566
563087731
519941326
755728762
50695344
17745590
458331324
358021839
119092623
137112978
21749832
392741391
68814289
591619672
100007945
113724723
105927839
813864220
19112703
88256590
402507202
238568315
98120809
366702854
369600519
230584219
220096234
705021616
185409152
122457355
564464445
218623564
861456370
583599097
72982179
155641906
20810259
164109351
90555358
584330595
39107314
456538017
93437602
445444044
54149437
215682363
367610370
324947873
229681016
290958892
475710599
266420575
172078268
207910378
48225579
592709618
219786026
231000644
616046673
265292818
223322313
10724055
210092269
108967721
705542003
62982826
38541444
121445982
197686695
455412062
133473492
109055396
176491272
78336308
25389077
62194649
697238366
338186579
26259096
53557183
190876419
361986629
183024971
302991023
412398214
362164359
453346034
52704186
5083110
181354110
469497851
566579354
549863365
89672096
35621174
269848456
501502787
310671207
263521075
17104593
57982699
366426508
628263630
1130651
200384611
583557387
304646430
337646179
95352445
539301395
156194184
48385495
252487859
31305876
266189769
22314351
37991802
41668176
497337394
230926824
49132725
133734739
114101129
360479058
340551464
311826666
292464095
302460439
269092371
141419382
778350781
49615637
290740780
68530433
422447147
2180428
17097596
29411771
27320222
51579879
283264453
387697036
50669008
183097380
269914799
242589983
239990034
8030376
38324531
460444072
564274480
471108481
554525313
144885056
45980076
659565354
774810186
484285801
481526956
126436540
355971474
698380546
35281992
131682535
31068432
182856986
927016024
238216581
358699994
51166379
735145978
328171401
89983707
296641409
231988316
339070982
841964034
324820801
454030693
728684924
37523815
738937082
135546519
165468611
107419704
336914046
386749446
341004517
443082147
108654758
182598657
29696611
148839184
50810448
339878747
327049678
183183403
704896071
141688196
428784100
40735842
309462518
651810744
373257324
242679638
1786721
538475438
16658314
1629243
220946079
57089769
62922994
313767320
73781606
824464161
319290045
32870603
53227135
163336404
361852263
320234239
173983351
491878974
3900198
639534214
201997308
495452128
28239840
160591840
689177591
323284185
134790178
763492235
16772260
96598149
176953340
161119934
178613345
624867379
623787654
322889125
885379949
749303399
385351350
299514516
45937345
33663600
952255648
325859989
229655406
777640779
586557079
331014241
370892203
524707160
914888859
201294174
210736907
441074819
215384978
75339670
348317651
47228183
76582167
595568595
49817200
419339563
32321446
108259026
310916779
344466744
152777502
122287909
56040495
799305573
62441329
63077628
8166014
337343974
607964409
620783908
47248326
887603904
129194829
224099314
377618574
332395212
564647221
162951646
16367905
68454452
479101720
636570414
24455695
446633897
166794807
236110849
305943320
51684324
14186507
74245929
391935633
319961863
173621123
598557323
944348020
235737670
20593728
82978568
273225273
46959253
325533027
169670484
91837806
361711419
92844827
682985913
333393632
180153123
184692396
5694956
51957907
87401674
263025084
84626188
684792773
93246106
180676600
37585184
213553089
171095334
242660247
321501450
549337137
345345978
435797614
198671075
23923965
40050925
557759866
95949194
72628270
25067318
704742122
253587917
15009286
4349385
241066711
391104208
552685338
96912912
71303967
257926925
304982525
637684731
7025547
82132574
279422948
131453813
278658408
72500545
152685444
188836397
71481415
614316078
50891072
755250
493810534
942412095
77268715
132174956
487409884
204102249
490726132
421209592
368671344
275441717
91509164
168088691
336438048
137045614
121402752
634675263
292175127
113448565
447612759
552416529
467908278
420055555
668432494
273179524
126759316
267039381
268290945
190302938
474186662
122016811
160537566
364632903
459093018
31737114
462856886
38339063
112435842
401762770
112541870
572224844
487706226
702649223
141055412
630822214
428384435
318970966
909758968
379763312
197584173
100416762
514753343
43313648
105526252
477158256
403640893
747272611
875861487
551529108
185711170
573184053
736390993
200738964
187459415
103419184
477448988
135443385
501479388
245921586
479861286
638059228
682551648
140098359
31719322
323619153
12283117
312387493
238963892
796716619
336062848
125805720
442138815
4858500
282859015
18984346
178982663
903758708
81634642
378080934
101281973
444262055
181457916
57015089
318115732
178095849
205127189
144633562
457867301
224953966
24760544
665424058
770727512
680941261
221248972
419419640
31408128
11303413
585724964
129361522
237630910
130394006
64689666
3268098
637843413
439708936
246154380
111511269
274479948
334237444
414723466
194342307
82396993
184212386
665974908
46338789
889695792
228285914
637760464
509970245
4931922
106163141
99129182
92867762
192981742
642553765
589855559
273422728
76015507
64432281
120985920
392843280
203811112
736218678
212141351
8677737
679412033
128239322
234312711
762614157
694954985
463734044
51278881
266475284
251554017
181210568
236078382
84172766
69606460
726706994
119570974
173217093
71504487
159106206
621872798
337021254
168269347
523844693
55430485
77012360
35450347
116643534
152557355
180077404
7331061
194261944
37172872
20068160
26359578
11405399
759379
592037736
56810672
273453630
121558884
103408336
142491313
94125836
4281307
627537812
119626807
427311771
659909441
442284852
424328300
314750548
197915246
52963381
2950388
744801918
704319574
220214207
169188532
3270796
456990797
100971353
240094620
758970665
670450535
97206628
153005415
19355286
799118561
508767138
156526431
354727453
102030055
451706384
330575621
501625884
573501951
296949680
956777162
22237160
374446739
853699392
444585824
487024524
14556492
135034137
377284746
127862056
620113629
45424700
177802758
136733595
2500950
17954106
680260844
352954391
869385360
67165496
167817921
106082186
36241631
96840963
443172258
91259846
151123713
39411750
232417395
335921985
155278488
323023286
390629194
355731950
164000562
608308739
87388346
779038841
78924371
476953902
157243422
290466511
183163020
823841237
480790116
51994708
87525933
85241493
246949290
95152817
50164912
786228921
448298264
364473140
640436649
912665003
266126338
40719316
48759724
23928331
231678329
208174092
448900158
278407776
300049939
491995153
25317188
725812931
1219455
4050191
219658369
87227906
167163112
418390483
111358925
116546720
138892501
165348151
463368161
38395505
39471289
735683297
17894187
84071499
5343033
79100424
288486406
330856017
512087502
102835951
8324006
556628681
20099797
40625785
9076090
55472149
517498656
276832668
90022890
319580959
278769200
669153607
113963935
35187250
451480249
47434420
93177070
457791362
157343575
50149703
172497905
152888553
85039494
119111023
144533903
657361962
300011790
81868876
261602177
69227476
452230815
350028774
88816029
404043553
465645480
34436566
434138479
22554313
253970689
499484653
203154372
53034142
127767440
209440268
216806081
27874586
305999974
440889480
446488920
82188292
185433896
141179925
832314890
252743641
99299957
458150433
912287286
413352839
504215696
515380214
138929742
697526760
268481447
651410124
309124572
84027876
846917955
837050399
247882124
175452620
965374091
643184192
221669492
154692265
258243595
143394272
64779285
628962704
167762688
11912588
315394613
79673544
661630660
26701709
117965655
645205376
514231134
146875257
367712446
316835317
412108963
947352199
505828953
223672165
352847778
123871390
462851442
326690224
106962674
161198209
169033446
120514563
55704075
369365735
47157102
166491883
549326651
171974340
27463005
353523320
8095186
215454620
272489854
232006929
167490754
36762234
58471740
193208527
82041476
439248166
291832356
120366374
29775948
173770130
138092278
360227730
834914672
603271515
843239979
193913998
201620673
54951365
244212523
212271430
362648025
31247395
18453895
155717719
384004065
13893506
738452714
157299570
7123527
567692562
618027114
367922805
32730188
56029126
77398624
114252583
754234239
147193495
504214718
686945055
790297470
389272924
331375621
187156491
623216538
275111113
90683221
214996275
266191780
74117588
187954681
490071758
287129009
396799751
697863412
341571256
191963691
571646364
21728582
441546087
350990863
171590943
377630636
165764780
78644374
497287849
78717806
223724786
206244042
28082111
36254998
247994702
744645498
154666242
1210276
529311437
141950538
22793202
651642803
143372147
295286094
60470124
788252417
35488497
99945524
354083851
399575364
118573953
115298685
709769304
74293850
807251791
373493509
18186080
40919483
175656964
281647037
7195657
525122823
436712
110064218
223951089
569505824
609724674
185166696
130301757
77547176
50495093
265820869
176324128
433314728
89636494
610504380
53342313
822003350
484933336
99849662
178022130
354809006
337711241
5148064
617720384
192792948
86725538
338949500
563779551
68173549
473791872
238126169
76816570
30023172
231070344
460354193
565433404
145411495
372923509
138655401
43251856
259999185
472670768
178385592
241310684
698172598
78963382
810481392
97656415
150765112
157393586
399475516
541273137
637966568
166091959
498287954
62775805
279973679
349329996
609466738
646864488
915557475
477167498
290390578
147922994
213995155
301662567
386483451
1673243
867579268
454950931
592018469
174155533
477547504
936442791
314050620
30843141
258768090
155647422
574619008
64374740
205035267
699690832
277227084
56157106
254225655
252371893
343886403
648469152
173445910
156763973
358651546
375909194
129882751
118554880
125341143
56819575
491451848
354888001
692879260
760884696
535292821
169696673
418885674
96982491
169322964
464957010
185409415
551039622
517674356
393142335
486307184
555311808
357942572
130184841
719973054
264382277
396413189
86466918
7302921
215060790
195505784
134980913
4199391
273526670
360791198
722715265
357969869
250199592
103087226
146814371
377957268
201616644
84928949
311814084
155600657
357290624
842234577
142949793
80131064
102630443
423729074
163927233
68857946
298741250
4987429
749890960
606986637
216712687
339103304
252685440
165941811
75865460
766466101
727999126
130365257
95540609
197671907
856346292
835707810
549588756
173387414
2053680
740422005
226053334
182708392
391706967
173063086
178802483
489085811
40141553
195969127
224473987
464446238
427983236
203240422
314846225
506085394
140676843
463823315
27188920
504390076
172074061
60246568
44604582
179271033
108383058
313629798
131175176
725906188
102352720
215535646
354538699
3524202
242665040
319001413
303215761
100846302
371665970
446179432
352471372
201379770
45984573
146791739
29822386
560917956
644675560
622832116
273559872
712083410
452695897
119742195
227546608
116687075
311377603
357942872
413222814
182078309
631303912
328785287
576818665
740014933
7066864
358403323
93649976
133038569
224493648
36646112
385889139
194844495
347062759
408118112
150301205
68453948
57644564
16627845
351423017
118882261
99947791
265782407
66486606
150717730
299604168
108644442
435544715
651044432
142727257
556884044
428706898
2128019
478237714
467710125
274789135
51836337
536593707
657173251
202137412
390330641
879305726
14448579
74908235
249790619
358295601
335802261
619514065
226125008
473779301
296290096
650758495
222037746
6470953
356514059
569787262
681705262
47061096
25999847
38522465
504430632
343713914
286762660
325526854
17052825
417867956
398321080
800288
776312538
118325719
370680665
507316808
211053407
176815272
254311402
398990096
146163477
76508346
358999907
290713605
443802345
412694672
282635556
431774002
20881165
30706753
231863445
14560386
261849875
191581972
152942825
207735435
337746337
178334818
32798734
40702688
31187265
402796639
701659672
950192772
222025823
216200382
103616829
407748507
139808845
70802400
279862815
888580349
92345035
223093540
234661105
484615020
133281385
39850399
413381783
129512515
321039504
121674697
462026656
756413932
493493611
280155470
56990527
126032388
347429265
547441921
889455750
264261876
646085287
262302290
413273491
761370206
874222590
202486823
110686233
112311960
446010605
674628306
522785463
223052194
591238191
592936355
103959447
308664040
525172801
396121120
289619400
510227426
369366416
416676037
210702528
395606261
75235932
952710699
2902360
29105694
258316783
3146040
26714286
40866740
391726902
14286618
25645766
39514835
508159661
416828526
527228456
437929034
332041240
464224627
374285330
79087296
206986451
540472872
614978247
52995819
227340676
901555737
805791172
15727205
481810109
446065939
85094105
394098312
556296198
504744998
91221210
627883536
83305502
6437677
59796048
700919258
275918318
240642172
529561739
581463049
480754202
142232862
207784587
53728321
227479149
529876086
684359932
212899466
589547193
26120391
961959682
403228969
173415531
106731106
131519979
312048275
228147748
93891904
516666336
660868120
10578822
118188648
68819553
757070172
13895664
122096240
290094044
9688190
157422762
48162725
19363339
135859551
253735403
7777374
57441094
667936877
125407171
352814971
124841688
369309761
538636665
229653268
492241999
371303073
506344118
580383337
45670632
187947333
88139558
419614962
42798878
197433452
679866393
72857432
118049290
282223956
234644199
433911931
330075512
1132719
1737732
328100463
405405726
544231724
220141281
242141111
85896947
564175062
11328477
496252853
448089642
31394045
402443248
230058664
37571627
144385741
456968310
550119442
14162087
511395261
6742731
145655384
865868030
130034472
31556623
94245919
20323671
5299850
139290110
624011778
74341858
16366334
168231515
219827763
346613270
72339931
142040982
96363207
755120078
