560950812
325148260
392306136
534969788
387808587
752164273
20317050
168334096
87101092
82433330
59863516
23325807
48284578
884974101
29850374
31663694
673362546
143353567
164357028
715018366
451219958
107007464
893990089
21511466
177665270
561518448
256951167
177899524
570163651
570975830
626615248
218860622
339813547
76372178
343133888
153387183
3208021
62553422
251251082
702865448
449765420
442813898
806664615
136803635
211670944
161476950
425322836
716871936
106312880
284975208
303996825
252953967
351581955
637140119
625287463
449299890
134540006
287999174
10670701
455552149
157730151
143732234
388270598
246854244
268058784
13701905
98869628
274005386
196916311
921750536
160381959
187910182
229210910
578742801
367758058
356913646
419826480
87959984
710251234
139140918
240116945
211212790
354598
3583836
285273091
70839381
215044296
427859878
91407351
518738024
228477124
501273736
145425187
123658522
143248752
451316704
185613667
312612516
569215508
64603301
102522337
10281680
793827678
387611379
35492396
601144732
728808952
152619638
250362525
85404803
187982297
743060952
628741924
42077345
272808284
1554450
55930238
38511531
34333910
306033018
327765046
46950966
305943172
239847112
745219659
441944947
88979492
439256131
443818210
454304484
607527231
566584266
214991725
280729820
165887181
249183653
275770450
84529034
2336486
270055192
541267335
63224719
106181271
550516195
268105342
468855415
117684995
276631816
238451700
189775154
511428759
698066304
13745516
179906788
415052456
841632264
167300534
188266558
143611389
8925629
126430413
197655304
178666016
879163942
285361473
359193103
247479136
260449502
387260090
376762220
95568072
547187119
58246887
10549336
32577537
297800273
285486258
276286343
6754233
557136032
52041546
293613554
404665571
308041105
24054371
205485483
864737680
64951820
603254104
313596719
384309093
224843620
9942212
358411297
378096959
577391939
341640711
59184236
772866194
49724292
402947688
10217025
808814146
436220784
273782055
116236692
180832611
66466562
114576284
411345585
370897808
601512606
50441304
80767148
293407829
602060639
470808022
485342817
590626315
116130925
542846174
230788416
729932698
127821767
187491102
73096462
273351331
115741024
28556023
611230255
261196866
159771984
360818370
449424290
113743742
204871260
235864435
28451424
35046908
480997201
114089798
130037379
249923674
351062515
485091047
270004048
1092622
52019991
653888345
199276133
286809757
189666158
188050434
263239457
694862636
319735019
317039244
290503844
298620485
272359014
355980240
506589317
262236237
75722842
176656741
17578217
288315342
489870598
189272281
100492728
21485578
764659602
521581483
515832161
433060951
417491516
399879086
446857368
656831410
880623024
18272617
578124181
483187651
55362455
1807919
181200260
115685548
721370215
27406144
18950710
830380539
359749974
415636172
281556438
767162357
223402297
437214065
74999221
799318550
457063575
111956683
24376087
27044997
142333823
30083185
266023146
765334887
314236705
117814317
525211810
436418545
576228113
162111174
1512065
435680638
21355775
567982683
249078304
154811397
217097277
215588224
673870726
185486053
372042461
213367143
574753070
282508307
356897149
471001151
551837133
410910930
283481234
682876060
7365828
144408220
246676313
177383104
313210653
55662436
685210834
496981504
213612849
317991658
292649286
8691538
737764648
390644850
426268630
372933824
341780509
101338498
544350966
506803283
251073362
24597176
141806664
6480368
64453856
36183108
246339570
320083170
79592224
681205323
332770337
65906229
81704610
169240016
66326378
648360678
567072407
349284401
365159577
83967969
254891238
86085722
216896122
73365165
467396540
540261639
821047675
730021281
538581420
291065313
609847324
47845489
782044944
198596226
689195454
45385578
632726308
234251009
2943666
223186135
191569105
182677845
216342372
70618933
201999519
492088385
290544847
21662220
89922057
97311284
179239365
254525255
498090158
526538523
346508826
1462587
90494379
56958402
395258400
35999121
354740024
443955405
421966391
122820655
794732936
318703678
205417646
120067008
465264259
100982711
138385920
259599695
240860290
226424596
22869876
107228960
500464420
174576532
54800589
259993485
484907189
222497334
668034290
473342670
174924216
708869893
666893435
151055996
88318132
125294598
171993582
56491601
301766198
20035807
457533084
350452712
245136793
157662945
147772406
38480430
220517036
365261202
304017634
102458826
388935921
124112912
271111498
605310993
476552394
441720533
311189106
768807461
884077786
204030505
14458675
450042562
728528073
217929054
180907416
248691257
76757294
1513333
12413617
163234130
580045492
247195290
84453516
16667730
86746091
265033980
30513319
329296078
533702646
127078451
99346557
126068533
8299109
56091611
666538021
283464373
295927791
73480259
346262644
15295003
572551915
325860638
78938606
200160288
259199050
574678714
467686668
233345992
57740643
588401241
64942248
275217854
66129074
392492042
134626734
232856375
158189130
66146412
174523750
196118181
143731900
221195067
54431702
521940256
445903723
448361494
273024275
782005117
328021191
330061562
93296462
355601408
443409874
199466571
388679911
271513936
326660344
620766336
319423527
119650596
636374851
220625829
357990472
34301732
386638833
267494533
187650128
169365996
198854252
149786132
479334705
52477911
267414158
260297127
396898907
807477307
65834176
55898925
325440837
133845127
207077265
143153379
289984806
732816185
78440146
178757973
60029399
734396919
320121693
133329215
303486036
31675610
593304204
185154464
849393531
88906464
292787763
379390807
302004507
972873176
13040056
171105760
703849985
536234392
91044520
77549963
46635334
298112490
483846311
555161864
184921978
178491186
273731233
120174257
423525432
231058891
529906202
207928096
466029821
36215257
461204517
12230555
120985250
141421451
679740572
483091021
38260750
35485922
67600444
202896270
419735826
31368263
301850764
217495424
344482912
199144520
124110371
192172900
104687861
551145099
747054
289584126
467065952
440691793
83342358
228617575
391017960
139274171
464186953
112303744
612833641
269760524
166321268
6085705
156182700
124083929
167938218
90057716
6956160
577401783
228130025
395294032
533367268
35135291
587436005
387003666
41942233
691639468
371443031
6966212
148706669
674630162
43952381
108941472
118468062
258055333
451864164
271696384
320207344
22123932
362774841
55988445
229152446
544035844
444490587
375368715
195400835
194035354
51210548
288675078
28735249
182615965
47175388
187320420
621180566
333686679
93108271
121814
10845669
303509177
310384847
556566366
644267272
281467889
207159677
376763879
131159610
664819217
208947923
36471207
56834217
246362261
11688824
376311340
255800609
148545744
272540395
468079009
213674437
470506608
474198
386292526
165998217
95234903
338443442
487059046
11349838
570776861
746295023
176800466
63847984
299154893
615710491
145757432
480997221
207625203
100668267
413269770
99738559
368272398
583704859
454337090
198082744
443508786
473595755
69645406
123542014
247721120
167017230
197477232
100385682
28775630
148180092
431246638
20306981
242852124
100144440
194610833
346913683
105169836
696837288
487356679
18238836
539134852
17324317
191599425
738071082
17751110
148172506
44427891
682971137
570309690
163002996
17799548
31423219
903654662
332172531
70810628
434172194
243569874
894132554
101867418
278625948
791121482
171168785
180620612
16679700
265133772
449149509
131560522
49533140
1570012
37556329
17577091
338885888
137517561
313960724
255926867
59700574
303070963
271087516
173841417
21462054
629156037
186546952
9820919
51901672
40524207
65318674
89285452
214889500
77352686
177726951
675885340
485022162
100794808
179450806
217223660
317502857
56374113
17051007
359508911
762170679
451575155
465237966
507009489
22010310
524361946
172835231
22878940
158610984
279377973
101596974
136091618
610368201
303306378
501733681
491028889
690590293
243270311
379736043
63818121
201226100
162045616
192708662
185809515
250340630
14111677
190453517
151863567
33763556
260059255
331839814
131676349
535677408
487438518
17733699
89062184
174972310
147409955
199286973
120661420
459517200
125317271
198711261
135084778
676155270
770820329
186111598
462114200
14447576
135209976
248743238
436826774
125691672
174652046
76290583
198195700
151866099
22077572
40934274
260202652
432613219
469138764
28676376
26642774
552114087
152994169
113251602
23958146
370947745
108626940
395674922
178092731
216368889
60572432
362005075
154915607
121910953
214159458
826314999
74661240
124237298
391287604
204510062
102715436
185745492
422868699
320283742
439958931
34906702
208994970
699026370
89191717
72307317
194760786
263185758
566042410
94163282
176917015
65126760
5497080
171007118
401244796
517262506
614051263
569132
148750042
90932256
464211642
80951635
66587694
709468884
666286412
301043157
167499120
673728984
6370724
101276331
404012240
276343671
12892980
103321665
709828378
350956932
173733663
80373845
227652392
350930052
870829535
123260404
134301414
216908385
101227594
36454788
1283880
169869783
428827878
562634825
35614313
592930293
917845046
355200319
744078488
693992816
250112856
372216246
370887672
369626074
718602096
628837155
360821976
82572082
195890007
190164881
8863613
651307892
951872898
34029823
11028841
81957189
3625439
494205370
139855116
223081713
542340348
90365988
23760013
399665253
698734217
332519364
650208675
55360131
312055478
66132523
514387964
218340875
154602890
18348968
44766889
221310796
57302262
228813140
308038931
384202433
166644406
590761731
382472172
312781022
415179661
114125759
189917773
402506763
197778602
163985553
177969502
457932729
64607017
53391182
420360935
78379077
353131165
392560077
386302110
801248080
1095504
32033065
583107248
450054664
113937526
4821775
117386018
61992282
334262816
75797603
628598809
194792221
240141474
138675364
633611272
415314540
143711724
207970800
117926736
267117049
11745111
369342451
405960240
522565325
59242047
4046400
160352556
453827850
554198069
237475441
42964400
521933520
567146833
252533496
469433357
481646052
183903133
251005334
13209289
440342393
149703490
861614155
202597186
278255865
7967581
707436774
534690885
90126178
504614166
260265472
219931584
27821486
310746062
716740928
495354495
122040882
119949912
90956721
292288669
823928513
117638875
217175556
247285342
489496107
901546124
169210366
41232624
47227939
214725480
66839934
50211325
77370779
72315888
25847577
564306011
721544588
8977052
658968323
588842599
176249024
91099644
70642088
817020369
24293587
215907544
125803124
609405704
240477237
354325678
482916585
375791827
421268146
266221378
162441212
224469356
647114152
705784064
77767447
261759717
452512323
575626211
115084916
734434459
53873006
73507838
568189563
406988292
192219068
341175430
119919301
723428747
96882762
295736385
170271546
98016101
362307207
382615435
423167776
141196176
488121046
596918584
67186742
562576450
168019349
19740560
555148647
379629255
268188379
461609104
243943103
47317703
214023446
919955953
60420849
227386404
219395589
819470590
315854357
68807210
348497056
745148559
740447752
5575906
96781584
268477746
498294454
13688
417801516
277454395
173482470
173318724
576519756
246716338
169110138
324074885
314729818
149860415
5690916
36005730
703280726
615849884
52761240
214151280
374352704
74845848
468488564
12407564
117077076
243188960
744507530
140305471
199365059
627890154
657734284
444537465
72138251
301167037
135122124
171598410
753471483
189863417
727728909
69171430
22104486
373305433
371323819
100576270
415132734
46629490
369439223
94054168
565565193
73945430
522396268
360040022
397443790
138267624
487290300
383046782
374728595
419705977
31409156
92259072
337500628
97161544
33396138
74953882
121625296
147430535
381346535
380090227
128461871
613700170
20171026
493003054
789487357
91717391
711691374
756189909
146180659
191787845
376513929
158442509
261809180
163801868
526887969
392899375
795327401
599522301
29714525
219460903
2141352
322027011
390117627
475445067
443973560
659764259
198381268
629920953
98786154
297697576
525361547
521584866
59014781
16445061
81915333
776341842
16742400
14772594
488061971
51421079
150208756
339731385
420596525
286522152
304821950
129915870
251271663
321088409
77137520
58435467
216868619
561549492
48631953
130773418
78074909
314665017
453267540
26865049
271710242
297883774
249042073
195395247
2555094
956096965
399920199
437227663
286242373
284462503
88740849
1067090
383816646
68427716
65612144
71031392
712855008
517323881
123335666
286439434
271138454
149989480
148737564
508794784
132173705
297530412
545931388
272388536
495184961
66109237
580859968
236876069
789056544
457326100
767147606
160574440
443968846
586220538
52670874
211638539
92641708
342386184
859146264
554787495
546329947
56459119
243119581
464678459
968431130
262640868
337856862
254302880
271559003
456528784
853258539
811677682
116263331
631751983
94659145
255663320
208248436
190910691
484116881
670964660
244959674
626585378
71513880
291545606
67604985
480032138
419022765
626530329
385301913
73962592
64927135
92502930
185057759
544742435
1920964
140927663
68090667
202700084
382279331
459308330
582326662
847090972
208225640
402766316
193764185
307682657
185772191
2225748
599708307
612101036
39266172
10708117
747808528
124872700
583933606
483350214
29293467
218136744
201773439
126742791
512536699
26055587
147439961
92641128
15635161
601895518
79650024
581199640
17627146
568029613
141311325
373011268
139167903
89359405
284321530
439503691
153085714
29847346
55335318
764204722
257146479
616038726
593548850
185940296
105856130
234027748
416504000
466317218
26260409
198004548
316124602
238436578
467506561
218711927
813782055
274447003
309300791
372171737
27685845
155623708
47086083
33203975
617402942
343130282
8140570
365842330
212129546
822496920
30988758
75628650
734404642
270172026
136781753
55126902
737875574
1002232
106606105
323022936
40103623
70568479
757570639
197018292
186821321
46731742
43936580
135317071
340929672
43221718
1612296
159809544
222402154
184502343
34405663
182839073
37863060
251930360
114814303
188026474
313623735
940573760
424557226
365633535
65047710
463965664
116158353
66203464
369012685
360567275
6592344
205396042
84822981
581623820
120516549
18532070
63252966
430283738
171825840
648595558
208872898
172702043
393869206
164002950
348464385
129486017
189564966
445300
152713867
67285778
288589708
75461344
246415718
132975747
214170898
66620112
226366041
33579040
369641706
688140690
701988449
63854516
90145375
549904763
789720653
105829820
251608380
742118910
325736467
71608144
310922197
39439561
301763639
350670718
328010202
123726643
30726030
12960639
272265714
493772086
112712482
116659067
746512747
921047481
112242489
251624127
25102776
136208372
311379186
194416909
642698036
621610663
457270027
209361262
120166854
89011122
111641126
707209808
80731290
197446800
15511687
645651587
206647015
796790231
652556270
339044802
113963982
171280501
310459254
20246741
385016784
13913732
215338988
808401546
264208612
4722179
924971379
135316243
456151615
545572867
369629033
208309231
171940567
241961446
655108272
565775373
216904542
265281895
21967417
85789174
16842453
461372053
4606894
602283372
134215420
89384595
262057106
469714693
427839798
218810176
112064535
164426556
668043657
232320197
72071411
48732627
420987605
466165477
58759824
574556683
431448932
1936743
501645361
383387301
356356909
265038160
35974130
392556190
146801185
160816780
772392086
5072918
317130554
370591554
587658815
235718491
485790879
128865688
59211692
174556268
148312859
339208613
19910724
9465864
43964594
398781583
540603607
293130043
1180080
485850656
16574894
255550581
12681276
20344944
30729648
320676889
15396626
443177493
447479365
179125652
225941067
34765759
178966955
323822874
58868007
259651588
670964421
573221723
948639207
224842234
55081148
542610509
556060656
338342832
111121164
354925374
205836891
236022784
292563299
407090123
639816471
471773616
13970767
121308096
102584768
115905996
487938217
192945207
406086213
212336322
510247362
15148425
30475390
172123314
17055762
68432320
444055432
694253136
772108
39740265
10340781
377218258
168790825
46798363
319796216
443968701
120221194
181850070
484099033
270459136
693562733
17337077
154459727
166832742
99109511
457700509
734347324
388505153
190204836
405699482
335638391
58899060
861109185
256407867
55680416
695066767
182157671
33340863
108423044
85676238
75467316
236717036
15162986
197798328
206128395
130047628
4426158
545211641
334769160
35468620
810923813
10087882
825080619
218294050
275918456
2520853
452815115
143893103
249327928
441034827
496607495
155094859
178227587
50480408
410093287
308997365
609041824
24918992
762305955
235674801
665876927
90730984
3454158
177206915
98392432
17364024
754423017
170334365
162141310
358899717
361790969
91288578
899841487
328498505
169934582
269473850
519015611
357278797
497957424
826238166
446579946
97647517
445003268
869943831
540349833
197435450
147104430
250972516
114586301
271888350
19676853
238882668
442795244
301504795
13992505
515840409
746211016
273351494
14326697
96285000
24003211
109906294
30365610
55679192
218688073
169287902
151413930
54788435
169221455
331992739
212924766
256334658
91259146
280517304
35805308
14457897
30921498
244356216
715400467
26261951
466699991
178051743
152237082
212533000
361542041
36633716
249061473
92456706
594572163
435429313
434916560
82414143
578336998
258608910
36826882
566891201
521602238
78169980
577810992
102977089
559609921
632188832
53270119
81392638
166798260
21615142
576761831
481379072
236343034
311735016
398627270
868490
52646247
101840743
64965819
529840394
747339782
768364763
207844102
145917743
36442444
180774136
7399959
67011398
36729127
18507137
127301945
29917722
181522697
489366573
17633700
73125306
306161374
147527601
776554530
349337279
437255999
278154499
534471754
635872286
112543393
58796328
626521460
18226176
39522118
60563169
440394320
83153444
47202746
186422527
16032072
340365747
292266498
334040029
51600862
446139868
287831928
573517021
422330238
483434833
417660828
296473199
72417495
132550541
83753089
253466126
583612924
567151123
195179409
264941435
67908611
32194193
649602048
719895183
491456231
535040184
27628803
155578874
879219721
68073794
432593047
443859647
443608058
26487354
75254525
382669501
49420532
36249407
235457278
26753044
29730784
25631430
298207825
482971627
16172199
198152963
365666252
252069117
251637096
16729618
259282307
573173908
820777082
223511221
660359803
89321250
13144072
213056579
728244311
27064665
202647579
606893567
7116587
240650168
84455066
882183471
316657532
75441249
587569785
63179304
126189590
66438911
583227564
46449438
26844493
14451944
862628032
229995979
441666512
3799818
508731076
81477648
5213756
280239967
560479229
516493857
628324679
236009260
122781274
704885261
281873230
113154397
186632024
32751076
185723499
10446855
378772772
459648019
146428878
8552624
76976034
19050732
258045039
680685209
206290244
68582052
498726093
108496130
251992562
200071848
9567630
305853957
233121813
522724938
440053223
318329396
100171610
72478033
24167199
132385482
686760551
237390155
117165243
4417160
1817232
117692844
14497933
503986681
688412254
98758228
7071369
378853909
226185722
239563294
200107923
186087242
417780214
4875604
179721478
105304458
546671486
578041529
24588410
109478960
72131755
70862224
146079545
276731452
124594955
57423032
33072268
646400990
637816090
100923159
108893389
48076378
18817896
319965334
134473054
266247294
429759098
468638034
149093686
303117186
511939515
256489956
427710565
459805266
203381643
77629536
637032864
97188525
530884760
19247464
92235190
79397703
232084861
201593433
361466050
20502354
298008826
140661611
157205573
204077355
10516525
32257570
50029924
275206408
513886731
85876404
8382768
174311253
48717640
57779455
18481782
144227741
395045290
337643659
10599757
262300422
117985170
145975326
270875872
38692848
350154578
119438439
13790578
933155014
7534422
547428104
248488379
396374604
6620491
70001920
67747420
72361401
421585646
467457731
99774256
200836982
479865900
150461948
279629478
123009616
392073546
288160051
470581354
319681796
121273622
159915398
9049611
7097159
736657926
200013940
411182493
135743877
113020098
81654710
673297715
172634707
575482065
36410870
360969709
302259976
208218266
550613744
557334719
528582930
6851088
197654096
54689656
187830254
297951899
46778434
149751323
47374729
161996026
77762977
569257690
78981392
33568648
13095270
200210613
150101480
658839067
468695536
37603642
149937639
169797057
94111322
624488306
492334462
27679638
73504191
318737381
222673187
284481648
475272748
362364259
10427674
116709248
226753591
424797026
71075618
158360450
719257454
149579836
201548383
117338591
344000732
155100141
49622492
416042484
281711676
273807614
208359688
404274328
402931468
54370653
38070213
185571531
220503252
446732539
82619935
324675564
31260575
186357181
16079164
184599291
106333567
41169769
577577199
196471185
203195131
158524291
331909422
253002588
10592586
607208627
92498160
213613874
802792044
204512085
261835526
123954304
160970528
122343758
601255188
157729113
181324086
259778540
201132582
67027730
449683758
64217660
236383247
569752
182928145
255428133
520800546
35924274
297187938
764995394
231602808
622832930
204134405
10462983
4002602
56281402
63687446
330843952
453324672
689307150
321052628
57252323
400554331
738171731
25912371
310071161
334402450
100286376
770779634
5209644
428806161
146062466
231572781
395845534
176470209
184358725
458148705
20380190
381608197
819404140
76608972
886997796
381681213
31239581
273210852
362745315
74196948
622263335
494059235
353098650
231987252
351922838
241661376
182541155
152047270
481342107
476390277
254839096
83802732
799180045
385829524
255513994
159360338
281765113
833091665
761145516
409474680
105041958
187508171
100175103
477281579
44652645
18494892
6472732
504434784
134154952
5445021
220835050
103840154
366618293
21429008
371861084
447898816
206466916
377550101
316608280
405819816
138381922
644471972
413426249
525222468
112473388
113458743
65669454
189760307
90379110
181587230
10152528
410169990
197839110
978639236
75719396
5712110
44846282
157469712
344332990
188126241
308457039
140721791
29536046
83796238
108911621
352568183
280861863
20058032
457673364
447463
476542986
643694573
51082494
99110568
458336598
127178185
45520382
338163309
103552678
121013233
518668434
39780186
709123408
721906590
120567087
319967807
41937726
121415722
496125183
357003742
365760296
174488996
363508473
15596600
637240987
106305335
5134644
710699580
294636915
236556935
115800837
478999190
322699656
18361896
403704301
674570328
320594379
777039441
483338046
14868530
522526080
325347430
320616064
387506072
100929448
46506020
98445038
22415468
362646770
331923946
142032607
347059621
93804700
65547966
186812350
62979650
15033973
44592856
521498038
384493561
249528960
265227897
96587525
364371743
26366256
513349701
413371460
381332368
418592225
606450390
107819478
303463762
228295654
377003484
328194969
154706640
577924110
542248635
25335509
694719157
367967104
172991924
15562699
327780710
27588690
200972225
133377030
322590794
54016049
32879763
158932636
684829594
302550118
580327967
243424904
9474051
448615435
767451824
256822408
29492790
771260666
23327726
101868104
5852306
54509063
484888484
24124956
273897936
199075994
98193833
363771244
1198084
111412308
558892942
27208547
178738240
704844566
813149997
297868618
21473187
8779298
166131780
177035311
724237645
812457032
122995879
533057523
131333936
71351734
383680787
694327200
248047152
268624499
246774160
176430646
256749620
47530284
371599959
543066166
91548304
184957606
642826597
601450823
189593314
130178720
511459094
41890443
10532346
75965030
247748400
4736440
285781092
483081501
672245054
278985093
304545563
366595973
96010843
405554258
119197156
88801464
54240446
475653020
303693001
795050466
75983701
103573744
317268855
720575097
21271329
454167756
138298727
205691679
141548992
39297447
716044325
3741013
296811885
211774
696556646
242408880
552899477
209497088
324376286
37087171
269401583
14843122
749122826
9169656
422850979
74183697
113361594
148127381
27317940
71837255
348958097
122978527
77969548
352507650
682794815
201693398
170666500
211597688
790836438
521087218
169332493
240237926
513949209
18259199
193967151
138674458
3467572
288912446
22899772
73932855
64941325
814077015
439268694
654781774
23213776
796922711
257267271
244777938
119223022
392185070
633427242
296905241
702058750
399384874
252914540
234702238
77390166
413286357
111524236
63628268
628890664
114641184
270951148
3138868
42735021
106784309
264347295
660489839
237566652
262295303
477112267
283699691
196899969
110435583
205073646
558997075
35282082
21174
109552778
99934065
393803599
6391595
194530191
234687686
158410739
295888416
148123476
14971260
417160873
106978916
63390782
46279517
210098021
804785497
488991798
468940853
662907002
561102954
347009581
394576974
300689902
525217805
93879383
125512616
162031642
368348435
198769904
114041148
80696832
562607320
110471299
204764110
685007417
6551004
65668710
18707894
40929303
6813629
556375235
398818041
139974594
332766647
89128170
266561836
66206521
748195071
366505440
286853330
34771342
178320657
62486604
15660264
159281058
320683
553379172
24662425
733289758
722986119
108660650
107930148
468636884
126545061
780311585
734251466
96157467
204618708
28238382
561720939
915803742
170627424
111723186
654500167
358494972
194897156
42682087
291926799
399781495
108101884
34951453
165999804
826645156
467213318
539232222
50941164
69107360
417609476
754709893
691036680
248220201
567505668
156778609
23378803
555836214
129340566
117573714
287604822
33258702
829619795
3567110
120184031
597790514
93853042
914023263
329661
324161009
176366305
498994596
126243105
185765562
17598424
518623565
603741844
54191907
708678836
8218672
673712346
237913090
631114779
25819284
506200055
84474114
495025932
14574978
310003827
239057773
22959917
105042384
22628007
164488210
125673942
178996421
178399961
89849
892996281
86007060
141443856
243430457
50872360
18846157
679881927
429931491
274771305
439104184
377871321
147899500
292120605
645066676
19368289
125127693
243677521
109664320
578095461
53247120
825747068
1322500
24087951
69149830
370289495
120635408
279272234
53486068
450204435
122386679
167724482
594932273
141531594
218349904
110392505
589588294
660018814
118206703
553704578
46580334
56872538
266743369
203062498
811979
262360847
318855243
224432016
96753517
359660804
54729711
196687400
556267583
177917360
28581567
469675319
519079059
765418384
282870149
84626895
82978510
236729094
16445138
786197088
44956282
403413125
639108340
20950330
79964011
16575650
45378036
439687404
212793757
26705215
48637179
291092158
665101331
25133709
169993409
139569772
114256941
664402913
407479110
93952209
226244338
17542669
96726948
320589736
170782124
583487201
23175494
463619192
251418847
30048891
240422661
245337247
39748377
20970108
162275760
132357972
418139584
668849565
259182040
64933200
67148382
703938152
167385484
401801547
111924676
227898367
192038147
206324379
47339435
948699810
299212130
202181567
117636804
638643877
212793980
353768756
113944504
310718359
94985959
350230944
163551990
151865481
466726467
173055200
315729518
697131859
784095768
6155450
223512831
1822080
481367959
209336923
13203671
56879724
88951823
415957207
164766953
290793626
348769539
746271673
592069792
169798822
354579855
60689344
64040515
91751693
123113096
394201852
112973527
445064144
405878426
1495036
173953179
144998050
12606509
746571636
38951172
131592308
784255082
401384215
588463599
916953005
57311948
871592769
122243708
207658526
390550571
333909334
401097585
313203118
200615889
110744933
550386598
262313471
137525604
296096875
480322900
112398581
55656855
707241016
302517280
356726969
3969759
174345010
292265891
116870650
388852625
204288966
154866161
260887022
467176661
100534352
265836462
588696182
254183192
59983610
77033849
14556458
555967856
206894204
228841046
346688349
308816084
470382748
56734832
235888786
453090685
123234440
34128438
663765124
331660324
16560486
384217065
366596081
663448115
6178835
38034408
73184176
208639284
673169726
770304395
394096528
560261552
534924895
2146982
460205339
167801740
153637496
70858744
480935694
107062142
122942057
546115210
153763023
153716064
131582633
16223704
506248003
523178853
372394534
9649384
371844424
31173642
115883047
290471923
377150121
430505631
21495911
477605965
754090093
246931362
315113992
134519562
151421233
16296989
12220848
651913104
15537962
671785193
29443260
250707385
812692256
67979872
388917090
9559566
389647194
460763113
87834384
77751272
618120711
396776118
403299811
257404507
65461155
255353959
351448646
278976205
690888621
60526118
678392508
258471935
413217895
317272555
124768717
31796254
543921353
15343697
88284427
340171784
786939705
18772609
226408173
53560232
326974906
3216562
294113685
612604831
43531365
416290856
22932670
38610899
290375474
566747939
200052538
41527321
28366548
94762272
407579646
268490959
28427294
164164916
567283194
81579087
407785840
126569871
688436091
391502611
153815353
172747635
196258726
544788880
181795569
366745065
462219198
315695666
358253989
454411721
45276831
288219961
119245246
592774613
20523418
688123527
951469940
107665618
519068532
120849876
52356728
767305815
517337282
604358877
46483766
76186982
354369794
313133243
541664480
286955796
571523358
41596795
533528709
184749465
74322203
869950188
208308226
638555368
886741821
84614809
243726518
103055363
87591994
991804
366733210
119648862
431118483
816004903
344617204
67060452
470452926
111936600
446029528
228971544
170962527
923959502
380316088
188918941
585476503
16792436
415693464
550294561
8404553
267397710
15241064
702649931
94551411
579323895
88668018
275075568
9099842
182667769
558862690
555288073
547901987
152462625
467154542
228828447
131238345
896025284
67996652
102749558
335699133
49986576
98400517
76869992
788731188
173048337
363485371
567377176
63710504
153882263
112148376
872609548
540533135
37201335
588548845
105489775
614897240
72492336
412035854
263096889
304123462
553018365
52800191
323039371
375782080
753679437
924388716
451073926
469286457
45479791
233301261
135059240
116101174
30245005
57681520
206615344
493275067
552971492
154405870
398324090
439956254
263404333
24577358
416710393
48430236
221974862
85505618
547148320
165458916
68886572
355164713
204701812
225938037
264258828
65762653
888120623
95009546
594048089
440912182
141154887
34475420
466733688
20500547
316747554
57029966
384893764
16857741
540112772
692870342
267963291
531463918
377765284
67466583
613622526
113677468
240614083
54598441
181092551
757179525
60900219
609756135
81402906
638680256
131357128
576616846
473068740
206259702
41271690
553447610
138240618
170035195
218106052
342511817
99513572
43670517
52877856
565507485
678040396
82450713
715866562
173018769
7318890
293547461
539547000
695248393
433367076
323035726
59408535
342953886
647914922
304163779
441079266
467132094
49915671
217843642
195198822
44587644
210074648
23056218
23066702
308418229
444647943
106029186
246097607
135818652
2336727
919178442
105270790
371415958
408382970
279291461
3393904
372186718
32354074
767505838
53461189
149199642
885328279
268727491
50642875
589847400
214579705
14291293
55811275
346854459
504836550
9532262
91012188
21391057
407996583
721118505
267316056
81734299
654393385
266896179
126273110
465623758
123892004
19752391
292786857
92108489
204283426
461251475
438985810
600834505
753203596
107927262
33549503
2443961
108349615
118941532
57557176
320308091
359519017
782185963
199145747
62443240
104533581
503077978
157568007
104764912
23245898
235672440
385005505
413788349
81668872
809752795
810349231
452892992
186794116
423960234
130741780
139500584
715645362
324927317
212351842
532540604
150575973
79088414
701936808
116825516
190235290
176627364
227148770
245491192
647119260
788642505
411560802
7046064
57957519
180889181
55539237
331337189
94767636
757339301
723183468
557900388
455324951
27791
399171045
255997852
328549766
710121365
721071439
422789994
691892478
331035717
46025581
380534385
392794406
346480935
119586029
1586546
667572759
27777650
2915594
826776334
304659851
414700694
82089770
224193149
93101168
298559819
259265850
276080505
462867794
463413918
96151513
131762025
111452497
150630113
400916040
288914288
35011140
369733730
215550884
574557522
47238691
554101604
442959354
55485423
452301492
392002136
181943338
362509056
146537171
780458802
448205314
23543979
276954719
250398664
252526760
412055860
619288592
536160325
312346869
271503904
4235643
327560325
432016906
33416934
79319529
454811557
433604844
158423896
350618680
16297335
97407893
165523340
408436714
120445122
480094024
224832895
171071845
454829909
372639219
189714932
33712785
120816006
117934791
483473535
560573853
218880126
576087341
203346708
99124823
280556997
253677302
71625937
126299045
103441920
255821009
486441615
73029750
129475127
626143643
14767604
888693333
70030558
353317487
958586382
76096287
3744921
520436524
257832208
125206245
42771936
519011612
340373546
82447989
499766225
555380083
164489076
159040715
34463064
22483540
754651873
688378658
96115950
83933814
490663131
116795343
611552699
282244907
74233948
35754306
215603966
190441630
198001886
117471560
119384845
51454634
272210379
44607240
169514
205274665
443014047
146338589
233795157
580214173
452039796
427271547
246111596
259945305
152020167
242625474
74976630
98154670
178560876
434738855
146219031
37258428
519571
323081712
10399883
115221831
216041565
102386071
416783309
51936903
138004889
140275131
18566686
673436034
251730540
31910846
206331629
42628485
254634988
210675110
255651752
57850913
440582037
269003143
434977445
456062275
346599669
51747142
253986856
318813245
43001634
219161016
185074047
316237277
193990446
396474563
1892496
406786298
204638949
15396743
549895430
536153261
259391042
248040644
627731876
739667123
628583246
552555724
154153489
4333162
232239862
348754593
146398533
29716420
94879734
60694160
22391586
502875504
202164323
544143772
360449030
1534726
153296837
29107048
18603579
21799048
152803599
679029417
811061649
199533360
460028102
58579152
525365010
174124625
721192720
607369690
424751198
452565344
136612654
401187609
273470499
244775454
236567467
60391837
127599590
46034639
629862447
452929622
393111992
442805399
3830448
318888131
108496312
413398518
75509889
442107981
174336449
36343704
310750519
81105503
182736639
143513480
271386475
301141692
157912684
462647320
19662570
53498073
421444058
159633284
86399434
424153686
458854471
907804605
170584727
92795896
340384327
80912018
330873345
76773888
403316799
275207212
23609685
142542527
309735258
345816342
878233150
181953880
629088003
446451637
30938722
233931849
477160431
377402651
366499260
106315362
516299152
145257008
42686626
81861968
400389543
121250430
468932078
578318109
428570839
165227140
108540670
7312139
203215019
67504273
501675462
90329892
332169942
19075328
108551670
70512316
109565424
326009058
80506038
387666118
82420036
491491417
93044298
55236940
207884529
562997582
588478423
42861097
98805250
82027982
744153634
261899462
25914096
481214526
471325003
730474058
400211890
134030919
587212778
486998934
131805982
48641254
204061689
399181212
16188199
337502527
21516060
91756334
92397991
366794728
181999704
282520767
221859206
141606513
33261212
459658690
333884519
106646820
722351651
25598387
122964558
20912850
129503991
201488582
177012228
121920303
20652251
119024134
483302745
494347157
144255083
4766474
682955401
266658405
543646170
782425161
346952401
354886410
233202348
316859144
434876940
249318760
607550412
70010436
157324846
18956885
466439812
17066764
288973781
619628571
255400523
56107819
281977697
345946783
247980110
182103042
409798400
248687184
17447583
391059552
270981902
4649681
391210016
193304758
26949713
70264557
251068207
121536509
303392522
166993809
36490323
406662543
102202371
255949975
147926998
103268020
281937483
559718113
19813166
270032079
57698540
857221236
362794649
208608180
192134338
131861767
523324755
45709336
219765058
16037831
60410312
90567395
556336316
67149358
71223640
248432238
56809300
5834653
312989550
142344154
9066775
313535320
434232289
611047480
2129105
354745726
68597839
452660691
54497380
448331568
279876346
375027924
157891046
335511954
281359169
451189486
633071159
295685600
285442800
869168417
532989651
673793249
322099191
663967034
83791760
625161058
402936442
114247146
545065246
661762329
197933898
3708887
83124230
398034487
495666493
3106557
496890217
391964616
88921344
635829760
150773762
103148394
770054760
164428515
456853944
711664568
12799896
127861988
61263073
294766031
443179300
41280404
1534710
5747282
26555299
192004665
32798178
89097904
45314231
58046121
379715736
512922560
840194740
71417120
555550858
268142835
542247898
304012090
130389029
409954828
229304100
445472272
114681682
621041849
224220120
115360303
13708464
92865124
220209224
29030734
764562214
583860867
91074036
569558485
199439826
484815318
398368274
132750960
39518796
6434825
8299136
20950567
312685751
116181475
3929323
18876528
35676564
275321896
234570077
642703974
561213765
201945422
132508
140264660
362388409
156620758
173573148
110961622
640336514
56932099
96555587
471940351
26293193
18338735
289249606
137031333
381781285
239353485
323630819
291168218
202813509
519275627
345301954
497313738
111448170
26909887
794527575
286455033
621055913
151130970
237971906
20700799
361982675
502087611
916231254
443215028
519080659
338718048
798351462
86349738
162059370
228431262
124543012
286792732
43632476
156206835
178235788
92395152
520929490
352679834
224626954
460364340
465976904
349119479
518955734
210419183
112142898
137806430
36568128
346304501
172695630
119359137
7049095
301623128
172365828
490262451
17201431
565538886
645843777
344825078
46798571
140811068
753907592
285322048
586636558
802133627
206905836
125163169
251119937
26670603
120484
226499669
22688448
42150069
224405981
91930193
430557588
311647844
18768754
136678461
318792013
354182540
6650297
337298942
118931049
307998219
932065396
73085580
278368030
457754592
748791553
566964548
786758977
588560067
156409880
251645610
868516938
8321113
98912786
222388002
636537888
556028657
612752441
64927367
1226378
793295089
171148564
216764503
533673070
163469640
3336946
474758847
551238190
128890323
155569819
185332925
1565931
19583427
224019326
209113446
446980089
50502540
52668812
379109617
557496748
277349431
11376814
565679513
297298663
110080384
348232924
17165218
260997895
731156980
41282310
784025
24274356
834876554
23413056
830734965
83182860
96576168
348179932
21381984
113833675
179613438
50102497
39091314
294491119
40255867
821657100
15485416
53567228
380632620
725517569
609744513
137875941
73070635
78005168
522015436
142087958
520852368
187757793
102927190
520676220
249507
106675409
229546632
629872196
525260034
340709086
713598990
76368881
144913398
585214520
76488180
133455411
7828416
114032728
6644760
478191620
121615840
42275402
852501771
250536661
501925929
833804941
37473642
227129661
132407865
539087097
70838356
828237171
3935786
60597315
561918394
137133390
339983629
136622833
1935266
359235288
664604685
870716404
558532608
370661913
836563832
173607798
260482140
475400335
358985536
120097747
283603671
341764187
7846580
502358064
315218539
195489536
356287861
677373460
253126521
94605851
216688382
88502975
591213019
282708103
55159499
460740393
88564472
490317021
445450294
460566305
238042563
121628920
520389468
42915397
203349460
329748501
135521542
14885411
618541585
33681413
362263169
298151588
27631518
46542985
841581996
513229906
348894980
54236227
192765604
688052878
49543194
96525842
141384051
174832810
35683960
330011962
274137100
13697408
192721898
42167921
126898264
375299537
72714550
83942177
198695196
921052143
23687960
119715136
637413613
83527901
825073205
179950208
506365161
374622588
202014520
612914437
75711994
67313726
179641960
740098551
179847060
289180564
264443356
496284028
303877705
523580556
48482616
172915097
283144598
227816124
113564087
117388572
467601539
117951122
360244393
211875804
370291270
399493164
612640474
190869577
709331914
194460760
436726309
66477113
391925450
66969499
502704130
927909826
146739908
317199984
178020189
685050244
447027044
561868506
295163286
275140017
135246378
95820511
309946987
241619808
239409141
91588834
681935444
343235128
155158318
564791769
231319309
588597450
41992403
257897590
92188486
74230065
175920784
65474122
239279632
322833217
103350942
365565137
519459526
136680157
185583086
172936009
188672201
551954328
116130050
907163210
267578652
299314638
700170083
12420227
340884759
44291298
415937145
901810
138017542
418584542
93806172
1007760
553798149
52465068
470219609
579789216
542003536
658423022
228372076
585671202
114011015
96189880
489330923
208111856
312120609
305142086
258968536
326824680
76180928
276556983
599716754
29785926
108777561
284602790
761508655
138575557
18832339
101733562
186936886
365106285
311615376
692833210
181572730
154082686
270299596
550306300
388719210
861775699
515447911
366273470
656334802
31859933
91106336
40988283
782685961
648423710
201659001
271877276
130209945
104890527
75966126
273622535
238977239
489497294
483727356
146894988
270112960
345821164
111722362
462030806
612730025
764498457
247240928
360909312
102647962
454848560
62248936
392846707
540324659
271199916
181740092
781584349
503360878
145507483
135028230
51092814
46818251
145358775
174510680
337876527
126110997
274539200
316180694
89549040
69291429
100693096
185523906
250662574
557353989
46862013
343693408
185696148
531763995
19494170
149048565
234094492
632532052
454061821
234141140
452466959
221217759
135527975
103685428
572418157
748163802
194717202
578513743
2234461
61448000
131504422
506957651
237661580
264213720
675847676
84264946
34747391
279393278
250692621
284168527
26287815
184129565
87440026
446623374
82105529
7690855
15560030
19986928
79170035
300045735
66103596
300903043
162550799
54882285
132263043
1082634
258824228
198730525
287732927
570196502
98132320
490304207
815913272
553111040
169704361
101792076
198744422
544153786
280790886
33576436
404723426
492859630
183420563
305453688
15249686
770558846
192928299
55391700
24307864
287345494
175674899
433859078
259146811
65602052
816720665
395745412
202912780
597821640
723729294
241733613
125168877
167008206
36703345
41524241
21828598
186688888
188434599
223811964
512966302
172426995
214574832
194365575
512754363
431650512
86140221
231164187
338033145
228286580
579190890
623097683
336054916
157643301
318739539
702556407
102165078
850532002
528812668
369942549
223366378
143540339
213875456
158602076
399025107
536385946
306540190
356410823
542279382
413633260
169369991
789044688
512124468
485337564
47303729
468589424
482652357
170449401
222977959
29980252
183476932
114324302
131375297
606247752
287555318
782335379
216735662
337287195
114216710
608016896
341966324
16449977
236051860
18477894
41735116
58675020
304414925
280846698
823065582
230354373
502831209
194652816
76077782
432482416
298138226
194300787
393836437
801197620
7680520
389457147
44039435
36044408
51254856
30691132
253655921
67533594
405366406
286847403
165203705
586786861
183454057
231803892
441831656
228056086
144020185
245886124
362373289
179188782
150565530
8592850
491854301
42812115
962837653
325184950
664403136
568597210
241721518
368822912
83683684
6991401
710005572
94593386
135103785
583059215
43356485
731548866
537490211
464895736
74934647
364523007
4576372
336885024
382018093
449068774
127497925
458727235
158504424
131281827
299132580
505104078
98224430
85076511
9791694
465441945
170297181
502161457
353201579
401182894
235393568
22274293
260239783
246149268
144237825
352344722
112023969
829421827
477580275
749584840
624099064
306571995
197435455
380665435
466977134
618299629
191709733
282054208
171759635
404490873
84616347
72211848
199069394
95023027
1434609
135176739
169434294
46880166
476410698
5172305
48279187
434641439
162641454
444966599
36776250
179021531
74953169
216279325
62899397
122081351
5515860
234361130
195806262
109287843
917282932
531349773
47315305
22219465
548472844
480653387
346714155
263032856
69917354
213459296
424773555
230820233
110558182
3817260
42076924
298366001
26254730
378374812
25107428
137306148
551680269
121937272
106834201
87674626
343176752
408375376
546348855
108635552
827645231
398801819
7046852
151990752
210311623
604052654
175052048
351721301
215092529
353198217
408550110
92855790
171303112
162156797
477830703
101693926
9264135
338336659
433337182
52216282
638232388
396719104
564166285
280815319
9299231
39156100
196392777
91072773
469102207
156205921
206289108
49278653
31535254
72702756
153797355
334553837
65940009
469555173
394137856
515524260
224588760
702941463
244214472
748904747
145902821
131015159
231445322
205266265
537740411
81638969
642897378
802466314
427702856
846292150
16162424
120666283
79117462
561828045
68982444
319137584
479358598
115764114
21414560
723634025
141462138
335727881
104422509
471947614
31729024
192512594
257038243
191133793
458047312
135622342
340103071
129844585
230772741
275093630
855483552
331476269
631425341
114885870
8604900
308756929
199515913
351403747
251367102
138469242
135295624
286399129
564952850
620125281
123103427
126581722
178569169
4559517
104955388
242347374
146412986
793590814
166592768
235810800
73667038
189113855
137045139
162331651
574774738
351638370
216040748
90003862
24447979
282025639
266142336
83179755
111982699
77005331
98003448
177705925
1519770
497321486
410094377
128149283
498021613
855833707
522035605
510394306
755837722
521024656
8007956
760428698
236364202
582179280
303086648
148766202
794809609
924850960
375859564
158460465
334581917
700622660
340613892
439803723
309671527
449270536
397057283
9027834
44104880
32451939
88806072
126090880
466694091
5384727
102811360
745063648
48737327
238837742
159136988
333881713
28312411
6184889
31286566
592511028
148186914
1407661
555381168
106467385
164047308
147458879
194226920
11549368
625652800
44243262
239913045
441548170
139909608
9115728
549500387
149270262
703782404
228436908
225760542
89114120
769668222
387883012
489556275
4040742
441131549
205675838
334478185
179439517
362750792
26255100
154354988
120263739
230668814
237971980
261343589
107751482
20074622
711895223
485505969
189790921
176097981
239944346
96276900
132652050
2508272
35282588
9965015
28523328
205335410
670029695
829541645
13842683
142884816
7726773
398752870
835359883
219391204
292317234
462307714
40316317
181295163
609736925
172125793
47412634
313759193
146267589
13035210
435138982
698424141
5721361
53320859
302554248
402751967
45834349
352289645
460359586
399207519
442203367
21440473
7604567
768517890
290857710
430996770
51271829
234533001
603632432
729927163
25001360
11076271
57896762
413195689
364574561
212406199
30184563
170462956
90476085
741819595
49740459
425300549
138844961
145385244
475737800
157873620
625269481
183216912
236793588
313561200
551095626
26047760
39318058
808334812
31612226
321035413
189684887
748326018
596409190
426720994
68606689
500375022
284398327
94274612
262198
120369753
23062025
338698732
585218539
209214279
175891347
51744015
330123049
607272098
280637603
186319530
536572611
210657606
542525817
43219977
110521106
470923591
171732795
71214549
137370666
663558908
29535630
499738930
286278121
793427208
640568318
65543535
213297442
407781918
67776945
78462836
3697512
382919926
649956495
58011358
446832862
460206427
20583264
278135255
16268766
276991100
9340136
540954385
55427678
320354817
496505129
376280870
52209108
150818216
75561086
105095623
225163418
463197918
42847238
78656412
371921453
148093987
249137619
379029312
48520287
606413036
728298993
159800801
202727860
256335771
201904271
448916182
126130032
7357013
167010864
250294344
353798371
35312528
9606959
225094113
340969923
607519685
732987632
272652137
66671461
7091535
952591905
536579141
83293389
47736798
316866731
977934115
117500855
45499841
616812718
664135300
157159322
406516261
45773627
162300252
442997386
23615478
1635516
389271324
206682837
132833111
702452148
374721557
220760813
3042456
7449604
373385148
347600040
813614980
303940839
417858397
59429835
173632973
179141698
830425832
88083338
325562940
199536870
923244044
385148058
63333593
89388218
239645691
104995868
359362002
136701310
286747676
225953185
349077347
25906762
31698013
113449437
34500976
46272104
136117537
73112094
100411528
491019650
808676626
515014664
816745653
379787555
402721101
254169617
719124246
71463088
623111561
464377267
351406441
5506782
127232192
695857640
242061676
323282776
3147579
43023453
652020715
430907664
685374454
51546590
624252390
34936419
145073910
398657556
286499538
315522155
266350392
389975041
36905100
134017546
639723883
449184348
68920804
704154145
64067713
512151935
149859672
183722523
53127756
251470034
8475672
392695409
56895126
84271989
24619422
639326900
933483296
140567775
773077405
87858918
612330620
44398636
749777391
544969267
176325700
48354040
159786441
45541243
462280629
167572083
211558972
593197848
16842525
339742597
110107492
4700584
70455865
183344229
681905362
448916041
79747816
50611770
362521193
306835670
225912925
409756880
306557596
151018794
72261133
44969048
529376418
4207144
25589401
262541783
200465955
365166157
217934583
45036424
198761574
203957440
241484139
373303552
629907642
667943294
54226552
102328570
389991393
40877364
360942674
175473828
349682595
543279393
310642078
151415296
238163257
486837911
728857695
139481560
145210231
242263704
78788320
42512455
232280010
418090234
264977235
497685504
451266806
160099080
107003478
185321435
94490966
258916011
754452805
351730279
324643558
491106357
245270978
101461711
222448490
49350571
40587737
283613916
286134137
216610475
605116912
274538264
818429099
52044644
375342529
453877404
246206845
614233242
19735397
190635390
8019946
3883832
66512897
765819905
424679539
126127531
453075696
255024672
744975432
229088465
588828209
422965272
717935805
29814083
64138199
744119955
145893673
11349600
19988402
204832546
174477024
23195670
372936651
255972900
495958085
235921230
573796728
601579048
190343340
217547540
187034277
550486580
109578792
172677477
539912858
386785246
140334918
389676471
78994774
787425978
302978764
744354283
84267575
192033314
60618916
369245573
294651138
119835533
698805595
166153791
68800995
22261686
272998626
88676584
57500341
130838781
132279674
76251908
8719800
825795345
341395450
364532482
146750347
479841334
444169100
450084412
420334372
400458600
113436320
547607306
423870712
37241869
32642002
242483831
713902980
261900717
322640579
270830405
405336001
559410444
292273184
27285102
136662282
445952608
120972928
320991327
358151682
210520622
360286660
369545530
1447532
52026504
124336563
389274712
226198983
138634382
87266181
774776726
723804468
33357600
216656976
580624837
374253024
71901796
85546701
433040050
568874270
382025582
224668895
32731635
265829605
762329359
127860762
39244224
743283633
199742654
143910252
114373453
600900722
217769761
790490140
61286969
184057116
686862306
86997520
885079161
562474571
260407680
154002617
73765341
568439033
139471889
191178332
567505530
21690498
95141417
509847163
343080871
362005024
56227050
378987596
630305036
520365961
27836184
735203240
145988506
529725882
648170203
51016867
82280460
261000651
44948157
360832205
59682486
655342352
736548432
373597646
104593909
356154860
150710235
56998130
212767552
445581169
259560076
59743946
325172008
105399323
344627808
295635960
198991031
503487122
184219546
31476554
172417631
330238609
98392227
335722251
365060987
173466732
183280951
214964416
177813607
678602801
168653880
343930272
74118214
603959273
307788647
53110208
170356941
92811974
91619459
137222000
165715062
438682050
121121709
717334186
530021276
409928406
1160748
259928256
534679728
432440720
744110346
77472169
194633719
302555884
571140942
165954099
799554107
181139401
192491603
99716015
333128108
36229733
261188004
4192957
174972960
14349785
675994702
261243825
538561015
128674274
137596672
23088487
629056933
26386530
36775598
77253720
36441128
158129143
329512774
109652809
4355749
584602067
91323991
213999721
693929605
693957670
5643888
282307487
111339744
330012154
233424888
285332410
160822425
377293442
103112748
417689206
169400527
928959576
603183048
23922696
483875009
2439078
197798268
749104785
168676194
534250190
150498490
32391473
165741860
683015190
398577341
351844052
182749956
382873094
235413431
294139377
173659392
157308887
349320182
394350843
75206378
132413815
279932300
403524758
20967135
243109580
61995266
229112859
83297211
17225616
317619979
467484537
639659056
553444335
23398703
204682780
137434799
82486666
221611327
341809990
179989604
303539152
3233933
392296913
309245585
433801335
21911395
331341347
131552844
191347856
593470617
222381284
31777312
69806504
54990562
373025233
189155778
115735846
710406416
198024426
133747212
36620220
94524642
124968314
108377333
73859568
156938432
658798509
354551093
182120707
272907797
20836085
116899472
291740626
171063732
209291215
671608206
175566390
513768186
77342393
289379970
360772748
362540474
458505680
306357738
524360161
511679976
371178691
831837567
139378851
329595432
644612928
378273476
121934946
21141181
83505048
46671936
5438988
274347527
379400468
361392134
141559510
386976276
169145048
4379895
631397022
719937604
6776577
751582894
540980959
381626615
114296979
101058785
646735886
542122970
197929696
285304197
463755612
7284814
271972660
241805237
119193658
174638495
299903972
28326009
85109104
864420756
108454360
2563592
813693308
184421580
165604102
81980997
380796825
168069010
161625746
713922312
340815054
327037902
296507199
248087766
281789730
135084380
629603783
47679828
339275751
39924845
19574767
384237058
277802052
199033310
141530956
548971723
16956516
454865353
336510571
616649801
515691123
492831122
168699316
298129755
373642060
180878732
547826760
156781650
594045053
81179480
112089645
735319229
439962483
608522564
351032327
33725738
46444284
376185632
73971102
566236912
234197943
511346289
126645089
68467453
149531200
255499211
631521878
161683271
386507574
576881848
221695390
441298569
122981270
261813459
294809929
17517875
269793092
415104815
4413936
96819017
267333606
677667602
685016593
421026455
322104505
417956277
102860717
103815732
286227742
79009820
32956215
628215746
11160408
186782528
463526373
548830009
458355345
132934029
2542201
171499610
3534690
104135600
78558382
459100810
414250242
522981208
295009600
724979142
327265324
234177283
441172944
955110
75958292
194567938
119261292
116878278
625653087
162835125
128650572
369419168
266809272
495261507
64271469
203253954
697138319
82694843
491173602
486710923
153616500
769949844
46064950
149207133
107176620
183361942
541653861
375092396
76036088
138657617
17913360
252794789
700081861
640624742
561030045
696388295
157968185
234276662
620588638
192163131
473795158
107105975
545480522
304728994
264745787
152973697
104827674
30687514
630767971
209413174
412242872
591580914
277305707
3818374
704139881
534063266
123329922
237211392
164384589
683349525
217863494
330768022
773020552
306622184
824479802
747841636
325411378
491669928
97663500
38306155
63187681
805597140
489051701
640781537
330015548
392523852
33599867
449755824
297675671
400338945
78965797
93454602
163007082
192558385
473467330
42359540
144441290
597714418
508711495
18202203
869668211
260689624
247259536
519539571
776313020
42357239
587200270
12394689
911010729
343839321
637649181
489653168
782539835
329842473
33200697
869970541
167072550
360576527
625468639
133686852
150548755
621024982
803786053
389422185
619052545
832413714
144685642
50611723
61203442
133004278
36332080
450337444
102630122
328711764
393274215
780965648
73112460
250314594
84870863
202935194
255197888
379045182
35031985
538467587
3375776
571747711
38035199
66098253
701679145
165453781
670478323
103549428
52017927
235667886
197591486
137851039
231792092
938524745
443223500
169027584
361903995
108367690
157698388
52086724
168701952
459738945
108723524
128617854
87290646
35702866
102141552
82620494
809841320
164112738
717024111
785629272
838746663
269571684
667615197
225560151
213323468
329547110
26458281
9615913
57946833
21001923
734084328
317139255
281992307
539322753
15496622
53473534
247982385
342920157
158708597
823420406
838114191
302383891
24929236
83971116
457682754
216451581
389036010
142682785
511516641
652333996
98288150
213461048
383550064
15652824
844524827
154801900
202222266
370237564
345994448
747055475
185110261
118001219
366920828
332248436
258033223
41307700
51859402
265634306
609331740
14801083
208037092
119194676
160650876
205800717
17887080
15323503
648400212
43736288
111700301
502582824
610690428
653328810
524964767
52862896
45757681
240018505
392015393
88067860
321955744
200940995
232782354
266751110
308519449
420228397
291985316
128551832
126423558
212660
377788640
303994143
626931736
23916315
523185393
357680923
900354916
421314077
101931363
494932699
185245136
98447565
34611335
160737859
351725207
50264788
69543421
92577767
70835968
352213485
230729059
337422615
197460648
536203937
157127101
87314606
302355393
557323629
326947200
495644359
157342326
769109525
357622559
199620393
302505743
263691596
11201129
49214688
299215055
106902588
419962885
306156561
34842827
98860674
312391645
453937183
132120843
163347740
301926850
205750320
128182084
367803838
115870414
11110853
707856593
31240150
195528134
434398644
45256158
382196277
32617776
4344003
188280785
100326115
9539409
258873998
604810640
24330681
393748467
283779528
712512217
714645070
35876182
4611243
267877204
76075334
389780346
353497470
130034458
407526416
81984129
162420172
312110473
117380876
322277643
216273670
526494766
12904016
411054494
220872079
215368156
2896337
385283640
607151143
298398377
77018190
201192569
464929122
275278276
211552614
66173398
26488228
268374334
150939919
790545516
445882958
121107455
207504230
150512076
509277123
9172790
214409814
780575356
318768
662917652
162683218
17631324
24812580
562987793
551095445
34765472
353952034
118144550
449170885
218987172
301564000
27359750
682605861
2072137
124723712
79696380
58169109
612887796
275669692
67236154
233331874
103594436
446632123
285769154
211962122
264648731
250690643
187912229
603876193
933586828
948306419
495604654
703355497
208539105
54486900
684815067
325240487
648558528
467458954
121869320
170523915
599449573
48795984
335805367
120550549
259245402
776529956
405896124
106101375
3095310
846866508
536500990
579561128
716603158
659742
114865687
19407738
7754585
30819640
91211998
199767690
337536331
197575080
37377795
129779940
60605693
504326971
169029171
257815350
385647881
312843928
60801753
71035092
473375742
16164233
35092520
479510544
234710051
40133996
597671897
81069987
196339483
7679529
829715592
66902832
6259640
2921786
315652231
53032063
369463365
548985876
46185918
177183734
264820200
337937895
83741742
442207626
509261152
345682038
262063738
578578098
510331919
486730605
26080039
352164811
441904502
4485609
811062852
14654520
111700685
212070379
355049955
216563174
196910328
235009603
385752093
173647171
111169380
97036226
20448131
151382882
148587376
216936276
458738242
225790801
107884261
33195085
857980174
276286834
302408114
538219069
360430678
713401831
236790757
165949651
315692222
14109150
148212435
495781032
25093373
102457821
33491876
153731604
241468284
432158760
60134372
743073243
34925906
271764620
261252216
428359891
66198190
100881860
300454222
357687662
75759281
769646645
340286272
567171433
19180220
37570947
869843643
587844946
326940981
730983887
74251019
112427330
10582232
57190484
27234291
198516842
755614605
294190012
122012379
126274540
41955493
173473373
11184999
762835065
229527569
656507128
130137141
179323468
17846900
16490495
127323368
264557322
6944101
306372190
240108956
94579302
158421930
98244181
673762159
285467326
744959828
245196569
416289228
259451413
298895262
626615830
214103556
153470022
8389619
31927568
627208544
525270850
243353042
62262782
173078510
376129027
416725870
12946571
115464388
239257002
345830999
683316127
402557060
426241512
154450278
344001364
789599515
14081357
76597450
679497986
385464140
14706824
734322650
425497506
511876121
293658227
272785615
31043300
857125321
209957450
620031970
135178204
665172088
248962067
280714141
131447130
162625876
644670084
88456742
184475135
407434014
227204329
19373411
416816226
313702460
39234521
179367504
523452227
145365562
318423064
5384730
94537320
22561246
146965266
346485078
226065823
455304888
498621805
780880400
100504539
46594792
339358111
551706127
704272000
803115094
266421478
825683913
503941044
639618490
324940650
66965062
62001096
4651462
305620360
137302832
36792981
245778030
529803620
118009033
79478026
207222318
435426227
274048219
406567711
231417506
246240961
504478652
439407981
258867530
32191471
637135680
422998999
50399997
632498546
19849170
41952470
10039926
33419323
79094773
1981898
379259576
19737822
188446157
211981532
516541224
406467191
343209781
452079565
301936141
406621886
445169037
75701699
3225553
366246866
298575977
297968074
411618854
401717508
34622580
197506547
545871784
714015187
189866175
661900120
675242033
282790849
451639814
541600889
114075402
567212687
477473740
225829328
216037179
136827628
114179268
826967137
862188672
104798156
266384669
166095480
702365898
62053194
384694292
339913944
151703521
16798850
19497632
62025015
331071718
676390484
57238300
313568945
17821790
263167582
7717297
200919775
11590121
57098562
96411945
868790586
6985313
82645571
251216
23785373
36523105
601946127
352053567
354361065
79356032
447529209
69103714
771278357
25850212
157981018
323253188
5509003
178484328
443976182
457156402
254461869
136116603
387789006
25747781
146797861
27972626
139484066
206713341
92715623
88211010
89458114
309768366
623055171
343578641
65469733
293713944
412090315
825736431
27027263
13587420
140833549
51336395
457981105
480776182
187211637
198580455
287772334
373220412
97203357
139976677
361147308
250340683
246789109
311953579
74939102
69812680
536548254
265587372
171544870
303335791
540956106
23293041
248870721
567937173
396067597
204977662
64584507
