439328621
31698084
415424923
232865114
19227226
53017689
491906649
539887459
34437111
45689223
62358195
207622033
44196578
323713202
840327005
45672889
127059432
648791225
3484706
511998095
646957942
445958331
152217533
630614328
39350559
124710818
404012936
498510108
549303990
540839932
11042172
12978460
277782367
206943893
218123491
896440318
929481188
272429765
98328493
193643014
8631154
426789307
48204880
96698615
648892380
598767677
349785882
70315264
277254108
146593645
47092280
542211761
429143556
280356982
420152183
631801275
219782244
833115936
898707221
77686098
140773219
814065154
236147903
33743492
167664264
622227
264424260
352697527
142760512
589219140
49534856
172192010
136215632
353758979
459930333
175692908
378234476
522945453
28378177
596862268
3070236
530053473
216591180
73155822
150336444
614924223
601109239
172976437
413093001
96380690
259905718
31867637
35468514
128495648
225359364
169271136
141751528
1807076
368718587
638172132
165517630
184612080
23549749
633301573
613760428
87831185
249319872
205138944
87498254
237032816
233046626
152043904
90786284
550858477
297940719
728075802
269729321
9123926
42465179
172787913
430787155
170458941
253243960
118432156
8037626
598613137
367618010
342124662
825218544
904898309
864041291
881138874
360722038
112229832
7116781
187667755
600931278
5762296
126673701
406318138
307537973
409225936
127972579
267690715
179803112
875125930
2774895
834917389
74161605
93877341
202309623
196728119
56575684
260176015
197393159
360128648
140951695
589173429
175121447
275332556
7723919
248787039
500221833
685793316
423978264
164101005
287714080
163835570
10381220
320261624
80758669
77039904
640251187
25404379
412522746
47845159
419062644
206075912
384991143
687962557
337982369
176070209
100355022
697311860
464984573
554487934
399172307
256118952
443530912
455685107
173996088
595978582
248115550
353247606
349495743
21560726
241820107
200442792
102828317
146420104
224176005
81244849
419898662
260689861
147944695
376334593
425428696
52397890
350260556
165342292
949173788
470205327
852699674
57409324
386694381
5232553
215345449
16197426
119834293
25473909
569194973
375926374
188767887
44414475
446423006
55373866
511423087
323808107
5215452
272890251
33968716
520727848
95923885
495180929
77923985
642674053
438905316
254598340
7261700
179509074
457672725
78243774
119631140
450040140
1280045
763538770
398605833
127739085
497602324
585690548
201382302
198076928
693223469
475175858
134449729
354822604
142370737
743759703
273630336
267349554
124706291
219196209
264318079
166618315
262009734
27612821
746580829
134340692
572460062
48170509
599496527
397594024
28504237
317677036
31043394
314919614
203893891
44076876
418423450
256269044
30468811
307419610
326823819
339290363
280408112
115346363
52280613
22752704
170577584
360750917
227983107
136042582
217514566
22331613
371739234
663603151
124296881
10186152
245057466
25423932
117074538
299238315
358445147
22413536
249842529
358960103
321691472
188753382
292073211
406563310
302640873
262983638
141642719
20105810
331556773
85506838
326471722
274117568
243868786
439858974
329180401
281500763
68725842
325055565
255625720
4129415
439347850
451115171
492623374
128401483
262801917
9516221
18102505
774116268
181769291
263006538
324293605
765352237
208519065
219083420
510106000
305453914
100298428
443196490
90031084
626111242
731263646
934481511
454304710
749058192
711804642
124440236
407074730
315583749
18908919
578961771
592215669
213293158
119814512
239098191
273022949
85730478
624877860
116025697
41416422
51630562
583466868
283065885
420026100
104323914
103381028
2897351
375299895
337785627
841035008
312279325
325408945
135844529
357355299
409926242
861395906
292299085
339279804
90738282
386409842
35784784
32434615
827334198
36165338
93820853
331842
182940081
244694639
710160167
514236018
127600608
72375541
145068216
297952745
53430911
240310705
468342926
164536196
127774596
581020671
245106979
109138936
78476657
253767115
341725450
155004322
42243550
565781674
506013160
615395519
125019004
470937703
660542430
637167144
259385880
510857035
101412331
531246584
188408185
161749133
41569174
632615749
201444827
238337656
495020500
20088617
580749637
833912076
311252990
28907164
335990949
172249189
30903894
606509508
26421612
47113924
174606608
29514083
13223236
285351718
338502458
494352599
718000366
342717012
20512818
91358444
149191322
57708363
447998753
8517974
144777690
41274420
306138880
602309615
370954486
156863639
39102236
10905640
90137099
399374012
116016301
128674406
463341281
248106105
530672766
744120953
57258397
461821369
347342494
785473554
11871244
521064882
202993890
102802008
881270797
21365005
263175584
258333139
259303216
202237894
29150817
252654942
366059826
91520039
544525261
126481420
451668609
391572468
256140317
203266617
28466984
435738486
605370400
472523548
31543713
740781690
37335345
384134197
5125144
913926074
251308365
381008775
188082786
20939623
736947838
17967840
674863098
154396048
4279756
225600413
665146234
72256078
293718021
373808792
17155273
8114514
751699312
104696200
202061001
30118280
267948296
46750324
74035764
422005470
148418646
211637117
254786590
284539776
561056474
523884022
82308462
544586288
223621611
579318533
509099535
7938378
485265532
569696633
104668309
116457414
10206235
741590628
124939497
28335823
661760832
148576484
797270722
111704015
402958305
115185075
540301635
148977551
10237358
432869174
410442132
155517376
450263748
817396596
85278157
833212728
403876853
205972635
265892202
362778270
35470440
270150356
142640610
427600462
59676893
109563428
562068255
753903917
70131248
600063963
80127541
333745991
729907169
141611226
234014671
447882151
225692568
668291776
401903136
135782823
512302384
81376116
735226707
447146886
85168053
414434985
134200247
27496959
52390450
469335687
561413635
58396977
440084233
507802522
32627960
21178957
156549596
208546404
14586700
6269385
156686940
146403184
40880605
593922331
416606953
147340022
43000856
19344876
464758889
256207529
30166131
48619649
430814624
781531652
12072084
243477432
112593092
683460375
61807250
233536424
302939980
277342561
227811045
229504806
6706616
97718472
7558566
2587195
507457086
134949898
62929010
686718
612720433
8415722
10741413
729290803
467469988
141926612
32479287
862568652
27505269
68222264
1145828
79885416
617897184
244118290
96088818
123485462
348979726
230142646
74328004
357862708
80274318
16770598
587275646
146559272
795724205
311311895
14190975
344303674
270946780
42443596
479362284
134925154
299055971
660297718
144704012
45973380
247262400
203610600
215862660
291056786
222383186
123974914
14604849
121681512
567736729
838167346
360186506
46374214
546642943
74746424
107032198
494288029
274891087
65644992
215754566
289670150
562688092
6734553
814451982
221095243
353244359
308910938
234641134
183329975
860034208
552995697
664458492
159212812
805734288
107137571
108488213
32019772
196561417
83904206
50224644
40326516
99102256
33035078
103151409
23405914
140666328
136974235
78488749
195631857
406933849
36277654
303576139
25056951
209392468
739282004
447259748
172842354
113828646
637530360
650402550
128239845
45575318
240097732
21808057
700758976
296778669
499567542
556442882
581442502
144246576
163031639
305449951
105955695
231110669
151344434
547876020
108978991
780273874
310405361
729004139
21402180
10497213
554144248
815541183
218835390
32167514
530373639
538020701
113424843
205181390
528496212
544587346
701141988
510513039
99317244
131112691
49540836
11052754
180852290
781413016
427463742
810714380
721366145
516252836
286975776
81023194
628260577
128776340
135834750
98199849
117480119
233205630
648522484
176583356
83343615
257236649
337958151
655543293
46452539
298320748
1183675
330624655
646079813
445645744
538412233
265625381
149198497
244929186
64461877
630044635
127453728
75117367
171682293
283597298
242471057
176993852
62391738
120945976
89556300
204453463
112630824
309991362
66487467
271640941
580290756
261304179
406404793
79908867
99200340
347771192
79907848
4639668
312206219
780033247
165908295
362658887
7685753
498904340
572815887
144839
694781361
152464101
252204801
36096525
757681722
691788565
36919110
273398351
347384103
763969341
6436723
38967384
153141466
541085437
5014791
514141257
304825705
141653184
175421811
621994091
42739062
611883448
297833914
600301197
393013568
256964606
684605334
177047394
541366026
381763816
61317349
137993278
44348295
285363000
412491395
261360019
159467602
167038806
443345073
790052419
62441835
592165756
238727860
851348411
97763132
521648338
87775176
845209383
507459435
9308916
722963929
740812135
666044732
579338325
56353857
723691742
828320733
135349524
512037993
412527923
521851944
280075175
697448857
595524334
171981045
521341002
683104606
93768387
195519644
415168110
804306301
280761265
522301301
282562380
664665118
46183051
357650368
167314395
249093920
503557720
590666932
25546244
470542611
168023485
16282987
111356217
155415469
279832956
152698642
143118829
740714162
717287191
141036183
713337928
616398323
459149086
844055880
583451471
818539603
449228470
718712803
333537766
517072198
508357764
224628177
893368841
376333524
46440589
198391226
166757675
222102444
50276476
102440217
295938116
381614059
360557339
31665719
4688014
326270732
328319179
199381392
353235221
82179874
285574045
855941509
510423569
382664682
108763548
215040408
17169891
373623179
264566248
112891395
501580693
270932755
206630348
31590538
432841308
203222669
529012412
100928313
92355231
472029336
84698009
445708316
166457641
514124165
550407649
85841538
24338900
788341279
612586132
423530407
137652249
502020978
194252046
589965153
35552564
252776883
23161371
516243284
259879250
483795462
227518048
141155584
69014262
422579181
43264163
21308190
533691935
909365370
165844663
38069715
599341363
37441143
666190891
104814888
143996386
500482332
165515406
298352348
58468088
104361984
105154650
69963280
375651422
574630956
580587846
419008824
173338880
388210108
604407427
137188988
247489462
317343572
89175525
388012717
506683841
617684667
298491702
618587510
512232149
139018136
78136122
545614233
567875915
297263715
6802542
2284634
697487957
144459934
23280954
418428580
723636954
383253392
62531859
160356862
61938391
492449673
193876030
852868840
275564820
535905419
97728912
43224700
328130426
10671945
30279361
242864202
101214920
557634471
392501082
765852699
647732304
282526482
297975529
252097901
203399390
503518562
141192877
28728402
327041115
86107222
438476670
20866320
2644610
505417111
724547232
290899467
592818595
128607133
104510916
196057797
256405957
390220940
406531992
475802360
633885068
123264003
371976166
684599262
160722621
585620751
179431987
105724712
266679906
858350249
32557832
303756372
63619517
538389150
40520671
392527719
245068402
61012596
144153960
51343907
832997864
237885045
166598762
113650676
853772600
90123997
676066832
135130240
310531120
171567008
33529764
583504508
95989866
45133495
257073782
441056138
278546220
565897772
18914832
26714964
354806348
636350823
299709245
742001636
446255192
516078577
391894010
231116881
506334746
500502598
207137921
565708504
480661484
327140368
123863446
477356842
29775930
243961143
117052616
376544147
32467722
44810019
93028695
74906769
441576022
504081326
167442773
407620504
65612450
417364270
178313867
523938379
352680986
384674005
787277232
627906261
387325372
637739530
99438897
206472833
556146914
200604194
135557573
524595133
674542573
309930786
86265808
569789623
296270181
8734230
160315036
9680313
15916348
644848426
567203060
514719990
200313720
202923602
114725964
256787528
208653682
75390051
293893666
513593475
33852454
95242433
182658715
871448622
25290181
600936209
285436372
188316016
313112216
80274078
133923888
192896777
57671924
491542169
293673
495628531
744527490
516613318
59390565
530706144
263057121
398069964
543962997
361701813
394654812
17015510
386688338
779843061
750486380
221393958
23211157
33740460
613022955
718383129
11782362
574779005
565867787
600644108
487912033
529925928
305516366
87485989
14647424
7968822
434314995
179944701
345513688
421775767
3995284
425933995
190498778
428214530
57111925
115383443
235784718
185502068
49430366
667263918
126834950
244648501
345444586
365493684
18051069
409985741
74357180
68900469
41255135
505798888
8278986
55111533
181353787
362575110
855806975
728397199
14049563
280683315
721892470
31287087
246209728
194527624
279301123
37121485
83082892
35871874
358746163
609089075
107371684
39961152
23381123
86203788
562606929
412605258
222980035
164626744
717023490
482620607
1829875
117795
87134084
236595548
6244184
333948362
412879911
81534852
246762129
156716983
753702722
219068952
3338096
559410936
266198997
44936061
206802164
666675697
186015081
4875822
230000452
65216656
314913197
288469310
212383995
264180054
23583228
444142705
424632381
64615237
78847840
333375385
95521257
147133080
582018740
280626265
104666191
89233682
189562045
90434657
200029732
123336604
364523827
699266993
333637081
199200671
133876537
183235178
109525711
3730428
406402134
601607352
744546521
15299444
56414638
139207004
185031345
181504736
155334488
97800332
248429456
19959412
10148581
136377758
533962184
64937195
29683957
166910996
511468028
295249126
38431608
512995157
155288612
178941735
317004484
657276898
169200693
129487225
282356643
640732761
58928831
110663698
84286159
85233772
222047356
218718628
283966135
76473080
726733688
431861824
89982837
613925884
222796108
67551157
288613748
342025461
783603093
104234500
433646140
24860220
308504754
120223415
176249210
311246402
749841840
55769757
179412130
615052956
472556814
313820935
741406172
495589256
341566546
418388023
14757512
2364567
55467604
349874753
453901976
196102149
137688119
49079996
205404447
14108559
53632881
20716545
235959874
11183493
421976381
220171660
472116552
700546456
48804750
47054972
111734210
685640379
182080845
267071953
508304070
490900279
44472375
614254892
186130442
408995283
558448629
403184295
429168399
12762694
336965722
139261275
902719547
122702362
286198125
392169051
892411057
711138547
225863000
48706642
562706514
164718554
123129847
27869793
737881434
669199041
134450165
313939407
259189904
33377387
286915967
26370458
215047584
272074791
987337527
96611607
655501896
190908290
428753601
259412141
342157909
53122766
439034751
514745958
46804222
175494851
13298677
295518594
1347268
437484579
41721994
260723470
327538047
265474273
581413905
63620549
532312180
53076747
699880662
795813275
145452520
657322664
16547484
172649437
169297997
3067514
651398396
550066754
429014572
132823309
70643992
651851607
32019871
343705941
463723681
648963931
68331515
354211882
100805565
679847842
493739760
96143052
78192034
326298714
235474566
456494991
97920560
24110212
304867040
54931046
250610611
209613588
762707429
134683746
236620461
185361277
131807520
7716294
809936111
803268889
315397966
281580882
64272594
280096060
426087187
342663011
351852030
200023439
473027810
294458100
380682284
159651988
272634665
577159748
26259905
114533869
451157395
3133274
488187095
357799647
108700344
308303613
338604720
125098173
269781725
474923535
121838627
127642288
341553760
662604673
410574214
643803434
717680596
123915006
917693599
241717865
819335274
324835645
524092217
348619131
506925747
790848879
160553589
7396101
2868094
110967969
410679271
102849096
55461296
487758197
155938708
25380638
60541500
842698684
111963333
303790227
450635564
620529043
47966437
60636559
24029626
482039198
233483768
134503720
932418093
820287080
345943018
475512419
184547619
288650131
846661147
309447342
104898164
675333429
360168766
363982233
148832310
158714920
599413512
692681775
60697650
482617263
539703011
12953709
141020590
468605383
81689735
957926306
324254691
324263208
229646082
551950289
124407617
495989137
11991282
48233352
371360551
78522760
311543307
67054744
537492863
50961595
65566625
876188624
862031869
662091930
481993419
49540739
537530510
673849124
22759509
149808048
28233864
467843697
514167914
353416313
327834071
278434722
155772079
126080910
649579416
351369103
22594880
743562389
25299630
347939424
539359988
241775161
156145244
149454625
3681305
357612198
190351440
168638237
295908129
360269165
879616
716887370
153461524
304905542
187441276
420967620
508978341
137168003
361622894
346778602
147050879
17497199
571285760
4087169
77983087
592399484
204745778
753213076
169106549
362977749
25814079
684596345
143806579
534315666
64226970
613773411
705776944
663027756
595808270
499370825
503831483
628437312
470394481
129285888
792888936
224946357
42660144
4334266
15681295
531279090
124561760
289967185
47977563
80773238
146723966
261399460
341349127
194985102
354461819
33671432
258755960
43080651
239108405
69330335
672844656
472328083
123641667
213781048
465150018
281204947
100591215
120541778
358279947
52821734
389443592
142421120
314365856
105892842
32919600
30948515
341478284
101414025
127626368
106898938
245569294
671279929
240468247
665954398
710072287
217403136
43513084
547447438
100941360
63309294
547832356
36363960
671114764
103823430
736954764
19253726
484177047
878001719
76051596
635240350
142790546
383876762
144792471
488877
400627841
542338497
651181867
393533248
910630172
144677804
55938065
275171406
118612087
71376584
681730233
160088589
529027728
86095819
291161966
411814129
10874464
300347964
575218648
36351173
150078126
196564122
471509755
184620278
918463069
542093462
4401234
683589574
20930126
619611059
183656619
7183377
119443914
391976702
539523494
132242187
29567285
698434630
563038398
722558993
363556766
793463132
55874300
471100043
2186704
916800320
401171454
234176184
96726928
212608542
80286856
359959278
161442337
97326686
232210037
418428138
119295135
521692206
357269359
51067690
65051349
7974185
166767331
250513855
27543533
590710213
477319264
20852071
50951120
171460050
116035142
11738774
308228556
122365074
203051908
556941030
305313535
21717981
11420811
164877705
83678363
311195105
688278603
110838754
317148916
260797620
42043185
75917451
505265720
351312571
589755655
663246795
289934110
61534911
71496548
429359288
320324628
464645773
55741690
452733132
38087266
201125469
348839157
308226487
83736646
120659564
233670119
168386708
19398444
355123557
32195372
411796051
4852299
549161856
134496004
258259729
31392018
645842696
109411278
127787547
183312519
266727652
163485747
121001678
381060540
26877981
61508616
241925099
454178986
426469816
574649160
11236993
237788147
375217430
868794693
366988843
137578706
383123759
111222414
244291992
396202003
15417155
405327587
459306329
608874315
530669935
495672401
59725035
241791640
93281079
146552255
178929398
294816996
41768343
147352813
240438648
634694978
139999509
372507072
185820418
178325092
60849562
223978860
41510108
53057462
451610624
254003962
59448720
29266348
446684570
744482433
393335692
296905410
243363123
73266116
135220894
101916922
680831486
437913337
30120039
368174521
156857151
84773841
181588824
518017995
485141337
86590410
76427524
14377994
280998439
796603863
270080295
163632370
604117794
264538071
238441366
874261289
69669214
243915335
405742033
575296287
95675801
157462527
30720860
176702807
23498344
586190252
529627998
19232882
105755995
92770026
102854342
411509294
351977280
32289423
911064
399772194
197750999
359573
33555682
24358044
104811885
319103246
357916123
126567998
56061032
36843837
263501294
177050665
198483817
395066755
710208239
361221738
286894953
84984778
494146617
379495626
5039955
449020188
407760842
40964596
57479143
594043086
665561070
65177523
766159500
149760902
479098184
433763683
293482508
710664241
276393886
761292432
382809126
122556016
74613901
48861677
6902377
172602043
516764076
329814720
163080312
261321681
720165008
294001811
247063242
61078494
189060508
772046895
117559197
373987634
92361863
136239279
454129890
101772700
349682794
83568141
108315022
525094045
326657509
110604915
162656996
165287537
63831044
106771392
45222760
193807623
125921415
127047617
70388544
327470037
83661683
39250828
465830685
616252178
252448433
25395377
227998878
333874046
100311400
165845713
576296464
57378678
446827493
202041512
671040693
293292930
295068511
490152548
43551148
116408016
503663625
60413859
11104512
486087329
91787225
57815338
97864514
386396456
659805011
621666090
43271542
520055198
877213645
107186638
25832646
830102304
318562816
229059458
576008717
167985108
471061988
29407827
107687617
68351499
86000383
162799844
92005853
822699513
492284632
594662137
122243506
277990895
14472191
748459222
206084506
40793743
249539313
479064
608998144
4988264
15974674
657089745
105331143
176528404
121287496
26076157
318202475
83737712
2564239
446882984
68108192
211524083
16118808
266386821
13961818
397627317
157180066
178373280
14018455
4612028
85714879
69743992
173493774
605863066
325708073
305667678
595407774
535492340
484338867
432042669
239626237
262060474
762785376
590354861
87016692
569605162
903076161
289759212
83371098
99170633
300141607
478210765
375729296
332520580
349145692
714065904
428630055
488544222
766655211
310338280
56603989
16026978
506694240
124096564
672776424
604353246
9843879
46254867
48344075
255132106
129768297
161628481
61563536
451062872
5083170
140644354
384688061
49489089
292227702
310669075
690590660
400796447
11772752
130354991
184790655
76955689
423798317
237077662
310357842
573935141
214423132
225594029
252141145
43906576
140988170
408767413
857575122
21276091
897659318
655528817
134166302
86456809
38082528
400840417
472483933
274377738
833136451
325177883
173925379
335965816
77281400
139495554
62794407
508307761
9051915
325240968
859769101
197392935
398568251
5045487
492421811
205371913
42065489
253682606
693987958
595731145
15455236
195463944
277270959
339496236
177557840
168801267
57208187
272930166
130423310
396404830
181200750
83107689
532797459
227633312
80418482
128648177
179828783
126226055
229464786
10664330
680621504
162972602
154299344
311198360
174377529
537331581
411290886
285840
699766430
210385770
88317800
405531267
49202800
364792935
21217956
57069431
677884148
305041890
137782844
127418284
2460001
77965182
605984783
147088042
599591018
212164686
168606388
91581222
347947308
709593549
61346916
227528410
363094094
314449440
77768040
54536700
518582476
9322484
606974270
592973792
134052476
377143935
475569596
71330872
22707179
326671384
62916712
677058568
121581485
512946255
230555570
429832186
719533042
43163991
442472103
246342160
176962951
179086062
593465406
520294737
320454054
455455723
25475490
15677540
141011600
615209046
195081899
6279787
177581764
678514357
24473790
73634815
83788811
11183245
156263432
131332244
405296794
1823232
342867413
29147057
723210136
56650694
386728577
230906056
351290930
714435562
459074562
84309375
89087710
613181736
569801504
45418133
5196277
249797712
197474174
343083498
61544226
289195529
250308703
54560025
827972976
54687658
157323136
6072090
481834635
2886284
162713816
280566705
705068579
461328394
789775476
43147448
58284834
171212283
639803963
28393911
33672764
444217180
574990000
167646282
568765744
187372795
11558470
91299360
67722713
272763616
275107623
361383207
358071699
149765417
174142587
674516
428297799
376941560
80722408
309531478
606244219
106655004
572587
187574145
128508688
744382436
232183371
160670345
46792405
161124710
19971299
159427944
67802270
34509832
15525392
45174040
216876529
133362230
394320936
375185610
172023430
759964573
559375078
118812
93503651
696199544
712271855
54531100
259688323
4927629
95719941
36436282
190525996
140613365
709838947
195502152
790828902
92449901
383220997
353794336
163192934
16246305
536646904
378122814
25254531
549606334
47104254
104710850
755367204
5074014
349592489
345320873
438715251
171360867
17094148
548298
66754861
15083910
91673081
16691505
464717682
391881693
216721221
330598624
44137438
41447726
63634700
320636081
3848574
18038060
264922130
289131948
306827915
208686443
3396
116738689
37923996
257055078
236241818
221641920
127699739
204414431
277125208
189616038
142569372
314178946
13223370
691349136
215441364
83600145
610904665
154473484
4547558
482982568
22103578
56924827
139986220
485149182
17567836
814492635
320135111
90082670
89012253
288381450
376124041
349976531
149087782
485772556
114353841
117693060
354809890
437827343
369734892
136008261
400895506
203515931
517140733
135401588
251348029
636913739
67857976
294226220
253997678
305070576
109542008
209442760
8242116
54498947
311336128
531509514
211077455
314182117
127089377
74100338
901313461
102111731
625010387
714891364
19514072
49566336
228957189
177402262
140545313
295259580
703416507
877630045
79037974
72050889
137848770
390573797
129059253
395285319
91703279
39941058
152514440
281557026
330976219
193892633
399435342
456539373
15304760
4625352
7046080
432495912
145747503
22997843
28019601
580355214
472114367
282261716
18740632
605860846
497732208
17800334
144592220
225520673
17466424
751511875
753106700
240613047
41107762
808009370
31546783
67331078
121188447
525764838
320740754
108395025
467170849
56875779
575315960
15715186
97000995
254802208
876014182
569115770
188457575
290222626
365927534
117181478
66750593
2135166
599082436
1253849
161648690
37524023
8880492
425378324
11125401
154953708
283382073
138223427
271475880
337532987
250376584
278133874
244517666
291488538
25246475
377429520
390906020
505622493
280413340
143558837
43550430
24837305
13154354
100091968
59571937
401738430
23475648
23281213
226386992
319164212
185007603
5144286
447792817
762317040
71618630
627335731
755743712
270909893
290269322
564497095
7515171
188390680
233832063
689159079
21938340
197724067
315315287
99415668
61481741
489369647
31509984
33192848
384420195
108180850
715241007
478171895
596632842
476584286
334709436
54433766
84845991
102886179
140230420
245583721
483597633
78575250
210559223
188088649
473348547
403290363
615428230
195160071
245036050
327561311
16088918
25589850
471111874
46672800
31990932
851036139
404259112
520136775
20333949
106403241
176622315
153578223
79751442
669670918
54839304
332095375
42106549
798347098
54865105
69531201
406655841
618327128
48393914
267145183
5474278
80680507
118941242
100191655
644362245
60529353
397595250
170987728
187052312
449966381
165852612
320038305
197861428
251552623
11276832
6030038
274014301
165003513
