464642626
479976265
345638572
282205784
181296044
174610144
461667259
69828006
38091413
174214960
170238395
304217709
221985070
142080031
590399527
101622929
389820975
497013390
421907333
296026572
149782287
276806606
326149770
601251024
45302036
301031777
256951914
867559396
218283156
225881582
107243072
885592430
244655378
67698243
809621972
160794013
168315623
203563009
583425387
246843497
735340732
310318460
176801172
717100038
232452278
225564991
834860872
367271909
13912932
58637102
570735940
21787874
224332362
361929252
221859832
522011296
500717424
3723600
68980122
636478058
89196295
6756307
93477718
126583982
321084080
104417151
11257525
83453568
59984748
109681317
6539435
44710250
113911941
237915912
464791055
255090567
227080414
32791577
663706243
134704026
532836070
21296253
452961180
636504912
382975840
13660894
220841689
297048952
81301460
308892240
396599233
325985582
51207162
459995890
98497391
119281033
783793456
31284562
515427372
13283391
933843580
5739986
148370477
225395388
635842007
403086752
359118234
154929673
107507717
196338575
446681837
266945204
150508105
623486085
18411179
3728736
302388066
409779290
306170940
332520914
623117974
252285106
319862764
88269629
212837562
100866373
189261560
439982373
374202982
593390246
453607125
794863636
245700949
584942427
3503949
42522756
774558658
542522143
49560669
132005286
64560081
58143422
128678792
15721274
77767108
289825164
142145077
381226135
259292579
147375609
785006349
553916762
47297625
328988945
384098813
248485938
165606573
349277485
424940278
7964406
322206655
21955090
410166663
74310120
248829891
140513421
516310749
274361002
122747441
449461033
361778656
295536198
192368074
459475112
252614564
212826811
485498241
53780049
414292903
103471651
118692482
616495320
427310721
83571096
55963608
321310347
692504683
72051278
3511442
142572227
686421332
42027226
425334943
321396670
260776641
833877469
197513547
15022184
142245537
295370287
729583057
39572376
153342549
13939692
124496315
144881000
3285614
29218392
139124878
281044692
67768064
67001130
344186694
340813620
192590092
510985916
234332078
20070668
10895086
354740004
316784784
361971212
287200107
479736928
34641585
117116061
93372219
191822573
493263069
63259932
9172896
35585027
187262360
439213508
328502001
434943057
8936658
100466638
251913585
150872512
744883988
18738414
827610801
19294635
28556341
482279684
146159460
40963710
274850790
325936034
218749672
385297184
168913022
4817791
158019057
234879723
422205641
13390787
49399451
656583355
79993455
33816800
351643522
472661739
59300177
732225139
110807999
311298115
264662436
299008384
430683135
35461996
14301301
338344659
80419005
155937837
69622570
388792440
649777898
247160392
37357060
128629513
56786739
641626075
610767
536914790
60892203
83126157
630353757
227735476
191980055
226469156
12137494
592844490
710215724
230993007
835862696
140253221
59733360
275651780
163517798
71135700
403260627
645324408
80262262
37524679
154175880
302997964
335235850
50751495
410489764
121871080
567087276
276199386
28138700
205821000
101824860
891538503
285755472
332232955
633538696
44785235
36906903
106325946
39388646
128870668
111889447
2480506
12661416
518339002
59102878
402106200
164211861
34251070
456505736
536090689
387240443
191767620
23646124
48927913
755392151
115110937
544610664
58276900
98651232
413739028
116351319
170428629
53738119
163726622
58518783
338279013
849504846
533539125
402906889
91033942
408699114
835285288
76228100
234256597
106441072
490085424
164670308
525933561
42632826
223839083
365862377
116340027
82680605
32350197
800727105
56635948
57244153
576596214
10543315
278743456
97017817
28745326
185695021
352470767
596490372
790305060
428884960
463096194
632180589
27918884
157175936
335373623
43021092
26584806
105437578
57867999
162851472
68764747
662272980
605114622
199239620
825299043
36809852
229535559
41367990
734340458
25316636
70715095
450621142
150014529
913457130
3838075
98661964
496814806
647449238
92859510
278058235
16073399
431400414
472223606
3145716
175346893
243092248
314519291
507988240
904707860
20459196
145825782
264046557
290984930
10406770
31409861
33195177
637785584
520502291
524384159
34027128
454468824
4665860
395367774
305107755
382226730
204831753
329517440
81239052
45826912
310502099
691389172
281887249
215496424
610852327
56445741
312523497
263535947
82269179
39634761
77254097
147467238
121673845
288241638
518968243
49809550
71269595
722513194
589073033
302890553
266111221
565329772
9353883
20876980
778005137
95448187
113437842
53424120
188644970
170895415
87173784
325824054
659996882
373054048
653299535
705759955
2196618
190948329
113722789
145061389
311874574
754525611
534563582
288745899
565739930
36154527
296515116
272314986
329485013
202246314
641379002
593417198
69701614
287928468
75945774
484652456
569385886
658114910
346329021
31392390
100489140
310537138
256163121
425397264
16594793
548258868
20292360
68802787
157728426
120567015
125547994
115748130
299251589
7256440
181719710
31821485
15185816
375794297
177703660
528402586
270952212
611672991
193610286
40217429
56577550
43336006
205471616
642517382
422890086
527388135
164100218
428965540
179156690
822186989
415729898
200787246
153435850
559011885
21341157
227205216
110076852
437517646
20856580
38685578
80472689
605521124
778581579
180309516
168989035
5708338
516291902
13402275
401158521
109319190
633279889
734953895
356400832
785159062
206670240
721663442
221933314
104409761
119359074
39830609
298762618
56689184
481230379
417965321
43431505
822860059
76114110
23598181
44381279
330306487
172835091
341199626
234486527
416623308
73319156
3206688
158002220
421243674
118202366
529943150
118829772
58494772
218829077
216310414
178014340
549105934
193922038
448758754
178418044
201648268
127917668
427244957
350868582
