24352597
568405853
493084536
750746
33860280
79841011
791889740
402494084
170385738
511294371
358250454
744993830
178955195
592507586
360231210
49012252
327555025
322511926
506241935
399247223
274070230
178871996
9794209
116958452
208655132
20455804
256901417
111434260
405571361
62369586
201852199
48398496
83900645
676883353
581219042
459321781
159210817
179580681
524263019
144672482
102579475
415214630
56096374
129523798
373202720
270692347
216652818
4365508
416031550
438426407
151172901
267146158
55375928
260157055
164069931
43819530
398012364
507405967
520073047
90036676
84762864
545905661
313198034
73470867
531787515
127422147
770961336
185712760
82474781
437076788
459725248
494306595
63872315
325988927
220510352
475810265
18089458
597190106
173809962
221660821
543190967
478079010
57107351
111202580
111588796
363425907
202280145
623561618
87796994
375417855
273973448
451151464
99094276
351649284
351739574
233989165
73892930
555625434
61427566
451857393
588258678
42235490
25612840
279519012
201514607
418459770
42685224
5376015
177963103
374888023
230008750
255149962
5087172
443421856
263457897
151477502
522255313
250182236
87521106
133946010
527197666
100093570
245890660
169184232
333715773
155371455
102442778
206074528
35658465
246374492
231568144
443595276
111829822
70698008
23579270
79979192
288531835
534120452
444012783
298862180
785405235
303778540
586437360
246619921
547168971
479460218
494629234
93023136
763564588
75651728
31076412
67225430
121877632
132827390
10737613
69694269
123689179
78195245
150812290
519719569
60379545
103586808
86643387
34391778
443149760
732391503
177041196
666459649
147617352
500663312
699727776
317002882
55334184
292800813
391368174
256480693
3577700
820030706
16695426
413468943
79971574
464757464
317417214
952102813
45140017
116396034
237580204
537890118
543840826
389449064
176018085
771985529
155458429
55925660
157704324
257929297
157359342
109751495
463233928
256388364
50695008
623742501
120531416
60720060
628663576
47349598
236369039
144588140
412225296
412094697
141592560
294961038
898585697
15747733
499194439
693144284
440241494
384996719
72249175
86432643
10330068
27485462
114650960
449353236
298188931
12196835
161292536
27594827
336320580
525610816
265634216
152052199
3604024
193386151
317501304
34071642
50429212
760745573
191392308
241638271
142989957
84154034
443323492
403147408
443924992
126450546
18126696
226218997
32648956
225691309
253590498
369634854
456207411
512362544
234894705
499247572
340473881
3598288
52898244
331080493
584898325
466897341
503716746
12790171
257864751
46309810
96488091
54417843
204066179
580528663
147626799
128321928
459946183
243823873
123399688
640246932
302801280
125185476
375946094
486281167
21256976
112163490
74040698
519556991
319117231
134059386
553394639
113982694
682741551
94348344
207764234
399204
344961425
470216915
483284310
758462247
216682386
39490065
83883353
751490242
170363370
137751886
49826542
146592272
316357576
86453727
108985515
636628358
387688326
805151406
732541839
456914128
809541336
224982729
3729643
300940056
149709360
126856574
24576093
247020762
83441620
289586989
597090445
601589889
673904770
227887111
170611782
472640886
100922280
192783380
551955459
501726140
343738443
437474418
546811126
488764540
126936378
603437139
228484795
95414446
410655903
31178194
586184872
539623015
676418245
149110483
225818037
148613954
233762175
58118281
96175060
477196256
49342732
546663709
88604248
100955336
360664038
379517612
479452357
740641357
117289231
3571001
438039227
190053275
542880646
158505925
551795126
147785103
75062387
197763298
674401141
903306482
597924700
124155637
30579357
23837760
667702268
4424449
685632468
686222211
49653823
272407370
109244020
59328208
666966493
137528735
269039174
81134930
438822069
166839300
359307642
581362396
4996949
188964344
655890474
113720118
74212950
857535191
92193336
72864324
225478368
704930482
13128578
376089895
167856593
85250303
344229603
247406070
198225672
57451968
464857284
31211735
214469596
170518054
80036083
329332107
188853748
407599780
209517753
20490275
832636315
298769844
6726291
420761998
99580765
5974630
35381254
359233808
535806484
321128937
289780683
195056164
803444041
76180158
295062794
1096455
197296376
38315418
514685255
238725408
942257956
401745650
17566345
327149570
608546951
162745300
19923384
250782225
91986191
362212219
800078528
280199010
313963888
101181690
342300219
230498454
303032341
274216020
12057513
74756711
630842044
27073030
840214872
26690238
121161992
100938550
257433213
325686498
180957044
751124752
266778337
692693599
899667933
7787540
315359682
207601287
249813698
505891341
311238090
431306173
96363755
496467362
30026040
134858651
107169355
223280137
763727455
352184351
278643584
71584488
21656574
164517472
242426635
3691510
557840362
276807728
131843100
235102458
110429793
273053232
19048738
656720959
43450042
98345297
756190586
32217929
554986474
547037204
33462054
235222358
125109414
328504775
195494003
43483188
57372325
562202927
67477285
298706339
449848092
36163160
660338624
411002956
677735893
30237513
28974034
241400098
540599359
402066177
424352268
615605419
32989284
86895018
739149921
213948890
122146857
201863266
143755744
172904911
923551367
335451578
40183031
467642027
1019188
140184245
602772595
522797739
196015443
602115973
151707873
683451830
287741556
656452075
295930184
115035291
589980295
182246263
103539243
259261362
790651662
364509698
79137654
211666867
44436412
454810142
150751234
540118690
375509241
615589794
283993
249116323
390466515
304354313
167051358
524170424
92829288
27288524
398097608
420407945
681668404
412319258
383795226
625205705
6993890
458071269
24904688
63031286
142333489
178437224
236223974
449184333
328946408
270765312
154272669
366936294
207711716
272416144
127189524
569660803
60385053
268939856
79054196
273034271
317007835
101210415
296743550
61866338
610592751
555400620
171848395
165228526
865745091
11436696
250711398
297938607
226264248
206845707
228923142
330093913
424047385
79746982
114407774
202492901
50298104
779551387
510806980
174623253
237372487
260405805
245413088
421832748
69593607
276336211
58614977
268125827
405738611
228619066
377694125
864373525
59417534
666161878
40204876
320197551
174066160
368355108
80688804
16152204
181088725
167576281
428741012
40219307
865293637
178867842
442360149
29944320
341997673
6046073
300546096
560671554
519108520
148446325
86045296
617274760
151927234
265598462
150447325
99448214
65473759
574153477
92393157
422104700
63285705
268614282
80465641
839794930
339855540
573430162
766853588
222318009
225323529
334535306
279520011
206624555
134290485
11849093
39335740
404619758
374097176
244080474
379596317
222026452
208839956
730748960
192968053
573680121
140767671
10733101
615411589
500347294
108222360
187401975
388711632
92573624
770635503
26818914
92759410
519498689
618332955
265982878
270189898
135950220
9661243
256548215
462082956
432993540
890221
514718032
15925804
186037186
34042677
440093828
158123322
177646544
765688353
16105209
9233347
556019253
16065721
388309953
179715001
298532182
310409170
45477623
453802914
172804339
62507356
229030551
404721790
475533
773752597
233418036
29504052
744178934
189383231
641029205
430329166
310474122
521810932
236637513
668803313
77569489
154837665
9228246
117288000
799327906
251968576
20970635
26043837
30381219
246263455
14573679
46627100
54825908
575493102
410173715
311398248
443686110
182562040
79113839
407596044
26814159
96989164
17430170
55481532
555568811
420899899
611786694
150805259
589582370
385293036
520125840
31126857
1635455
82900701
875392056
2474144
184561260
486074455
183720141
236690149
332809506
629993421
765654000
191848396
391256590
118058574
835150626
528773762
865990814
147181466
407380727
510949350
114917030
26912562
58079879
650342494
327415644
274396012
7977134
109529253
361220719
689837938
500818583
361527257
136339119
719772500
361540060
443693070
389035423
259746177
98310327
269183
779941541
188176090
7492652
292012275
488209917
656158169
138760584
710342876
18826147
10051583
221189907
11441901
107990732
169423774
442955314
244596452
258627376
489991877
126664589
36136097
28330505
117655751
206162001
717658431
35670503
16060120
74674491
98457729
270939621
384617644
514647966
68581083
9456098
387443972
4031854
378234613
165217592
845410059
577592730
343000282
335617367
197331808
26642415
616240678
152112057
62511328
98055754
207685790
331727255
256153357
74849358
85342437
118946746
182273631
656964816
239032184
135259009
653332557
283463025
142556250
525478950
34508444
161645292
668278770
17510544
242576040
2314431
74786256
86072832
549187326
386684924
615311157
754792910
371412148
81717064
293436142
550667304
508803010
308045194
662253639
399667556
247855785
209926049
504800773
31671671
271039504
137904298
92134662
27556238
625659394
28100320
194459404
115990105
355371830
216923189
750377681
538879228
159823058
58456318
660936597
517520923
350263840
231050562
560425966
875104779
213811313
461680498
579075335
117727536
54751644
288717454
340717730
186691504
402046622
370112570
104695313
513969209
199071842
692444197
120394546
532978551
36166138
77011053
244976514
326352511
138568970
496544771
477954570
87098718
75786881
297996673
581850429
736889077
522383759
369833024
688631637
44468568
464817129
585161248
85750603
195765375
630678593
46397538
608856372
44499515
64873400
216717050
93204304
105731819
520600270
67219251
425611777
341642172
419626534
163801188
425334238
331279902
191707489
82494197
532828416
106642322
6725818
140310958
589581469
478845233
787707570
126644624
107800290
768768824
562285296
365461475
510396032
169436043
100835094
308823599
166663080
264796213
58604662
311965979
62259114
478981704
188593878
554089785
534808552
208449999
30740582
256491101
273230238
701892340
34699798
436387221
352025014
101905850
82987394
95430663
411606505
203679396
451659360
32465569
600288323
291532137
269618942
205581065
88118197
88244322
368167808
447488419
86626013
94504530
711472712
55387599
93263049
656360
110970478
233373645
93784898
276877080
102487994
395572022
253481560
71254872
352004913
40296981
48533125
118069547
131723716
97728915
319205671
21617634
260101348
74844248
733653614
293691602
167757941
298963589
121008469
151878342
278439276
358164473
258392655
174440462
615373724
523734309
106080464
361365877
112532394
105366985
331414752
25571794
236682328
10867615
50856148
16398378
333506043
8030055
213244675
276112108
718741915
396284698
139279210
4840893
523797017
311142582
535263546
163081417
364308141
144467338
595238300
459688531
138692710
170654534
265497646
533426450
301626824
11574170
246074419
45957425
583363126
194949022
480846386
37370879
144893493
439226019
464359018
86200364
203926051
529298987
232193470
50504730
774563862
335298980
154598757
323754962
935567296
170439290
878541362
266681600
674141837
163723131
764443412
1658934
135002003
479974719
224199349
384772091
837856849
119366060
356414365
54217561
191087328
20235954
358850134
19669173
152711824
95074521
138127822
843168499
74705880
266769593
42163387
423885743
352975309
185232509
301912996
208319798
154256265
457657305
608990786
399296329
84466037
153202417
696566725
17245879
91505826
469658916
310324561
757891306
386985047
572213837
145695639
388985625
780983364
228773522
336631124
833463592
149704561
119241170
531004786
89324251
236496319
186665420
961927751
57327588
674601305
345746111
257944770
548620559
15050306
404297382
482868007
201607186
527178732
355958198
33718744
631809172
410697702
363799600
202289380
677340954
332651589
574593497
10505063
436900465
65047091
8417143
532637156
633185014
312159275
379822997
411552648
340112637
183070044
454044828
142550046
36345764
317378363
472230562
194614190
273348576
304709460
462688711
3813840
312836987
32427418
38665914
405036183
401983695
437804699
14655128
2700515
282059314
285218318
189475691
91445160
398149876
16951625
372507656
24211632
297316545
176868468
225064851
71606933
724544958
164594190
57665881
355361197
821459844
219794873
557861180
33853014
405687968
782655512
335054514
163670281
635527737
24779488
614232961
593590284
93115770
158848243
879049079
814160725
259183885
262752927
605049850
106333351
3004225
58959063
777866940
299019995
197833996
159329041
316565557
326074481
93902322
8226279
361907
382080628
28183033
386636228
467905395
332384388
52188189
95342563
772393442
45678728
254079126
211492024
50024375
338425199
254311417
138200400
248007874
536381942
139707773
410710976
641076030
39579547
154168410
57762854
56732275
468011946
578948889
527047498
73396542
142430239
256607076
94537566
418314329
419634179
370253288
213994236
406000045
753744234
465730956
235012454
306056432
178480946
42126206
299262753
127499308
273153662
723351554
394497531
115350816
73033422
872720320
283291997
4033136
353570964
370034452
567142213
97622039
20321429
169990784
492198720
140875401
128364639
94776445
840163537
130329591
334858105
289582568
397111758
148683192
330241484
867209946
135538951
19188499
358084559
56135280
91688264
254808187
126756345
14522884
453895560
193403110
165516183
247583426
30752036
640127476
241308014
17617920
354963252
170906180
20529577
542176910
620321990
218592259
182113284
99947083
145230594
287003443
172100423
25276416
217153588
820908000
364039389
177258251
381919340
850597272
288859733
607241820
136319713
670870969
29700790
7495873
64172700
827434694
218141240
380907963
423656348
954771696
231572356
558401046
308394148
70521100
57396275
29011868
522630675
294504941
172548933
537334666
4134479
49222933
493455051
21446296
385270884
269162976
17480703
201379470
327608570
344896396
192292909
273106982
596460788
38126157
477895627
1550445
124995292
80530632
328530994
516094617
66937989
209161446
202832032
742200775
294830286
672191933
347932353
205850250
59899143
21159462
56692323
38435796
228425465
231056786
53378826
218415871
200150688
433905479
537862538
604169146
159197189
775497723
285063596
138169657
15117455
177418369
145745201
135240308
257788090
669320972
295208963
313613050
795621795
610426838
570327540
97123602
65557058
323389706
17463314
15113025
756575406
243347853
562569280
240821956
12036593
258054455
37631317
155001400
786021095
94021932
36723632
6639440
87909601
114029135
36017322
381245787
236899670
23310473
39214543
236160567
41153583
692600503
598025786
255377347
321248757
395602097
115395876
510764867
35236903
170853794
212004719
575169057
555798864
21167467
180998087
85081745
357998401
27297286
201277842
745206504
178735104
232363569
807508320
655686718
707227104
305465817
116264466
37469888
799914037
783966712
765975353
534211272
53235328
26129950
314668910
465192686
409620967
562436581
118657303
21057497
245716465
247821696
198698661
445694389
193385265
194521475
86178510
391926502
227534078
185177917
174978144
146632327
141708351
299476384
511820041
353552835
256379335
136447124
271590297
888647542
76961476
7078959
270555487
759532313
520786503
4749477
110170626
437095296
5671350
242162524
340709689
755663955
168457202
489416059
53070762
94843424
207495886
92031522
203856577
692344866
53400276
131642387
156466282
315825830
170913104
174055929
120308912
674627579
387587125
221229933
58657177
92342160
249587310
15154738
257252645
62249084
53182636
243292525
647800944
452002908
809618285
216882302
313307789
611263560
137952562
338849046
621584797
4550744
650645090
321072631
203966838
829460860
158892582
403619648
607419943
649430760
73897693
754009975
39061968
116640036
353604333
117482625
252895086
162846209
38281973
1042212
286543282
354407109
307608374
75580943
157384926
153523668
155732215
98823405
119925700
103726256
252079488
498963022
387408844
890733708
60359664
620048072
90880210
322348693
405542803
562592860
474520829
768396002
43679157
804486723
216113733
150043281
159283904
550577046
51914266
252239945
608523822
635689683
490380627
451961061
251158201
42903194
10169191
156130468
51404715
427590393
202514434
351808556
733066005
7650801
2749489
74944074
707899208
174086606
6605697
90199403
374713342
271986685
173357294
97061042
460739596
559985764
170748141
222282920
272278023
359167528
12516507
161345393
566233750
19145833
108273698
330144310
421360076
582565538
512862068
43320821
50000558
237859919
469939930
5844400
29175963
449726631
8994520
72936953
27324916
210491688
251885654
691292544
151650618
57012449
25151278
545099650
645442719
494757591
102560689
12568224
420132270
102248749
385186912
813505812
344088582
745997496
300899726
401339154
658212587
202959273
282643566
922885541
286657073
545655656
240212786
228269256
75376811
20982346
83304607
250541133
748416821
883965928
755145482
269468200
4806573
634974397
35142252
276045737
119132274
508821057
312531703
174887382
309730018
338034824
719135637
381192154
650570522
179887985
748845593
212027225
445758639
35824650
10798628
14170850
301051487
453059281
590005567
451644811
549222924
269689184
45818493
760572248
782545882
749851573
9710315
359754852
334692240
251377381
936329852
420994474
207563363
447665241
89110122
698725502
79239949
261531414
159391584
3560470
169379802
48980852
474557970
50055407
223875312
278273980
158384049
735455443
68307768
408096586
429032389
89235014
12069651
829785704
263217290
108490273
803305158
332382870
157077589
87705862
802368115
754011068
154764466
407161722
92769317
748546573
14766465
199011142
315397651
396660359
733662699
327938507
551851056
25989399
142297835
563007644
250076138
266661512
478533383
29583742
42293436
405256403
77367879
185810124
402799138
8078969
202821662
93743980
444325779
294416488
819343069
319328332
196554446
221941459
109499325
95069091
129568512
260772959
274626186
161452329
63469089
301678240
31558369
365081776
271821796
513386527
94094826
409060957
491163983
584225838
363658978
8649084
208383140
96520777
28419521
411692322
153733153
248170918
69137214
187715213
456524869
442123497
720970558
267079838
254076114
402379805
209713413
125607468
268887849
451003732
163602869
82314860
288017100
19283163
77827940
424839148
220917126
578349919
319154031
265249402
101579061
124497819
732054307
601885382
150380206
362235678
220891241
236400696
545980713
249557532
90141428
314991355
64821931
218314504
42042557
159465788
54330811
321055257
541963418
317669620
103344302
314736679
286676126
99606251
100495732
484582076
185056098
240154102
372400916
930486036
471211063
63833760
469034075
79394812
398989840
114119410
236200002
487975445
308883728
679305678
240621562
9805940
422252690
242430968
797106796
422363117
27114582
89706274
206612767
912750
225770302
635502017
14955648
125748566
279724096
277727840
4101876
165953385
614086101
137878627
144958465
63830142
150964601
47419810
314023781
89076092
48917617
36152226
714310481
159315950
909865780
642086508
390685589
146936781
885941437
578711369
136161157
268203666
732520774
263446346
619018553
693681687
146452979
218761169
565012095
664147061
597751877
511375607
88871728
168404152
720981114
658423752
592854812
443533722
371727728
247266991
529306695
85171870
457137783
169525595
173258746
2194989
381346401
127936430
612117498
107132697
59070148
36241019
11658405
506725091
5083207
85953877
10391190
276868262
547888145
107357594
48575029
63886993
322256324
885064333
12883088
61832560
442107620
420351617
195653950
182231480
242677093
503227897
368417950
257932168
205694076
124861829
842918803
455365065
506427815
684436434
560586152
334297425
454992872
186501742
469559346
704031204
819909228
584004857
180784655
204513660
106460487
207529166
226544513
397848074
387802177
81516434
411226555
258422214
430326302
280285275
507099704
14713160
468600084
564325049
260285694
76575361
533712894
75306310
156843612
323653194
554779881
791961460
8848084
469601125
734276031
347570989
236407020
181899468
15259257
523364731
328838910
406301487
350488753
623570822
498989713
163576696
32674823
69928140
97837256
540987701
203571443
40047792
31939618
33959945
446038872
14146876
525321661
182987092
367845317
196060916
29641151
637118986
787043216
49384563
70305746
73255539
58135725
33211845
545867572
818243015
137044245
465152999
25865520
123602276
331997789
392504538
207808618
702351703
426338918
299243177
134980808
100642061
448848866
218833696
392138388
29335168
125511302
117942914
17118080
189902415
375501868
367338311
302446966
75931110
487089813
36670272
562709942
153222841
6740416
229424339
169383827
371944521
142095833
225247298
567648474
18902551
49018168
339704695
138161533
547023669
359947603
171029325
450883590
262142540
245644422
286897475
172188689
478094590
570453265
266952410
179564161
217704004
61090993
226887731
720318280
224374335
221319638
148963066
369891983
587343143
353259233
405440252
65252818
422084887
321068782
299277907
806520701
496342
197558974
585016051
819638
594567785
159463686
564788486
205195861
511914440
649882089
375380996
124026656
64877058
114493376
98804943
33202111
74783682
377567721
34101774
220522933
146537182
209568127
587659743
33619854
323664372
100267757
373434174
464136633
175855115
252040900
25250255
358629936
201685048
394434764
99032343
167314528
263393560
157752951
61613614
15924300
532005742
308400051
228213985
950077335
378593649
523024384
358266168
215835924
539003098
513276983
435275549
303115488
516077264
56620438
230773118
151080744
124371172
50618117
838400393
942144479
94591290
105957280
536669914
834112096
449246562
676604892
436596218
414733015
938684144
139929142
656948300
250535102
343015200
354544366
166927354
156602702
787539754
374037203
76693473
397587837
200914586
414283332
421698610
264447106
7298847
331325940
417426184
12214033
97292934
316629277
104248851
160215159
63091289
490654808
541556964
85798027
48242396
8122175
17347359
728721908
702290847
6789792
80065982
79374633
493234310
57579024
178294758
459548780
95683470
347025261
1420248
253784212
340762720
231085326
70450100
319225272
938819876
286528973
159242956
277077449
214504786
457301983
849366233
132872805
141343822
293647701
119267314
60298254
514993788
907625939
927660949
421599500
157071750
193711689
460498788
6660000
668949630
187524992
567297893
114730119
83625425
782175744
90528128
13632329
34686874
645341924
682668796
489440714
13313462
627270857
324965561
229544782
420673736
973282643
253647490
398208417
795716861
43501734
138874467
116643195
129256470
153757856
198608153
754100496
231486833
247240958
84803970
199121491
79620172
376608769
13612171
182584912
5086314
156197825
56672697
342138707
737290155
315201629
5131008
196258360
422617974
337579135
66753342
476980626
195704981
381943936
174924031
98983376
68435736
582906218
127622154
323359802
86589156
351313148
649201236
361046091
286876733
650610440
267605120
388404782
46763467
194457479
503601970
308826532
309938047
401241373
606528423
54552262
100503428
78626335
30300762
41173199
541839409
59325024
25891644
71817860
407212790
5115029
660947669
375648493
391872
169028705
41160886
23206312
126570466
24507952
114728297
568127252
294188856
245016213
187207337
174084134
311407479
27627468
231876661
99705813
119905614
369655980
157870354
88108129
210109747
616923782
710954528
826768556
133167143
105017571
386663870
142494765
287393770
705341935
13766123
447218031
687499843
51500380
346740904
479481133
71319723
364459928
115666135
76794639
181403291
240892631
2602993
623438182
390994313
426485696
483295956
407408080
24362972
26120070
264823482
89317436
169375726
219971156
30882067
126583814
137133202
157173274
555596740
141063114
516423510
396966604
242722546
51168155
803474174
25403647
175563574
548156836
569672805
66518997
200551820
323650615
483957858
345013257
308613753
288710404
119179314
82417548
261435476
327000798
648572585
629018244
686247318
34952024
114011327
309484705
155196335
715427978
154953199
122901323
167810554
224802669
194656778
637683132
291924033
803913359
68593262
121574144
148426784
254305325
374857187
48524230
840706612
464710922
40456584
25949464
543881116
485040521
132294258
113730347
531574832
7703369
175133377
48272248
368994245
334727356
215816928
43805176
47342768
308658195
114142486
385018851
155464741
310046924
74869124
16916415
58470600
639338651
8657375
102204491
107159208
307271404
942185030
399757203
37109140
31807941
573332150
109854904
373115618
133540140
222681444
724740218
133178004
554539577
583115511
606493536
68705792
822004190
453488750
541460237
289268880
392079010
264573198
6442618
447668507
548988620
379696760
398543795
166051104
50889216
596523379
167412359
55864809
250730906
135862198
538401913
53067820
239007684
102672496
519960059
268494922
20121473
135686881
713599922
192681112
95131408
203148028
327656024
122672882
645083705
729234170
667589017
105454235
195485744
34800310
198513147
864796967
41681575
620093506
52035989
315339977
575343477
136097244
223270812
552104484
382367274
49219204
312882489
719800636
453400105
307610957
205131608
619107739
738534217
13669818
318086305
314380683
19616350
138240270
235741558
254879247
371761757
90185280
382913704
129962547
51913362
211247573
121560134
316001960
83787977
69830295
264510171
287653624
4920116
61299179
31114247
581955893
406400046
37295743
372567383
45943793
434671615
321363542
73372797
299780046
651199210
41059732
182025874
382652660
140788502
525099122
92666448
545922192
65860145
107453931
182987553
678508230
446034631
83525394
162544048
1115388
237476879
64222322
140067338
55642114
139074994
895675862
544393671
380207562
339797506
125014945
82993217
229112858
163968690
125589482
322354062
88876706
641886366
921370052
58646992
542494215
764563508
130179377
163901015
525925769
107918690
109676815
892255213
512856496
117067694
180787257
529751486
8958473
581162781
508384297
144570748
238551961
771565
195450758
739593350
867740742
176113815
303963606
195712440
508833485
752446203
54068305
317101389
110621311
546060131
691574938
10317250
179453728
466690233
22417511
222975440
765429352
263471346
119125559
48671256
366037376
399972554
72275022
171632615
29091433
234746095
309904518
145277562
151622274
306549459
131235946
562423182
94337430
196050771
298641096
142677822
308374253
5011982
128533897
216496290
353442680
40538325
259468040
59040539
527468831
620240765
163457229
369280155
345687894
519485657
369150130
611373763
59371044
521622633
510651120
22665416
210397151
42038364
321502488
46888219
208148181
231987970
86247949
187378868
387198556
69494831
422924672
447377714
138579276
4537577
61754930
185918230
57614447
218804464
181577719
307611329
177141370
195656603
346616421
658024601
257261190
503021108
56185901
412432808
681760720
59044405
816808794
51553883
43762288
73851827
755229207
493755783
21195852
106294296
91004880
514758029
312333648
885744882
205874346
31137192
129702527
2424253
592729505
115359204
52592865
142882523
481409313
14787314
151877874
301181548
46600005
263482498
285639262
168248277
33467515
288164171
238203591
864813199
20850480
320148584
310278590
336611966
604062750
524574217
163842863
335604127
427357831
38206645
438161307
223691139
238803886
226901882
458006275
501331816
88622690
46711301
73894837
128931268
176956758
419584589
395046056
411812322
644349435
664657616
355874915
282604344
161724048
362444590
614855712
2694014
26272530
49801797
236977734
153964296
1092268
47873901
37759797
387047945
12313900
469631296
9276251
134892605
16729276
330050448
166944919
544889410
199655592
8460466
302181115
313409021
185500360
87320410
148136997
1501782
276363222
678792460
106070406
66042888
398099830
25566187
243249893
17429546
8397228
35991598
102069517
4975944
429674948
531870659
16228742
594304449
624557210
204992098
50278417
356765677
361138521
403018751
437853389
164304535
29388620
265685446
274877308
258174077
437476828
495798509
92882339
144561085
634422960
476879770
442811194
186002406
406456071
77263146
623957804
75280760
320324478
420650016
83240701
102378194
584017670
194058194
44008750
285817766
252751005
320124577
104562761
773188366
240679970
250725520
223866970
528725586
11696568
131826190
262752712
39190968
63090192
611380019
5001007
285047927
124264400
85741000
58381879
262496944
735327678
978072
243066155
205066128
456643415
17825232
22028401
724741399
277180341
145458217
709733687
240347242
21289602
533336678
40227386
206779936
147853561
296510444
206235216
288234615
78360066
259536853
160975730
150925813
198751102
430673055
33504527
281867992
694348199
709369977
174691348
60931161
666515895
355988866
478024042
429456854
286470641
72017076
149575066
474796172
747070190
18620692
648582614
107779439
30344927
804596787
427464218
692897003
236704200
84876550
642646533
134514237
379439516
8119755
16053548
128312514
221140569
399117286
865907313
47732931
363086886
435568080
438515256
696069588
74611301
506229231
641322212
303658409
33363030
116871221
290875794
125769611
117561162
507965682
925370256
783833768
121729205
5193788
131040879
278330523
297228190
592243889
434726786
42308541
605917053
175883090
463088988
182538800
60181812
207022743
203577150
110023712
128412499
754963875
227307214
12659455
474924711
634871086
610502973
608758557
334907565
207687084
42476832
75875566
166440795
175398679
18878752
359429976
738041236
119979841
63658318
89440512
200014677
277070590
42107324
472645662
307794691
53862602
312164046
126013338
656297401
69609264
69140991
289648066
682996588
564245997
500737214
324798634
21261048
767921274
71688204
353511198
612731193
300746220
3370691
868440066
305123120
433548681
29171248
234277538
908873490
767910945
289833238
6861672
767205093
346637780
17024662
236680663
142171327
486635940
443808346
196308803
1113023
176461249
523763626
636732154
611463032
409782671
42493305
358252956
74301108
7548036
82601574
348329866
258117716
13802976
299684252
436539760
432657316
163330372
313222316
221988971
56284776
253984159
312713372
48135080
114273114
386266970
558253208
241918011
187694897
36767406
120603023
349375615
69890534
128523636
245407171
425342227
88013594
65828836
880955208
479301437
59907364
426659420
460722879
120542772
360858796
222127557
563857027
268884460
264900900
207332886
57506384
210726199
582955155
132548493
2084502
22774750
461827830
43689432
386952703
371602971
214592120
33322388
203799752
469597072
230879835
334241701
203525976
78561289
124861951
65133794
171644028
829232789
175482630
359443011
97755557
446107005
359466822
434655786
758254745
25387433
63410513
443874466
610634681
85221147
138305780
764284205
378021510
209709570
7801328
5989560
522936581
242003428
197089465
459598306
19947357
276563824
657002598
372629465
144617832
591148522
105135964
258971439
706133810
638103126
44733639
376116375
346066987
189697267
56443558
172196075
166571511
472612098
621908378
139492461
5131294
418472017
517957608
236596800
354212398
271901727
430585413
71496466
88832131
688837720
642869548
169144039
44218496
159607075
288395020
877335445
250083884
489069328
694432366
526604190
928137318
176183307
189111884
203403164
597956425
915929747
193531207
58142086
269356055
390248109
414562705
232343063
293826102
13724
468854836
590511501
593032915
567886838
435894924
210794634
42583920
854701016
287793467
258512652
297613886
164653003
221890180
345722506
187881792
473552052
213801914
104177516
83435668
2843729
479823484
25315654
184410812
56256408
173568507
141650432
7838508
313085744
775314164
414896725
383884307
753298060
129805741
74301735
15368456
685124610
182463663
19555329
128966493
586211684
311002338
193123587
512453252
195252513
864186220
21828943
21461965
79421970
644044392
121275461
338643269
741155985
5749850
286517036
900354614
451420641
294358600
186999030
186742306
129575979
177584618
996340
754003889
248980497
91324787
361721340
610895175
459507266
322878734
178119715
360362086
475605303
83858534
3014224
332791560
601450721
6413266
371981592
171923900
448771351
42538867
45199704
613237572
252880713
319203639
143795170
541854289
69195153
299755631
438105397
241213362
384827497
316609158
175067893
100297309
64521682
167975940
66191282
370151252
359397772
701236817
29792735
404614970
841307002
101434259
130766094
252753024
22564312
197344410
305405387
620498537
210735998
356846548
159934768
103427207
416970323
20021580
300888930
905680423
140636883
262468295
66249734
381052708
328705706
579285907
176628322
402906336
178315699
408796371
138884346
423647393
365822996
128340252
404626991
262327440
532796431
456806051
410152560
37887640
14319353
82598514
156302517
38647728
90813516
57854732
579787148
107043392
151995977
3550496
110339330
432913597
79779907
51974543
108963300
205886618
33012454
16388978
32866886
19308585
322541799
43638571
213246980
471439356
161560093
288045245
90398030
647044285
82001848
165302901
105393528
210631124
14965527
536261446
96600798
132034222
61219536
117280564
522542539
284914771
89121352
56193943
605577464
488955459
175918570
104743700
280423428
172356660
133099158
95535631
164265533
98660579
42825899
585840006
552229504
87588139
759869596
155252594
183264592
584040816
111404517
83956961
65444039
453341467
225470573
334855098
9052224
53491377
511982562
29461390
26482102
121900559
534452215
4129765
5102454
256902424
130595622
121820662
426200792
605818808
58676872
165204417
664044303
235313423
394989679
153286313
215425924
371141145
79701963
553657178
543444546
76654573
311971943
14362954
285707569
468418044
301938920
222712363
610086407
623476014
317397394
642434689
175777380
3746076
258876394
233404652
66980478
687534707
166240325
187222989
79849471
782042939
153235342
132370719
405364442
714258947
40723800
757015518
774998113
336480304
211373678
393364393
625701180
674379096
4399059
472816573
685278596
741381113
360372442
387369112
222477467
794176239
145547763
553038753
504393096
515435297
185411413
183679764
165738716
371100795
509902346
795768179
616741507
16907963
480723281
194299184
89965920
15759378
154250463
135429546
208262075
233305853
471974073
28616971
180107777
73284750
565959690
465264321
375892304
114411024
242424011
322058464
58581114
601938568
131699331
202239974
199543729
17529558
807392884
442328435
222628565
740042661
94571069
122361772
116966754
201718217
122401071
390698702
399802093
278788240
433440875
32378998
74116462
12019135
593577990
603488999
50336095
375555518
206218562
198606668
59916807
447992122
192696126
63660528
54885508
414203310
412454482
110298535
74062452
252755420
89151357
307534564
56281847
69726855
563974488
10725929
225342708
45816106
91923722
215772061
596133356
607661194
1952334
185050488
415587208
347804478
298441562
137867138
159825089
101409148
688933383
793838262
367648591
45078636
139280003
126344686
426509497
126905965
25661340
506294648
37187010
498761282
70795630
375159328
28756655
8803914
261368800
158070640
165676452
31060505
578967803
103122696
110088615
504914284
4119609
116539177
120155610
108551855
30548857
648508226
509636176
240733439
6133010
79130238
161598780
119208927
347157631
51714733
503684910
392930082
278827521
85533846
168196820
47955452
111844759
341136816
309851
403086387
525508802
9371745
474326178
538341019
315348980
672073485
290243115
356861788
47814476
96122880
88310071
607870605
28714489
4522748
197134211
213907547
111604148
257308505
354884549
544435581
78029427
218611895
964106629
6582175
69394931
300452875
24006510
770964423
21617464
855326502
148789059
209010243
434625958
832446388
370020846
181510379
244804225
87819548
334009111
102610793
360961370
315230138
709569265
747982964
113953104
96498855
118144186
129040207
358108782
160522884
291783394
11957314
34559001
36017884
831445475
528569664
15666627
57724601
14171470
188259118
808133139
800628228
68008158
486431639
587617232
326115535
23243872
206829784
126008170
283618619
109392766
39471780
273404790
670479829
119349578
576717433
505777369
60145189
393455444
201472477
16585003
21576409
396016565
72152168
770865483
18370085
106845443
21076573
278900310
294177927
464999052
69684630
543921235
70572732
216795760
359608081
306639043
391945579
276185476
375923841
756317049
741528
382040632
721650863
476612157
24378240
270523025
342378799
621382386
154580211
60439415
565201570
3620359
331526287
35544414
431540578
476832502
851477422
597200683
403032238
115188059
269467409
55584336
203767670
42572137
577412141
176062723
302879841
87129506
90320595
29770655
493860461
41003926
571513708
269970736
133407799
241638898
112357739
219666741
881240567
303581062
953441679
725858599
368795073
403840564
161850908
22642995
365887125
264351041
578758440
197965086
175592278
308892
163399725
11514612
227823946
180544005
504530019
361897289
121393202
256669362
49898305
239392212
132138794
490905780
167549984
267730567
468889852
321774712
442949238
181539758
194717699
247070312
810625673
364450736
328931759
10105302
24995371
29787539
562264146
866225520
589533111
602827222
591428364
54616136
366247563
4588361
34201584
482596271
425015299
406561800
275924008
327094446
124746861
304189711
49214684
490782893
163301922
209430107
241335428
36610543
419307978
502217116
692621964
832202412
863792630
189242174
52031396
772432081
348146867
77004280
671235070
213718230
2730572
95318217
421404793
743648355
211342215
571021870
49369983
13811842
508444765
253488757
120027446
7414302
462732946
79585667
338617664
20712198
744327411
94137966
644999434
252688210
433303572
473644481
695102118
435389098
207136808
399095089
158286716
64429125
531612645
526765628
704756185
425691510
271340514
263159817
