35525241
31888346
91494852
448260988
162881062
115158618
37842359
10978236
193192232
453154840
305720289
265646100
40763748
253450250
77571641
354190149
278448766
572986137
286953329
522971823
14140424
66724892
325633149
117736706
439916226
192287959
93735985
207871921
420672064
257667416
3711357
77213407
446174086
309777550
170581816
17657262
112406157
97194497
433012701
30969234
518664813
402614
1717455
7388190
316335233
29467822
31846210
203657814
349336477
322857290
65663673
50321415
290165460
294478880
632776585
627136431
496035426
179785344
111395322
351950412
23712276
241994241
258739224
511803216
64943589
4323936
127084565
242745739
126557862
413081704
168133696
196783594
159860960
410080607
187789526
753702650
523511770
651668869
159124762
534574622
291571084
332027685
621620091
142411142
923613744
519044
760446695
179671600
338539328
546976274
478053
929549004
723138890
486219181
455837551
106391016
131285206
62390823
175264652
726476297
143907420
128814474
57161472
691098453
397144643
292751475
67840997
334150906
54276322
174943521
255693273
543459538
536998159
77683915
27950193
457612972
365644860
501168427
413405010
435968546
205240498
331530942
66897486
20561067
103581602
6633062
116662142
30135305
82586519
718214970
417909220
703831884
911456547
300663666
716867518
213125934
260848498
230235715
113263369
430753877
429493872
862098172
263248906
830658059
7054998
9907635
310182190
416915844
574450947
635625642
154924197
329824175
321317101
7113501
337377706
185657490
562132164
493222484
210383057
282383002
9605310
425163451
279201568
32273150
145463137
68258712
52681336
459277360
81317508
352358351
497452121
360132273
313035591
188513055
242618052
32563663
203318557
98634566
56393804
477930866
96481340
115591812
6619116
492337162
574580028
325036227
150504448
176457760
63737433
60789014
283160303
39565300
70768189
162233059
177925162
675402258
254097561
282475479
638550841
22682112
179682259
431651211
190201441
854903308
71863733
873855311
463344598
691683514
947576475
354324704
28841233
24289506
458556989
659992896
782094712
175352142
570601616
519115012
116193722
512405153
107337885
144315584
192370992
136253393
54739267
18744139
167680554
3583958
136412249
383364520
176518280
203891002
170488190
401647072
687693838
417572461
202971940
851924586
731416955
390227514
6434480
458103766
7304650
535735915
163543462
234724500
424007274
590285689
519034668
49740059
679722303
247220647
55430244
294083901
581395604
359228776
198338214
2127318
87403408
295807542
383329593
693813160
397282960
167225729
156295212
10568478
395782092
185998414
347707631
584670816
597336002
535726654
557106025
290625350
169494779
454988990
75894238
107729296
916192167
435968180
59127584
585650997
14767231
362765178
263767468
206724778
390534334
658514841
19216211
51041784
50152952
443211081
577009612
451662165
119941609
77424027
226085231
22307780
686051791
417931712
13511415
227618175
74926254
92782770
152582116
753553152
574258021
296772541
106972572
488329893
855461814
298481162
48395780
662459970
449268148
131418472
91940960
302899274
416866078
337159215
21288441
206607558
401150546
367749815
628704312
330778240
165512500
63745787
177460219
161811627
958329270
715835139
228719699
263978042
34432186
420410448
278355655
273690426
260636202
89290440
295329269
395156033
19498962
531404226
91074210
332547136
221437454
541460651
189981462
15809375
644360393
692065337
415906926
237824046
891677821
156130168
521102138
164260958
46930461
59423413
491191018
312922448
362788245
774263266
327406246
540985697
279591654
292883430
85861256
426057504
49734224
788509913
105030218
103020087
73374249
785937025
340894406
91635669
82977996
111227180
73812053
41258602
19838160
693730088
108196398
803727343
243603591
151561786
254160110
387310667
112986706
87795194
134201715
47660690
32815995
309169197
112347429
100792176
63179392
378588968
172215604
821708921
258736218
130483079
429463743
422639985
525754799
167482824
62811695
155860873
12172928
145006500
16296022
597498567
191505929
296621535
59483174
57700849
453791040
737724188
94136095
44849503
142720208
533294979
44989671
314295159
340453401
45172052
4562620
619090840
136412741
182899256
13530447
593397008
338170839
86970211
172360491
529771596
201414486
284764042
456131650
63964795
681886272
150064316
481322259
91707366
239791232
137772841
164457213
178866922
734829944
103301294
506073524
141173123
73377232
324868977
323656330
461720054
649729886
714167865
218772096
399232797
517791579
627226341
30938440
658478292
33205712
494382058
850333596
206783814
49012623
177475067
18232076
298488593
296222058
265469795
216415330
383734398
310428082
325376435
174107019
496381856
31774422
2294312
76843198
374145973
265717126
305821807
439786358
2086486
396365767
615903849
191570576
180445568
109341382
165238325
17036525
271157992
174066534
113093526
49746826
448897293
628814272
404926678
44952324
76163796
14247168
679375875
275980020
267683424
140844957
249144654
464689929
419281965
743135417
64983958
390377714
206375720
275649057
107666931
556690608
546450142
262671576
680777865
103057955
113699257
79458498
177572503
468385620
291578417
52663788
261826453
888817982
109104150
143472976
487892565
11808225
126001179
278766997
111448803
60805183
582501088
603280932
718203915
651307763
272592745
243265888
584760334
447755695
165067158
717148874
630107018
244745732
257577460
170572050
108263655
951180453
146278915
104738427
626095742
36674448
198611710
274010574
642511334
119822196
33093478
30773013
127692610
39937138
1502097
401195471
68170350
273148663
158165893
309808499
23021154
256777480
64898961
106242909
777101874
57546832
441015318
245664654
457344525
146915
610124174
273481762
167732311
866177662
62127956
373516567
71851701
388502561
681240917
902663680
858557932
113909056
16342871
523484
84656828
270607352
788292112
750288718
394550941
390771017
200869266
78881960
302000078
822042509
67395967
129559787
727746215
255358770
28532189
360604583
204629893
67234756
204624619
70074417
27564040
345891006
139055712
57428667
52318915
337477654
56396301
312494573
130185497
633586043
256723495
380853926
732027228
234668405
102200865
29510431
203389526
655456510
115782514
115007720
574747338
19985589
60494903
224770
862030854
473805832
232777321
215022374
143733232
54841939
442939353
215582155
8933829
140620289
64866583
8479295
655124931
666368721
656113742
173604178
61765280
7383458
747495052
435589239
307498934
95615052
525949408
542919277
529120848
50067201
112212923
456431178
242203565
629138875
183916987
236529464
23342888
486181178
115663642
58199184
67759100
249637561
5596972
324418054
110647758
9607704
569722525
414041640
10786272
89554438
507483346
7021445
168172163
311320949
80824137
79412915
231126040
148615362
241257569
577366540
40874985
90123356
869775129
100420538
693322707
12651723
782303393
72102190
550345561
170455828
454950888
216591158
879190510
205853213
169015756
182665113
614775079
364118792
186439673
607284288
519621089
706182587
11395172
276892526
675038634
697334369
808826885
207111848
189193441
171605839
619232864
292776157
16191874
353182465
515804965
131795366
814945309
4043937
177561900
800082922
13622028
91871442
237305917
561681564
374681233
2683572
163501254
79365167
3543513
222256693
343409951
407162936
165124040
20804000
691661352
121288193
438209815
281297826
36634184
42553398
1162513
191446786
368865015
221996118
168799766
533385113
678935565
964977113
119046022
463388225
139444080
177317649
160223284
398411165
630728364
264462193
237400176
216166812
203149
42441432
708572823
108341424
600196799
53703097
373625290
122700086
167747198
157168850
358039968
115893352
85485710
123610811
330461363
167426684
26753031
19554650
4690660
446414566
797790065
640162479
191816281
607048714
468078654
362823756
245909771
528244159
86706082
50295702
382806429
194096591
44960286
429257176
253173822
28694898
684874121
221120369
20456814
496979016
49174562
529764682
616663407
818707577
185479894
290689055
608035953
720870004
525124386
704159381
230096255
580300382
120429226
106684887
474532113
66160222
246607167
87045631
5797060
412842904
390979643
330496102
401524
290031342
456009218
518877487
315900322
627117671
82234632
230346124
145503127
825889490
155800837
16364520
93163864
60705758
69527192
331326773
2207335
218809006
840439405
176450658
230586423
181927797
373487908
432753499
4813292
245100316
705180837
717425725
369985327
839009997
348291228
340102938
99674260
7473039
337978533
418733822
367023114
395293400
40320459
344357711
304696830
221265375
27871773
120566101
176081496
348457673
48215270
123442500
99455450
158154188
630288631
10918938
391539522
576218219
834273929
469620016
156149413
264548413
460166438
220400470
79964044
374344600
128462621
154014508
846268839
4058671
65036034
540842520
158555448
605367208
631016145
574225500
592755863
291488190
401684457
269355989
538917929
791346265
72761588
531300796
139236475
509211500
200168342
324585871
572039308
123020450
511510829
422371182
426221138
527795961
679204845
8933562
723606452
165266837
870923520
219017738
203514585
475867071
271685496
612669679
281592045
564209499
249076367
538099624
76867781
214442085
177336800
80790965
786600021
429669755
403190375
352865268
383715321
216176245
231964758
120442536
771872810
705304262
400856098
536229952
776418336
473407202
716230764
110948838
114544920
600320670
43271840
499740213
566706221
138605245
55808401
634380612
556464495
85982210
710903069
18182060
306537828
305617128
808504305
413287134
2724435
1578963
545459407
159699520
667440836
839554119
28149887
17181520
1975716
22052842
308185955
185881620
461954252
416916243
56554227
221573284
257331186
173397778
107393929
153120738
15754864
650894452
678655672
436592608
298346338
246147016
379493761
567496336
478015256
352880766
561250442
559658728
243769118
20936930
563107608
557642509
875501790
155754886
12345859
420593660
30244276
174378030
608392
422854950
414844719
63607697
150300594
218648055
354987363
98963479
67152659
532326484
42696850
51173189
546049079
350192652
31127485
42296897
262547091
40904039
488518367
137345346
195396780
112110948
265842365
45970248
15557315
343424614
178760706
72653397
772750265
931050859
42566200
32308665
846898630
409806780
81308660
99308813
595498513
458947919
125937486
300555428
19349178
673841111
78609459
289301599
353942883
908998760
72264339
163821289
836639481
570829665
199175967
48912384
52284342
150059541
10787085
415070321
43367577
671693307
508483944
853091056
652371922
96822322
859483367
69301485
201865694
468033632
193308154
77427570
150370723
244304503
54418030
475455980
307820766
263737002
286083088
814072136
6665581
443314349
92016352
551861050
356402633
241354499
6779233
156622478
155917959
129304360
302203346
252324008
95990008
9032038
14932682
329703543
130209125
532065150
7088647
249177357
667308483
249934748
311477455
655462464
375468646
415715108
507275181
249496090
149800269
188505938
279455577
154563198
250202042
199555272
18983266
45791292
53433710
278964179
425395585
219262764
276363488
4408674
333418698
136925386
557612384
109372876
238354478
170291807
955925296
274895814
93462830
314303278
21897791
260572321
7031717
96930593
492695140
17126390
536305024
636775801
248092997
232708935
356439361
297887070
9015618
320143890
303528902
30946552
234681959
103586362
245222686
69137846
671083335
1003700
530441575
566313563
113433476
20336322
201998074
605813556
70263404
465804277
213233865
659680872
106924850
699218078
129567888
756966484
249122770
237195696
46017146
31586295
22055130
116557558
191923095
244105181
37499244
96407708
19832280
633016414
426894471
288262778
641196101
163690527
10473355
442093263
365932505
28054487
702454303
485040422
151686444
233268165
769789646
195844547
706003571
112350779
636689025
103315608
286911085
158847885
43709900
312437124
649101072
64808678
86723033
230859168
263127120
387414636
95044493
153335350
400705916
192601909
361524780
70523916
203578878
72477993
438885297
106413912
187682994
448394110
556809425
649767245
106504789
601050618
275433376
370764029
381965176
443638523
465877269
19478751
315113987
260595184
9944296
111853609
2271310
611757921
592396437
160805691
412030484
77475302
490919618
30554782
163015391
266814406
215221865
244218486
153619982
364289870
20837924
58677494
52591955
428304535
19366618
140848670
669545718
234686289
807520315
57148350
15618824
61287471
8072272
195976331
146189432
61533708
791653973
383598987
592737869
12777315
81263609
97609704
365447490
40504686
147098045
350054065
180946070
269173508
88774166
129823066
106895800
320788507
75149894
116742422
503956847
6287814
152297753
99975546
184880830
888796285
14016656
565641312
603751138
234047287
192460920
113367673
277121755
384125126
173935344
162347502
55367989
780986185
149224512
33427737
434620606
331022252
678803034
707043933
24373390
26809074
67868697
112659228
125261796
198986000
160118217
379354801
8270620
11086996
382182481
390620167
275056533
770801874
351229466
448575257
160578111
77425218
455133230
28853614
189322606
322926308
248508089
491297354
214854162
116381886
470725010
50727504
5030930
147333976
322789572
307977008
704153663
189729889
7185310
581296244
100521366
351738123
149607234
459762460
466407218
632174497
762925177
400721868
73608710
418729907
867930607
24005697
129586431
113302349
115810178
162101735
44695371
79911294
143493913
38562705
190045020
139318087
212953340
254638694
69125265
11731194
29730545
643539025
136745451
311017611
420269763
416650813
92471504
203166512
47354360
334665725
763503695
317549451
88033967
489173135
79672144
568452914
715128107
819630699
162090921
31297630
80575241
111602556
692297125
217465002
815615631
524636189
222506993
444549765
443849885
75742270
389998779
351720496
53116113
218490838
406302427
236980430
360975639
232490433
62959171
69607433
162635553
9554882
65619994
69473561
185103135
154459163
504858674
29705017
163015123
490743103
119884572
251438994
275303078
328180706
316906431
800392070
74005167
264806624
490117683
660904663
171700228
264586893
373286736
487144774
522628217
356936344
484870058
148632482
107541006
125369930
302451770
147940215
587126445
296979128
213401568
893173890
6286382
753418093
210796192
54627666
432204016
6928403
602103360
16551164
491337762
158374487
64981536
391939226
84427813
311730881
382184670
650387176
678544651
24962002
478516425
66844143
621801676
286347019
275815718
167375928
379392946
406169742
250824775
456897056
249267506
367920423
492158116
3232555
14413522
695300341
706595013
6595711
7139495
137373079
237887376
159931431
313904274
563862318
32658947
887136040
176946696
579623415
551119257
41966965
501099726
688049022
342289918
192517709
106698023
300388295
170794348
640093637
218575398
12290947
160992649
95423826
300221679
232915994
211307684
703320523
325920096
273468042
561763263
109645386
41663232
157810857
192225753
141167075
32971116
414819676
361517914
117665373
855500143
430227234
34472315
617986317
405716556
351034166
387556126
64466007
84003567
292157279
259614127
171501442
364945364
23571568
119372724
274265911
363959708
522846248
291612992
900311275
279277597
523106093
28172223
688837565
15964624
96954345
66618991
168103897
87138231
202468744
147166648
518410164
522358797
632622961
514162543
82958748
182131423
902960548
286168642
331399482
263844829
54085363
12511075
273210358
150185357
364788231
566223177
55700218
811593336
184869978
784076906
249389609
665125703
101960681
136313758
407208330
106768128
12339256
546103488
304048103
483346606
437044634
20675266
676856238
215366545
326641850
630362681
107932684
65353644
615782187
213628794
455114500
321215749
66075327
454107276
789667541
182488449
6804204
196758472
89326611
861818163
360006317
81103206
51480561
173712821
385398068
281074872
22385143
94752574
830598453
158484536
661240951
825001906
17570003
5151150
375734947
305485277
210377562
76426943
440315666
20189693
242792644
286391174
657261697
20255971
35316288
72623434
123714584
534254351
7077921
15700764
162714153
919800746
105165619
690212122
341568159
512676155
87633610
660563004
176913357
364419142
649147229
612823331
17569841
795928101
824637919
640121512
681887629
101770244
38047022
50903747
397840146
847153164
78068989
365171789
34474672
418247101
655465828
689988402
785714642
559712815
967228129
491921773
100059766
15299620
454659500
427605079
110676048
126514615
306639518
271969310
220196194
409237371
39456540
84794972
430021834
694949505
207282828
144326698
307129159
227408860
605212400
76759941
209860286
177629641
41857944
566805358
407352239
580549898
461293584
462678359
781620413
215062984
95717609
376059105
657637834
416226626
39325109
576087331
317923148
455541536
73216048
504082652
119450844
118371094
323005590
98596800
283993462
190900307
126953365
65260233
441730808
480303152
183461251
155306256
541994970
80334890
128347526
894272941
109606670
779043365
573093452
204760912
184010643
13328557
75434352
8770549
4873050
411336536
269153314
103484067
480985244
161858038
947794803
289079088
364006616
673364610
357142022
23661644
237825418
552680152
86712492
572127823
262077350
741948952
28803798
681737093
540907140
203079309
431418892
42322773
375591015
724945740
143547394
69741564
157124176
117987820
418345717
542009150
289295218
44487783
529380540
611666174
179392777
3303054
517175295
144011613
110554048
267643730
201379745
117640586
772130514
93453570
522645208
270325668
3583700
151396159
9871038
857025186
142441235
447928318
376936577
357565335
2478113
353039169
71021315
7509836
359937384
253031550
200224410
208188671
104120406
630398406
298341869
58681215
403994125
383654610
283922964
447689905
416096371
589135599
152320532
729349445
742643338
5969060
112991480
563105764
98565400
626267268
1007977
319391921
707298309
277172003
449151781
842492912
115087507
93221080
182680554
77745820
182374280
15791810
165095917
187032265
206987806
885236385
268063952
639962865
279722250
235428027
187179162
438993225
100574907
306705740
188140903
41954035
123034518
50261358
800680484
119619025
426356474
189751521
133632576
142536795
663215247
113276268
441387742
126804002
754993688
84149200
190522493
188703311
122361597
304280743
13780537
455682012
76790974
11883936
727785321
150846605
82877631
345041983
82537522
96125773
8624030
415694472
464853381
149815918
379949011
150863156
357991914
214734409
100799926
322336828
38486046
800294714
275318372
768674860
50736574
50037088
3166903
586622639
121711610
227105908
180334197
174102847
367384335
579971282
413574460
326910534
311619805
187065840
194904718
330873554
18000526
747179182
120126111
931241322
415925234
182652223
425040992
16452665
126264113
134204044
205567417
253746361
122586868
46028269
38042194
253408937
813669834
95457069
185454710
37578563
212857606
38708269
82992240
855977216
23606003
562008822
515449741
578409426
44075346
361102734
617171421
117176800
116890543
124469013
214598045
607866795
3156035
95984383
9661541
172854789
334215998
236059431
454203307
632118993
140643054
378797682
9745552
656494912
463972527
6736098
16685686
85800474
735845372
33591627
158000481
144730728
215842810
775305840
21249937
584551521
658020827
363728347
116224889
652424523
274180964
49777677
65584376
288959294
608886383
523221290
626808053
365723625
634916189
567694316
34086472
14341138
118080064
53320169
658258504
380079930
303585347
23665759
65765688
617984748
106381409
685456648
38778357
542604991
709511331
478820720
35312824
356296337
53180752
16579429
57328251
266659393
207681419
73673358
179133177
24993163
91722580
172809742
159655138
106535429
739388088
85897181
60150098
52022877
51107376
408348714
262031058
686409256
141739096
80416934
77816700
555303582
127072750
505343998
70515257
137679673
394071979
756546508
180999987
111606968
227913305
250197612
257587687
594505890
4895818
29731168
235038188
603030760
196313230
109210798
481489823
65617732
220760839
291327169
481641645
519985454
300927020
16105020
820436435
10217780
431770076
564001777
317859216
231623916
34571984
85687407
779269879
110964646
194667583
42636725
238486939
320030512
276735405
460300531
2806070
108912038
56200410
203266116
633033452
468260617
143724127
601188696
405237610
484785005
371156256
465870366
8723717
29751703
568753811
419863994
29160224
370020924
19968700
672486030
753069380
220637779
258318012
116900095
316787772
674940192
430626411
209975479
279290572
119639015
13736529
411045004
562144593
492387384
11504019
129510890
334627361
345389683
689980895
564928952
167600528
766135762
120213380
539567719
12325761
54330420
270569598
201719688
194255760
426906968
49767113
184552038
859952180
224222230
238906599
427715472
355185540
513385307
45349287
242138525
327169691
65960667
213790000
117995243
140020176
16875133
40281392
30503424
448124141
284689799
200865985
175071186
348523973
582167445
302260786
459523310
404424480
148935874
62390718
526227830
32967639
522600408
295693191
20303120
437795133
768797377
240938915
28840590
233426874
150118114
224391451
289344936
209044395
576031342
178047136
253252501
677902057
105423796
158656223
99963072
162729170
17560066
302505209
270343765
217388556
76843959
376896560
204044758
48593716
90004753
413385466
64524910
157188325
26918027
115653297
140519340
596460134
237862467
71601884
320693112
664479935
68683323
291219318
36753268
242165272
536602091
10312309
189474384
398620977
26273380
409470285
401618456
333491414
326579777
347411535
673012405
43584118
465623302
106112741
198592040
354128683
329193430
58090683
201414578
110181196
457322550
331389355
253415868
370398030
211610712
153257960
21860945
71635232
344086391
391163450
19587366
64372999
391055076
84103118
130887485
115896090
429418805
141713638
643626039
790412946
494477272
53750892
135338938
712239751
80925261
210316270
80510948
425222880
230957244
809284841
104322000
344159812
42244619
12874358
280983721
242542618
382205454
29951905
298096810
305161446
221695643
559934809
34319258
204832151
407092227
607098376
204949016
669563321
240695765
551772413
244169333
627839121
173721406
32056205
74567903
167273383
38942070
324092788
200054516
465540167
7733779
38922023
383073426
880123557
808564346
316367557
216472100
179111397
144742046
337809316
19846472
403388329
11266748
199521073
101225395
9963400
3053812
326450548
552212186
104242831
23147933
71614470
42818952
651580589
298520117
272300916
621594848
457571822
101254275
56822387
811583070
87127882
153245103
7460919
114855894
260046135
52313618
548453541
511197119
940086516
467635063
402795760
374942211
6912938
309196247
361179033
165996310
300458580
243652426
601630703
493627146
722132
113578788
8496061
257775374
24118539
178286288
65253389
417530337
342132514
249845535
542637060
693267021
282842473
19641392
119615096
21725495
338998280
796803784
376437888
146310122
499576305
542815624
503850432
8956075
142243408
777246923
898788353
146261197
127516114
199220490
556335841
9869477
369119975
665576385
92221944
740426168
2021986
400410652
633488024
78848584
374926387
192173746
93099794
117505698
15591977
93614592
106524754
98190020
515930644
195713093
501976849
553021307
590504497
452566893
483103802
394328660
492404845
370322932
503012560
866761327
496142531
590235656
154733146
11005914
581824022
9077429
357169584
159102665
43925175
760421117
226071872
130230202
505604346
371560361
500580219
313614815
55647055
70838573
94329508
616622217
905245017
195107232
11036153
604907442
499140918
770314940
212016108
1002367
91075683
135771163
500732237
102441295
323301955
505416758
424628197
166818814
229528177
543289726
184997173
37804504
476444070
116375013
324880576
546754034
228781189
709816994
543429321
103342023
641798053
488350895
259308403
7683699
408040686
39979505
146682766
185201305
38020024
26251546
227138614
574355520
334129652
125766567
79036193
26174538
32156222
32598512
312144303
111644474
163773511
263622127
138011676
261993953
13504760
26758050
469155514
731702286
99045751
104285655
472924884
123186646
523633343
64644465
187441895
446850687
249290607
698362034
663882404
411646751
371912268
395026229
565716738
406363144
608304014
147439827
387468200
338806647
644725473
155021387
526527334
191287600
521284652
81750496
402076593
345567673
131461997
189858097
201280976
258393813
216480083
896817025
451219278
123965999
139699034
70536210
114358474
407750191
854159191
817432811
252817627
651356261
541629736
19892626
22849171
237496662
138655287
266199657
1236384
353508034
49932702
430242955
11521826
206027066
848798850
343978199
96188917
173020143
657509079
234299488
57197065
223163196
76429694
517718028
599090417
181064868
354948629
289146340
51804650
329087430
558991493
267654732
733075304
25991287
327845743
190414812
150884966
424572129
459113211
529911206
82663434
23977209
330115990
302866806
250716397
350028415
383498918
604907163
309239695
496998996
192350544
135851606
84306272
1064029
127901739
562247310
105683930
333725451
526580544
599210654
210879893
256854535
220444007
1305329
119856962
430864240
87939970
787336356
171108168
639958873
369116650
149812864
442960336
130010758
103602850
111177994
54839736
87277660
198934060
