658251870
150527530
350535038
211918839
103611535
431286998
385199362
593736
691833118
302028781
507447202
340103850
94531497
761297595
151696948
598898824
12377018
687836219
715787727
593588355
114688862
187120303
771761092
616410546
137904144
434378448
310776865
37762176
228059271
90968677
405277216
126283819
465515273
143519934
217456384
426789156
316049276
649560701
317260962
421135848
1801143
181594244
82155378
676375538
560577520
191731205
25176836
320810424
173600984
102925217
326386544
301408711
799065269
253274787
64635164
812050398
120676420
111690233
419326882
223480712
597077906
598849011
293437206
447889141
197955985
192904050
106751835
551216082
465657585
197969782
574981184
796637659
376055090
204036668
294037493
162596832
246504884
29307623
903228804
252984207
978674
281371710
383713887
198030796
73798216
496828005
439115537
153168200
373268906
576912817
160129083
167414809
186922664
130587857
613323117
320422484
68004619
50171940
106380319
46795239
123039264
527276838
288168195
867960768
12234483
1638638
59306382
117952306
107218356
37261301
563527750
352199480
101655042
51445596
364942648
337724066
374304
98633999
263875207
103437633
67173408
328607104
220059528
418794033
140163129
401147922
319312440
806121042
611285228
384582507
59502720
271392504
184636333
111500337
193764866
12381264
140619834
476041428
813679509
219511714
827405808
167399885
386792509
107951215
794044539
77298285
187008515
278579636
610694245
543734486
18856007
179149736
585975087
551397807
272274824
152219641
205993372
165635355
905704816
784383467
9813189
211566337
524440193
48145078
769283966
552469469
210464158
862179323
30314014
342594590
15266219
2841216
269668552
235867272
349130824
419715103
193607023
13063665
325265695
65707866
29257718
360982690
523853848
549587194
150366747
187298937
655050030
616337342
224312667
169110528
441176913
670623944
74480429
36351910
55665586
163202746
143371244
109985760
96642025
8756733
27855675
231304105
422571162
127808896
962478242
20165665
53424099
133073984
862871995
715302927
136519162
68973878
285594417
377546185
127269010
386395279
424236156
208090716
70670880
211997268
123970166
280881711
483734802
379237107
311102558
349501260
637699838
706182825
500800201
183161845
165716810
186228365
246441444
598204467
355376663
121330329
180818173
491621937
561156974
432010840
458349760
131895519
87330092
364851813
534965314
671133668
217254433
27781416
53019363
957162188
178544111
288707096
294557056
601794682
624800547
282854648
101725226
573495611
368282579
207498611
193905132
13028622
4451458
190418691
588247670
87679999
264998784
601802628
193148048
212559258
141902079
109786310
502293105
329505335
570826464
422628419
40257070
145281766
332590760
63336132
363605540
192772305
43642246
241520631
250688511
283876368
42718052
26127981
301667294
367650174
227110158
555152705
687004675
9084094
91142411
84281334
341549343
54541950
154337718
678173210
141427688
576103064
223796032
290170993
95292069
35927507
87376772
160074851
219222179
731331610
82560978
448396637
52823488
215695709
13537567
373343101
69405726
751498252
396309780
243985454
346823937
396380665
295032718
356740925
602407472
396734504
146590521
139130629
27057064
153775959
471365195
797387723
248411153
75955187
231477
624998
286434306
383304280
60766404
775469032
161791824
73999858
140468828
297873686
564392822
130687053
57974460
763355084
296870906
539946086
666076011
5367500
79926
46657917
557343810
111418700
310779556
219244876
240811826
115435794
873971774
508451672
464862887
6114681
34499062
107241980
175383083
603020858
548870641
462722736
388351941
89472239
232773677
135759793
348072486
620031820
7495371
500665242
329533080
229775185
107644766
890650574
411768978
370760191
115344820
270377779
136094961
351962424
18169396
26177544
478214849
38239794
386477557
217036272
184267610
65443200
45896296
792110916
121109142
516959194
76700204
417034129
235506442
453493802
7649824
466612782
190528629
112782125
155944595
490232764
230657308
248229381
180120198
295270637
493514108
225605176
213521180
39682022
55247912
423934208
164210144
243544029
16606831
156607808
795557819
223644799
344480008
463438164
138773278
154511788
559788747
535954450
629856578
301586107
561034740
259225746
276507286
176441613
216185235
25010012
745581054
365420812
127930860
344972448
85611104
555403858
25244607
108950151
153095772
493229184
432839221
19355985
683451017
568412379
334966520
79795648
190109839
485660681
61194816
721161484
3224326
393942713
592890484
186237886
492448580
337419966
815637139
261729857
365155663
440421390
32409878
259993254
320080743
253237451
30658548
726140248
525610844
73237016
483388644
439317893
326108784
382882662
223541395
539083623
94869224
340106376
234837006
453707504
174018043
66784806
338025525
364365749
350619881
282743661
397078425
448305698
76319698
866257645
21890299
755979856
412628123
98707750
498427656
211926922
163781571
270170652
257291228
79406317
391429765
616780800
230697269
628053216
208283519
200610842
778275113
199190880
559014921
96817785
144989782
284240940
81401826
471167755
102686701
245214162
848414136
83485057
634550233
26615154
130810255
496253988
36587604
815301
78483606
332131456
530043250
37119261
269828323
135009526
351580569
548470796
68766469
16922948
122144756
133976146
40207781
326326666
103427635
19542742
78700330
30424698
150675334
325766044
744228561
108875482
3035663
361494889
268685115
110439027
263957865
13031612
741742317
682427268
472018603
288900579
27511988
558576419
530094329
262036623
378980148
274170618
257824675
700176442
133481664
754843776
150094078
79351052
140319913
2747391
157534087
153189981
241701237
201412822
33194515
364180842
28586627
606337158
369637218
123721295
74224047
591125557
218733475
14472315
156718358
314248032
174739638
70252094
121015613
534358523
49314873
290171303
18208133
49368841
5016092
199334904
23816982
47805042
351555733
789171105
719092628
148161
1297458
55003735
139717325
166767717
105311720
305113766
399196753
480193336
125475124
81113385
271990117
96213324
90443967
236151576
44298084
161848170
232185046
293573826
476729617
288038464
336344325
811470896
37552436
272737058
24058681
71997495
143514700
481103111
936238412
121238914
104350636
33300497
18563346
104859775
366834956
103077168
743420639
63757861
527291065
290319749
391728719
459295228
77583192
285215611
328041689
308767494
384676027
551056905
220635538
3540002
99815097
969812939
473224526
43608715
65590239
280865079
193041120
14268088
82639702
332369789
114515714
446841435
190247913
233265862
559297976
223089710
251099973
480131929
189221504
557613179
578838405
27861594
129398541
130689391
40679479
33146605
885453103
682404714
411807353
323059290
178318532
365982957
891883300
415996859
612376314
186173532
315454415
123871069
5662332
152674410
144583397
443028235
41521380
218887058
35584495
302769614
224047362
376154455
684682022
116225267
490079932
168487002
715094762
46702078
23241716
54923161
131763416
332512011
74211150
593609204
204043930
160587653
469808334
14268348
411467883
731580183
855051437
692418946
333562119
20274637
44380734
673476571
120344381
366483727
125775916
213112422
108011964
140162856
490309694
48987367
157470445
696602542
364159866
289054156
168524260
268886588
13093972
217374458
662565618
653840321
54295730
84373555
280087389
614827447
319926035
224275424
261335089
725558765
373494822
810485953
417886798
635859042
142271834
166370817
622614110
425789816
387806262
731552880
218990760
176631788
325942324
3660932
162968454
551258519
108465624
179518482
844486346
281168549
203202666
486192666
127548120
160989838
318618558
404849713
921385331
239914071
714393413
212132942
32462658
70506012
448682169
204293195
160335769
102954199
514135390
28304407
480849795
148014123
266295365
606610606
17000350
208193767
483808401
215575686
98518706
761485251
412773177
496340728
263924984
366878778
43647236
42333065
114107504
166945546
643189171
23778559
2940008
68644848
439847219
31635880
235803284
595850854
354056360
713503021
248645501
61515408
461333946
323700120
480463735
911482364
4743688
766753816
46682209
16485195
238110048
87578919
356494765
331210756
326682464
232194803
43435146
104860602
755877211
387510487
470655900
208502538
142064196
472277594
153800705
127378014
111559965
587204651
238074824
300227424
549475984
476945569
583755176
515628489
323167326
37313154
15339640
366934941
559414051
348997988
309112672
49086412
216301282
369454619
56869286
298079259
838628126
210467674
5716686
619308510
406777525
110015457
549650496
623334821
35814824
421065920
34914492
379231450
157253565
48736602
418868706
748961705
66255499
72805174
504069182
772407770
34437656
384633048
583382280
510123639
835984546
593043034
743687555
35229492
114096122
583016842
315633175
221774244
324760107
50165826
202405751
263028162
374162432
415382621
599569256
75845178
270977960
721328600
129654984
293788227
550445032
473317758
509234837
59149402
221204496
212917831
280806696
105754110
310916956
298213627
322770801
665679395
14426715
456421690
294783006
560362735
17258347
298455952
99384677
678901958
569596908
32189338
583784853
9299333
16464345
158888538
587224910
162926236
693339790
190298970
637203689
628559695
80764849
290624481
644445102
938012421
119483720
159861633
527545196
50817288
411570547
627653044
43203353
194833575
590024862
525234025
376919492
345254689
286990300
623967967
376277080
151454599
26132232
410290568
286745925
256524894
597950616
161263082
672391989
58853639
691300590
786473061
409905632
506335038
443042569
296790493
308612086
23989064
129843848
671759380
349426364
87876586
617917005
201872582
639444089
236486112
385817118
658067585
510494710
27750511
112745749
118580890
129685309
214422622
565051657
413483850
286481621
79248147
308594834
85583755
292234355
138273611
468228727
157399722
514788045
472127
143237076
451646893
137121430
400080960
97530542
4471531
86498867
96565342
777789199
161998682
155077144
202294170
421754641
325623505
270751064
289381396
106704454
477378387
928065699
218022716
519059480
120706759
212644500
84248062
11247844
11710026
813839064
367457842
530027178
148979833
446505113
358613931
235568225
745933415
440239275
364853024
234497
468301593
651360507
201299149
312517745
188310434
844526617
467484384
556140008
44744920
59497221
378574887
208638933
89446782
239355719
429206922
11873399
270489336
184838691
44201412
11628715
18298657
802170898
824403586
371257117
277808554
130965519
401752988
147719827
178274412
362670354
319965052
357262
156887447
763792520
408362199
7819217
871170679
132712732
564494458
57265738
287274273
376869561
137880962
289617344
164612406
144721728
375807190
337750044
36771504
414246633
95908554
15527952
371305829
305503100
17896373
2072116
652533259
566521955
170202636
6602564
111611928
109298187
340539492
26395488
58567084
587987228
504036492
658337066
188448727
59374246
410077742
238135543
35136398
374161521
93457199
342099322
366162769
346079566
111167884
454221117
785751438
9652220
333468437
234511176
12903460
419120424
289285727
161631576
76781782
27029700
12455259
302148109
37932624
761521282
50284764
410086617
375317968
168629812
89381976
489903890
658431563
597083636
99640719
353001416
579350287
195655689
224514275
510217792
312767088
694469454
483638942
476805744
67531661
194739189
501183735
606821063
135157589
596564117
384996032
29593624
12520956
111004074
319788178
72115888
734005520
506805835
451047767
158042189
408041221
782574580
67246968
125760508
579038758
100335332
254900694
518948198
329459088
451161771
434557418
9718595
385921002
44941473
385915941
23851748
157112383
50139871
309305076
21589655
766824073
353171551
463541854
204065339
17040352
480242662
164347746
257013146
335667886
11921059
709754502
275853940
41006511
170265660
439525948
338752072
58066247
445803276
140500938
299306140
661131096
343151267
407281256
449916408
88368026
407032279
83648813
312592156
521540043
382343821
10382799
307905614
628300639
333823317
26584442
150181290
4878969
128040858
341889800
548717117
411277556
243074997
444050859
670892817
114766133
474807618
297161394
384415818
60596621
185447950
591607523
79568449
629616160
270316071
79000283
93819107
514708255
51924891
124261060
493121901
162735432
418904121
303079951
131241098
53757596
393528891
54439236
73684628
480677450
44859357
207136073
32620234
255120523
14526580
139616320
186431658
660585838
67601616
810582584
2293246
6611183
202858521
636750907
245745600
107784530
25548716
210223972
108676242
662188547
20750978
213526842
451141657
761767419
44350814
702682334
66909823
281128492
167842745
12341474
164346004
379757958
266264550
210034478
303008176
415565517
357102186
113061400
397730765
23144506
644586664
3325363
630345201
128542869
122164230
127447095
489609756
3022238
15442158
327211382
268471694
24701977
333063674
8373840
246266817
291536847
655628917
72702449
487684513
47241129
17868819
295352
83143142
289989744
536239598
290271945
291687629
553419228
50836672
40377119
328001336
655368872
41802896
479898751
34683382
72438267
210440073
275460325
269349260
319498082
839664072
259693140
555982231
425082432
2051762
533096063
64490849
328139028
789820891
23459660
10803358
6444081
15444837
598902701
302585824
15953653
193792632
560903367
83658538
797124950
237014989
682042033
10043376
121220117
24863966
175634211
412141476
401878680
14728870
434856823
554926260
50709822
3569519
805946777
431289298
97502649
114130620
488687996
29796282
300658017
210142048
471005895
383562592
319232086
465151729
71784072
289882034
325532166
19465693
183430143
366186050
382457233
394173296
32431382
180140302
215115664
111860909
54275704
10288643
59184504
29028946
504026514
736054381
153581298
351333984
153774880
666642379
119167664
151031293
262450950
42984029
169624293
95035622
269414382
645889877
306962060
26075456
254818149
36040166
104148540
432561334
663705004
679385940
185754103
123115005
130891701
574767102
172863277
521214496
124024486
103220491
57006708
937016535
36556660
246003569
436267050
355008343
414372443
41313725
511163582
602608117
451112702
115502121
26130653
1147059
401829891
291150824
35512918
761230554
388349766
164085212
41277093
117949245
569912381
75473444
1217073
616152974
18480993
163990557
218908534
577424130
334736524
53427789
572847735
6033769
324721463
15482760
80215333
20325137
130219479
555964211
161477625
348389616
8006623
312697602
650709852
29025891
146249167
288373976
298915773
152743238
243185157
352295932
177172608
170507197
39726428
776756112
40235712
625240731
5012522
16451170
29383250
2306908
445652399
587436692
131842088
45514968
371300478
23328956
32398212
10413080
3977480
293180937
579225819
59756995
367311513
69788040
667086989
99990876
4391749
147715597
395343526
70650924
955196018
247367779
259569154
296477975
31210032
181477438
26404921
174627590
393108275
577821095
62529801
21955014
50650070
330771776
460014168
72388105
64312850
137318507
275959303
681375355
318342907
21184229
361220332
25177744
41520631
46529242
510777277
159272501
241790646
254010708
746715827
728593607
153015305
224703526
16990464
250520601
715748271
287541771
229690335
27907317
159631981
53984773
751857343
421147194
108065767
156997151
166537170
481600605
369133976
60357925
277983356
488116746
133155253
460242905
347932538
461924342
950228069
497527724
718588213
240170968
708885262
82102518
10489904
101983260
743926551
86938902
397194997
205955630
348787411
60918656
7098798
349109607
660047577
364174824
197358282
340826362
313219511
189565075
657502473
140302562
152117519
157446938
292450
245076384
519547785
160574410
466493403
461126204
137920292
866751408
3745375
176891422
477977458
220494297
395194104
46863762
92764375
78922690
18258767
134680912
497495889
407752437
608637921
324588827
432031518
473071335
191204358
8290780
158765006
67944572
152243499
262738284
500186116
57032733
109651457
715249956
597431262
97561038
374770686
747847704
47538477
205030671
409334312
100339428
426707544
554794314
525790483
397848423
175691337
752081800
372982158
95689920
506566064
419961927
291727514
164771944
103546708
684288756
138141949
374176955
281880072
256001835
18771172
216977478
558337565
154769203
376029827
533867506
170026330
55399080
185797172
245865368
283717844
262447937
500496609
146227949
661847013
454977908
90405707
59826567
591658241
34534486
17432926
457073430
137422814
52608686
305649094
84228415
330875138
353323749
457529486
887640657
137245061
126895264
213500433
235512346
265842919
442998729
362962193
470696568
185811784
465049097
136470804
514656288
362091984
292501934
392401995
236163157
33869276
739387279
44270560
268801854
613299367
609198114
661534832
455081059
70153367
142641766
672654271
167890345
68779068
288288094
360117874
291980948
183871576
7210560
93509545
288862686
587076453
205026899
45781216
11628490
612936477
256254356
447018576
677332879
306673430
23306001
93000888
166955015
537063252
646236134
183245460
158634188
169491399
13633890
220048805
119897210
136495977
352237655
864561044
537126512
402040891
132253252
92541164
332986959
37657480
71757496
474648003
241468177
461303762
499392252
110148636
475050274
51425518
103727736
137080716
497909355
202152188
824105461
678797006
508408190
330151436
88516793
68365227
349289291
280136434
248240690
279073655
96827777
747585507
344506317
341616128
184614551
131061943
39103495
51063946
539001534
470238005
200485723
14075476
12723946
370307302
377397756
228098902
32954489
46129787
164158094
885528059
210812810
233234422
77583123
417711309
667749968
520806824
693426541
1037786
128888469
77262500
16463484
1298436
248492287
147910762
49290772
286665192
109973672
5731505
144988858
636336609
19269714
18850426
3909273
89175117
74154850
91999456
14099404
83661740
500573825
38941665
323347908
265435530
69284671
320421291
19113212
448526714
903349857
479205458
5332689
523001520
145499626
138434689
653091723
538254970
916140233
200845555
311172952
577829642
74310240
101364068
33311502
46968046
556505500
393828167
104590798
379653393
697190325
239629857
694362770
235788428
344634966
134917057
82215673
503440229
314920075
751863134
312079406
143224454
31853192
307603582
248007785
126879948
115401824
212193869
555097813
100217800
38017856
250131981
91158596
11559934
193055876
420975
103194739
833105881
58513068
172263070
472698436
482247154
205448644
263264835
507267393
182472178
287704536
252596877
213365124
20463102
235230781
69560785
916306003
480891204
85279075
581652312
199574463
258903546
14182318
163017099
27856667
586161033
177205978
235041413
264009693
36652129
280112404
408198
311198272
253841454
740820015
213341146
147993625
19345792
459202657
15286041
592595066
360140348
63509707
578031336
544066307
272444817
232466416
3813983
77338116
666557106
368803421
166702722
132278544
616785713
454185180
551940896
304936804
874672675
117906915
406593133
271596759
51342451
114634372
50796174
806057354
72433027
260586275
718903161
238285647
77114054
109749286
428934850
625167814
515597208
39804513
7222990
553068260
63090240
511536104
253936004
239609124
295346565
15288345
151485181
73011984
47207042
166402912
115826990
585798664
98990939
84023042
300961400
520114471
298242870
326809235
82937808
379412210
551018727
151222850
231874476
54332050
11691628
65835350
203241510
53187697
417842176
74568348
249002737
123201614
394892856
966603188
530732579
39049620
409223228
609649911
380569841
1919633
373157932
314564193
432816766
88227916
98706825
100111181
418626478
636588673
232782578
411188608
15543949
444196678
328525173
96798517
485671585
56223264
193938342
63489398
529505332
360772132
137769349
45612120
46878872
421934505
326772210
94280526
334041518
341422805
323477145
148315101
41677624
5885005
28754879
373575208
754998493
187349830
762903615
11111224
24037845
164571282
134683070
252543189
54633869
294096550
86729688
403880573
139551411
12670524
574206676
177795215
84340414
59859502
216651868
168301838
127724920
872755340
726959999
16247067
280343944
127962090
70980102
676580661
510732404
245400016
326897519
252248040
478043633
286476792
304876565
308132871
394432758
14871005
126033647
41877445
343299030
216656786
717106516
282343101
413721331
385789554
941427317
154499189
587703608
265384797
33943889
168289219
910782338
217779442
44091182
18429136
6564506
53797198
149384166
320727904
555802775
281630189
50374719
500130425
232011298
559309937
501441459
32932319
219231979
214989592
98453093
174818925
7502320
121508322
299014307
283867486
384914412
173368081
452890114
499263228
15984548
133355719
153516923
238911702
611060871
193590031
70275475
43348568
122754390
911687863
176359709
364285100
352485943
184841939
22518438
98408306
409134951
30196864
373190930
312086305
706455627
436177057
32736332
213936967
451317564
349421268
83699008
43930139
330815120
96222588
333883566
68800192
511784914
139157499
265100421
620426539
28486176
4112732
149994624
796249352
399349612
826002458
812112105
752887198
405361894
375755168
179302174
158167950
163092911
417729757
351083961
402216093
856239779
559937908
322823287
523172474
232381391
81434257
383191254
309094707
103800538
157833532
453075758
415046256
427977892
795485648
283153002
50887368
300829178
807129812
116957510
628032479
134573500
156255496
407817062
154872146
87961018
152662272
410251495
24116656
421104118
23626756
403555025
111105306
636949347
442545766
111422928
85755813
331846594
42346380
80709244
129487719
357346213
35846508
44200368
285361664
94289182
160521883
511858657
23278106
401708501
247435237
628220688
443759548
270264370
136198853
564428361
42692956
533519533
32254725
454874463
479911456
525903714
403971293
276338501
380376796
404163845
647001267
98636668
531736407
49242580
260000878
216674502
504860816
639205260
675197388
763608799
59538108
199003656
529388643
451948872
38263313
116130014
510165094
255514648
46430057
28182287
275115423
39622670
346850658
24980821
390359418
382977937
41177820
409741169
154852052
270515059
583672490
354451971
358121124
94438754
506965760
531251807
449350866
576809436
433208504
683751079
31806813
77637290
40002032
349587915
232498072
163460929
11013126
71256856
375608446
163117252
65766050
157465497
306073624
202581985
531846909
782426763
6026342
257984856
595738509
624002162
593525688
388373883
193911823
328199967
379729987
295194102
67025793
192086792
142098262
420001029
404112957
343802551
592973794
427602423
489323963
496747634
248268792
47618835
373945855
320447497
233126476
287928786
10741304
195984633
246736933
431288216
14188125
135919654
540425316
131374096
71797971
486355244
314361201
81053502
432406857
137873733
399537728
52151186
713200758
72888437
216115334
85458415
172728899
471908852
96792199
718012241
43205557
130164902
33670008
279886051
659458653
25860677
512806069
130806162
256268730
14316654
33701616
121981684
14652185
403496604
194841558
110307245
186394506
302583612
392654453
764368571
1213738
256557318
713049352
710895194
177127317
425542683
27936754
433170776
134410639
371265188
402909594
302743123
192718337
467754609
504984807
441034741
41410608
647421779
584334098
203621558
377022490
683862925
207130332
134584122
421165734
395759631
467599976
590219143
424284997
14436156
44245400
733141502
134709117
502303460
510882984
79722626
7441137
1980688
376928088
268412014
452214824
360538642
671523332
353883037
72254124
2074870
720808532
207331340
8029931
275182986
304083124
492480200
100869430
357325137
732784270
247916120
224399515
110105144
421381101
286555914
77603662
368677326
3095406
180002749
55069571
715381515
121726318
390337128
169904322
47436264
591890938
628293352
190587212
313972870
358271684
103278480
17219852
139654818
34372177
3683376
70604604
420317482
631222734
265733757
153829075
839353819
443535736
57767634
681997252
325602207
529486457
17393235
292789336
38174740
604816441
50471786
190108811
119293219
327122669
315897825
367950106
112418144
36792405
77893803
121968438
67665647
123238217
26521488
296096276
261568800
534950544
146156997
86735690
287967171
29518159
43973283
423665446
422424017
224566629
277981327
636605821
622125925
596067054
15487915
98667725
700694255
45634150
551188771
279595120
50689336
131062086
18525489
358544201
686593
115153404
162603853
831695236
401811571
19988956
724960412
2898892
416614755
97328271
243330980
463972589
244117744
258858420
211419594
22950140
436081819
667600605
261187866
348411908
262672829
38381797
635713174
169860370
108088225
43672237
92169603
567805857
445268940
241838342
333782284
511764160
129720589
52364096
501052776
716070179
318010895
39832981
40642473
249477629
72140932
116135224
687281161
601604109
10529324
331006860
312175880
37149438
470046328
559332136
224392600
46377852
226031527
4796473
192571116
76638914
448702523
128241954
1259972
653379800
7308314
702631277
141250688
953011
30713255
463120106
150717464
689218776
327241058
187615582
492579594
373112412
92735705
274118611
344995099
115088782
305813318
82190400
315848639
318382826
597076391
207808768
96820796
54982880
70162442
28058747
81440652
815842
61728718
544109096
733327371
442134487
440519787
265869447
334001159
447608828
345347619
287307303
642903485
149318802
608304782
445321503
214969402
643213747
452763556
64314687
119958045
329599033
510088746
90886990
263385051
59045492
17266722
240363510
353780055
545454216
133912871
678155694
468458270
305723960
323310751
456160756
822335578
407149524
141763554
94147180
503219512
706941486
166974056
111833332
373176099
48324051
118416462
401372176
198825612
489401472
418568598
272572568
316199749
2959193
13734232
269551963
17355242
259848480
90046695
193627044
730100016
265087089
692726702
649026048
450226792
41164272
37520634
658445113
260999509
156950916
959557076
525095836
89886102
415397025
7703275
62608460
269064395
321647722
682840492
32426250
130959045
29762526
443486342
325645944
437660882
581456905
191982574
489628992
225368278
338124024
117203212
47713549
750723512
471083662
631335735
266932199
23110754
291546321
870308106
579625380
51807912
303579195
140990391
24759800
236790642
597652696
848298712
60318659
177939696
291061387
13555126
202796146
657934366
289329298
679223614
754513457
642036548
68060843
45181311
450595392
336784816
151428181
355196946
46374433
177541016
412782970
98023578
230125997
422255407
152491570
340700208
316707448
444623738
112965648
54383556
176970916
670184858
96043872
66363874
6020048
152052370
30941929
116864550
680560984
514678642
146699132
94764287
501210143
440092941
121030219
39931662
256659662
457817206
459741315
113510933
110721040
811892850
264350765
160339
389176584
703834735
83697535
13224986
445134434
389682016
337768989
403641658
752558124
465774939
5848937
666184404
150720029
687480475
561301338
97424365
398401013
753858547
165097927
13721114
120905588
34099062
154983969
4573806
63422395
368774719
685611928
790860035
151505557
562131866
322569863
575936798
82487869
96970260
189609631
393861131
263886169
463097270
5916129
3641708
55296673
413842067
2142827
132841844
179646154
90906977
364942136
567626767
200580787
716358791
123144642
36815700
78042960
77821657
438055083
126023940
362753671
889003301
232026114
388267124
30559325
51015422
648466692
50203775
83933920
640540230
175418764
468890957
639737826
834642465
88912914
19466228
309286783
90923254
352662365
104140338
180614616
408409485
548114263
818430407
131143468
822981526
815884006
613379593
361187155
238431365
561097290
29470071
474591219
285445968
741902918
669705752
151737236
131041880
844611249
348499312
307087944
9697136
58046321
237931553
199187047
78923643
199663633
53040889
302677055
642822393
288632359
83004
88657718
73907637
209992352
600412577
441391388
3359429
51872738
638172079
582002840
162516427
89082692
9612362
617436147
281573226
456746988
330517032
29702490
199706996
457359915
11632362
124874627
208144011
3920171
524447460
812282864
592187799
246507701
65295306
279281475
197279004
235845672
303699025
29268434
181977525
142401036
211518757
483947268
128956751
286949299
336401737
173409321
270924439
448710965
17245319
454404631
121026141
965861452
84582680
617806876
199014211
163498755
314460888
940509872
269055326
171745215
221337606
187585692
10723226
537986234
541769198
4908360
43383490
248778888
165165364
24205495
635031525
477884466
15295212
71343608
708704001
399283974
292195131
54318516
323955746
238233016
582905842
813876315
76292983
88002990
45823
338919834
166886332
179566011
622860416
8098822
552009249
89201279
254965061
222272495
55576072
26610659
22405214
216029292
648416778
486655917
463791114
358153612
466866362
1432125
148643669
214076223
530661343
811370703
248575780
213836182
2038899
454015965
197744216
351395031
505160881
58809276
379393331
26575371
605217633
232611442
875124930
147786375
604803872
68832884
79496348
91023084
154186430
10955506
354503039
99521532
15412044
196538029
114732704
228108318
344027768
749549469
627257003
17226047
136734999
895083402
547411132
167331160
142004242
519618462
311493553
476967024
661157768
83096204
147026535
15591219
201261470
458864125
403497148
331521262
450595585
125892270
572316968
663686325
64122499
639438917
263550610
769350813
689123610
74177649
158448596
122946799
31759545
89588276
226185623
54919593
176733268
290343926
283272071
120955494
824700523
114467678
76845488
430065738
177420236
278239975
203648298
466486678
501601640
92861478
268121291
57367751
91422375
665354711
828563954
200979357
89279544
21940676
868767240
517709103
488833520
189786545
284082661
326983009
229814694
141950390
291729270
40221901
422429188
81200602
263689630
125327775
155882214
243017874
363112691
131195286
823339618
90553638
327723119
63387288
229737633
110475026
726730251
408514697
426152469
103955561
344271266
35519849
43362201
194081536
434709411
456678400
684356641
482213401
156993984
780000922
18583979
670956027
612966958
256558173
113313734
283283004
31754152
4475872
454782223
363675179
252481156
507808303
789489118
542399684
77507876
163039468
99451987
125463432
713197235
697998629
193127570
288123701
23413197
262932209
544570531
464670202
380806908
234383708
318671148
45574224
36158233
183071083
338257679
110529338
141896270
26253461
119363902
40533092
876542307
117488238
198153831
449368378
286571077
145539561
234594832
626259755
5758842
629682906
832622786
111345743
31346314
389245250
476142344
685882950
279897722
22139824
376783938
83538323
151710063
587472134
611518631
454489462
627390700
43747373
757109051
539041813
275811462
895492427
390411086
122627587
954467480
217039533
505627433
423093344
501490152
261412914
463897230
274564467
448844487
101767093
181957631
62142783
73505632
233375851
537675204
11395791
33474102
398121580
350129064
527023374
98233186
50494405
50378730
4046151
609974511
9499448
256721894
483227936
209207317
36115299
90016288
403571767
475688629
140477919
389398626
174022695
86915347
1805168
339374560
721430580
226603509
266974897
218651304
308722335
277573469
452053534
919654376
24821730
512460878
253244648
382803298
140337649
482565335
205189612
12244004
484392162
393507308
279836381
143431764
128790165
327922619
90313198
193023229
70633410
102184262
392874822
503279442
104007581
195964831
294180917
283852960
554773160
142201528
815061121
215689593
135948350
130824456
495315128
542843821
348720958
219756451
718054067
423461652
41069915
305446041
12136977
514059727
184531110
187020024
436492300
324820055
224216911
93031045
123083879
70748025
411327990
72311241
92970029
73150551
103321036
14500235
531626017
347575391
74078150
41767056
362392953
688090422
480843270
71888085
432372476
201973982
46858115
581375674
762719566
162269042
69522146
266317280
392204139
323496210
14195160
218080479
177044391
489027996
711353366
13409676
299342911
263868957
501382188
61474682
360324080
21699924
457317912
631046708
519126954
229849676
61897314
16585749
183935352
195864044
323962562
277107799
9765719
304510414
186856650
10379719
618096130
326035782
87812567
58322562
68285417
294157275
435248080
74012195
538869171
134319566
199039455
488440137
602446953
434660933
246175324
65914050
698828727
659908480
204684868
545853590
130977439
868622066
417340393
4217031
356223917
52671875
151703842
82531258
200988696
94204366
756177114
30968489
50926076
463973227
267837630
148326983
172145052
168551127
8862772
15058912
7433184
633166389
250756908
446854444
669859702
471597842
278440310
30962075
217922458
46099052
71878934
119911000
906245756
698878312
88825399
60111810
21621603
252310926
368407324
30730030
161913519
186688914
403222394
273556446
136120491
39470051
578530030
83111457
418359306
393569898
39605386
141649842
243810747
136443695
553180805
136467381
228779674
36618813
27018439
8841800
332722440
525266904
47457399
432472768
26641154
590408798
120325149
822773244
760810403
4464074
155705424
63023532
60360699
105682263
21589372
746523068
444035768
301525917
765727219
732154793
7295561
459518548
343572462
144955678
279553125
9945766
7383351
283111455
196540652
263408261
46276886
180729089
271519040
327663105
337237670
923196501
303632327
318765472
506859163
592705964
21808300
562228876
24393186
103217210
55666792
6000005
329727629
146918052
39670486
570792544
423046127
519842705
10219533
535425324
115646438
73678629
123715395
614733720
681512985
236249912
585967438
125833856
301175884
261180937
399647080
555764066
195310411
7035732
422109912
32092430
482176414
73283364
190188680
340290618
14598492
265185072
219229480
360564770
145830424
528356744
50222504
830042209
526246263
246414980
206743451
46611557
158365891
204473161
256335958
301300200
374534313
443647642
572285310
474511398
183918228
162374013
92492432
65112128
31128376
586123027
375682058
606899026
38421886
115297976
688581550
26562000
122763305
190757005
278292064
556083445
337705178
199048862
328195873
105417336
285239955
125978689
47913588
179001152
697271870
17643304
31518522
178557909
540105593
35923744
83500683
11030503
133214743
609735961
265714790
405997835
619080131
9136359
213986373
309218142
136156303
232036228
283674887
322044140
77835298
137397510
285183600
78525107
25291557
535839864
157791899
330289425
59382128
539244948
600953261
796086628
450152870
135940202
386725454
192288855
196592860
13524213
29269233
25958750
621185257
638098333
399115444
63868126
140713594
858236673
448231745
12507286
223810893
246748005
189905881
163886691
28745058
657765913
659264582
225131274
319125552
332492509
405819571
149468818
143379023
111845215
256960281
244672791
104225885
402556505
87253504
39251505
90715730
232517197
75864622
59052268
202194329
179488884
2507189
600186202
272719677
432538652
257254092
19012436
133648027
41176464
183001064
302858642
617535668
7124512
598033488
353576482
749290615
9817605
428470023
86849857
733439150
186085768
399292543
361907834
328344729
6005708
20631825
283590080
244774971
599975870
30699882
949989916
874180313
593765051
57667320
690318032
116423852
683924245
78103415
468035472
209608258
57355556
424418552
572738815
153627974
666345509
720231609
664630647
401457722
166240767
29436400
149933579
340242447
397547468
178597679
955432
232893284
38292010
630733766
201448956
25390161
251634471
70295723
33564631
507660893
81660460
56221022
24172237
891139374
191668101
539241
590892916
512611692
225364461
106340090
4501351
764864417
128687364
386294101
48972662
360930551
92473903
282852814
125762178
94010490
17204513
180021776
446656721
104178224
76377268
334563638
227837068
599199531
177550118
305144520
457366856
103467116
527299
273104640
592011052
194475790
164689706
141035694
163535396
215509648
48952057
381262407
217975069
113262629
142455298
311963135
52213402
386538436
91188328
582656414
91862299
275425813
104796669
139316874
881398376
611676081
88005523
248578240
142180073
307835733
346367060
662472871
853081035
302510033
271174844
969910050
542520331
11458070
328318276
77264415
224348604
1507294
499365896
90104079
632649292
453706587
24267183
175951827
31012170
471140132
767425325
453816263
296014429
248278615
244817038
130952468
67069359
797361655
667345019
57980307
791041776
46686591
654957081
34758052
273895874
257723094
40176270
90801920
796631170
709406555
384318063
211588431
100890971
92792368
666013832
409608472
148849750
43410603
365055621
26973888
78373250
683821648
605879537
261755813
144407113
63097971
615794122
49248407
272568206
862205507
460549301
506028237
116905758
143771273
27378987
763003071
206547696
526881160
97405195
89784006
119338072
14473824
90221289
721947480
23365180
142426778
173880513
701178266
221482255
508837807
203817794
449776100
43960496
43058847
160336466
1096393
52206078
13804407
216810339
6209198
103142637
112046155
242019438
16907256
226205089
161880155
478674823
559961597
773929944
249145467
587966967
629767122
329079388
5996160
296357473
707450684
402294087
191619930
369995384
275343034
601408074
157753561
52374050
908171652
700476530
117859521
960161087
256937184
72115816
161595623
108347692
331618712
582064879
65915037
773798286
122072662
12728770
161295460
43387056
199073333
250922404
640813237
580391751
390001195
707748834
177995458
570604412
160401572
572182214
78921229
337010161
188321617
424348613
51637425
380418738
11330719
580118933
247300986
637918659
19456861
609673621
680415104
113633780
10114740
277854970
560236004
26189244
56290986
391080903
384700146
254786685
277244223
50604694
675832566
95255291
579033963
184992220
330253161
218989447
64474141
457175125
620949474
204288358
27558298
576757596
316848987
67640555
74194474
12869042
3439215
358154584
550242496
241045913
168159992
108069305
72186882
552656451
15226129
377366995
189878575
1807878
646286041
215194785
354444232
758248957
157968005
21672355
2057976
11526976
21288651
29575044
121003052
11765091
199708965
283258626
5569118
22974746
246672397
10774299
301120728
377548593
799419103
110267325
337830720
257830286
387132972
170574392
552902995
449999935
148435609
14074992
601505208
347009018
206657910
593206759
551452526
42855703
928996495
463956304
249555532
302296605
285877868
405457729
111215646
201265584
12474523
34171998
737269243
48398240
586246883
187137441
124825335
14075543
107874912
106852739
719665007
187696191
422953603
43592100
377612595
75512174
185730050
92148057
88603337
384274820
907653578
627070396
13707378
317272629
646568097
277958450
563607110
9856400
70493346
33693266
742736796
389672789
393133330
295750183
10735400
582408521
177410727
42185035
470682783
487437176
509175658
271254601
344325732
74887595
395821869
161083916
20191786
922105842
13495865
226612221
496850427
112241537
852526594
281321603
297458813
518813503
169469144
626587267
241569341
266938317
306970465
407339676
26998513
324370485
757837193
197783406
94858752
327807087
95591761
161005811
21635070
74828645
131237950
128705983
22417327
528399334
93082304
420804787
521684223
2766970
452792125
681198611
449355804
163384511
661383131
16742031
12970102
2919432
14393966
644811170
296461471
11449790
604503371
297665883
67576616
453878088
80422606
193378599
161460624
408084105
172464121
329378997
569723576
1585151
457700107
138806774
423545879
6358758
187233289
341486353
23675562
182333350
277850340
339162248
299266
20533995
80791755
256628431
104343892
552351323
9918942
82546302
790363
46116581
643296843
46026886
11178365
11812253
1097395
304072549
159750696
605078045
704982035
276109437
401894240
403548758
669920629
339424280
586427760
118714645
223224687
483776703
179186243
172339079
383058392
119284198
333749324
606491110
369291568
92865416
6799928
534779455
387184306
71940307
105134832
342852221
389862540
620092341
662603953
373443011
364250575
173384100
60613202
235697495
708563218
104610871
142648500
57950206
489554076
393121188
391523752
77767068
22667286
425106937
348704982
3957692
339536294
267662560
119141324
153287471
88961520
98438987
780870
572658292
47214728
175558054
521338463
810644565
63507470
595135978
20967572
560324323
81796821
288258416
124437404
335356311
75032276
106863860
180807562
344775775
162464609
253827490
125568686
294308916
107613227
135126047
204726835
32314881
760546638
458001845
111138486
253314914
682390462
501007738
885525760
31678757
14983149
129211768
834801168
329059910
736064793
36852771
185612568
80228862
313982839
69802286
369285269
630885587
97925617
389300473
49364094
15955067
142479332
186192800
488706439
320272954
674913885
371754322
108378350
108388858
140859447
264081230
645486435
380853470
22974136
759182684
100053448
140315647
227427485
7182362
12614206
932348959
167575441
338115720
629850497
182858086
96702738
149050
112559101
102831631
159527288
5121135
345229425
28055373
366488944
523372168
256970652
406064578
657012326
7903627
149881846
332110133
25674886
631981344
103266311
52090429
810423906
119071630
161706460
38307858
633895934
84680854
34033045
92179712
169682548
407381522
16296331
222097839
864346082
738409040
328353873
438182090
519529426
518747680
248229074
141900811
21341818
639925076
127798440
236934943
51375830
170137847
27116630
157599645
53245915
132236216
455229144
52085595
1261303
151739629
13466148
106205435
8429183
330484590
638828032
275215364
121264309
374625312
171013622
324660564
152573477
348144629
73785078
27201816
875167065
12259541
25601951
180430615
217873654
261183980
15654930
528768866
656287306
469024840
161370564
680906625
563132475
581343978
472754028
164178161
391003858
550642967
288791850
15848583
60827621
103833744
52023929
382927492
39358986
62531802
9631209
647851480
544037069
614297466
92231783
153043788
326132443
31337160
4914736
687576421
516399116
368836938
195695746
141163446
303696929
202971648
495363495
520384334
339604545
88051372
4494123
156406272
701364086
201429373
442745694
340018840
255488689
270451610
430740
677768336
230807418
34632661
220681686
326594593
740595554
264873152
87344060
186680672
1457244
164934535
453627814
465357987
61716054
177589440
55279032
7520520
550899754
598188980
794971898
176438600
93462306
598154852
56438880
39631009
124611797
657914373
54846094
58022118
545581598
335828578
79794993
577991703
427766409
92067292
90126471
264061028
209293516
123207205
54581618
49368875
769326835
531249622
145812945
221317389
845636307
12084852
82589524
92804651
140905948
27920151
147189049
262996315
367984951
167000270
46221213
667283769
1412250
414030542
604837218
77451960
286763155
178439253
237147899
69868564
80372006
390445647
1094252
260379358
12216987
84137521
513535542
510194200
87717674
377574414
28440789
230028515
660623111
117410556
480373780
439045444
190327443
342327380
300148144
791307211
582178896
292249263
387702484
129686806
716642696
91935881
333485264
318627225
330648918
403706823
220208579
407650752
385241168
155701158
628017360
792365758
60021535
24076025
460749751
189003215
343063012
150419097
250583240
375477348
40078918
135524350
312473564
277578814
66614675
206123639
30347716
373536657
653246650
195855244
42743515
264660823
426443067
689307008
59823480
616795530
575105836
388717502
366853294
332265380
441150107
330917180
250263305
93528967
452960813
243130469
265461524
50006360
436633160
645163705
146792305
71702468
436988096
164914405
249594772
490406701
588142516
426208584
536755729
365808946
108589898
441465552
730137333
126469487
837443616
490737345
7114188
493062756
229190122
14150316
674505206
142277450
363995730
406293051
260985026
216667388
396972148
975288074
26664437
38443697
353582365
644268904
40266694
234876016
143273094
895367616
782941453
52546173
518318989
260842005
823241973
181979521
417806968
370773474
127922089
635327896
40486160
79176394
56394708
344080093
174819449
275552870
16483538
132231756
159451679
236535282
221489068
303456831
328714207
125294864
26096985
227625660
4774986
294506120
61177678
351117663
87920755
28826502
224721545
626947453
1568938
20983908
3228641
24998110
39069531
384871371
189030218
502814977
337843713
508952952
37733541
602250460
29693772
137150051
1516689
67670823
194971924
627379785
82260126
390987869
72373679
456510209
553518950
282288400
141018776
202168096
116283643
371117499
2086787
13262063
356570862
228562955
86065366
62457875
28921684
231796745
362436100
476474313
252857718
380569324
699579246
415596196
299954704
56184118
369862072
768188855
122947119
91065066
223963200
479145865
596013985
350767609
204021653
187014155
413056563
47694024
158016614
316263420
325194872
751486233
88868058
595180384
112104603
88421580
286941570
351743174
374454187
247701447
613039189
103801186
272898590
200003538
40641435
124667474
501908790
797452038
9151060
501327349
39697886
244823323
166717152
730793705
721137652
27535625
588085904
546250024
893851477
446824797
266847605
115521362
176326068
90554672
641796573
217648390
70004490
155204916
180549374
839011313
464350872
423053082
379626186
84181344
76840280
217977267
44312628
251241284
285337286
213949989
266927464
705907548
291538087
641497829
272368042
668743690
350274795
120468074
12999480
609969594
243096826
554297788
155162293
569022225
452939685
67406129
569500396
415030956
304785669
513169481
671531034
532828871
433933990
279689914
307424391
304699037
554246469
235910704
274222878
312663315
132855649
86464107
121156017
24219118
92497637
140185548
518175315
207624458
186339530
17314826
8360949
324548799
4614505
8297568
1002297
90852901
21005526
97683062
464791015
590585698
70779029
202023821
1214168
882084898
252038512
267119275
109903029
353560508
17212508
179560396
176234917
66631972
383463832
678705195
65372228
92277370
56611386
11280392
652902224
262713731
435256859
215913722
393272515
470189341
231375472
253591754
70772454
423643294
666903988
661397612
632185086
265188582
752114335
136224604
42158359
507590590
292436795
37856796
241984836
650198540
1347857
312113247
441036449
16601316
9063170
335540751
17511733
239468689
945284725
18869250
889502751
740337474
162156795
363306269
54433057
87008399
605028971
53051814
251377896
192554276
287734250
262670247
30080435
157214930
261255854
2679143
720772963
408499877
152781828
444731056
102401775
106862191
278897828
394564968
41873002
60289244
13598888
193880542
342421156
246975385
77365781
393063097
440934223
298330656
36103680
334064
679099974
246772368
312408522
115388436
342163815
391775369
27612176
429031434
152246135
313286648
329805316
435677173
797310127
211722811
43640382
281685547
307789593
64433152
26562256
83737819
45827086
325612582
28962250
629907320
174169024
447873229
198805365
205415564
655839295
351899759
23174169
595332009
443171203
197806318
484970616
312750325
14170924
284956574
702476368
561489562
424141316
472583622
38302125
741757728
683744346
448138586
591200206
693527407
6089329
186556354
31705005
184922732
271144733
281175539
171177164
379781759
632334642
278675100
492293241
549857491
240563687
418576869
261883890
78958948
110882622
581069768
3669556
30777218
212413678
413023362
369162167
149807429
586889128
38786864
74927448
472617849
234417721
88373550
116262775
3171561
145346217
356299370
25282748
39345711
395064445
418578855
479135647
206131358
21216492
393189022
104829894
458174851
43038124
570726805
632961440
171757957
275112402
270115453
470853740
434688998
697821886
369361955
88838548
595397116
292633035
297771932
481586337
306186004
54254389
124671628
65718978
422409465
19954570
371783928
866298578
540995236
148279508
52874352
196595158
228208215
844210219
224884195
577428577
540382744
724513890
98154500
209672734
88317578
346356233
208118685
779574017
60789665
541516048
104325630
267801738
498596652
117235346
393300220
405953367
84086136
209016426
330306279
106489872
218636352
355678828
118991263
14690730
362235420
9696839
40386456
225786748
396689953
725765740
814960798
144138244
713158605
591791928
6015337
299079709
56492372
223895717
161477654
32742108
200312781
647376719
638097318
313490063
287963858
518339
786307706
85088917
509634785
645774972
249578453
640184204
123138276
109512350
284813535
126215263
544651510
318763443
504093258
323530278
45238000
356422322
292973890
197774683
58191660
347028919
442313987
412949977
13843764
386967418
80948894
619091623
787210700
324772876
61314468
144539423
82891152
615650442
137306583
4038576
407826094
301325672
3837384
149218718
768771120
31092590
632459748
