97993798
304027526
770176048
20066192
80476459
95221439
501236598
58107168
12324381
133659508
631923864
157869558
542567848
44851799
863918364
258441956
252283581
520503833
77344606
243561603
201722151
434643346
196050916
54573488
11373759
8753264
394736204
489186969
217139543
125082755
492070212
206656696
270400125
140855742
24854283
550698254
134306590
115167153
204667764
86005105
282866105
460071463
81024950
878331264
201571087
86404122
515806929
39144201
258438990
205795750
50363663
100519339
265553204
30044731
55267869
364192775
203012693
377913279
756627477
705172214
556381892
208000012
257870752
462810957
320762117
571690971
119058303
84558483
482218515
81290736
98984011
41601790
67455504
521858001
59214143
325454063
38190146
150990010
434145834
575955391
254613632
461745483
2583654
265355122
265658888
54905836
667756108
642526211
90224151
224278537
33527188
701425169
163090238
746488254
347971079
411291881
259692549
205548612
240724470
15291517
748441252
331925520
153143196
389940612
327955288
60618291
1587968
42698857
154404466
37426732
637717025
68948339
498208063
127469761
218814693
404771609
464666985
6367814
485836503
174619753
26307427
378232531
1037257
361445284
583345854
825776348
530536913
300778277
306584537
51058311
39197348
449436966
82687369
542843907
26298074
699095565
224757510
374734522
184499399
403146104
544595037
5255235
466761387
446217210
3173730
708632342
89605099
335461316
556255788
299872983
101688980
287200508
164480286
328677230
4515268
533155156
447786078
108473065
253724634
368327300
67754808
381372834
442357986
589284241
480210256
61800765
494584405
58847800
448385076
462436549
368438134
526335466
35121789
497546237
126086421
204210702
534258574
552390304
115537643
618759192
258689042
794347893
129788845
555833817
907251104
391355002
227863206
228749626
799576451
195812771
502301307
19716948
286658544
5595528
228090
269800866
380447379
86533944
576817294
435117778
105952147
689617095
829389060
185430950
375639099
351209848
47637040
434683576
50576307
10341952
412990620
395348719
157776750
1046663
820659813
286744
290323363
110889391
640100892
791532287
24560378
293828966
77080866
232329571
296393800
724449429
247709412
500973648
153565022
661576079
556058166
318053836
835779907
61149780
317266388
454078904
199784194
525331708
753819512
965419709
188970693
294138199
311095701
206742057
134193574
498209274
162927417
847454481
269100389
476049512
481630631
667848797
199399486
296195922
312195901
486286865
272751614
14524807
673746707
152030624
197453400
469952349
26763920
228614493
80522132
27251718
199193790
295769547
35979122
20454704
712654232
219856062
394234944
419960508
288582440
211366896
146254512
9957809
646099911
59564344
709215534
83065764
345463532
524408315
83735420
231357888
447707461
226094925
516499221
822398805
171636358
272583835
168874091
221627184
365008402
124823719
355580136
453143045
10845295
425559
423855903
124347535
228419311
120262792
33081748
194469111
74989006
155089135
300168455
142730458
62745751
389389679
540141079
136410065
611012356
294677484
210396563
86736571
377471319
535507958
188523420
196981853
478900620
198447380
290590860
538678028
124171698
316630195
647070168
442231859
250520420
364733176
421842860
154281414
229739611
366741550
338942451
214343347
254421436
321311936
47331374
287735559
680734867
197646303
282363556
1124309
316732987
769663983
487537410
67689285
234289636
35430913
768368851
352962150
116890601
384663973
48732480
172280386
39694452
524592620
177292619
276678713
375569909
221474656
27856950
51236792
259693400
25176292
279044400
77433366
444863894
18132430
463163893
335985475
4983522
161333088
320192992
628239301
260173918
45225135
284083477
820283233
464049512
352309724
370692059
346426429
393184201
757186363
5260291
381577904
24115566
32891840
240761272
351950674
529905535
431833857
31753292
410518558
134903651
714721892
189000552
56659533
106110282
15937266
191452785
38930793
189901239
252136941
784838944
332690460
281519358
86168807
284135598
152941975
316708860
314618875
329200187
119351898
280283472
488504481
534677809
798454755
314628704
646889504
904963587
222726201
51223615
351800668
521744300
605883015
635868843
268329520
4800559
378476810
118481583
863088452
796035710
238166136
59489520
100078884
541811125
181097503
319738072
140864119
814653421
3034570
521256150
19842368
523878466
316847673
734479778
566055300
388629307
369132108
61566061
667382899
47348193
156206731
412314774
315812582
168045496
233477798
201634870
58286382
135531829
506003636
40160477
60386551
414606772
572012772
120595546
825596463
69407926
267669532
166873903
170343782
48597063
783694147
241427950
143630443
14660596
466799007
99536509
24384739
348065780
442916813
350085204
358890537
327638430
254723396
287797253
106626724
21723935
10007590
256096664
29288276
134601947
485857856
179949721
94274643
148744452
39891155
71578652
496988185
762911762
543524103
151317380
374756268
63275908
37063283
225859291
263186468
25696606
684775795
23081966
123836648
652303441
287152331
361910458
385116245
331645020
425380562
166846487
314120688
123257477
266010192
378403056
496438829
498742168
239969036
698687125
34596030
577744670
627828583
39330500
286328108
65850040
301055798
65212528
71405520
331878163
742538735
808170290
390040380
170140907
230189977
503441383
697268869
71053731
443705391
649230043
40849925
29838627
283286958
460167100
181037972
296710046
87256911
81590310
416035986
452795887
415813904
89790841
190002128
501387025
313194827
226061896
124052038
247119425
329227918
654049952
675059657
436722188
380517131
349943330
317356736
862285228
60935045
47105239
1761053
504512654
555402468
257518948
383573532
249181301
545840242
6389702
64535116
152104764
456900932
361623182
450654559
267457194
73072492
150621028
423351107
44573248
342065688
153060
333039070
19001018
239340149
118206615
59443335
420838915
216303267
621120472
248828476
68994365
313726620
271673430
13893416
92020940
613325984
350623473
115852632
465027275
206423279
92320843
118516207
8077952
591061241
1454913
333967412
33503794
332657661
40938478
213658689
190313634
200365938
131009438
370935131
521807774
148648920
380571302
543874809
153260607
128546337
171432069
126260464
444743708
948162220
784143086
184634559
283167422
329832769
374576019
114916472
40985607
57543705
221410547
184794114
222938316
135643470
520298945
151913751
284852526
325661201
367804408
414940239
374318359
290454127
161991105
48734286
232439873
42438377
95807754
193151331
78740590
14625658
853940425
73383421
21836735
471692786
219824630
381063165
328150110
281752275
96762780
27087416
283966020
466307670
400607128
23238572
104504537
337755662
6106888
466903212
128757904
94393376
12688472
87559064
572691546
113894428
304304807
77746483
198722502
77316821
14221640
268752490
492803524
475214849
373725145
637944433
470495396
274307991
24557682
297170143
289906043
227916561
291364310
4821902
553150913
46876153
181315918
112872207
21156748
245706699
186586871
290612023
210677341
743964084
577290800
411822119
45657725
62811244
201791726
554084593
185834407
498241734
857578757
383923766
158440671
658068744
667438509
512272111
389201889
116006556
106165409
350100190
33718460
440420884
20232964
125336457
85417191
828339035
46123170
551281759
38129527
141669959
241574713
8741861
58280809
58136169
361871152
314778456
418396650
780636018
228950516
20143348
148134222
390912477
137712223
548850669
138558054
402106264
110720293
81388633
258785617
292611343
151262678
510493810
38977662
157321564
38153664
517162983
14377210
501316167
470613006
819217035
777647232
395491601
455645840
178425721
120152294
642180856
78587759
374729588
578671782
353483072
99540060
163019364
14465592
133921885
765517516
290993502
531200192
23077525
455351116
796787873
285308431
473112870
85814207
122118978
48388288
620791144
467791517
57642255
847697559
442981993
238863551
140707651
37953577
375575170
208075720
327095868
134035632
246486820
123884850
870089123
48486032
499086083
333327444
92062700
170756442
342587445
673689636
67562373
221467241
230629576
146377652
92362399
607508838
3342471
67284118
256985190
774854543
18728444
284950596
220001692
177338834
224606921
353054087
427432248
156152304
105631138
603601512
346724840
285737488
126356636
72251342
842881090
363802952
248851179
46133490
51115751
511040640
10094745
130500635
303103080
334318473
297147017
606278119
41398645
139404555
274675421
259820759
177719746
325819965
