180520878
259686898
265037288
322015921
306283360
448363800
367019356
12702015
193516760
131069202
273675312
386439555
207276343
363074972
710205492
589952090
25145746
681032283
81609911
372015232
144749416
45151049
382752465
102981054
269411176
149544374
101145541
61940562
340547177
20147178
65773695
261499458
230211590
423493084
36996882
478416949
840365747
36602450
357128826
294898171
8639829
225479308
209438246
21413625
501328979
384030732
270677321
32080234
57599545
256550364
61513619
355886806
79448984
93328847
513230901
137990939
180976652
72121380
274385800
714606486
91832603
662082662
514120374
373656421
121505442
91851061
125582890
740933649
122924462
881821432
1417494
561349965
731720948
757999247
14319388
119177149
911932616
10799884
969579046
57739570
14289476
85786624
90640213
99526550
9560159
865636106
422055586
601523053
516278446
182323102
9622016
379146486
290671599
213159397
137897942
664344755
636873731
122603995
346459494
43107860
168204545
707048066
772005594
668760091
338226414
181676592
13602541
69210354
253665821
10762390
311232191
635062268
174673171
113465391
296193584
364592926
17307617
124233757
296688475
254876660
731194203
194720217
314984293
191299420
552737792
97359780
619143696
40727662
24299783
143798661
573952702
296762064
50321238
46871692
259777050
51993653
232497047
251898587
87966682
215441766
491536197
300817294
559125483
218705376
574051525
87795965
234530182
826387508
184664326
772035472
803115969
716616456
348489129
593341091
427232643
261369691
186820292
65799333
564540838
316285621
784189794
418467306
776402611
23238251
454430243
173066315
113618351
211614330
303275822
223112115
148903526
217935339
731281497
685375654
119153687
376571832
249450945
532846378
494466060
285863805
288538327
104043170
448402504
241011823
313250153
33621223
230222158
77865673
359585508
431715253
5726676
391465637
384193020
248274669
87919486
104716600
380965984
575739582
136558383
233645527
326796630
38717451
6897565
259739280
137865007
282270070
266504649
669254452
606402063
362557745
59269649
188740425
387888904
603385843
744806531
678677079
74713976
351646927
176233100
361788972
145467447
482033473
732951010
227519458
106482424
226646802
409414596
8600476
25824601
30142485
516014059
104580666
127323055
268502292
59835814
39082280
114839498
461310596
171213454
388807150
250845449
3538930
627292207
635528629
29642341
150353421
183192035
56413735
426883675
859228646
243943385
536683150
69588220
204131720
279427830
175214130
4241445
3846502
366035866
289414633
275080445
317475801
275890013
771296382
114272544
584300305
182870659
9787602
88016823
234439492
361559205
437773646
454055951
363584882
656057936
190150967
753934091
177806217
262744128
281570138
89599057
110364289
27711222
336068246
257909981
69301999
204960252
253945640
632233710
459293054
75719342
183495349
422577937
151024499
739620635
96221171
36451753
42512403
42451767
342004068
515060267
300810467
570708516
68374377
193830918
191781568
195936284
160472469
605198783
4960990
610732212
281023104
91201948
63614516
155799540
532875526
133257955
273336044
815102996
600852000
135757889
82446410
96173762
288145966
516047078
460452970
485170906
34031570
53909657
5179438
92992545
21045429
775339563
76831234
210366360
438982402
173249778
102847650
155504390
357399037
82118410
151953961
318737619
167290145
753259860
67568900
655449328
138752763
30442164
275467376
71452701
334513644
156418695
673911647
283685892
41041854
446711072
121684770
4608935
196153187
645405783
428678968
27470118
322469331
318080470
376248514
769411985
58291162
132417608
266165959
229697860
240795680
773222730
65731637
584744169
217852473
270070568
321608592
67286820
152391580
14786456
10647624
407639799
189440950
693697172
57986445
402065111
479224606
564375350
221320926
242760796
51073164
344414288
410595440
246474828
143525615
116203325
133149194
328449417
46697060
47287885
476757972
48104270
316936968
54459980
771376155
865593394
540053432
155065502
14217881
280777558
593105171
310549474
232887401
846157705
516013280
404098474
15928536
98258687
52072645
731315327
881837294
10518434
251483494
388530823
852200581
418156246
208551612
150729027
174042440
166114846
192263089
317788725
40540083
792215254
302298928
670510720
237674029
195436263
123806870
160386359
121118900
527577090
72975015
657244366
234889225
376379495
368473557
478303396
128920397
571229954
533718014
306138912
528609744
138092986
894588785
597421661
34740195
110947498
100643816
317599903
821726293
138399636
380425448
207799194
199030105
338096382
330344054
329376865
146852228
88989153
603288075
498179744
382672736
52650910
19386353
194711121
107705823
218360100
228374255
532910030
527735043
104539964
92950520
622295891
622474985
282109522
320877788
221656065
353464897
171746881
1966064
281490556
65026660
37222570
220614752
468683827
268952762
396940513
356309112
192657704
428163914
50650901
42687800
191735273
306845696
112740231
557555727
224899289
213612864
383897260
317593674
134329022
426719727
670717279
248613639
100185886
81517323
229594077
26816063
315535417
491445767
95735752
64435085
96690525
643619118
368641771
200266585
234658694
173159729
521292666
576971449
13820295
576353358
366594082
126279121
123036930
41516340
709802410
37826958
14719052
503207472
395634017
11335293
163366665
453342959
71736618
642195223
445019350
107522928
52565180
423260245
211476004
47600340
573860021
214206637
355834012
38053577
822607667
309664000
551492845
278962998
581806302
33363328
507794
997165363
121655799
277195378
188154970
873627780
757348060
577411210
117175881
352495391
849775491
824947882
529882296
427591647
131515929
258368434
820853732
144719349
88978166
49971792
186939193
375408297
422118377
146718852
20597989
819797576
189657035
7578378
548150484
349872606
113354742
680208716
104299980
658922844
51348964
497088900
204401630
640552270
3218851
190499147
165831568
306564758
570031753
92941886
107461072
879834242
115074662
519723189
167076061
335226444
391761722
110935031
206739118
640662
219109767
369228981
482665618
485535322
832714980
549225225
856866654
373628136
230575812
28452009
575273196
62223792
34909954
128569097
363968138
433089913
639281832
26158152
102651153
359496997
10575880
143843704
257273534
187746189
132472690
170572065
249362351
400639272
361846242
400661555
545975806
610997442
158966404
202272245
642383892
226963493
12297973
168921017
431611960
385564347
242087174
919135796
13867281
647860122
233385583
788323882
84682748
114306959
243760864
445876919
605622267
84005461
77472416
338570426
96985400
331422663
751115918
133255384
779774110
113322720
356262415
51847375
100016206
63134745
427104131
80699860
23832571
8030910
392729953
