175932962
379909860
512571890
763805695
18035560
66563245
99905904
266106910
265902556
319990238
789365622
717770034
634823179
25727768
465807380
68680968
26549911
607101326
349671321
499179429
433917920
406629546
193860546
18731865
321847491
153046968
847861608
96194748
766544988
668230725
133548181
17879736
902607139
347485834
604632083
185827847
309369098
524177670
217627543
180434953
125850852
672567565
90835208
191204764
513617841
199092887
140381720
76684057
368299892
18978110
660138551
381214597
277050912
150563755
220225274
458493409
256340459
253250258
416598859
12984867
12226843
158301600
230077850
460481985
211247149
228081208
163692443
451298058
30628743
508267900
178470704
376210511
4295025
133003394
739646825
446630092
173606932
12902343
507992844
206603145
521193911
194343595
167596229
192118711
480868368
700910600
148609092
420655136
376639895
669635244
504412283
44770312
473417396
146541382
346731943
119831056
211389988
174024001
305203016
115775382
2242483
420882759
398916540
109749132
888412970
527469870
454840743
48449308
82484628
178214766
243388538
95080811
442270324
558312623
691084796
238975201
333489499
76913586
914948996
571509825
177404776
614080638
344818436
16630944
38964559
164010935
279574692
219924863
24651284
95841875
383576795
82945009
277576057
6346104
678088858
27393059
15399462
364878149
63529172
21082227
304222040
788913371
712548198
482327273
25585376
555330673
124475188
308233743
680269152
263771817
120188345
286396341
192637414
81834422
130555625
23335353
797267022
8307319
23156637
851262812
61308295
61004125
252203170
475678637
123633799
558143751
402462238
90568963
83821817
81758722
648461509
32165044
484403010
117990640
24760406
9588508
339942845
537843120
34090308
147648850
187620534
481038846
248983603
331835210
203517809
400325874
284519297
137471980
438594950
235537774
268701502
618106708
558996224
156586387
497198210
164368483
310053608
904336893
252962539
653593544
611017638
665627101
155200304
131745464
49863400
623766260
4640426
374971592
289800686
553844041
286897744
454177224
40209330
272072886
231959886
3522954
14080635
766128076
166169784
109622494
16175888
737465766
307676112
53694434
86790794
50932548
288951606
176921262
117420464
845564756
183204919
53521540
307434141
308842700
801423504
79774184
690827528
368425046
108589439
118109551
620634365
42700437
376078019
37840620
154426645
881206888
391363053
407183340
118126942
546448634
266354178
31063566
561101397
244240108
100981649
10572311
145520919
697623276
174020388
47473597
480627865
26293389
36270790
199192404
227547199
180488778
516422388
365720908
295056528
207479390
5208323
182404332
23612472
78979991
538222606
412261552
44417067
83283639
144436150
718498257
648500657
228463666
733785286
184997689
208435551
418603256
204973256
150964083
23819371
620243185
255454522
634295835
392979619
195609912
220904899
194952900
139881580
495645112
85467909
256751683
91550553
71280924
66845566
276186024
160753360
214429446
657709735
212250784
10536891
586416039
39357891
431360884
68782011
79277044
155691490
548668028
130487445
119609977
161692740
513589110
36287432
9999771
529576850
69074432
123955944
399348596
99476960
99408524
279512047
645897931
81017600
484319131
492264020
5635968
532248779
214341158
91170501
397697517
68117347
109586950
337381141
620879250
322365058
61199839
101734005
50881926
512477897
177171339
7354334
170091230
205985552
180425942
411009615
249470376
576187672
462281764
119977558
236310333
270818198
178857883
26131345
203708978
434765078
256707454
89931522
811152273
548976173
93896691
470499418
703461618
265362857
157521656
498117497
14283720
416247629
4242995
233025267
159266707
739397880
207808867
195212805
355617217
291549230
337803456
774219053
201831984
654525936
530097682
112269575
312690446
182782504
222895240
422409
65696402
174602714
786333000
605946604
168639164
105153486
548068155
46242872
397241808
44940149
115760426
367222362
564403749
221346824
119563310
83538720
490550670
241868838
930093814
170344597
287960207
2107034
239021360
163900198
89053986
104357147
499091996
672325552
88027384
76797819
664930438
514041460
879702775
128235522
331557640
326173427
468405345
391514753
154916158
5703280
604286554
94417564
88257124
706903066
359707659
114230114
197432357
353317381
23574627
130840144
48814836
628205299
119369904
10842450
579736179
492703033
59517480
286120170
65183352
374301844
416783725
6004230
29229920
358110366
59555782
46102434
130042350
210894604
71690325
309024776
667314979
65728315
692620438
117789386
63062996
43295612
471196605
24597548
19542705
824729366
82239156
30022632
95086868
369314706
262896235
381178296
597818486
387131542
31176997
113295084
250663582
283523996
17327978
275141123
355909420
3506817
46836671
473856990
335862628
803787815
937889699
374506384
221099067
488194248
64735721
363412568
262397593
224144949
128126239
158451027
347749266
145378739
219072850
381313195
733182125
303442424
111727997
10486607
27123113
39669338
129512237
83162321
225954411
384955051
84675224
411383638
17518637
121637528
157066328
96193480
316851565
234181340
460540970
158845975
81685020
59639056
15355016
44194062
641309527
205464432
64414375
405396588
223405527
45186885
80840959
177298314
292424122
354043867
50699249
494994570
249991082
74077242
99626913
54225421
457648551
315704217
185934928
36131270
187205082
568566351
62962339
671247367
286269453
526019632
177681505
49334756
275336220
23900586
44609788
323909297
622805296
392372774
366581118
240682470
397751551
153496183
216604758
578566275
311683850
743698019
180312555
212988314
71019927
729324304
237796220
165223275
91531884
841608110
310948272
373852304
269675951
705197932
295210453
189618788
357800322
88215203
36450162
562004091
108050446
598595733
21607572
375381040
160852256
294451412
628746458
26066538
10304931
354869394
67439914
376482100
240556547
145976865
542478531
94502628
7734072
132659870
444837098
394384695
724237404
25108226
113777715
111043488
179018725
271518960
214152319
699695692
130971844
520060424
195972663
152338876
709622224
263922304
183961283
25304737
397100133
202443041
515571813
432961777
240601293
163886693
76359680
16551243
110221732
94708603
15633148
237678293
136688383
452049984
188885119
331407958
93754
61351838
813796639
529927142
386494540
600762665
459209508
724276576
497364467
112555880
22165197
16637935
37055391
71464764
45218774
184978846
50112068
155998910
23079212
668359820
80179182
548007586
42062283
203525152
612876453
297423558
18935989
94697364
67803165
290077434
237151204
364556998
526007441
368238455
103561120
835750884
241377771
107342775
25323579
330530390
16090519
560937573
11674576
376411807
51572960
271628806
451029323
87431254
184266246
12376982
86429978
841353
74045684
346932266
431346765
592600683
749793814
21953624
192747004
206355
251730192
191800983
433552933
967748
75786330
330939393
11247162
360438955
572825075
349963331
912680450
61803949
775968913
669631131
378208955
117818755
339434391
493064270
652562194
219165256
621514672
50015945
51330190
400624093
359979202
370169400
608784538
186434876
490084665
381126632
24810036
376076456
875750203
642335851
113090895
6601920
605762224
169861303
33617895
252063213
178374148
129684283
95129949
334030546
109582127
82886186
289507903
690510802
562941654
908873820
65199421
1099856
321080066
230198870
113699428
212731689
50541632
709488807
222257511
104846231
709263144
515534571
546853457
7536937
10848889
445011987
362149281
183380780
431465174
180507881
604009515
48108695
297137789
781092508
665029728
374361787
296845712
303820824
5586794
755660763
178074279
256323392
68584276
21584248
2886168
130969157
7472152
238425719
201080480
720285879
272002950
446020294
150294054
7795749
645527280
214352910
533832138
395904074
4707412
606452096
231624969
295816804
126198444
131309790
482036255
266460983
54077265
11464854
4510937
107130853
586603100
319959145
57181490
63360470
60798052
91828375
488969296
148050283
708903452
484064262
21243726
135600591
317210471
317237818
290803272
334773678
455887134
6143978
823834071
417009248
297472282
37714485
428548537
954360
393850345
364913384
119604955
606733029
227441394
42950836
184713385
938264691
164794423
116290858
8351947
728536581
322364910
461948260
663827189
8434506
13918692
215812966
203314886
125599541
260243532
93224384
312888816
319663824
66922888
43256169
179594574
372683491
254253402
371042690
166581059
190244303
514078731
430942657
141965164
683655968
381329947
77444950
41658716
732585930
151502591
24109065
688041529
298053713
162022911
556928181
53069528
244747514
547169785
893838075
571269988
77125878
104081108
373945241
186023857
120702146
624366970
225638810
205659917
393540394
754614564
196173440
561151828
79840895
285327433
221452397
169794341
645790046
4205823
500481780
24303566
120732339
252311189
171952463
274022930
35225499
583118054
260102751
183434277
847612350
128649988
311926542
10912971
415151991
683603990
70715724
448751159
44179228
186656936
274395243
89141904
799750304
161094979
341009308
54269364
117105421
67334532
98504786
189671500
6270986
472763718
314749511
692395904
154346728
180634832
524756878
740125872
6126305
478579144
220703923
339206098
48236180
422988514
12358303
342436770
117049650
249502686
182789864
240625085
17579195
36321237
114212940
317691653
220128063
594349827
591281702
597017227
247344930
175605518
534596750
22102608
522354535
311505550
939519635
291598765
762564858
370392863
233721911
145675392
778847753
690299942
539605919
316482152
511314877
693739756
388278145
393029686
195178004
512375760
83493600
508500466
380744276
373275755
163385414
40317859
298658496
280524469
342774451
426766171
752458446
218230039
702483552
72329236
487380267
505278984
265520751
22770546
64557137
641106653
7764177
116044655
127817440
328757114
32773273
129998334
566024757
130508840
169875
21555862
377230212
113353769
80539885
504811037
490578167
483423232
383060652
827870514
310738557
162779074
284575754
36306582
416668605
10535865
315939306
545997687
107601656
153273971
191724715
267480294
551949739
16728740
33747913
354422777
107120648
477862844
754591212
239919869
24350523
299946504
25332634
328096254
115811967
614885165
19962638
381416518
305961608
53040221
28189712
193764450
811656404
78885948
383222077
35205569
480266151
75032633
704398660
101583461
37376020
767492748
716198741
30130222
519342384
166772100
34973798
233915643
73428362
358767923
386937
824001517
423367384
378165882
80500666
509820056
115552344
480467720
253608436
153724572
350799834
18627546
353088632
151516555
123340660
295385468
45270553
494127054
30016866
173025460
518306676
674507137
217283895
54430405
460937547
60999460
32510601
134208948
95512875
208731644
84397873
175212717
124948889
71633890
202469139
118525967
338433766
263010800
61226833
158925900
246237686
56195420
232055668
156704892
236806654
454570678
3064277
554065622
543114247
458307854
641090266
736047154
465624602
340078825
13826706
210972661
643464121
90414716
260905172
953932894
194161618
178371516
97248198
53665954
194424396
721886606
9700977
4536886
26515372
181373098
307310739
419887456
1363203
356944758
467921468
24447836
358820874
68637440
27224049
228961916
718157679
2058021
609676308
288371413
232271568
41463978
1566487
271849508
245658458
268552442
25229832
380654187
38111472
265448497
183919789
541579899
107608728
606360158
436757214
12942529
671617385
735083444
541661183
924823161
436571592
280769896
880453630
174199175
505525692
168229369
293553671
348480781
391320931
309689230
99088767
790969930
2365090
117099240
633089988
292892895
632564473
52822032
68579078
27562640
284945098
566688036
337583080
2851428
132056072
62220831
504992880
258064930
384916490
92979547
33244432
98342189
54542936
642855756
109089720
440799469
378494518
743675431
35664752
624622794
285923824
102299984
3240561
153976114
84206211
125915634
259902276
474116771
258644364
77469514
133880294
197996825
822398849
232610132
22234124
16287690
86562991
719462741
167776658
30450253
65036675
75348565
850338025
361409717
546659728
334404166
580974591
630212878
545106170
34316702
724075897
66614428
742833368
500507924
419542819
596999720
25583469
83665640
239127945
7904178
29244648
4483275
78640336
82867887
265157794
302548454
203688519
120033058
2980361
21763145
61227630
269879114
40372705
237952881
188072286
1664453
408527559
396998125
155436737
16183443
352496959
326841146
121776890
308143135
5359219
365401489
313714401
90606130
55580802
208634426
124049666
644102571
410293373
11670468
124930027
30470518
158435510
31899035
490317274
77100042
686180319
176153852
178014715
608090504
211028989
237165605
402624398
573187272
290764498
138430620
273332879
93605860
214398125
319479631
144753108
355037860
349597916
480619018
22029913
57746477
75718772
183503087
287455914
93225374
78591862
708550765
526351037
377422806
392617423
720053454
234225932
540421868
8140848
832911248
20559425
593124442
168639654
266091907
160568391
168454208
715454193
65349563
307866396
379491913
630625581
436504470
549132842
28044128
162354532
811215072
577045685
312599280
459773889
523475979
8248532
289675000
336903514
191589038
756241331
194132604
282480055
503774968
378479024
456295552
397736093
135048651
205070224
182036792
566497890
699448595
277796518
468300553
646747354
57181442
110385379
225459344
142828237
63785500
825250361
690845423
380218804
891818041
228207861
125824274
584354946
167288062
256245356
466176262
149666399
144079020
141208995
667993527
203942192
217636951
552071506
192684509
393717431
5195640
86889429
873409476
255680359
444616351
338904075
237907512
628969606
128611575
205106532
41937276
100527903
820835685
231585764
490629004
229947055
185289475
221785782
53419898
591098918
527684062
396159144
10351764
582606701
54951680
192748913
727441894
91252655
319332824
337872057
52929115
31214358
228064807
93340257
47863438
777100038
802018349
84877305
240909357
106027302
126229558
565874525
422304325
967738
401671405
196031718
81127306
383994004
317994999
98127478
318845664
42211472
101398138
312686475
274086337
29580321
64876361
708480402
183790316
91235708
343495378
243146097
509264207
411483686
723856011
608848151
465607400
322339167
221714213
46180306
592696226
307138292
359590860
114992498
91768936
710247659
112353519
60820751
465721742
515105425
580558922
416160702
334152315
610161451
22836131
283565239
234224580
198968067
384457975
5494212
524881709
193007498
76617433
341759614
416520234
244564872
656183104
57369845
596385976
616648204
482078892
618294417
30784270
27921021
664907289
90234512
47488704
310477539
516897000
374822222
364537760
453368531
250896861
233795263
174653835
283300179
686961267
299555074
223335788
340332780
155370955
60263098
791759041
45752160
330187604
602647730
211530208
237615895
531411701
3078857
157838592
96436336
720228612
576702871
485006204
1831491
585332932
372416851
433242346
227955260
96288857
5682423
130366220
583191450
567105679
829227191
172631694
680254028
238924892
544749400
480384374
40293383
466004752
50364160
277335442
42364837
329173481
688827233
65309106
188368775
1739299
217103777
41089257
330565381
15089763
17525536
220120718
72153981
87015144
280992908
297384138
32466949
68349384
216522473
171871126
61011738
425809238
302668937
358989721
903275669
552816792
253809523
96556483
568462038
172073843
218677843
684538527
575943629
152433033
189569118
196858916
429674093
81400767
400764202
417431792
254291110
504490434
254242302
568333641
767300531
14556283
669137659
5700366
365429105
185219910
759907401
7604556
131125875
320186246
521533031
449550271
829961770
12497128
275740977
135645928
133792270
46393242
220126408
546073489
594192417
29408540
6839069
61949908
458736356
452856421
360182352
329217113
253366667
808621659
256451603
230183863
84194785
236614459
535436400
364952643
425595427
476970765
75997350
29722758
180243200
144589196
476909674
114321554
431285939
512606138
414696260
190857026
540312506
244855626
128761943
30098335
508180498
49895782
214424842
223855270
104347719
597925308
539419750
421539348
567396274
337087720
17611103
35964806
217086311
482605463
482180208
388427726
160650416
423867821
190028764
568891649
312950533
444170636
840399787
134326980
419546829
8932002
215811507
426278663
568975048
905466308
292091205
176884645
339018308
79179440
608704530
43152242
311660031
348820960
286371901
324870225
59453751
31786626
290357932
721524768
111120759
406572477
695348771
631370161
184923632
208375696
144157302
221709172
141009455
176979156
135050635
245906562
299748677
231737520
347469479
152779859
772047859
388781102
10652708
341266531
70402042
105766106
393165654
150568352
300181602
109919934
125969187
134936052
289821789
382830234
143689477
199657908
149833662
1437048
159626940
707403027
148784430
100874598
147942622
41677933
456343022
221696414
214820742
508259304
291736531
168397914
81303214
184286410
962467058
224457600
346975609
60289817
27926881
230674287
554794972
816159420
494505626
257913185
49068461
333506222
532791546
419276868
316631702
842991206
370390242
99910582
547808039
225469783
491313796
225229573
174128366
594447399
225180291
282120423
333825730
5097273
319324137
831006453
52905766
199245451
161749678
143823542
553440999
203655355
315773385
318481934
239445164
28991103
6563972
33327855
185526550
2142337
421331880
343474753
2200618
112629219
381772112
331291867
687689994
946887579
174544659
214861596
358666888
390817107
285278333
83046540
83509467
215622533
44225442
332036764
15809238
350244626
125209496
400028588
135868236
227849026
26912769
357380546
697202842
625511828
235182035
11004262
85440032
12290414
591987677
564518100
172974261
729633040
628163168
272550677
199115780
169965232
56357946
779994798
416954754
70603653
7225869
1965153
279946898
373015939
825031290
496391184
212780289
59802156
3702222
363233811
452247823
380846717
265215483
225200440
222741056
897674071
101085512
221528577
346780526
341159202
40914308
96431291
633259707
339454251
555941048
365541069
28166493
710337209
604255258
409906437
471531057
621475807
444698117
245153610
574834568
253385902
255158942
605787286
24714715
327474018
107314896
639869846
179166830
24703016
376980548
42805507
198123059
220579617
36511563
24425644
19892318
20958561
703794216
199578993
336550938
140090980
310460598
36878054
92930755
200044038
113684006
634909054
528277511
998450124
88083556
866267256
538575327
52175026
429151686
706479191
44938245
325425814
228628789
602015845
671854268
735497522
205979191
244551784
729994152
575494700
173398496
143935821
289202915
127471989
199217314
913587
38126579
14500364
342782601
795594396
147549459
74965460
61354768
517692012
507352941
121783432
144899540
52014809
392006241
56479260
61504477
98079185
60369867
234305641
166750883
440586218
165319107
665662925
356833849
226578601
156015250
5638238
53777839
333499457
348517490
500360002
166607256
641761009
837571492
328734691
663402842
407038935
378048918
332821999
104013650
473934355
777335300
328552968
142699443
78247806
331765365
404243289
65745973
71929922
99963631
350514852
669300004
100160748
519358819
412228206
837271953
86479381
346234599
439272875
512430450
132380672
100290788
594122542
271464328
253816988
28912213
391491080
242715708
482390965
466813201
438041198
199957113
468719666
175986602
470124168
93994269
575044169
321780200
140133497
471300456
226212267
778048739
541848680
112288322
901015872
99984659
259047820
313725672
293161466
706628684
326912252
56756234
436843726
79448646
232002943
219974622
540501483
458229311
574739974
111466515
7259627
89855193
636196448
110192102
196060134
264399470
417714256
279156525
313686942
238607158
476588753
248494006
432790854
45850252
187341056
68075924
326747953
926760927
28862809
106753719
646207238
289295163
501116801
859076964
672304933
543214457
137625940
610951997
64917456
37240495
56999056
542207606
93601456
858512220
552784470
177403419
373562745
251716418
684283106
717387670
166628526
189404310
162457284
607868858
108399998
61070209
382618295
169565827
466394188
52224382
401777626
354483534
3298960
22919393
338606139
44314192
294032835
564299224
219724068
201295901
736292155
18174294
147697882
896162310
207029238
36284549
453832814
713439748
981676320
6948677
556342987
720768066
402582534
345331602
563552846
894373482
543741714
306847831
100711672
267012564
236452593
62052473
31455249
16052738
122254640
35134692
18521119
696349578
39033198
287242337
70425288
633516805
627578781
469639514
517859435
94190484
13215712
968264717
653317648
502556542
527830547
663535097
104679061
566395613
434951363
660141625
183759207
520647387
57152689
180793780
423508561
646152829
653055212
206825061
441791582
247594674
735092464
43801345
578045130
20185434
44034993
548614076
9176621
603767893
196645881
26330791
576385298
44902052
6539532
438423489
78190422
61551508
447121960
13430151
690201828
99238102
718019071
95583044
753342095
268709543
317072816
57959309
494085280
92391253
283411918
271429170
4942587
26935962
309738759
311255010
803703083
419712592
487777082
115077488
65204856
258629176
144263200
50917773
468924486
69758742
500301329
29608110
341149416
4538583
282148448
831252827
50200364
95771406
20264319
272398162
4705040
517197640
551581445
45767450
53530530
154236269
205679813
506524802
112048401
7447600
5856114
642177121
21362193
131009207
64784457
581465772
468022172
152541386
842033946
494164310
107866747
117967235
175049023
470308045
464028142
328362548
726002399
125126721
279272046
245248024
333454836
421413034
28692464
93334630
152553469
273780719
528874546
240503836
111729104
191066604
793374351
648432261
80520102
48095291
338801547
164032662
217906242
797910156
362913166
141624066
12548319
246639927
527450026
716779139
267363277
438247859
513538550
394665688
7919408
881665197
46225116
135446591
357836459
138626381
111342848
290677817
412532224
416640027
162177739
1280760
517959744
9501316
450299094
91461174
10479936
16467869
497312302
233411526
917273215
688680120
437177802
322151260
247160311
246674110
298693448
73022590
29018080
161906689
142735818
898593829
40192980
120141596
283366569
762226653
97939769
181411453
168822300
67284028
225263192
416064
656926075
686997201
189411129
154742448
22197582
555141110
123564766
725841567
88176820
158778236
805658823
670629619
90530804
639378712
473288991
936902199
261134838
484634318
144128631
271207240
329546139
461722688
17934722
550616777
131897994
151443931
69230809
387790347
226608304
621629934
684979787
84326177
180240364
23827677
111891855
513945707
508396155
618506762
610055249
51805170
57858040
525693694
362781461
239487244
30375817
656034894
178555049
413594301
24724835
168505912
160308564
685137835
44191506
527398727
348670234
177585987
294975582
230372286
21349994
175593732
23913519
554411559
854652821
260098167
11338
313145467
476127486
156804164
189028099
800168
399815509
546650415
104804631
37124766
424836614
26210762
515366790
568433497
313038429
625408950
605243180
489826882
106338351
264706695
628048815
277196643
328117549
324881873
154814617
288128233
306548728
282878494
144767615
704797689
596737577
339676050
35052991
287326604
85752348
829646298
215215291
425500549
27409884
322419101
715510525
13386660
188496908
425602358
189782701
380352720
563738798
410285607
151099322
227826369
582074833
76136057
20610110
162566140
299311472
340134786
109541593
182559380
223290173
202239893
9506640
337707430
31497180
441241995
511524394
31080820
95429522
273187606
83015851
602150908
758192844
267582482
492587107
309206555
320675943
484921795
101753380
587939665
46297776
176405115
273722210
790049004
142908504
439672272
11516286
714807041
94061758
25760773
96091033
1314282
239314309
743499136
143423196
85664552
163934460
311891126
789991732
71602305
292392778
2172654
55050635
195358121
68774480
37969926
654986281
746900566
85865252
153084654
491541668
520857392
83582325
524979570
43866480
276819071
119585058
119739897
127860102
685865188
49491214
96347300
29488036
100566071
887958813
244063322
541522734
34397823
602363687
504763881
216680848
287748962
212493800
69848281
256708296
41429350
40370496
22819063
186458606
785548678
158906762
88091434
615085786
323112211
216039746
295548495
6258345
122991336
382432530
353571783
851995161
212156507
610836246
122171724
14117901
139186344
45095644
262257310
98971570
215373531
383089862
551643543
304421935
469800528
30449310
234075239
1423186
109453100
158732397
261210121
45709871
286804336
11592030
27915753
770322302
398718797
5316300
194356585
375567734
316459311
85543509
214081892
133506270
21407205
420574696
178142229
680652544
546211437
736545519
813520746
284221582
256281240
496877102
203267224
39657295
609364488
14687241
422376385
88069165
267145716
423206439
740359390
214278751
153593687
6209290
145271535
671783198
220080196
413352394
46530822
20376365
225564916
139506528
484419353
578421661
93511356
364912096
37581012
198446236
729223020
138472148
592587271
493503532
237182900
387666008
51379322
127551572
656072962
280463379
194630774
189384633
209849556
85884616
33304822
20650864
262274250
424920686
259933471
76698085
338922600
22457157
497448629
334841812
300779850
135717064
52735674
14726439
316562958
19038297
75871632
346265600
173715942
337563512
403244166
295824063
16992531
113275198
361925059
146506099
250980528
728590956
216960369
679395508
915379983
650062242
166859029
447519950
263202266
62675662
718235717
694137836
707499375
800021642
252726469
567702122
816633
167589781
411836129
21527636
100179594
533704839
294837123
343729659
511551590
162753663
764469369
269988292
75025582
332681488
202296412
167208206
6567759
198718857
183028775
90397734
51114255
505567022
289770446
330765892
289178194
574485448
470637827
173331604
747990877
735991877
87090516
453441169
34931142
242481195
868199694
562838546
295148787
314036871
306822899
23260493
276007365
373605130
1068350
775618741
158831622
135645617
297150560
382601291
48874752
668557936
19645824
618705651
243252458
45578703
28190112
164215042
201821652
261896910
401968679
53080395
329828859
244059143
258220722
1452561
35899723
713517829
93641870
150946510
148398088
211576317
240887341
461432201
210924804
75380302
93638503
127531635
3783491
181886238
478343152
589666526
202215664
252213390
497375910
260841919
532969938
165789605
188641532
404410522
467764733
304983304
219372062
651731657
243809964
493917963
41186568
4156024
338271057
192236387
284290720
513591347
430296478
531190442
136462403
336781499
481495609
27319331
490176018
544000876
232697790
508595670
231753351
258984743
332063891
370615426
30012564
262637698
106441286
299631569
646476820
58512938
217542734
152006600
312367078
643044694
307594103
6306229
756173481
209899849
104993190
205003606
245795146
130081633
512838866
50960101
251494254
162349932
11757360
147912666
163245558
91248916
42397649
700888673
205866625
142974169
667288605
32429413
351773497
101634703
92572593
173527959
359634143
195276844
216745327
186509155
570217078
396883970
278896245
298771697
602156900
330649721
398977170
410053525
466758031
200497601
131116520
627422472
499519430
5715634
763217956
607088263
536229615
365916950
774747549
389790690
327146302
165680988
26854533
530347522
95174808
589889559
28816714
141233002
318144764
122532336
273447787
6071949
707548459
75561235
888444804
132715850
705220617
448669312
13814812
129383293
726483018
63394905
137274312
59851474
197428033
858390193
453223753
109532108
250349647
53389042
599534090
138887864
32652092
61089551
266617973
938969239
408658564
386291330
4740002
298895709
20355976
404065883
690254081
406866744
527739812
17424655
654773250
242301127
63191003
286486485
207875388
248823534
540118040
11990180
321275896
32955785
538233425
498648240
335439184
413265262
352293826
207050740
104654295
878836229
262270042
915906568
158936785
437027452
89687294
122656595
567805844
787555848
655693985
118211737
417732502
438886190
119790066
534882217
54834079
297242799
9520428
363150247
509659568
50358402
186924518
321833818
370198321
158083465
194529359
215835831
36936452
527824577
121528922
259729790
101559152
20653665
208471938
40410495
2197620
706465745
814885014
162568274
201262065
441917878
306122005
131237696
658927157
320011947
490935517
84970435
772181950
233710195
12212790
433867078
743642554
438134610
395354517
107804662
293245665
581489897
190575328
535734294
437302159
397956986
294581788
22078996
546134932
534326581
106972588
716349221
200996536
228540587
312006645
305372144
579505463
532710503
328092871
227649470
39769099
483598697
581236479
182294992
837552281
178622148
47674198
239985262
560070448
623247138
107141650
721688359
348492092
602365744
334967383
4985366
335974717
733912302
161436469
193752458
446497371
587593941
15050295
28630920
32335873
543170458
133244532
294370690
35869200
151262232
74319956
41642192
5042922
103834600
337660165
344120527
271201021
49582152
19554086
70655100
43214385
243027932
76091830
68167323
497934624
129572176
6493398
106224576
200408868
943815932
339480142
131728347
73480712
61528156
229544938
655840203
190525303
60680115
542357969
533549585
6064980
273892132
93837926
214954956
374515970
567182955
107062193
43394403
138838762
431437481
898384569
460835140
11393640
806888737
20115968
527467170
548971758
5633380
53026506
502200058
116132990
275783196
68408923
181101990
46033465
136116366
199500680
739713822
149505226
169489556
505108745
973863011
120957634
181412419
9237345
378046497
30283756
230392546
141264043
548415020
1256201
103269876
349609837
252215461
728565537
433011927
312209655
622045271
419512750
338597463
40445187
9033303
742110347
154091626
95082876
348586785
33782103
284768580
186180816
609258219
556501364
229011192
152936060
223421817
230727791
554825033
84293909
440060282
69722009
95755565
53687826
444076348
134249905
280897785
388969669
442438464
199736612
1277344
27961106
108186240
35369232
148145924
225835406
228770366
480036378
23306994
664793586
19947480
349980493
34127938
353016257
263760870
37117495
735918341
569157140
502458598
62716683
329205050
352274913
550297866
251131779
146809899
33453924
128450022
56659480
310436106
305657131
503831878
328908799
66079808
111860194
206384862
573316558
198392222
105353826
204052431
327753223
82076303
672492230
49254058
125135004
969616
729960468
692369426
173614670
273633452
376072147
20706121
53568216
724666162
253243128
373901790
9931652
39856082
128222508
6702153
20323352
88778182
29535461
531619520
49504097
460613229
506117247
677388466
694179601
472179613
340628505
793334543
321660833
489835024
346346837
83150905
27951026
38304186
82613812
61845200
113201680
432863137
983847150
113112258
842447396
264415633
607040162
223554903
41145957
241229214
68112223
540323415
3303172
120370865
203640335
805927203
89041981
838965960
342579926
461525486
51148842
69825597
636542085
261382931
162216794
155820385
584625552
528843820
585142727
289817294
86001602
251143590
560526584
287679988
704399325
177554902
857912800
255166775
30978143
406389706
23350549
617082906
166843930
900885380
172695552
103583849
261600560
387638219
355639690
388627785
666984829
160326291
458485919
64809891
83804886
308410105
456837966
32243748
145240987
221980718
39080937
136262916
442012009
312895031
99160197
8569479
16807318
236124487
613367298
3881528
164893332
433583591
162799409
847771563
947602074
251727685
402463099
179317456
370428539
103593348
769654810
264514119
589831913
19142218
37196143
44843797
263051677
404832450
632117503
177236417
39584754
259114324
17910850
115048445
369656369
382991719
244468846
7250796
647998033
4276105
8638830
62189202
42067611
196804860
545436374
300698578
437188971
589890121
119411853
9215451
175898089
201490761
120679180
659967566
594141449
716920091
513634684
270650504
154215040
383389366
73010903
295220919
148676354
393621120
369588857
158773422
494840826
703101450
161812164
676988324
24660154
553162006
317111280
82121318
392095182
615843537
639934870
474068105
221971572
520449478
399267307
798578185
401979533
113290164
199535548
13562089
391504082
28933948
120726648
584453875
295698384
397983924
624107747
34870333
98892612
59474972
740142126
14977589
398932785
382168471
177323533
210065564
4864953
394528933
187953006
34283060
382009598
56985436
651597414
180865096
542603443
11094627
828101952
500419270
118925055
58952362
86894704
238615453
432595028
376743186
56009492
151544411
346096755
345653022
331548855
5179500
349612336
13188000
585318322
286767739
18862130
578815634
66345605
719264959
788033465
257408505
33780223
665197398
222149517
103176082
445739949
172298835
716810066
176198337
200587818
41695920
570799358
686231179
758808259
545631402
295587670
7167114
170556226
13915527
48432067
260842214
228943073
724055912
183981506
140069836
30334373
390341004
41777521
4635497
12384144
149030767
550976581
56316163
87928534
36118049
124586376
263915571
6654283
191282678
304031553
287017603
354998731
784576204
62126420
826971316
265524522
121634376
144497174
548757310
299505031
281722055
291654710
108550022
907882450
265986602
527183520
200044004
27939743
907157468
469724110
124607035
488204770
870678841
257218421
79550521
574055195
58568729
81664498
861235331
564424210
135138515
72676279
19871548
770804101
383746147
42177727
134207021
110691242
669753258
619896422
175115887
165625093
75704104
523925684
485432442
243751228
625809432
252763236
510278949
111305214
154423019
667895028
412091391
193286863
229611272
61952068
215120732
108205179
542511238
194385711
410907487
46848727
14145152
206234217
222728210
278843196
28150671
3714660
119933212
681144245
307307951
128884819
182287230
120606876
221826236
12259110
750027
73308511
5401018
118231882
160981716
202120264
784104891
254297109
281181910
90112472
282766917
507521970
216770022
453566640
192059804
49979212
408716630
706058247
810600450
112856085
517172152
200297035
43883275
311060048
40074554
34769387
121772984
3914288
2929400
78170199
246994588
150733813
71504656
119360249
12287983
621884444
387303841
59065143
156857521
19963922
131516943
245812749
248741086
26828213
243291632
203067651
235834181
685800246
485393476
315702422
318250285
