506495148
706222923
96562766
15467029
254976009
322431061
261194223
578805787
582559099
278454683
223449797
275116307
64796144
429438976
15692500
458875118
307077456
270745864
671211904
299548481
252558382
152749717
82888653
217076275
281080933
32932239
507345625
180014392
345095051
133192668
647966024
868112382
626194547
87834193
575747384
63469948
444677030
496142222
318545082
255137730
73834854
56091556
659908702
575414461
304860767
391118180
667176793
358266150
469290200
56545438
133503625
212742113
126790536
606308431
348462888
172354659
205243970
276688677
615160089
63977550
171237744
62296623
61333645
62224755
21685045
214096174
254399435
310600569
198533042
353733215
58248209
412447109
193742253
146837091
380503717
12606861
60592694
477571383
41960040
322581163
491494436
586559252
12355302
205720984
258875891
174770430
439743291
99167925
158995788
43332924
475993344
414094082
396561365
36845730
512229080
790260665
137661266
208924562
431433976
62233470
382625465
169270074
241332208
622316253
338253135
647717851
163299321
524949805
43258240
14896252
241902266
614128404
54102408
38623958
10257940
129340112
656177427
160757803
259620654
139213521
431722090
771192825
174358719
151993998
149886680
210953487
97512896
653397091
409184649
458646304
345821572
536880674
637316416
68066508
474694137
72904878
368275061
322604689
2521346
28212348
777967302
18405592
357236909
73915252
598730328
637390803
217866080
105679447
119864896
158056848
35100673
533125136
188342804
446562994
299332666
1483754
287433620
649991984
106411703
75497179
294825428
604508670
412318448
441021308
116504671
344610920
44336894
76190330
368538116
93080069
210658282
361697996
532455523
537678548
328364958
589268372
113635161
71285682
31416063
64394747
588226403
261033270
105449169
218332060
14625361
196766503
576571795
39397221
839896488
45699372
38022560
34704941
46624668
357215152
75528508
30949123
74668562
81030102
366666755
234677745
5070348
117156880
191444649
39340551
48251687
53828679
174240501
276419624
299538532
623815355
413059415
110452395
342747034
855154679
617067533
107439557
66500751
713644039
192003552
120855862
16437928
51686274
9659619
412471191
379384658
91760444
306427463
207594771
41285142
361556020
6749009
490792023
20457786
148254736
2961896
748178263
24023164
73849705
787865215
689588277
264363634
642942555
178768118
396824672
42904238
97625114
64109206
181801664
220609824
485999364
285476759
17489552
299828242
477756445
728017556
113545947
228822518
173449769
375996257
21779940
277547922
407125467
205246122
702031196
348748649
461528571
127282687
111560813
452895797
508551714
106564526
367001855
6473593
563807622
530277394
514609734
74277605
511212227
43955951
64136378
322772514
450434463
285655476
452079970
667791506
208159095
503495238
162370319
340381696
74382863
553284237
656223990
350027281
96821727
314347490
382166860
714813650
794447088
471045420
711521858
435418314
146908152
753148126
584618899
314862775
478461005
672660153
347721980
577028765
132947865
88498082
233468810
167367191
148097748
249951480
211713541
88393319
37078042
8949797
276344727
386012059
390851124
152195281
535614421
444229136
50926226
244337271
262393862
173529302
834302260
71517436
387938776
63209749
461471136
793450692
562888327
252794263
666612596
188025902
545485190
180219790
54296077
435652973
55543572
846580549
22651493
163034582
276509317
2415489
145223036
489074113
218830087
221634234
289198804
237601620
573996852
12102560
612460270
352971015
396674038
884025987
263743422
455536306
572069345
517810264
454105230
96625895
23130075
421150638
29009934
12688046
425246254
323615043
260038760
206665360
669312195
453860766
95330487
257982311
275245766
483926778
766466094
463552608
539323709
35879373
69611254
338318562
104401606
81106982
346545818
348142472
17708929
251856193
213926336
159307037
353020763
242034191
115956553
8833560
496365160
8681577
424602814
241076467
208599676
275155439
676492640
232276628
330268961
278502456
139065055
81350080
305804542
148005695
346638008
29128538
116741903
130743533
354759437
148202249
160851365
352567738
6990074
209278374
12970764
509946193
20982445
218287423
21857753
206815384
230046903
13931764
20527833
453816498
743076267
7873427
204239355
577448798
138521730
228578419
156906880
102899168
93851187
336915770
65237128
587703628
343736747
746079607
464882097
271899784
293132876
220176018
174533412
398548253
684212067
20991773
149502640
163498159
328123118
631296973
761344747
223621252
480261680
336014894
625666400
398996210
12441550
127669242
635727830
490593567
340616430
661945116
270624155
854528526
57294873
21205489
79211525
217182080
280954418
268301216
25705398
486886618
76764511
488981158
179487065
520284863
26135758
131005
558029748
110641230
23404284
204483377
578978892
243121586
584087536
129857356
466012622
116023020
123786909
113086142
509789288
449383880
610569075
595353271
730064844
220009056
363004662
448927693
391938876
26297090
466900260
116277636
250053283
205725713
449733716
195560377
230640853
714501289
137871791
79133108
127684118
96071960
300208180
408702208
401973674
314995963
13132316
626597440
352363658
323529666
618075161
738873670
132541340
424491731
408787066
239194956
454570671
48936582
86993211
31898421
381845382
15937010
211613450
51323420
476377732
6237919
98180597
246012851
400497128
231259409
23603360
915429170
245752936
350477770
316805970
689312484
39393769
366623752
756143036
86536782
377641612
209685968
34873378
587721012
81101718
42548466
734729420
444091525
567393601
815099777
69020636
729385520
120012996
258839625
457886671
2000017
123028356
414810934
649195901
254424214
113976885
311373435
178390437
367914212
350466040
462117200
586967444
239951750
11987476
270219987
167818812
112269340
837712375
48965164
85943427
24540796
333460128
84161411
238463918
40471699
396081253
230137969
25776401
480878733
108162891
116926837
465838225
367008338
11841873
253735245
91695151
312201757
187762587
74484138
124210519
2853115
473258125
5044403
629392444
245136744
578261606
282750422
168110457
149335488
136356521
202984636
345090714
606281452
93161940
477839763
61748714
619114431
565616
346139731
337863223
144789951
381422238
569682135
272931391
481794603
84321762
267721749
22284109
480409525
85995154
301592596
177828738
226575227
477222301
251472967
202693718
507482041
486646736
131636862
678437189
65230155
536440495
227974502
58348576
309640565
315455884
349410924
228820212
26227375
411314394
229605596
175191657
289941896
24609478
756930873
656676910
84018171
293711884
34891519
100662019
543263976
395746731
247344671
163531908
506389316
67130418
218257517
8321361
89875948
274158416
52413724
408949289
419833662
48375184
229577889
679208965
351503571
520970233
491615391
136177743
667901537
109818158
42654820
911622704
179248191
95828812
31309070
815602740
65570678
39024744
333084498
243718537
205647356
678126613
578636012
724893218
293546651
37021700
706434707
446219959
174889138
765462904
717648112
448891084
271116328
715878057
651366698
27871201
309089809
776350161
332488046
133567574
93467002
706267679
137457057
458304093
838132833
32635096
180598935
666724893
381134108
24650626
120116860
674350809
82736866
93747421
458785352
84511149
56165014
41477472
91166
107459216
551137908
75588254
415923874
224661194
639680075
226713442
167488252
111362094
359425592
18599800
530862093
309162230
289343707
742261704
504718748
662946181
777626924
352248960
423709128
54203614
106860851
285751894
12429517
6898055
272680195
303082
184156395
107034632
251098740
207597366
327850315
514274370
571162537
157859762
193712547
701908003
104941085
523447126
989490
255724173
91987261
123155220
195943398
228715835
72335635
792041204
53629811
269946109
296600720
364727994
480097022
347604722
428471782
503310187
166308373
70645991
32047563
356335515
7993027
107419225
615133137
147702250
665498943
413523145
443711913
15110187
8610922
674733605
301566123
902450963
239031142
117785149
608129254
6522394
30400133
657676298
79469356
346708898
726905651
293074928
67355986
24252297
140197106
288215554
47098686
96220726
709981581
197581872
422846735
54305305
504826955
399098529
251271745
373665306
60272403
539534053
287895340
473195835
483263786
481802047
280973436
586184770
430729305
150268734
64151389
541691878
67272628
346241446
280910029
481033688
591769751
92806463
566490258
91917592
109993572
112506267
158825656
5360070
97594078
441273497
175688815
17093169
285609480
774525837
37426679
546049284
899950443
609256151
351001448
26927846
318201213
254015944
688842164
289735421
123885065
164813747
2611512
123405018
76183875
514535558
1570037
363824340
36847575
195015279
3910465
49641623
44830212
754516485
463823198
537938322
124015435
237676864
23804247
399140508
333975761
887452170
121238124
33978868
291448963
247415992
871164878
704674478
5240750
502772562
285962440
17945372
61635798
474296181
697842319
198898014
238258082
92950456
264622271
45339011
152680941
37945985
10367698
208678654
429445908
416220845
427920900
731013625
128458787
364692932
499270738
416415812
388572814
42121615
476873515
335430530
73539006
283129147
418282476
953386819
573989668
653920690
283301080
127187621
640841051
617106844
9191453
266467270
16835653
206419814
442343113
775864464
82784857
180314829
240233018
336303658
546903064
114412853
120381155
399795337
675978285
9752238
327712882
49601212
141349806
57402059
910525050
196677715
503161914
252096600
146304704
571905057
664429478
313125530
228483991
79106081
327982568
170724024
236730755
157141082
873925527
12649487
57366908
361435503
33517330
249148087
18242260
393537074
304861122
116181372
622744252
696629496
804690665
124786437
233723940
6094192
830150799
27230604
233821510
595705714
137013890
788463792
79136370
856208746
148006241
353114119
203370632
43134499
762324211
98713867
68619500
40032340
70771604
279103627
144579238
209131439
34293968
455852958
351915342
172173649
384054467
241682864
4751104
106151794
95664072
44368265
122629877
399114524
38726332
118102042
154646980
365845263
2701486
55191634
635311600
334757849
415539119
421147259
5059358
758639754
24899769
364528860
21423214
275747878
163241032
96720974
106086155
115608535
185073862
312478200
292117450
75106452
358789002
214359983
501751220
778810747
364256690
111084898
266610912
6395591
392975786
473813480
62698952
477512960
117850742
392117425
202751928
863734115
92840685
768057962
143785633
351693620
2043471
264348911
178449714
144108538
172783286
135158730
801776010
51575278
140542146
295275426
737585948
309720237
713431551
314404245
240562968
390730352
283815811
180711634
589818660
634640877
6261411
184991412
446263022
55118506
485656767
61049723
269402279
312794127
227636694
128111343
122220020
121796633
440886672
210921172
1015254
144660243
35348384
33795380
261750991
44559276
322740737
734037253
253916494
442620686
560885762
521567545
51622771
25714867
104622044
222310008
209778709
223212743
615938254
30066414
186147921
187750483
151535004
298981955
39324290
569873088
705724596
181666202
141245542
77497971
257466848
102110935
95923023
239898693
43583205
390398032
57762528
46244969
332935004
759401724
271408118
199571233
489175112
90181829
142793388
154241763
112195827
6113706
85320522
455715331
904951391
103638632
317185771
323613346
19740712
95955948
22179198
195325592
259056557
134458707
446353033
283149253
678602780
202304714
405895269
439658916
234405378
686424871
183984946
2517375
3683576
445911898
367604412
411931266
74088049
502011067
448095813
207405331
208039476
172793452
869837473
622590967
62933132
600472288
98164558
46590054
522871030
647716646
294304685
145657034
253377860
837312720
218001102
6301899
173766718
261278820
352485835
124974674
157193708
338196855
151650352
860407674
111053589
333320711
192213520
572920043
15473490
25709768
394400962
78416
101039110
397305328
41538234
784570649
110063993
367390056
86123910
223135035
115273504
348171798
89011342
388488551
443103490
90733312
295729303
606723285
327649364
88848989
565427951
41965420
217258656
270790322
315077963
522035810
11411829
35805312
390732427
224724191
241402446
118585537
25862975
503516244
207366078
516329718
578514942
900369600
473672923
216877268
416004811
64279488
101807107
680499646
560003942
199435300
4598691
33971124
233947416
535140085
136794117
905155
204346137
297454181
184052817
375366308
47863913
667809813
222847457
10544315
190439815
888996352
229286404
31165638
321822334
157486718
850558782
575975218
211073830
519877309
66791326
115871444
253975579
117076236
488757121
93390002
207626820
558467230
78483664
439923395
325294800
246766865
238320625
717784926
185846091
182505158
483742516
569461638
66619438
508624976
594942846
87706044
14416042
76660639
376263284
605701949
85656013
386640234
420972710
694800106
579698302
107522064
21619410
563678848
334702130
79002804
546777482
354651602
28051805
235359096
27185056
128975772
69657336
105752452
521423876
246082972
542585636
598782463
20763372
278082265
28000818
547629630
78133939
424024612
19820987
1964946
218200243
768740195
209235113
298656511
12993847
335585186
517774816
392901661
158195864
674066302
352480302
457526855
190846255
227693947
153832194
455920360
725615866
534662050
486045253
849730071
752523483
58558287
34682955
153445744
46685325
61933617
84443876
136854003
82489449
815512248
12654355
45123281
286991029
36836941
467828771
154675543
422727808
525859466
7654672
84881451
384993568
817217674
75873952
671630658
742467980
573996686
402223143
119162891
775512828
24998296
65238074
307324962
16187916
428754137
156870955
49886425
26189876
699789623
231492939
628064294
551155434
921832246
35189751
102030062
215682690
123742082
112657679
190834796
17483137
817220263
52673796
267895512
71355386
35029317
115641548
90384332
350762
444720735
221331263
409068952
28070206
552982698
314283292
384054829
187493353
134159139
262787595
274381736
360160822
30012253
210183444
495417465
338591416
480726411
605599587
359807261
391617879
215930976
814981390
159713836
117410037
8280063
38322806
668044019
545663616
124746919
310532142
412889778
137464966
576199654
134294162
121028406
1865913
527521722
192799885
394866401
623356098
403340211
10857968
483834737
437016859
408705396
156624417
364206067
56090038
63783368
744751028
13730424
81884100
245538693
162485424
241683950
3378296
363983187
134268991
197437983
331519375
332298512
603061248
176415200
527164667
507961781
695867802
584019602
327175815
200258820
290600442
108952935
458933185
72596706
362470811
110147753
140639690
794298768
146048476
164905094
106374598
54335699
652143866
164748254
51812714
98864528
85214866
104698430
384031768
382603846
309301939
60100621
242112959
580257208
162332626
73420558
181811412
82065499
684810373
69280589
682299562
281027232
461083756
167114528
116687157
821107569
202055118
333374856
509785628
17338922
264909070
61022455
93387548
221729369
500850402
168365152
431121068
64759693
630611700
793784942
107397798
370830323
498057951
900232487
13903872
578077121
685567831
656466844
189217563
85966810
437956161
259969952
29499435
248829101
374334054
390623431
153335559
105927586
307155071
25215494
88350819
508448338
450908213
50462039
117124601
6555308
214240286
531230280
686870140
421153905
863116191
234498528
154939248
361892742
346461765
83769250
88447409
103310838
337940056
15129074
279663600
446055031
527589692
139299433
94081764
181274989
105093401
299263913
228131278
761891483
12098453
611753392
12423040
254780656
310920954
101966525
258965480
354211365
104013878
44327450
132103212
473500252
435048287
655178431
88340680
656921209
484666618
192677839
111830954
416703940
70649877
216686958
193558936
169653968
721583953
192377171
73211307
357737325
390215157
291106530
98379624
782463699
295276986
131214437
396662440
445428650
275389422
91300938
230976463
98362383
107596803
135997285
407117358
61888912
310806069
478502858
125940589
11185438
22925288
54532692
140211806
266417730
312942562
375176032
134699712
163743232
6564824
757307848
161149079
459267922
273032843
17354586
159852003
355871049
686976352
584419069
827359666
23475697
89084849
552592553
69106585
239503103
84562329
565587436
305276330
57841774
343542666
438832849
524636694
146222658
42694248
268679200
676180174
141069633
594044061
103240907
47467224
201330408
490405506
158087877
192742740
231574304
724192102
278521949
853327141
641891562
114251530
34284766
48865943
261641060
320890330
637683954
280783075
12151919
50104838
788933692
12720774
688632076
63898092
175261951
273127783
387727656
175771625
83656765
136347310
6756360
382009288
23455049
500708704
9721535
10334770
105053239
457779916
370578395
602549238
315766038
104644863
26112833
197087840
259195362
297521512
86909246
368970178
499158876
951193663
269802013
91992852
180746379
133690670
481181261
99448520
229471264
498847404
26620560
150681368
243493012
242620615
511003885
210065052
231254774
203013713
262034907
722018402
332453883
321942341
30184960
326826265
849330
191145784
630637543
88150709
247165126
149534225
418443416
171482335
164336076
343685896
202238056
350383944
594198936
502738431
55791969
713132182
1093997
776943163
165791956
544482370
157270356
166356609
474497201
552422239
71297845
277084959
204798959
360080145
191000720
591004878
235324702
613228637
6881900
13252469
849456498
200458047
392075168
429077191
123185935
371453693
449851987
32219675
835874618
24036636
538587824
292801960
260554426
99431851
440766542
502759251
61006707
666395242
96840852
209119792
544016568
118952082
149310510
523962653
182388610
220160559
276399892
276872154
206789315
130982322
26691476
10187443
604964411
518521226
162597468
481960330
133897401
255169923
439860511
285625166
62164939
438639578
242257754
60560880
559994596
797216068
128016488
516301083
21622786
520522932
385892632
129892994
89174029
203234534
64514405
609092000
166238038
308618034
57514582
228255393
231038188
165110278
1208373
710114153
226870370
7017280
309862587
305138661
74391902
778475193
142453670
498156284
112578380
101772739
360313507
403933425
520532819
369408224
347576122
340121763
408340827
107605815
343976311
215985928
300916359
151020775
128618732
620457893
494631737
241632744
442549528
367348917
149677156
136972895
19348915
384890050
749885712
595809796
201581102
817192705
251774348
383922664
21685133
172408804
287196818
242177216
915054321
170545732
287400415
205939014
135542378
153276145
197811066
412690036
549234123
410120692
653823768
680906891
706009901
62448454
153846208
507583836
524410478
148955356
136697548
148241068
411548225
65273727
70241905
194634242
52437556
14806335
181637364
272677573
176076099
348235375
104618182
695740404
404821696
806005644
40952450
177895670
230757591
247884941
38946187
68828845
577426580
724907044
513508455
152949213
101596885
215977862
361843608
366712925
193682911
174244845
16692299
130756005
37442480
609677156
176206100
429112700
694631060
814861
555561973
287145752
120593890
260977748
142516713
842923602
158201284
576195255
156518430
415437240
327177906
733832771
13116663
222072345
50885352
442390678
133388390
482106816
92442200
183322138
643385114
182708460
264699072
534578271
5112349
121398344
237560505
453882975
245633116
149962440
568095174
339287426
316022415
469575729
80562936
113558788
239814102
87176595
305020643
51435536
669959212
629345954
138866715
43990750
132625266
206335378
28320864
349084344
482504220
246577365
39626385
160731525
19889210
256724179
51952944
356912950
115619352
403844225
33966959
239331795
162716764
3130917
66641594
123461449
132604842
4672886
768664291
432138805
396616708
785976364
202795796
480995484
167329127
813637783
10801852
664404372
278685396
370820978
149478941
48835711
681920736
193810301
521213388
361819448
666144627
1002951
8346984
606585013
122057728
235435338
42002942
421104221
379492895
825309872
39146563
33558684
170947776
28078862
115829568
400958466
347955209
664157644
565146107
166926594
667018584
969341180
794609406
131748112
25766097
279492658
16645702
579947293
98198879
78979848
331380817
505983606
146261332
399987033
159874510
302949377
664307928
540888244
31747546
706517405
396249282
118402800
365237653
242991004
7822431
557908541
226140417
123159672
415363030
48013862
136020568
640428380
39215003
126025472
321202815
200326414
976831661
79160956
184487463
543383280
204883535
531721883
561451524
524091251
387231781
481719912
558639361
93839375
572279806
27299213
539624620
162426582
449192736
92235776
642673245
247391859
160648232
19956787
88799827
28674435
51979884
940683121
105769730
9508594
644210308
561796801
32747463
629526162
80282765
677263653
328447187
606789152
793596987
60657081
30157634
417953061
225086000
143110256
196909803
672528013
272774447
53248312
361150959
108938735
430813578
59647170
55901744
44142303
171244275
27580147
49128398
181372999
64504146
278923187
291207726
40902011
263704072
787692703
153597161
43043509
524186249
95622425
527225399
340139438
381556551
371056018
257742237
607551728
38833440
309190736
707454797
345053980
389995869
81671709
65265642
218032737
189618900
225538271
203161447
143503219
337076466
289629550
340048506
376040744
206529174
309789
161319173
25057629
315153236
146260706
331165603
82369591
460722398
237210907
521350807
444663434
64720335
935186225
287715092
782361768
781199066
1541419
417437570
98992926
684154345
241799019
2106288
25784182
700177196
296956949
68803062
313350
295249200
262741746
689972493
344567158
21390174
147010486
423207499
928753096
98948210
507545655
180936597
385700821
2077004
68782690
742127556
343237810
400828068
81665930
103863996
268883119
156854026
397142280
3472739
349136480
513194279
16192035
257010915
980100150
112708141
205702814
63052650
24072972
371099638
295135581
434514778
244652075
1555554
175777795
89535807
317362705
177552496
95748187
134091202
212867073
615158495
771132358
41699059
91011539
60237285
338108735
488864182
70069065
103147083
299557275
278565608
156170007
194897437
65659389
513959058
295436380
748977918
357674787
181622922
374837105
552271758
214986184
43133130
394073303
256216799
379182080
76542826
591575184
215922531
173415064
237402028
469935763
479403072
369007176
255239861
253539880
477638312
242668211
420386958
25264910
284269686
513538418
101187926
430314713
273963301
29459252
210521999
797387262
176179752
700605130
154699355
338758664
379510445
197234741
605234122
319275268
468951320
509348415
764398941
331640660
570093252
12182144
303913287
125157716
41280528
231271759
142931336
48551630
614133062
97017227
686376916
493254168
312030941
85335875
204087425
280115640
442182802
2688875
50738001
485862968
225186808
775833248
184514591
823844363
628196467
368244905
225904547
354722988
359154341
29101100
146109193
622885289
704313762
49669378
347799984
726082873
639594518
12359213
80357938
37412670
274156
440092755
550938706
307260873
115232659
32010999
49802179
11031430
469344583
63141045
237053404
325177175
149447109
129053959
764638643
438140635
328609888
156639381
149064599
171094010
538346712
16005878
329042321
736931830
58891908
53786338
46002832
87528484
440875229
423611980
30658628
11434244
55042309
565478051
32786505
460399321
228858530
31041122
39304132
310978266
786260314
31336471
324980984
221052
425154442
643405446
8044692
255701482
738711768
153910109
557770301
41458169
78168077
263704004
589553743
211840063
814848447
452858626
499443107
274950599
914852333
535588081
389740379
320327991
821894529
381624059
574248207
56826478
805791090
145047580
191965135
91684205
148001991
70633236
422398856
12271626
152763100
374661576
223701141
429541092
32112430
85175259
250227521
237995223
814930668
4016545
412347134
62527048
163381461
240202833
484192016
725292633
106831858
181022765
37846825
285620281
127981238
725848208
250058734
415869941
771619822
12685271
97814299
416078647
1396263
576738714
40741415
444715128
885750089
31166643
368300129
644939169
165132150
68690786
166539170
795118555
240768862
312260256
700637048
24424508
50889127
267184323
355205291
68341312
18588477
329608158
288131199
498256292
108425129
60292282
240758600
3690073
242792871
807712948
261809216
153407723
494029137
27679540
329622728
785179924
183169997
402611467
128070275
41964988
423567436
585754078
300561072
337634161
549618900
46232582
710129234
816839790
7752034
730184892
87399213
359253572
120260346
38803437
501936984
881302138
348809467
661235909
225312
262895371
617565215
229412621
864291751
5169304
238568005
30553996
609736793
460206043
383624524
203622897
203214706
238907284
598850503
218905800
650509896
363828528
154357500
466334338
89414942
107834413
28892280
391293904
275060066
113411791
25237890
24664955
20440216
327161657
719303303
548817555
245593500
57218686
782726113
362722832
289930518
143451692
230792053
535986378
78027050
205073820
77050204
82106472
63158399
844479849
285322248
348105249
698920197
198989407
185840947
124568293
206386538
124500086
213363553
228314136
169590771
91667180
425949246
238629274
545075562
44934540
665507264
55538779
179955525
186852370
580075680
259456574
330701449
71847909
759653551
178056240
280233903
78171661
189100081
24556357
518112573
920183399
98692293
123727333
125875377
726747735
352181536
240732325
123342804
74415537
4074259
562617950
81583759
164080278
219572074
164855671
62220477
488452300
606213698
408717656
859607414
294967750
682224792
425612520
47536264
205710316
299823405
67606040
574080246
256170387
156098413
68503134
350432025
401487728
283639920
346788573
269114976
196554188
599172150
795611855
195557478
59884752
31713633
271126894
89615448
131360766
785317518
173266964
768979325
87261442
46914689
207984677
112978630
430760713
7194330
5952864
267995076
330363021
320438392
17436567
227708028
462271343
110834141
121263228
191297727
594438846
33705201
823407747
324667400
15990780
15198404
132249074
42624090
543969434
305130270
499816756
204851206
48002026
287945125
35620500
261792957
181984320
285220216
199705644
933864176
60636058
48702228
162071818
374008273
243264372
272192349
42627164
659452390
388721709
157878148
11062545
538558064
52429474
43763819
4047655
103224566
328962185
33221633
124203013
60831457
3061926
586329304
862126922
113169224
382936517
538393019
24260927
150709590
181022146
276108710
199728624
268484089
36584374
15742460
611907219
448190604
5378316
443202442
2673580
314392895
109762437
426837476
566800624
2622248
404463498
99490485
41220924
173888690
17922766
114706322
832493978
203864637
312907113
131533916
280535416
305256405
11620813
251659039
268280126
8992104
234010488
553955757
374646483
520796391
62945778
800532479
18761082
185179469
63717801
707555883
23756422
868184702
459896935
161065513
921489039
212642542
185134619
199164430
337348769
429449335
586421361
631314229
775963890
183825295
20281763
924706936
376547208
334295497
232973435
70076923
501912622
52292435
181696523
10536583
609354061
5405462
205452339
236416364
362914845
753264146
241095068
16560120
87625858
288203725
601913061
29654032
157023165
314729843
698757018
12829721
21725426
63842541
317895081
234787737
47071194
4708251
290564392
280250150
693583896
61343441
296077294
283377123
31096052
105536190
474577760
619511
3560355
540655832
733076332
232504546
76476065
427435668
40254993
411777873
690597074
79004156
19620856
13272804
6100454
859092029
357665466
142320445
60063078
1786730
67879768
137886826
16750542
183668000
415932674
30311264
444713535
163571255
768459269
311594156
311951099
510855852
578519747
55265655
942859636
64740829
2119826
355476205
739230819
669091957
269546822
206533148
184778698
571219324
201777420
733364162
520371286
213617851
40794237
121803571
34473492
213372050
199633638
269691286
164565986
65399641
220222401
106438487
493536341
146778768
2459480
6384880
134806153
361441632
542722521
725218455
159513427
27841319
5578093
471377671
65511618
105347711
333343183
49705873
531030234
220853609
445120742
48445375
286308217
665651398
55476
81338583
22687566
510642506
296735116
583488491
669815805
820650833
105514796
457828170
543893502
10752982
169512029
54578980
801466442
478846654
211506878
93807481
169600046
383925801
17145895
225764072
365276661
344046114
530445524
343242300
604493099
16607578
358763059
3078129
85765630
726705176
7739063
243181495
64371600
159114309
684096969
15292083
598790550
195258488
131998344
57872684
227814849
8331075
77906514
166118007
718480532
504590509
324862124
566997304
198183577
590402992
221817583
472509880
126704886
274793869
188382114
13365547
377648141
567420069
461870126
109306624
785173802
205099438
125284540
376621122
192616059
224814765
126359940
475275226
275958950
170625657
295723136
68757722
313796763
34760882
319022576
380450822
204345551
344352600
878365095
595714286
753861380
60181250
631543481
678114207
114291424
269494886
408037268
193328112
71903015
1149160
18178222
73839304
467676591
15935484
807845179
356375949
44759501
71184978
271767229
50496385
484206366
376169474
92313702
198846127
28627826
426242624
134672857
51169765
50250323
528571585
96872104
16080660
21121468
490601140
258473891
342208401
312038984
295119319
525157561
76308236
243154144
440575553
349834050
21845629
245513505
613003886
259884091
837403065
426058863
128547327
510351650
208297815
484631008
160254411
132343935
406637333
36740730
197285202
10982926
81993939
37687432
515476364
286602250
31938122
69278180
607631035
66907830
106944382
311117080
716471076
235089978
149237784
318247231
330161262
189830267
625334808
355632749
455867821
129103252
311003385
195017533
99424428
518653815
470948589
216259763
124820230
91058974
597161043
656792278
469090453
298748560
287073183
22083891
141980991
267292554
59867000
330506604
131766439
471747480
190393234
45070507
48831842
459628345
166233177
730863850
178532029
952385532
741365539
72968370
166694418
50337472
797630513
57327018
600409575
260575882
108609956
3877540
153188781
92715331
127129123
848594130
309969394
64920472
69081262
46021921
148425777
26524985
516004005
119294931
276688452
25262530
512972392
496530684
358517637
204052155
93510178
395804148
225629517
508730115
186806328
99426987
248615913
157107938
299558026
36702917
67728237
22586731
497250110
256278196
76867228
285437695
37629794
65472647
834084890
747817903
284051624
274243563
17089690
563230967
575582519
712553239
392510242
28797071
582312486
832941225
340163516
147778127
54341603
509208618
22353483
65139880
830050053
129959362
252748870
290893182
195817695
498474371
186529462
385355724
179847836
656493893
81175926
277058508
124835597
14574245
268390977
307565873
535233507
544907279
135810407
160029030
310025051
183401240
33302894
410546859
166212842
716276470
465969476
30308071
709340652
707332638
512320470
80141596
436179393
354931308
65359193
10328265
119632525
849891848
119443723
409878567
246557840
250380530
11168482
821074238
485084921
3970117
425692828
522826443
309919774
313963693
14147052
127548199
29218252
137575656
387433634
160910859
410187708
703473035
28898310
107048600
124903418
121630516
312228970
178666572
95777188
48754100
294419830
266518198
15803070
718088820
3406227
201974090
186386788
572295011
586742448
427622344
194432652
329998240
261031265
486830619
101769204
507252312
185957015
19316265
228517835
245501323
238049315
511696800
544597660
329693390
89762874
293466872
648824023
206847033
2388460
523597150
90687604
114471998
14001104
468640645
234118430
279686280
25894086
6059629
398105652
102019472
413750563
243233194
415352255
642359513
184445571
101462887
159166137
53027198
363396708
592922819
527953914
174517564
16746676
118775037
200766743
198084326
623807723
672503051
225432157
698525555
86039495
382358888
139843956
690562234
403054718
152597451
160833041
35185439
322194278
23609202
384572134
142470200
318441437
329882451
297299894
81772766
147051134
375924852
474871093
18422577
79954437
44458989
613242250
418487491
76740214
106803429
481858237
799376262
89796224
330799785
100688703
626170581
724216961
69542759
241898630
207140104
456461808
374395204
387793656
37166862
194495693
753825625
466625162
77840903
71779446
596896296
4661307
3741276
327586058
44540326
267519472
232206792
184668994
150328846
141623532
22749270
146483740
87004242
7921353
455839171
39919655
358062468
62708272
354304590
359963855
708408052
142749835
11110547
410524916
202715943
26545339
762053430
247968389
107464314
556580149
151670093
204475495
53968867
2387920
448610190
145546137
362016640
371893424
291312672
351408021
511491000
416984864
6181644
28105180
505062288
469484305
169085885
81294771
101417072
18957100
171363733
564149630
334761270
80013314
472851823
10183600
24921693
766321827
352827632
446869877
127231740
179253744
15743010
726110057
158565940
68586210
26070999
362296955
260534558
819930793
149140338
89515519
188873292
156096990
57462773
302963507
5080848
265554169
86967825
85496434
715639583
240591420
373057442
149301291
667694770
79935718
614633014
665378121
27257700
307245704
2970351
49581550
424372772
40893872
870079299
109432812
467216369
301874301
18671620
574220504
221294663
439658059
61876780
191184465
537574794
111717004
445189953
71605397
420851002
179689415
8235046
186274623
21691149
67232169
313580783
30103400
474584168
83750134
1188494
124262316
33933438
192224213
226045989
410980933
377272908
129787935
569134942
175260305
342184324
330968330
122791350
459750050
426385654
195303168
754873430
198852503
704493859
261898393
30776065
129605959
612202446
977909607
228495247
213272095
226434746
99914086
153906659
688211993
843234043
110763114
191570000
113244519
166707878
458574386
444667628
270895931
30951597
206124366
632508227
414163386
16200278
268370506
917595659
214879200
104669572
353416779
5400130
756955073
487026190
712997292
30650732
373287821
3773834
723364799
567602692
117716948
54013366
471846827
91268655
138380840
598545441
403923461
588971093
38982323
101587584
209589344
451020813
23861770
33267243
192750822
98108816
322345689
178344862
17970489
584671394
1641389
277779423
122626890
264346320
355735033
272453806
37561633
622063488
419106664
13570752
470912098
657128129
661401001
78823791
342836920
334378459
190713016
134004139
284705118
88663736
48038707
148933973
39301363
542572034
25005600
444304163
856237988
90429804
58529523
372359636
197752473
360242845
263690672
308015145
283569274
129605053
13833452
459014021
145911255
11143891
167791997
78386703
329465793
125699508
549904051
313184719
45667219
209769657
520723049
423560460
232851204
131029948
178348944
31627888
353611177
547302372
304559421
304336503
22660866
199575287
35565876
36222543
336614586
368636373
239506968
888451012
37572820
18035712
199449856
937895124
182115020
760871706
442678519
505602007
548955162
111122417
490728
520339928
41008158
28870899
288914531
301632346
410852314
514586085
206903880
96874077
681553684
434205618
540691941
194132999
865678442
178724478
601524682
1231014
745738732
531760297
65794695
31101281
44631986
219697380
164609380
347049878
149097259
124654922
309513237
92963866
114302640
146842309
19195408
587719392
637241010
550382883
510429005
19790814
483194976
338594745
510819271
2871359
775231309
2652415
42006963
321871649
405326654
837797438
318606021
3530101
311129822
281322549
689178100
383317625
530282613
117206499
324074979
30300982
808522227
333753375
37218403
383412127
519295703
395846114
417452365
303454046
332444604
50706978
141892107
114020081
274572480
109310471
538875691
44225838
668206904
580433899
25013875
33626710
182249544
300374622
212967215
87752574
634891257
857031455
493105367
259874784
411384320
368533276
168812507
248272690
116645577
636975163
6422530
400193
416381695
78577992
126298088
536269049
312298277
422326489
4587393
595526726
821178702
370023712
36455260
81836130
178097740
871061743
177688651
245995803
617120262
801630924
843799017
474313184
10823799
8242336
500477975
603768833
322698261
477553437
3160386
493038072
55164064
425195954
844160815
297759462
199438175
22469984
717885930
162553702
792951942
48286639
89122446
113775760
46865251
368926231
336804361
363973980
309401474
528843881
398712834
185352077
234883035
111549408
194042811
121926693
81925757
703765
633438119
470229529
467973199
642988646
682980038
347092069
860897996
767022930
59119715
685313490
226454040
246957693
675900448
566722693
496582852
828502933
19068075
29503204
576336147
180358069
510854487
326542929
230293046
315135244
341431147
198643340
74653473
172548206
82741692
140076696
224444234
266867547
77459403
875202443
335835985
408444456
93401453
266439401
127566501
160843448
461968993
433996072
168414556
234801210
509025251
579497289
495576054
29507269
610526343
147018822
204732034
552728655
121090253
544633641
354184016
425656329
188750420
473432844
161574196
29026674
168902659
88494057
453516860
294614612
534865076
26079370
168828773
631095955
159879982
426993327
622401212
168800445
367240809
588288471
658335391
10996491
246769248
40627565
214126742
555664781
118481259
813435893
503882709
63744298
648114318
60660733
32415174
65955760
39821554
83128093
651325720
26426062
364316193
356750068
753046720
29699421
397438217
685116518
269891472
726508579
44479382
28856324
552513104
51587638
172078355
210945494
19203671
494314915
844286
436044664
124805020
27016856
233323361
224864554
440142733
34827919
23165428
31376910
273106352
104634265
444481250
337430976
56118133
455798198
27972213
284561403
801457330
201607537
127279068
86234848
280909338
219430366
477772591
382622103
220022505
112433031
232146714
79600126
337946251
548543287
191282786
263756162
133965677
78989853
220856322
12467891
817121635
672640510
345762572
37910815
400858884
404504523
52989801
7234361
714079427
46445297
66952285
589260479
256948833
76866634
116673012
26856598
598845886
491957358
214123064
176845008
38226360
211114728
30946839
59250207
805127199
430314656
115238975
378155267
121750258
53911515
386453809
251955715
537498103
33151064
169859225
457163003
362400151
3385211
45745789
112805694
130729484
7201711
255272261
405480974
90365679
836823847
185034278
426450255
26353411
11074509
874788437
108280
198824539
369575961
118391090
655901225
720089540
223189124
130648376
396792273
81577149
144729887
736416867
504385682
46509236
214494789
353710236
642122009
128226415
732048598
234485593
568640316
6415093
47537122
229277252
618179044
51737540
714464679
392035825
443766202
300011757
157582402
198138327
143441484
208683366
813122788
277414574
94797782
424779584
82929110
374378110
610324004
910492551
117215667
168206064
75142456
448065972
247817687
249177507
8462448
124061569
529425448
401579505
720679542
601986367
109528821
73835058
82461749
85485857
308219910
415322360
457095329
150817879
152542953
139576015
683722876
137181836
701673815
107874227
81253868
24299112
41269345
30176440
283319653
31549252
602574582
26285928
74367871
60158012
159379911
428380864
508983790
221503983
347302923
93908771
286101592
600695112
26023493
527445567
275441914
631957031
282135038
100979167
912098136
279082679
563557017
376667123
513690036
195375932
781375672
724540218
5975446
26199307
376006039
87809914
102575016
492382492
618997578
708267804
30213267
700253064
579819677
340628300
754918380
375288975
249887372
328978170
8735065
60584984
73246981
486149530
167644895
286199985
57677330
822272486
47125745
271406996
409607742
2325795
64357761
535402103
367655625
825966444
475702139
8358481
82928067
8581793
239128362
226218410
67135932
148342536
198231240
257165838
16053668
178524542
235339268
709778709
114333142
52394866
67612086
121926800
205316688
618473289
279360375
308898858
243372921
194733146
545441184
305913881
809604212
150989045
211531650
255630734
71448031
717445371
1387068
449115399
66447563
76977017
335085720
396116469
547033355
705464026
228154754
235382409
45756846
113054305
267848742
431395488
11539880
410076065
334926923
14224519
153977855
208305950
313453527
600843845
454658942
16714676
156042594
548294037
208263764
304865833
325147389
422437957
89725572
115103113
11471936
118995752
149222695
256610773
129397983
678169
843909076
273944685
631469080
96873286
481630548
203104696
562109913
535959356
857675323
113616595
396361360
401640653
1256375
3862197
115866141
481569578
888246
14296279
761104325
372680910
506249676
2707539
860446536
171603161
251822812
302220799
117399962
201930462
5515875
26631414
172154612
198339058
195915498
219339670
3773562
230429387
158023862
329995819
376797582
408959110
461020910
31202376
200297640
634950194
202949643
208418718
154835706
295313804
321621513
89960353
187797007
841644890
316601536
135415348
140826494
144222323
46655030
238699076
339425182
215353404
142991838
417715222
705483846
206749564
674759297
123075792
62103904
258890473
204175557
40403053
315075780
279673369
124755465
23537476
110443103
252466280
176413803
91710728
104525778
26849328
142745189
298346204
57863715
218140982
12811004
247458404
795659241
25845674
375951762
177967983
406946172
78169443
407454189
391000945
343705720
183800700
305400410
13963900
95935178
89551132
63560690
814124008
165435982
364676510
397734830
324335171
252838139
215068482
237438133
58406400
265428040
169887244
650742690
229289845
511188902
32441778
857346570
815380947
428366106
517710677
64043046
201456794
279886038
150307356
616274815
269032083
579898254
285719568
590486539
422516349
226237940
173481956
10329364
511943683
308874696
278779095
356045485
290014449
63373412
11111359
58380751
436331183
724731241
284998395
77316163
89579064
37043777
874442397
4850132
439686847
113602531
509569513
627135822
190255999
693998041
49692369
786246408
57174885
18244881
594769036
120076786
38991390
585728208
758623437
422672559
123522720
693957257
602729647
510727324
422320585
123977088
671726268
147980001
14244937
17829662
219830940
591716860
17126971
379028500
152089522
298630698
115389305
286734547
30989789
684355463
150864683
573375592
32051531
475177874
7976066
372589514
682343822
113989971
158013218
272987316
324455103
82265941
66764420
16327836
62784750
37694793
622404634
178719697
463743075
382494207
387968319
43968416
17136029
22416507
196298193
3930387
504778240
45391790
397681851
389695686
649148328
230282940
457532409
776590096
685381188
457765928
461159899
96175641
351088911
487807215
1538171
506111425
88289964
27517757
218950695
107111533
261520869
218653249
20084392
720143081
150498972
483280282
103165000
133451456
430225886
282889240
715248663
697168997
185854413
374832254
580586307
108978531
492245517
228777263
149480168
211184732
243348546
204198567
160344396
17513340
48073713
79683064
43472999
711000015
136079742
53778778
29502350
236310886
185481414
766915908
221425025
301034306
125993196
579847308
796174
115418446
386599766
187991187
632939155
226266322
598621488
117111276
22315472
732856768
678753212
84902432
679138128
223500332
503405143
3382825
18707960
324775170
170213544
268188151
32587848
76296412
63782976
246086058
333210
29467319
262863933
844606981
327817327
190043842
626304488
348860540
526773576
421027737
153964178
54494572
388835254
598647498
141507266
366879491
315489729
702930515
59433353
250149198
127777363
17207162
361901493
239196980
11354337
443184290
278500608
3251806
327587712
414745473
51464316
402489720
376435587
359906756
312673594
73939196
392249118
622680144
432178563
593957559
718139645
219355386
72914436
48111882
11719735
324959140
390661382
220243669
158484921
197772655
28479617
17212467
5287356
110013581
668866871
299883679
885463358
187568362
92124167
224732350
370205919
71099926
479994287
654798164
237816530
72196588
235217666
534609472
162574640
127893878
458844743
185884790
474918873
25723006
45763805
688168210
98558177
372488025
302766720
192804809
142436364
181164658
112172007
533603912
199963793
274025315
31282305
717814720
63949011
99922082
351806219
18192310
390235457
195074336
376936664
464801639
566114079
118962928
443945770
42171170
121845543
230489617
126135748
281807641
263345788
535270232
538204156
509214275
55215580
580608882
114362664
116874390
380542642
24167925
21561688
20070912
114927304
53242669
336094922
63558517
43876492
207156273
429143060
611255838
366994284
1059590
532560576
52498215
287441100
634781032
282299772
340879879
332987087
482802216
364526590
188705652
180146797
64046099
367557849
52469100
1471698
354406782
321487784
344696150
821487877
119698951
27053791
769077582
39245466
340044054
869866766
97411694
75119660
739162807
101970882
120166405
291216289
321599421
416381308
596382929
4674173
120542585
5585636
18319588
206033612
25991832
820833913
66188230
246736819
807049819
237341071
166039002
749229634
361422318
269275378
711235350
50388036
293993334
775101313
26383977
354678929
130551838
222160386
252373497
46496269
796547212
203871727
478293700
193014128
152379801
131217228
70056981
427017751
6304664
801938186
476340548
406526816
476277837
383126554
209246095
528946982
444908619
538928390
29858899
527501268
482232005
237635059
32348538
232103484
421931792
211937922
456735040
481001675
8633476
108574140
518661841
61476341
597842475
644629365
250768980
311350770
62458142
155733634
354172908
4129632
244730727
492796004
155338181
235937675
76091358
126211332
727552275
101126240
432005150
944898947
843536669
948795609
589292211
151348476
435663663
23965173
348746066
56861474
839689219
32583237
149885081
111936549
195684960
66226272
175553391
400607926
766661487
610180088
255747401
156496109
470706816
73226181
174234030
225564489
173746590
154932592
35951055
366064755
23503360
551474628
794100288
201983432
27863774
53702539
942896851
30655489
295244270
210460983
221605394
392662913
145389747
588341987
424612903
553858011
367397145
261840561
40915734
64492386
197340206
975326760
258462449
278819673
12352207
487907396
426334273
224792102
2758086
20666748
550095481
193733785
426897493
233543708
605405779
21216311
24705117
824573178
64300748
121193411
311832240
316374526
546370613
61511476
66134233
16197564
518189121
164417932
664381239
665016008
191507924
344779395
915819860
851951778
15752534
389055641
329457728
185629059
27791333
310679372
483301594
46123923
660442686
124071455
497676540
142997799
258596160
332185793
660866348
565873937
52566900
497729752
102371178
649025924
5653330
614417874
593432756
183461626
647049226
238894307
597438224
489792932
205824586
407449728
21642768
439945313
253388296
38579149
198105283
496974320
569983222
149559004
213567100
51438032
728881796
107530673
368488574
605885750
424157595
355124406
406399474
19909534
238845334
206066902
323169884
852092024
57764664
30746834
203356776
913453998
250896229
249150419
208887436
658352813
619684768
31490093
1669527
430474554
83159244
480398655
381585569
141151065
586025412
577873372
656384430
220851364
49034689
305770500
186767523
601927791
358703700
316536094
353546652
752381525
702006834
198465072
93466467
263621371
220043730
125109821
156880143
754945912
172323679
252096000
120173606
264939948
323646344
72224691
113721377
314487242
53900477
243785102
133517955
122239147
56850521
33424054
430991679
231554469
48823530
22615845
56285433
132064190
59687075
312776557
216830022
127929406
252782450
14965672
273740874
48085473
260487514
244747550
34250004
131274128
178753288
211515266
358988928
43818984
168916560
119248534
37881074
893724375
219733297
129525695
323685632
187004824
237354888
389337676
643453616
194774909
605643127
88911039
38584865
757928271
421659784
92606342
52302402
740771241
20739242
394915570
72866192
143555325
66006361
884545821
520843564
99683167
627023100
335006313
299248132
313012818
32948927
674980024
454473236
212031171
186076261
317681450
135526845
94611884
58425323
126879549
233683571
289731226
598909368
79313091
509399760
19324501
188334058
303886952
357418201
57055660
10893786
5674872
329911755
84172953
537550557
65694652
64827264
57657035
224167164
10110767
360163083
484684523
180283615
432994223
80974426
269454997
411584769
68607806
129718864
303919558
44210986
377204452
54886489
871121658
108937020
556896966
273842623
2037219
11104757
506803445
125886876
266521615
213848998
2849079
512143242
190628291
346589430
490260018
208731171
636306327
691796193
38621116
48157839
565136344
268446696
259875313
127372680
419109840
321463810
115858118
292407585
689401002
166994670
117766549
194121711
366609311
122308460
51012513
295384248
421613904
215030848
30284255
344212611
54353200
388341220
155883441
33855789
244448076
134433861
181031239
48009741
580255027
45522898
847312575
42824308
159750319
256571511
62873490
161527567
239344402
444406530
147987334
2652524
287672898
299602534
230447261
31842522
15501160
44304795
872876199
452353708
66610031
266906166
536168417
74120760
40204726
344948996
186980899
250036514
347425273
601174267
437165006
420069413
145842728
376799049
303681411
315108136
220949150
436187052
72633149
171233493
164622196
252913972
872759528
155239525
20456052
116719564
652709969
380028125
667518013
37883611
429972501
282245470
101698867
449051148
94710360
235972861
321267837
339082987
177881968
657193916
542701680
196662967
89318346
128072082
30441586
592789848
446927430
490654339
8386121
5709120
90164571
299884473
679233809
356267704
402996258
35002639
257234169
216552513
309278771
31748706
156688003
16818590
729609481
571480021
182014701
161924059
404327523
181937322
65776792
340765703
160682642
318135843
940594683
460328442
133916308
50016319
534156338
613035352
669465510
11467125
394496752
612105683
289706870
156150450
101233029
102594488
60188418
68046880
322350274
315139167
607883874
289943372
111259423
40607018
204651232
67264836
174830566
184337000
13185296
610559338
427563237
255647744
395262713
188207376
489870149
170991145
438502368
46368499
184819460
244857225
748728965
102529230
230186994
45152443
24717458
388956028
180595817
253225259
915351612
255685991
115383440
110324103
181312515
393634411
302536126
176927658
128303046
473867649
19192397
78739569
389770989
103522810
723759859
17546306
192844056
8891580
185508285
98327075
120453380
173159533
641087958
528309870
299659267
64471320
328535066
9711167
313981098
225057002
774585462
125268764
817773133
225626025
215134432
255633528
516055910
77544581
418860
427060808
263735011
39204184
704581102
35875938
19110263
565410264
674781069
138734976
38649168
89070403
478805561
2059652
360102160
147463428
340576344
492231133
15295316
237687890
247851123
567384190
160047830
374392687
26087142
242730201
12624900
651795896
80518597
210368259
391461328
99814526
92830744
41324205
143193294
271188030
351235211
182753660
677041918
38682796
274592148
222109539
6921838
608863404
5899126
461768002
652362356
145089455
418750664
637845322
641011146
583465811
887263865
221265637
1352743
477432139
560278561
6680377
418142368
76097790
159971472
238011892
369329862
495608923
103541531
527537418
19619910
132376172
118575424
686851347
316498093
32225558
893100582
660646262
251496306
303631365
461001245
88811915
363283892
94857078
153609211
786477442
143263700
109912565
169729232
16665350
94662761
20833040
38778677
91870266
49815830
134390415
307527325
368748429
140634007
478340909
23101138
839917277
340095459
129127431
183270423
237659425
3603008
646639310
303548595
192268597
220666761
14952001
206775874
129325329
41431725
199562494
288321420
726921959
77136548
52679567
343055147
47891728
525659358
102549315
151489347
100493464
470762939
589751814
411454472
179771625
7846182
176999290
5136591
94113803
434867332
47444042
226956795
4613154
740760818
511365301
71716764
201370488
89027388
304974086
821559494
708910538
576937464
843651711
422167187
792120140
253120586
115783835
138667976
2133596
48047460
40752477
236313523
275484248
25222404
126642502
14091078
239655350
727913872
421589185
448568988
204631024
15257085
547663142
252908737
889122342
267306293
465713244
116974647
283792441
654598603
201604726
412655639
10107153
921288561
532821663
142061166
180459207
197234464
644091623
1010396
383234434
106293694
598670965
353754764
71691641
284965073
694461196
433635586
158484743
36625926
328132703
14329289
6820738
442005631
87899966
385279205
100022292
319369091
114614601
431332726
700043006
17060760
749507192
6943756
537685184
290288973
220717892
581876145
17216408
40352532
58142379
581840493
86359824
2893029
1218675
4409524
8108864
73642818
638151774
473633884
54875745
626536314
560312888
221042515
342989910
341133890
416808120
1874546
728784085
196768293
181132070
330290856
671818771
60164593
223130896
189136233
651393890
379418709
353251117
118618471
461224870
538606941
9079075
97853249
1294220
306375645
646707237
670727685
207843356
231987165
16270027
492745473
672645505
737861073
161822625
112294302
116954268
180412483
187935840
23654232
29413684
8877855
98814825
73341966
176635292
615184740
313404299
77458813
866618073
451213679
791011853
449883012
147218932
78365130
402460653
193892468
345383466
29246306
230564601
21669437
329287656
394217436
218693734
765777419
586814701
295725913
43094556
399217949
434721150
145092361
10428503
648222627
256972675
230103884
98900276
754684963
119881674
149201834
235444012
107617272
29049180
216617088
144707064
36761559
155420980
184181064
239243571
71832725
5218890
672546094
179316707
333111683
257751615
199072471
612912168
405665546
312698652
667616490
631352133
154891407
386522552
424967578
476903816
755564179
253113969
1518284
648953098
116138284
520945786
157147796
479717942
78617359
64807669
538878890
37233787
379726320
272877234
323499832
188345551
10057372
221095966
133520008
55547228
669575611
535556300
232010345
295280201
578580798
295638053
11239039
450956566
378381924
430626394
741399951
282485751
523838659
47045459
452094757
666769680
41745423
481745810
591782872
50928818
553806726
199901358
491892036
87725448
282503666
30235879
113199472
741430967
466138327
576326471
543810139
607034535
315559392
626428533
147463008
260297943
192665135
330779739
581885626
84098025
224874908
636056381
298298395
375549451
248496687
518479061
138143825
162819925
240304043
43553291
234069400
284493561
328292311
462701521
750391169
197418480
170422280
481290487
604322677
276300237
236595220
478306172
590280937
605501383
262435645
369691420
202174015
608963
342227452
298593796
360031596
598958665
315000955
139734028
184289311
666302790
344773761
35643447
716285071
34009832
322981591
199436502
536058255
335039131
63495932
18461760
91868616
753690611
135440306
706405603
478002112
245274150
112423828
107086783
322339206
370727595
760447842
904316592
675634891
651272068
203284130
439655986
36333350
364266778
834882484
71539616
176467046
187384757
157318155
683375318
331247198
2953661
399412919
174661470
319889178
269761450
16924211
662118447
151388502
352149937
690771011
518322547
57104405
222751309
603480848
108375715
345199151
466572540
223383319
358784321
435827299
565954282
689976769
539940822
714596108
151659710
120762196
15587016
282100168
312296104
206448702
471334931
17374086
82912008
517266162
284455453
178523471
458028923
312300302
160652624
372519480
421803490
69543651
705063323
561580865
263738458
32555074
382817590
436774019
58599175
146945024
51683254
111349506
435232675
440238308
67394800
915677186
220956543
83169391
122946608
554022380
5660964
473172630
241812775
263024659
67964110
332510828
281022647
366746992
3849534
1226868
511854670
765166613
193615969
614303013
114083714
4722989
432841650
183269095
80064670
440862857
854564081
746911406
11456721
239343172
146796474
189576360
522842317
98804172
620002692
503207060
541991887
566840245
123642721
159955174
31968740
64718977
945437176
294349338
107791914
634234072
77068677
370161823
189014430
639750885
289453753
118730296
433590791
212239309
278934560
333737532
849189361
706908384
82420812
699035231
269611839
61737686
910433950
412316176
706810266
48921831
358945795
117488908
636689660
463410919
429254792
654269871
263308314
238431102
126980753
161738346
254797074
884575261
169716134
367611544
347223425
142514643
262096984
107643151
173908249
15440134
671808709
804181875
156487664
244568836
651828775
51619002
60920691
277071197
135701432
157561718
183489028
372423712
839442530
486737254
346321033
68201995
288816765
451105156
354880206
388364921
616274927
18938110
506412040
38225328
376078998
771990869
349022110
642662700
176402998
263709144
28481809
182866465
425768115
214413700
64028766
156728270
142880239
196151273
749313301
314305876
23985195
105644535
358475344
277671666
196007048
89581708
3731301
23410681
689671471
567739287
374901355
247525004
479917614
337399491
900818926
280487434
65410820
666431799
363587696
560150123
463558275
226092369
262914615
166991640
457766517
656028473
38426456
302107360
767471943
718861864
650817940
154052121
382320005
518807303
256569951
56778324
66418097
561043083
6504162
406461241
321625368
780903208
34975137
318702901
460970915
125400016
231910237
180362279
31285962
30190474
113745901
36792854
128105600
33616166
31396385
30023448
273547457
48991590
659675029
367801613
306116197
146442051
516594646
786298449
497742669
408249288
9958347
109559827
565197855
722707538
238568248
330643489
768777131
62224419
242122427
832038179
90473016
397408518
502086645
332769223
178837118
59123088
331122528
17954149
263551115
15354568
16165355
490790910
70833328
61400088
275619902
814383896
319659883
74713404
444522160
16148067
76320260
258342574
323243021
779715810
361522196
995124851
644954210
48950271
104879575
719162659
554265456
581509603
214211804
138824196
110394388
703117684
340917048
3282829
44314550
49671496
4086060
233160585
6790524
392268325
431175084
290623371
143616970
168122595
569313140
17222698
82219792
45369365
471728022
284062554
274478871
201321976
473921997
571035801
147334281
267464193
385287660
500920844
189465663
295537399
404877638
189658286
746474082
20658212
21487503
292753829
30618008
364404573
124793280
88496498
421464204
144858196
301423709
755473562
461018020
332272499
85040523
283202732
226832901
206195916
251935502
228528206
391312272
12861318
76708476
234845443
23497230
104054724
526110903
620304603
6970444
171713308
404244747
296437105
596430187
303399740
99995398
257311762
810562014
305300130
485281970
136475456
4772538
741230421
703307521
105104774
452312232
27301438
170514464
286096407
2350480
26962036
234176982
191726396
195513964
11480819
37625721
554542707
23926088
27323692
616075732
116076689
53961438
348883695
36944528
526485502
224124131
276424226
178998584
735485212
235568868
47283586
144104330
164896877
396759157
412638638
300436198
519318
204683128
25485172
5605530
80955283
9672094
17172342
76289821
27939687
22853642
648082890
52718189
124937256
835437839
165791140
177971727
116019045
650259
40196222
166865466
103964883
331900690
217637518
160662715
315406616
124452478
215985162
154428661
489935857
133375965
197219770
587174188
244267913
665529824
984833528
413266017
149491528
239905588
298069634
168617420
80795715
53648364
65075785
7278317
228162780
64511658
335629704
54623030
40624560
245181903
99189327
528934827
72910746
423078571
616476375
420751890
95463486
294065201
561300372
215238445
55648030
215434586
34631757
220824230
357434349
9031723
3730063
125460590
634720574
311272832
321830510
329356887
154462765
679309170
200462969
645605190
429240606
84559845
36023661
434129795
234159534
259792908
206408183
391106553
291914358
247549141
2362517
869381410
236047881
449869710
219583973
237030725
67088761
208405036
65611344
463985761
162481549
24615534
279039865
346993242
486365869
410871721
336315154
222201842
575338485
57565925
71454782
87438200
693849402
217843273
6917633
133183002
755649027
801087309
135698969
248184428
462442828
247931513
121253986
273008043
383100649
459718118
300990112
80282206
188340496
493935951
48634592
303961695
218800270
485834394
683587062
536015619
51630616
217122173
60389521
680110301
66009444
172323771
197346390
57549237
220231244
33671251
244884881
839437100
339412438
63203905
308477232
56257452
14028369
289015786
401436192
416648
40963248
100338448
37371192
103194843
33063133
791424156
558488659
863064707
432987349
140703260
278173425
32595298
5374207
711493767
356459704
243528143
495373783
271233481
27390977
79763563
553822209
159189795
114137503
285536484
187068074
465752059
227529183
11981056
158140950
1370178
274036637
230030888
198599251
249620542
366791810
276037930
110659966
467289533
216778710
216921065
378461767
416305428
24867766
63665487
293811262
613071323
34018877
212221428
745997976
926992723
80034463
126108785
7321556
352891786
541526575
8325882
50315262
23512542
500339602
237838039
109468803
23518380
23536359
414480863
123946221
184655902
242415555
11951098
55056558
173730112
366968111
310132936
294354199
9598271
386090809
598123862
209263495
444906419
536121666
71204644
474094179
925338477
49470129
217611013
348705108
401645511
424381635
134982619
291437090
387007265
269912543
368005024
77116888
21909278
17068737
38181756
339661268
834987658
702705520
159657323
165517326
130299395
349655204
473864666
30423531
45851790
5024476
386430157
367583611
85651935
62933689
146097953
496503666
93842816
749502918
68002780
410898169
42597682
494705939
348163765
422325515
189368183
669311372
709221864
101659749
32705940
3020451
11984656
753364640
429686538
509097434
423902406
44408739
611490
24328004
12522678
261142387
244921491
98862072
79730420
1149565
264548106
97415010
2789379
29135455
429298339
241603346
295962215
204808766
182854190
11184819
33417227
37588280
729182592
181690640
185709771
51291152
399978611
301226520
384508775
108085545
255915786
197723732
693654813
329965430
23227659
650295513
499156086
332929390
249003860
142861480
564647448
120860151
49207478
209134912
282187747
362647080
74690460
489382164
325494948
323984532
185056988
119703257
171666816
479699502
893298241
159732099
202296485
33761197
222320208
677745175
820857640
398632254
43413826
193267761
427218427
797767337
516654950
423589665
45214776
330158091
902140545
184852512
76818407
133461142
305242124
73307857
430272657
53243687
118749133
111918
538132236
494769876
78221967
617850780
585010852
298746654
591085078
411871756
386299781
134202250
173040711
167097436
291578408
371082970
503539381
19950360
9656973
284440199
193497522
333221104
18484344
645603264
84780270
139964763
135887716
301635534
114950084
406706926
214409039
138481466
567587272
657885763
189151863
321022125
452404983
196449755
210552121
288553616
228224552
128516334
222504140
363945780
483673599
28320465
143986582
519488516
95971434
4705830
69883328
238876730
253900823
194959194
145711849
802027438
349630897
55490851
775115842
353024361
66628880
297705966
444035828
27072443
440878276
94552760
511323704
89111116
41776911
238379080
232707409
81254254
16058664
248745309
103908097
250325338
73880468
555917661
307721661
276540834
622309023
7619557
51702852
730399215
246841784
799813806
307951391
583138714
373704152
304531345
440623083
581415536
74043911
30310203
373801546
199881882
274424536
543998035
331392794
295420176
354402013
147709829
773340958
208277834
151588845
23816014
326125099
61935486
301145490
506883586
654803893
134660933
783708115
518157779
541345867
103465176
416259239
453922521
262653732
98131510
22649420
470881405
70547191
342752241
398822217
231041855
536852517
741427718
244553540
183107422
66450299
650760186
668567780
275006889
136141313
645882703
26973490
808431063
527368374
158245585
11808290
363314819
408207038
248430886
130045337
271793248
215555896
164252429
195899738
385526843
443249056
32817396
111907424
23006418
645633308
216478704
70355122
23220981
401033497
583958527
372707431
100104263
706622841
91435960
505913700
143877478
53414451
290162070
689779887
497321571
236601716
35006519
892997650
782746884
81958011
299447812
729802749
744374815
184343497
809876678
28884616
251235797
212929806
33280317
546334473
422455830
536814
436178440
209253904
256871606
62565294
493423277
11012480
168491606
126840490
146066145
580790814
191095819
109072170
97289365
461615100
481153487
879806706
18286590
401980364
274474203
465835910
932922
386205286
160236538
90888480
146088408
126494733
336998924
297403902
518962577
693795414
500004368
324816534
164364727
445895178
538680424
342215330
251481682
68539474
108829046
541905636
412262085
284038264
373638357
592706122
196122680
875500
362836881
743704262
430425305
350138765
172104131
275227830
194076276
375383744
862975397
344757023
509405198
112988414
37956426
704031564
100747808
32314176
501758867
53889741
259410660
48890964
351930407
25305762
717305106
69653476
133564950
773565204
207672449
356439269
38807608
27899563
130585966
69956996
855887834
369466955
445380725
84257656
966494144
373887073
328933951
73478518
208430872
202046702
787472492
751758934
675429372
239394857
78193211
511910070
325267
267508362
635376750
96539311
95737429
335191659
53425398
27963656
17211081
317404081
257520560
21820962
295541947
104406496
470512272
751998918
142262477
46510344
105286092
242656072
429947403
186577367
16653481
559692458
671255084
391219928
191780411
52834813
602171845
812058184
148425235
287401687
376318644
455199088
271863457
203063046
668206005
254353753
58868408
115909290
174617244
314337060
632280195
807764969
685939898
89107343
194364374
83581468
16555297
70001376
431098259
4541367
210087658
84615756
204215178
29403806
78971687
168736552
446751126
183540433
271577868
568961248
76125416
98043105
31297536
893483059
587093436
18200321
755489241
218301564
299698132
134030512
507462898
448126966
85694292
693450589
166878672
191203758
229319200
66363156
589570578
522416705
358943172
29640429
580453292
547144224
174622934
10824573
97965713
749986454
40779423
194591010
367150273
290234787
97919695
63447606
4657662
79924481
12920730
328518292
56853473
214004691
505645717
630981944
61499387
200395435
5862236
785937080
20773024
677815047
474092578
249624884
88355810
197912581
406782575
677637972
487090800
488303444
1489956
29709666
760261811
161923667
65035177
68213249
444094620
9503943
91568033
72851070
252376800
381442919
115082738
510450018
736345017
41201415
179411147
635627119
472873537
30418540
56014374
381017419
325870433
345642860
267947904
768442780
86793775
48296854
196880106
131729012
635530802
27506697
443931984
905821804
130672432
4224990
58855242
80501004
387415904
42292721
326979870
17954233
425265329
310157134
182234611
545188892
24982748
35057842
6635696
43027652
581807762
762379653
668004020
695089357
665335381
24331968
324165623
475613202
510201927
413862394
125416680
241608932
280198895
21379746
397251341
351142768
724300455
174197841
556523413
818469019
622445009
30180551
5619590
688341015
158312720
172123356
155047215
736112773
129418780
16635532
147022895
93514602
199378830
67082235
31890928
252450954
713987198
22724096
87503899
727703772
267319994
5326906
162622356
17840960
354753747
520956568
159796643
76651207
118262220
615783096
198246312
563195496
774508947
40178864
17630884
9105024
107173696
301779532
82617316
195191348
5543434
201025552
443963823
284999543
304370319
306887697
78743668
569029258
47947887
633268649
332724903
216248588
57049871
43897825
17623028
514144473
49573685
213028123
525518615
296385489
221045028
128191612
804082327
96996811
124248119
583610401
227962453
300387443
537623338
149714684
56961906
271382389
200587243
50898467
145605952
176140605
253796757
870010829
117778939
115711805
140708757
86610208
78575993
722411273
53585760
242162200
233595647
138142669
251172757
445821420
256664640
353354662
69220248
327814856
29100726
392666449
79655263
549502605
18193244
29169445
238044037
5646459
541666734
584273660
506028390
24248221
217472646
173003250
354424616
157342082
52436465
190039618
165500034
531879415
239197746
22790370
476579672
519242319
519085164
695125169
386132686
530203187
116146328
616861589
15505761
513788806
645762700
223872925
259262686
380400041
161321106
216687115
199370041
33624343
51878494
479437028
57344952
257835916
112401327
321628323
430976211
329084084
562750860
205734896
469968751
210709975
697922625
466744057
17970156
210925238
252320371
37144735
702822205
271949689
252577320
106462083
11232843
59950888
940382282
564513007
67792283
480118927
486134808
334884605
2567046
844239705
596268500
26183024
116498973
239803198
533631881
186750602
705513520
873568322
819242865
260674649
666849456
289244355
516785784
172979818
102173025
164205750
210611148
342624926
379041576
340451292
869702885
394658935
5329286
143428057
60465579
181265265
9969405
149983575
6523950
28164223
17853694
462318425
590943198
716739198
800852962
67833342
195814126
524379130
77304449
36168510
184990771
8000225
106386160
382083323
699635632
128023386
10027626
164806030
167188606
489089302
395703519
428623571
417384566
854015832
27587004
406676999
635274638
180416843
223043026
94273344
114511998
136221998
641891010
280900082
392093214
125364402
316798899
682317634
109931743
437069844
264269497
394612852
243815690
122931488
791100438
179723840
22485064
381771719
308945045
152398316
617234134
645051033
93521246
270163268
114775386
1024566
124890018
142672474
75266349
278516673
649521320
748820327
23486371
22839358
162802673
187251967
179382051
619255188
578048353
461267562
153997542
1056067
432117389
140172108
139892912
847275274
335603896
121048287
128289750
414691515
306369252
629270444
41110274
870664032
282387290
235923496
332416256
150950769
377052621
16485784
352575905
111216092
75828765
519748156
364788263
317972829
234577512
37820337
204858048
655020306
772790952
22500580
91120008
990395950
373217048
896429193
375635741
30417194
11321682
112377911
121881305
370094651
200794126
455061368
471819912
263440844
232633338
19246566
147456988
667669506
131623442
169073544
414046595
201487876
340106110
11273472
9482863
720427223
568602119
349650562
531002848
360804651
381312117
595140949
52421265
343109230
264451190
42077798
233684552
248426655
326132473
30711747
683199287
76364720
512224008
82846632
233451435
181372431
605581371
326338729
43816374
90745796
870096037
32608602
167348386
205208220
73542212
234642577
379491294
153311795
740630287
436032034
227517507
148849581
213835190
424159476
158352389
537943908
668625673
13954696
761364138
313783920
242963928
112612288
700580270
482470105
24550722
40824600
378581083
356190957
402037233
168045467
773605071
164726919
156874032
294175908
642048534
160676293
46362412
480526747
617267197
27486160
701968585
386693391
666360481
78142901
722656692
729025536
230237217
109521385
330558863
160216631
62020512
113470636
93463284
54192656
117697978
195185274
122450061
308862432
198393459
323336206
444215778
295666443
103928286
358328988
404659752
118944495
391188645
128670900
263854231
45556234
238271479
456445144
140021130
675855167
999181418
824148342
603629142
383311604
366033885
428212519
123266663
359210270
254396097
597871980
403105080
323970807
13692290
9325350
95995293
277763520
97447744
313925173
462193163
103597360
26505640
155796867
488885628
269311445
136517698
160028697
197651220
30621817
208219788
5749315
310130042
2220919
113639584
758061768
354463044
277089303
428892565
532689539
387287599
363130884
237633800
197372367
405625283
64364376
529753700
587919596
793982053
220796673
47763422
455256426
138387216
549234530
18884527
808550379
129840336
38750960
125000268
671583996
79824755
136361150
168151971
252912160
38748439
8984874
662942164
556883623
199443745
549525990
183073819
63762885
24040138
618738084
142124973
489216613
652440374
302083446
20264755
344304237
688755352
427376140
581255593
61162760
38192204
466974362
800830606
505550882
236850053
65460816
65053595
63966704
216727047
257975505
397267577
736623311
90147013
114898240
323759567
92778736
522301964
608804370
78755523
3562580
25836264
592788958
87386874
160296305
236073562
131425750
298026063
50260816
691659704
107222961
11564732
15438979
435205640
404824997
29185976
590871985
91874120
305576856
352127082
71672398
409583800
85351572
116076850
786053345
3661125
20924994
105219579
765232422
327777062
416104564
141225327
657650867
104980610
1239450
317990178
542927258
110826261
398845407
530542761
610359790
108692159
206011728
262655514
403156482
311367237
176911552
140477186
96767667
140547165
51249926
51521009
36274642
508293718
719231951
99979299
357165790
131247331
49293706
352736921
252347561
665779322
152890233
252921
725283062
201213683
844154101
81521581
267474062
527439081
1049428
794372821
20414077
509868593
61225838
442247372
614678760
33283347
203125008
358030570
166800062
53081724
735060929
430170756
280785138
8361351
33035889
247905428
35289189
51632205
159403564
560011104
691017616
73626289
599677140
118726916
653068239
179770284
88566012
56203370
427104995
233184706
578718477
181964276
527782305
524874868
518662040
6519350
654294838
506276012
330151708
16692346
162831140
33652424
67104937
163980877
417043816
975393929
68986678
395242116
116032443
144712425
391524783
482195856
74271049
184942064
44092676
692958761
576987227
253636081
440639446
229564756
57691194
275424805
91720885
489061733
86019422
613914386
93406015
777495022
183605532
579566333
579303668
328407322
29988401
377959130
335668563
374362497
141463741
276386133
266404261
111007015
182566820
9645037
276074377
426303769
447250213
617516084
212869979
75325121
479215312
307181805
13111123
302261105
251947758
233509352
73578666
279434256
798765251
281832595
16861297
781560584
219575913
436595463
722620900
342125868
33310705
250890784
199762050
443850932
179812470
10809182
155777517
510892262
442009512
156574510
131135275
78009259
46125676
201753281
9233487
932558685
16298198
311280271
7864371
373296553
116867040
27073924
380296461
74345341
42479706
24307624
358029824
674218963
