72189300
174167608
105544540
101209456
29959698
216123616
81724017
393553804
127186078
129510856
57415899
173418121
24945292
29555713
182147580
231735546
6149900
24460252
142749940
118740608
153941400
100081426
118411425
344891664
108068684
404392852
306174901
207835963
28233262
747290982
158185134
204974476
593102064
13375646
60644556
214563493
100937192
155633256
650292846
103714475
128776831
19046175
546704201
287997196
817919251
1206107
93085434
716430588
28470957
292266127
300555984
65225590
348686551
335665175
173743840
161392986
167433502
857144524
216567012
289553199
93292950
44190754
159833379
324377484
441180809
330993618
298869856
79295592
393378830
181825393
406563281
77804927
76825692
375382470
628045976
21285135
800366270
52148256
12522960
307466354
50595054
467625973
436131467
309893535
143304805
257204992
168425277
201796825
19809185
196290383
263170909
190364456
273591900
486357723
191738054
132260721
667549789
128479903
391527962
141915594
17633032
226890103
29234441
2344412
524567439
563903716
731572650
487084957
78963185
211684430
138175790
224645824
559728008
44995904
319480998
350539814
38207728
112059883
221320567
177308973
84929835
181418286
68039511
690113498
129551971
755979331
454026114
76082749
42481874
587158660
102721348
345042655
432708056
166297499
106808970
385421095
44835969
6693974
203746919
679326074
344029919
325915061
34437371
123259117
119666133
89160857
182557742
387660339
178072594
179086510
391924331
269954358
318817200
200193735
184116983
82909440
139134347
431383107
842800744
37659453
10617492
256554951
69427479
182447850
100028990
434128710
514892304
2967903
575180140
271336226
254137650
587229193
539394618
99387837
359890129
305649381
379080232
106195943
370939366
27493192
278459423
57480511
4920294
581924498
1099785
330330937
149837187
226895319
18468975
218481345
11207245
34683713
22709659
507778610
260194392
886042902
583961203
85994170
22544861
387645936
925043440
59347628
335775032
51670850
363821452
272150375
33128232
292297905
373410638
32527843
210375513
862397603
81659774
598534306
737800118
4605035
395194361
201464275
424125177
361796802
101918126
121728993
166549900
227483634
29062597
595929356
584189446
707710970
314619794
198401157
92711424
213154914
428683635
50535357
232375123
124607618
16394705
226006302
369567660
33106153
556663253
339825173
193374724
199095576
39372075
438726223
591698614
690484618
920997967
452085414
554642252
430554488
593385545
467998247
381486223
231972310
761277799
372905355
41973323
12724242
62370884
323565235
228833935
211132613
103793095
410633625
703265975
357208006
516534362
207145505
570067140
34102415
210129852
28676982
40405426
22475313
5565621
304470471
207313590
599928733
119018662
278735022
273354954
202744896
289473498
595549246
241900336
2555907
183151221
593906904
334768412
323284387
89864663
266657551
152307834
62910043
124862800
243055877
95245239
33920842
81689818
710039762
56828664
268422978
22143049
214543894
302939116
134137513
711461583
389002024
322454213
387356037
469259256
618028259
767284301
479002963
333193572
551515964
4718035
143815989
267731711
49575435
512356844
137207643
88783569
77964245
67832172
540323954
691285592
150118604
153455426
769693521
26473704
131968211
247765358
106265621
99610094
81067893
666062149
457088355
750517372
92608192
542425060
171679067
487275982
107932561
404593715
67633332
106799896
24417200
423906019
155835439
320506229
142018624
303614988
503312803
38012864
739431622
108500060
296013037
386441595
616250995
13384698
301405277
195587502
224298341
759845664
240656201
86976901
775091336
913382
500958884
11639687
109442917
14895220
87724345
322646896
223110292
472973670
6778312
120731844
315588284
5414982
155359416
492775869
232748126
71091072
227284887
94124656
77328371
232053192
556227830
213417026
282819268
574749699
175066720
71087166
125937140
419882744
421817874
235459160
16359226
226754379
810095362
58676970
183585786
169674892
170540087
287203598
176427703
865516423
97413400
150501073
308382416
740525928
62887427
297221200
326579933
289351139
162338161
635661608
239540514
273940248
623312230
336050272
684864621
302777381
178492638
172748307
389405865
536791471
383796722
14411271
86291166
94810172
740578040
100425793
4354674
460664648
292550914
63614728
437714538
100325322
532309339
907976268
23031524
25187520
97323669
71253444
101700693
50516343
43990078
248356648
195826974
60562425
146980765
356600123
309694776
254913366
194530542
256412374
509353600
82853017
82368911
773970583
930642580
616964166
189963780
169730739
7394162
178917720
71128719
35875619
462175029
91215685
416880864
639023450
150545305
40621053
79157207
280255420
254593786
397802350
140750470
219838673
20172446
217012756
153994824
280611494
156897641
37148377
152726628
409981296
283222464
114780080
479270279
413356909
83482708
30632111
215446466
302065803
1516912
62077634
194151922
483344813
635644942
393601890
416620845
619554559
174708643
115489813
76915963
81249510
393900589
57438893
137855392
301548144
683628108
196209553
814463861
16052444
205494719
714625518
232277821
679802871
408270580
128524102
109617718
178938409
855333900
259856969
762631997
42290437
42757488
517577193
220308010
464905652
365715120
443244190
12307743
781704431
336049933
425532778
31677889
102838877
76287
656669366
399145336
164782800
160778256
111300618
58304749
83209413
93449307
611572190
627816164
24093531
228620692
361492264
7528846
16561820
863722617
386856206
41664262
273780175
6766458
153233340
22548450
753911040
380400707
117294919
609300842
155998896
384370210
844950624
58576068
178638446
25281346
44197129
217801470
35079884
136786400
211021565
75458720
635971060
266491300
746798362
506748136
453459401
24626901
151800222
39428098
559540897
50728665
21331005
524320545
256475062
281933776
199289525
231083810
125950549
17753001
296226819
69701885
261611117
299053991
138427374
338026680
806855069
24667782
52235872
111895920
374468484
389044418
54839165
504422580
470014384
695194314
94390575
336636358
29972855
245968307
178766500
48113146
552472543
947388116
611141899
456074487
85082000
440577698
434923752
534160386
431907018
254539180
193061391
164527123
264569943
391963104
2628923
113717571
560857855
710080664
1103434
136829272
111621892
35960907
711392443
343412818
124384650
640494250
688693286
84956262
160456800
307025031
153873864
147100015
136764434
153200061
85947169
157146964
386898972
150225243
301955093
182471466
388027019
10372643
214236638
107783768
115513128
148262481
382159104
479677771
317417892
2329130
170083410
235696505
267029925
136102689
356100656
291077049
153582117
404437042
46574571
445021575
65084572
495684482
86725036
84329395
157105362
575004990
272551930
33604255
362968380
178033732
566231440
22262452
150990052
486722268
196624771
186525283
234574594
31448756
46447509
361294124
26541342
17783416
500115248
703400269
59148732
16000404
680266896
48036996
499591587
29875082
339601345
228902878
656652381
7059690
344594371
305536790
599057812
627156587
314675045
147669945
214567854
726716032
749547602
79357074
894634112
709733615
629582512
570567414
64322984
2355045
11287620
199114481
193437136
109235655
73664453
719078206
70119290
331631717
91811722
43422856
771312282
42578312
486104208
440493854
63248526
466535088
91781745
855873623
331513296
136037142
104307522
634612
499904389
639132720
571814316
363160750
775819301
679696715
24267869
75467541
40823702
332888946
316030037
830254494
310027069
82558777
90589609
53378025
2434218
289444318
174699000
879798494
303314299
579035324
586766110
551349627
392701674
51754585
132808006
781643878
244817713
144149174
218396254
259993013
141644413
626815179
669951052
355751812
709431367
7486857
860127684
702802028
322206073
369866513
101453195
805544793
389923832
91459737
406658572
69191755
281451905
249569285
171696527
245589974
74306987
624892950
103530940
328334868
644312287
50086384
84826914
632610650
480771300
689600959
340721154
912952
221891650
62679705
61770061
169934108
45713883
4313682
52272162
654672742
670756898
268733760
229441394
629073536
125818735
185801872
260731249
82961070
337630836
3447648
74759555
271709168
133986893
204642088
380134051
96461868
364034424
481569434
146353054
350189382
3751692
508469143
281799007
672046416
213634368
183818862
814069317
608346691
231075834
887245
55069211
113573675
439897581
405033123
307071601
668558517
103329447
427062581
40932340
220037931
80648753
419695145
159661714
74927368
41118596
33568904
127144163
343750990
121133899
75856540
313005114
379346412
152246017
51915882
911349421
128870426
677522980
71711760
611706824
524265618
206677452
694827806
663636088
296276145
135911044
407786916
124669036
480939922
14565599
472123220
607967008
20469231
283198322
337734510
734766236
58637874
306963004
788580838
252850124
285367759
758387744
22453337
766216260
225089159
818234782
517916739
764079278
58904161
102571959
88748029
6609768
10660349
106878890
146780371
135471457
379035984
69421539
266673583
57361444
264015740
209540502
94597293
202065508
211419763
19367417
28625001
32204533
450622105
80736384
238661793
200696065
381619420
211338356
263298092
182316673
784303936
107508848
32650637
295412136
510041338
179309137
780447429
46003228
147319417
46837175
196457442
177648279
192625773
612721684
125059472
434178775
143465248
40802369
318554796
819491654
85398843
310553879
452936442
238852526
250118545
31264004
480400671
262503824
180251408
321515761
630176127
124613106
123974611
613243809
11815169
477193843
565900261
98026893
181522661
285518554
784513452
48568749
402912778
55386503
306026604
2809105
472736053
558953828
176626124
129704790
25703903
685305186
142487588
438376665
16692120
221699658
206507356
100038801
282404264
969866044
482725998
389689457
595287404
166216168
711595243
346033215
189981075
251222662
47958095
336606786
681708072
33196827
115575440
656201614
630804272
146296933
313926902
177618527
11570570
311881895
147839446
666737782
211538512
300057812
46074665
48800004
110257611
302968806
157986614
96855667
47159818
344184036
315396004
179192607
117641612
354198647
98771942
473791251
664988224
278626438
497286786
229549486
177625416
4445102
163965254
297295997
539499390
422235672
465130134
114842521
435135748
510783141
86003989
632523703
257904684
32154317
77437983
1270668
201284586
698386428
37396306
192687787
115242043
248238699
325708808
49223926
93694486
128332750
83870001
8343842
659463820
116308275
71083152
248100675
491026258
346675960
379574213
243533922
146454364
815117768
340349132
73171685
371260625
135140806
604886725
727702474
237428618
154161522
69546190
146343626
249317267
251213223
256184249
57528176
206837947
58614897
869642879
474345700
51520106
375984633
183447104
102194160
192073884
166294428
160580800
96179166
77861398
32219894
90373806
514672500
16234585
274111631
230057451
107835023
491473743
23163168
150108666
313980610
338638426
35445333
390356246
286379770
564673270
109295509
149260220
442810913
268124100
86832732
754696396
42192813
871858305
105735693
413946513
406746850
273423193
49734102
356543969
135428570
306985503
57925487
334333516
11352794
633713342
23648467
688632175
288723895
148319437
217706251
754295048
721635200
140155850
773058950
46439610
478330733
91846063
266946043
34807854
234616860
47331047
193533862
130088056
670459141
403550725
813554679
649183290
638818506
31580761
538030863
381380995
500963723
137001031
545720922
504320286
554043485
12631212
17396624
153688075
260998484
96489250
419350089
187718044
215488220
96284469
533645190
501671774
457730182
766707271
587505943
118694102
185407715
734771041
926979517
12075735
537125570
417377352
297253302
346002345
88564944
116930673
452111400
457384948
442071169
113677670
184334087
59995091
93431507
9850138
559067984
257390693
2145756
293641474
397137152
741457002
236468769
138527128
2601890
81972585
71726871
629148611
5638885
765273850
826318576
78627260
731566744
17455750
184510552
268279662
34909861
600323155
71457743
686407089
379961894
396319915
274677369
27889913
76804848
18294833
385402079
451464525
105536964
74785884
12023418
43918639
168051538
136183382
221915010
548639741
7982067
333788898
36601838
65309934
162415158
45473575
127007686
56948779
284320781
217043755
5327220
480626412
137818716
105979428
192818170
236272735
83273762
114988485
292135562
745205873
460879382
30625286
385211307
6964612
311811990
54783179
345163626
124303906
407736435
354209121
378257840
796556010
242939287
18313695
276121729
131673008
251323160
2069931
136357048
300967916
304663082
571369632
359629267
793449719
576170640
256096216
75410199
118906600
139601826
473354198
20391582
428568827
149728341
220818598
60472188
73640332
497214343
79946476
110699705
921788908
2875803
402080991
157782998
380116736
170233896
403419456
649317188
42724299
595400
43028112
240320711
159381561
358736503
585538748
629051180
408156948
108447710
836218246
52386960
302433841
194138425
44835126
360655872
52160960
745745361
167889782
20397252
435889656
603769742
348027684
690884678
69801601
342763991
25304724
612141734
263378472
46205199
29237882
552484845
770729940
174002698
311254734
54496489
409237885
108049091
587507276
227751527
673707547
98932016
53294088
14762380
367514153
313629152
406549238
344834664
274153232
122998463
66174
265717313
218185804
501201146
405524847
18337180
510537940
115211731
806314170
168267582
173531411
792715608
685115880
694843277
219486220
252265724
139223499
268856257
78252262
738604588
307335447
155942997
160702217
173670842
316862855
219398462
438775163
53933468
16417092
2294017
287147160
635744094
887620806
179017320
3055425
902330232
368425343
415795712
460205105
300859870
857570145
211659773
528086760
172649582
48739309
171884297
100547675
726449407
9573572
50871929
189084057
701569200
28991089
188406496
56637006
374340343
14867685
78143224
377102040
349702538
166072242
602725386
498639732
746362359
87596325
696345582
227391860
538149695
703056885
445516112
804547261
16350719
545177470
345106690
96261025
480392560
83047996
280097042
267025830
16975777
329082745
244080136
42544922
327657215
247057683
405127666
49381703
400644481
154366816
5806900
35677955
40857218
109127626
639674006
336064421
194528821
124934927
457373270
48040832
114509984
779320422
340845557
146141232
149858247
129101560
285230882
242557419
631478044
322142528
468086286
110452395
226232830
241838074
567222199
503436724
246379612
390274195
708428142
183446289
24216690
206487678
614290126
248718664
379951382
502966568
577644524
940164291
118193545
210510181
8758360
649726742
807112437
158784670
309105470
375455752
64101224
150066394
670398757
260916693
69857387
153835363
66251324
126491002
43054820
83751505
574536803
576321778
477512229
137796939
39811399
377962973
561975414
284002411
386312248
287908969
243724363
27436021
397728640
67572971
393442458
43406956
300197334
470033257
85277604
606722857
5944376
764958176
348097944
38837543
363897016
8872850
446823961
43375792
149143660
183759046
239415150
425466530
253750081
229497079
6412238
299119242
246327102
215660222
123486266
183449754
310400550
168375080
24568780
451699501
49155069
261088195
136131333
338079431
347068239
124142714
373178592
171015661
163744392
620864098
271879265
367551926
653091424
175981345
704019797
230318759
449403359
441643950
359230830
380444714
47043940
330613697
96969176
46107310
317844048
798322068
477151911
184102548
257647322
172482108
213236352
100349469
238344078
441275454
351284498
214597331
186913786
57260253
11201156
115620600
282054055
86010150
514773793
53251702
704336414
299232209
66530776
7053430
113711081
62347330
707008476
369056214
5666199
821171639
377105239
59872143
704138778
381995860
510794993
197467085
380778788
12710770
126546109
414108750
89135008
915929134
204331614
13551764
14547580
458743581
303207121
77843465
559460192
14169500
767465955
17785303
610822904
322122103
75982781
715348308
581115529
255435638
597113013
4662994
40088523
729464178
69509543
11576038
665040329
462844788
345040138
83221575
127867361
175878932
600762014
399352840
693522323
881406832
369193057
229754187
316935984
9421017
18379674
21442592
408376406
359772073
106354410
62401774
484786432
561976148
127312694
194918087
96518779
517375821
13690116
655646924
115423781
2445838
451286479
537583713
443356987
167544491
434472189
589594656
761101666
430577253
686012050
360583910
734348798
336089676
272409832
9087545
328081363
116990953
301195091
497374616
308149546
200669067
256706774
253471064
47699338
121067292
93004380
951512455
588221568
743351342
351457446
101116534
36314944
303213276
224932450
174604125
287436436
582375296
123608961
168316013
489279659
412237149
65611290
595456471
385910225
43901281
362368189
405513773
577106797
742168311
354509478
466606367
744057754
564375071
99800467
267635634
260952265
103007630
575806311
112518285
269898237
136471480
40246986
213209729
502552677
322845494
810094336
29137768
266062689
268853422
146257864
204892169
370528440
589397341
52259482
114268144
589457685
153258848
705056527
368487452
902547258
713894471
76467244
147025125
140541469
11032196
382730790
599989628
205527538
23074986
646475196
450011018
540931863
139036249
361070800
75581539
37403768
207748117
198259084
138801915
42842183
335734593
7428288
85165568
20502884
12995732
641286668
405911186
51965378
39679536
140285195
222587863
63004649
248725633
293778752
466792346
503021358
27762662
116128396
92605091
603483763
727237766
40192392
251556989
404477442
470058961
315535528
902974575
121017713
333877159
449275086
310556950
341852129
532971396
22893015
19974601
76102055
24038388
484565338
67297153
103113847
75133905
391889578
256353732
349396428
560422468
569656471
216169074
730835063
390409846
314452506
17464
192994104
248565692
68060639
252792923
579957818
484023397
73023023
19177315
481175274
137272481
465056080
194192587
162811806
503158274
224569516
237150114
448561646
350910514
19771116
197053262
107589572
357622794
535245043
274058492
86468443
54996657
163649455
10163516
46399627
20852380
173122909
61610854
237216819
808850505
541493597
46171388
42154693
829506157
39754658
213008951
457820289
343790097
202105027
50871505
86303680
390517040
409276284
536559945
97303671
166120980
261256060
297030993
179376565
358668132
323482129
530949729
546575712
535601449
400321412
233439836
370751796
276479975
457839463
740287841
260880528
268223818
121384963
63124012
41886466
20672895
263872484
174543464
6657244
480382357
454037953
513843919
739777959
319339826
602041472
40840678
703439783
805891302
268169742
182839037
422875871
336468332
820551414
657415661
84120267
597407256
422689630
606902566
6298875
359329962
103377638
399995448
132715168
375850732
41034989
395451783
296383338
64011812
231957146
182275548
173751883
303529260
299365883
672664514
46723415
178084610
29689523
341742956
4648160
7985633
42803027
404820160
253223922
72435312
783961238
217950384
263913597
489109435
570051009
337801343
27911506
158481138
262870758
427899534
389554699
255097435
328730284
444127177
655918747
181168
227178194
104607121
95236834
334071461
273644468
513325481
532899819
54636801
267064437
320859140
454720060
40419951
643648996
129029190
838788869
52168695
119437088
125285527
18955878
498045014
403299324
85451022
156061161
557984267
261232072
299560711
104477184
489991783
33114988
50724387
81732658
34915779
329659042
7300023
842735183
242891832
768124203
374197628
69756377
120763704
26052555
163961665
58855684
437643303
180841755
50639148
75787427
214267729
180413493
490151159
356857456
12172176
195639823
27491660
709078769
250973692
5197315
273489526
452661072
30440319
741966750
185758827
263528978
387622549
669562251
107866643
617324745
417611961
155921742
455278244
192887013
45842517
905851476
139925658
129921280
20248290
137511765
2655366
420011670
210279756
47476073
287869318
178419483
372111763
155324292
428266689
464560931
91243418
663533991
464055389
484581990
779016542
269168043
276532683
26091832
252259299
263049896
409116509
363277328
216906143
618941319
97361306
263157270
9686600
545196641
321799894
460519564
215735564
766441186
196756480
422852304
188764504
656234061
757934735
10379460
310198702
3242309
287763508
576450229
143815126
20942729
231393206
199258848
343734582
111493623
801166619
296127147
369927477
419249906
66547297
429320900
216032068
72860194
739841770
49145916
405064290
638903026
108139854
204945792
68059187
143119034
431149477
38591322
219296600
672217950
3165477
543920928
62875481
13825983
253935263
543411939
278848154
27910653
651452
277379398
216560065
43846155
317235992
148720902
181795745
62001210
201457959
468046693
629713641
178637670
119636360
847882850
55897177
6576756
109241200
299110337
393427994
177100962
729650322
41975275
350925492
30457496
74452984
101477275
89300305
84432943
134778010
385769398
360632838
97967439
169769554
176394492
814649716
190788195
453042838
231802374
262184826
37175480
82732830
312984505
106324849
269784836
119331403
27426875
210308915
669485124
69519390
49403998
3253153
221148141
120144726
293727324
107129036
433343782
293396958
621715734
225507733
77267632
414019367
238411480
204637066
318562110
192554842
182942439
269543445
317033811
371703185
217324148
223553196
238334268
100114768
370014435
498100190
617311293
727625459
258483146
394092402
415112412
152952569
118724106
229057923
394903184
188149423
640132935
195862135
228025018
578220898
30851085
160719680
416383037
301991087
715825912
620341847
812000645
418764505
739260959
328461987
408543620
102261415
170714813
261239000
202027194
24288825
381763001
12318256
492414669
78337240
379158209
60551964
9787712
336926480
189533209
70608280
577396448
795634844
311194475
496726293
536486841
409045966
462041329
170419619
221921564
33823686
181820813
778717179
260343111
197534948
29491693
325985548
845788881
40135284
84712220
346449721
344200894
543173808
508521765
127006970
34177724
397482561
79492699
43627039
181870032
166212695
237317885
304778726
211819882
215359573
142448032
454578598
164781098
417284608
400484922
62967676
294267556
502470329
328143458
59489557
833304378
60529801
304025599
17759166
524391900
427504316
67623006
305451949
24991494
351613562
821374227
214986147
126837172
8651464
59261327
142657688
67921101
4116293
38061758
24908270
389102498
230344321
465316845
157931302
157771734
149330231
131180775
103416291
410364057
168932887
450238526
2209612
785291559
124653830
98911915
505774120
415683226
1668238
625376316
110108408
27799236
363317183
272335062
973913357
845149132
14143460
359951652
214181185
774222446
264051555
396697728
1803343
453635676
88775453
39957670
207519127
22181125
464338442
1100716
309927243
483558380
559131282
51751652
811654140
636214960
178831521
348932738
280807699
798345098
84463089
186101662
450157494
214437498
422525379
356498654
100084180
58225839
258793001
805700259
43219801
762589616
84801290
17208228
22431852
358899964
397048812
66110281
692325549
144220844
257037257
86631453
5353980
67332504
744180205
694485313
181479456
717818416
586428221
398517795
291001604
55323006
176168400
38664439
575771686
206195907
418598926
4324218
432459817
253710892
195475403
253947932
421795590
177283327
677990705
81320099
764442695
697054531
93289303
938677935
295783773
456630636
16500417
327214339
660682522
122551254
119232705
216561736
480307900
4196280
167101775
277870056
104395220
50803955
458065708
350902663
154516439
687574739
2666343
215980128
346372478
576487456
727153591
371831316
146029670
351024570
460899769
79434377
293398771
678508752
207519796
18570109
682826227
93295400
388627772
24887343
173254077
18215925
92459647
214627127
699211286
74713564
252337352
246606728
584666955
631236752
246813248
5020366
277253140
2251193
471470786
139582167
581778309
535078129
419229667
49185209
279745030
95880307
403122387
62386480
760935792
33702928
51780443
161396601
196578241
111675576
909445380
489552868
275630748
132485643
120120395
294298549
74006112
52065283
123570369
197998
100405223
188472416
291518224
46227994
589901212
542656302
92569662
135294604
318831775
486541086
328508592
142087784
377064907
122328400
591914858
151756475
122885961
41819515
74969322
68202368
100874767
117793859
1955500
166988335
558246032
169508526
410727327
84417238
571626667
104394418
308570726
465067678
44065756
590201097
238868014
423725248
438090617
557224385
70371322
149813424
733238360
509282419
223439752
154168207
344683814
189354269
321112979
110410233
311149720
109426808
7173034
117273378
269844711
575155112
2036972
802726539
269210343
289297416
121484029
415596818
17073066
321675472
807633711
29443635
61960243
238465725
208266180
97187466
429941839
496723668
438127724
574423992
275029026
837847836
34340499
340866705
598306200
105794095
147430060
402900918
47909406
88351499
764220730
183245245
54265026
117968354
580376784
516994002
688172018
48271450
25028661
326527768
551167459
426379039
70605040
89283816
95277201
107548654
139154427
816217884
133911173
70539504
312289684
220869745
296714184
76951830
97980418
456268050
741819189
50160680
165634190
250735974
334059851
385164531
197305766
293206494
491909113
77430798
140304826
273053182
49156948
215919450
119384841
414101242
281170439
49436546
44775183
117087229
247676346
353398152
164546049
658797189
