74351421
400111760
12544409
202474619
260019465
266741116
55100790
166296700
57229770
727059782
64449845
377744000
713058570
136680689
278510202
57959688
410893195
238647921
18749935
703861177
437549159
276583145
126188746
307792335
65780110
30241382
271953536
44073930
606183811
3796888
12042932
376500602
272010415
439975348
744607368
58071998
247067849
377922625
207094619
306969664
337962053
17820286
13089638
55362177
322505880
149164880
185872998
143544990
829745846
229915551
56867457
721711533
409850347
635574109
157392109
209659415
189467647
266782108
82360885
133209670
24623529
464763246
330952230
406601589
271496738
529109563
159264303
167690439
372752019
708908269
49116133
342156185
145777981
187625391
305614289
771081852
438779979
402319602
727186569
344503241
64639314
614589199
246798912
79044055
249030184
36245765
396055987
249864656
392408818
1200285
306158627
481654535
35971996
37004150
135430183
53872016
679381737
45808445
542521874
299585907
151190294
118895075
133604408
128474798
653718869
371617506
39300914
259014398
67763275
226456418
194392782
116926216
445327056
142478780
111051200
344051956
40272313
77207155
142189037
188209655
593977446
36900848
170051922
95941015
273926251
163720380
77982632
378265390
113967732
173970621
366624893
78154194
105190510
234623742
297255766
208330212
307007639
371526711
101025453
51715394
189640834
206482066
209502218
430491439
640722658
141782312
49527582
525385119
858883175
89086096
279254770
283140191
332390308
78316366
325041165
210040594
555266918
61961380
233364207
441683843
42635579
497466883
63232014
460286322
622131620
32376298
699499971
70271842
40565371
504702839
462246652
345273859
12775430
226251621
108054726
404606801
192323750
608886916
23396455
2077844
5677896
285468072
59697832
168167052
93654981
419753802
211627388
318461988
194692871
222556679
867900139
308383674
165333983
35506460
57977850
149547372
786709272
589677675
725789733
273588699
405884889
386033890
276264493
47602896
9348026
289273660
52808980
552144838
188467846
245148642
43347404
597012366
21998264
454368865
702719490
479560896
233839079
171090424
718212320
396412298
193182848
192401103
352377240
669672363
182393755
431530630
43418718
21022881
28352882
352646370
417118460
89689106
372664402
177394519
305931486
83521015
57030182
12482063
291615206
74132323
9698091
310043286
188418470
97169437
109166187
210463373
155113249
65695631
411790130
55006319
666863074
419876106
13347365
96575336
17249086
37470845
267147840
657913116
284604433
206956531
13564756
463458001
485084282
501510342
708592517
761511500
35473182
595508254
368677082
289511181
447160090
407575894
513995235
51569615
339010296
254783210
85616958
70198590
60791171
6391499
120741997
12429151
637615551
845990942
556208165
185268853
24609208
313623229
131493992
426067316
55613217
174488363
99916860
319773250
702372970
507403847
688766513
182734265
333951225
234562069
172664397
390077084
732642446
421886429
709418221
811123753
51861359
11233070
241251846
67021284
941527934
948980685
170780886
439847027
9790696
372909628
459558
325257173
68904417
259777913
414392761
392853315
263092308
207000898
563096955
168029496
369272814
389166868
268035619
87178787
526836219
169676412
127900551
32051083
1047738
66660094
297607093
378547727
769030812
780726440
85436663
616748472
374522450
142044028
292580220
304401620
399028755
51295688
362819699
303636139
399353087
116372285
219676565
376023083
453300250
102922902
247325386
18735881
161505506
87824959
233779376
88127150
747375236
15755054
18922366
263883416
83648488
408191379
121720002
30454042
33087036
250362822
493201256
52295796
198645408
508747089
241241050
625475893
356977393
16562364
16460448
643064916
4573365
118634859
136792509
23489446
208906955
419419089
828791772
206327915
422718764
501960414
108879096
8803018
70801289
393973992
500609391
248104877
122364732
162103388
764886989
278214272
500056215
40396904
258323450
426071434
733213698
863549464
20338508
433383360
244075869
59161008
41060000
430341187
578680787
143261480
147255931
274571815
226334864
25448456
863578405
573215742
103098803
399797276
129662710
294666556
550132748
296295982
188332621
454132362
363559718
275129161
157200214
205253976
102011058
95579746
312859931
4323200
97866602
19095417
276618349
45592208
633604160
239219651
9400391
89106117
486235474
110101138
330853688
439866531
515657159
197531341
564828668
603926613
5341337
143212659
175572763
763686359
522557556
386623829
65699811
210255351
379879916
77621952
429798943
57083546
73585667
140445868
111253780
720834425
610337593
106917408
312796812
255929328
156651557
629964132
10502139
2355280
412669748
527410792
485843110
14953091
177942452
45148380
802629088
744772479
78345398
259011280
73527680
575304336
122949896
349773198
244254182
164328079
49374424
299106064
86789658
249317970
449744704
255265296
806306491
692611950
926688793
103799917
332184329
26004206
171382551
396904984
673688032
269614655
505283601
370688588
162458934
385861126
584185450
5033673
505592867
520662117
637726060
685540568
379000360
97521785
80333713
360303919
524317059
604820999
236465990
671654812
889388459
230919209
228637366
527766331
16180008
101618734
234242352
280309272
693110272
518402797
312296808
88711006
52993440
17877947
356560721
418700067
70953875
69999187
344232657
431323244
154765586
265178730
753396933
350022969
56639438
17089074
425095206
168457463
126787977
12547543
186374358
120518700
782922785
989472873
188559451
64116230
227674975
388921835
50240224
249790596
726582209
539404345
506697652
223049725
337378603
183254830
829616779
7504031
125585066
237071846
174737932
217807020
24275548
220494632
734136426
75996684
353056348
307242840
753415760
262611628
139987652
594395612
801770276
749817387
136223180
289866268
215038572
288967472
7695576
418292653
360140760
32993371
523010381
791075366
252667759
151207160
709203176
153822429
185758182
243800311
623296569
27367734
259537542
279465928
476685606
368861162
810028080
333798259
195262580
302912009
352199603
291664684
621074541
832773240
164397271
281081196
343929512
911741767
542291468
608043651
412781448
111021741
144301218
103489860
104614335
89010074
167481972
306876724
32355187
155529253
547374636
171879766
525399172
755567828
614505341
530901784
55570170
512119558
692666932
355523621
19279369
54712411
543541312
550928208
257993656
322566806
624372855
37560536
472148386
54797488
275232515
493551601
64540193
319313934
254318213
61193102
138876100
182341098
463383354
167068624
644071134
38656857
849993555
188156900
110182136
263347808
637742397
273891913
42231520
62919639
220450144
360838356
118991522
357265394
303056678
28618594
459904716
476360941
302728968
607161400
16766629
220167093
57332714
386307069
328451038
599956418
57071333
249881846
31494129
430516972
183507829
2961162
234202611
513907624
446974465
332205455
102804318
41948338
515197601
716072803
526859526
306023245
476481338
533631430
72735528
408617882
305509137
497769902
211236748
559129261
146689056
205814929
207196544
447962011
572183750
378646478
68835184
319132398
316332650
223814457
72192934
390104586
355904361
332317167
73753236
950678675
402819082
733918866
68288388
95332627
140322626
199785382
363386841
40759207
44137413
18731891
87261329
393005712
15405239
594682183
126084036
807729276
698552152
557009980
313056381
201584819
328065250
387015451
196623852
629300316
544074656
564639779
299127426
83622144
181160896
130054455
914001844
571351040
121602106
483229601
48558632
75068640
199172880
290170561
141896434
401251977
87518535
373740070
560159813
397753242
454048671
3817274
438844278
327802481
65836249
231492135
350341640
199304861
92109645
380989588
444046999
508071613
605433797
443759290
680099731
143734142
19536450
360587804
422564748
355902167
442018279
115359305
320005825
198169807
389573689
6771572
311747700
803120734
450949916
298423144
541460208
404666856
182317648
99733734
330827401
136785282
152377056
248533768
93395888
118459737
609466024
313126779
270513071
466537280
60767416
167758992
582225177
377258705
111414773
261528096
327752656
145624575
129276706
17457013
548590971
726334414
788710495
382670462
65092313
389862353
618397596
503726490
398580559
47976617
304825189
195612660
639899232
21236475
370714751
235598171
520264296
233599932
34146850
582182041
156667898
171432756
723014874
193747787
106266452
565095081
140062480
255768383
591070816
420203687
16939524
583076406
117399009
146996760
195129622
206941962
76351086
5068230
408187430
18069760
151551070
315680
309439799
201786946
34647687
214027409
153538878
530878792
407930716
174895168
199977984
99769085
246500345
340474508
59503067
154476316
874910028
203861516
986144056
90021889
172549232
99987330
409249812
307501595
284499408
689508739
107013041
643361833
492171523
150470605
10714939
313839118
325018992
847839419
240471240
450802888
512854284
436104510
289456443
230272359
389007804
43126860
205500841
351185952
507425281
80317875
75111
840319867
43438030
613442778
240890297
100402617
32640194
386125649
163845532
427656586
499890218
191816759
23426382
126305165
176007420
2687181
185115680
85856761
99822824
12164841
328181999
155454369
58667761
170436736
793465075
2844326
48626326
226088194
76973720
327319482
239825482
360361551
601145626
325090765
834155473
82955390
176494674
308672894
480842729
777199609
244480562
641708022
352389347
127162720
31422834
21951107
16484720
91344530
166802503
422730206
3299298
305956774
759218920
937040004
58482160
608896258
518033559
214878917
160673568
411024556
775877404
677917396
364505879
182361650
161775440
137554222
19186437
706528310
746858135
630922492
233532361
294298037
218255299
532977960
295367696
392384758
239056073
449152474
152897932
526054919
22285680
677229990
127451098
276620868
458716118
270010819
341849206
357776730
323993055
447663477
68073957
119841876
314769912
534827254
79268493
467805672
117441569
565214339
253334508
111355558
145507400
168837306
37752079
151676106
46134967
83195870
127031426
390805587
301877526
71955147
10135438
186093230
328173954
355518280
172456594
3699386
15144088
269253308
329178650
35122668
467895672
489094923
639005482
30577502
652195710
532532356
86904498
24351565
72495244
200561907
561082243
137278130
123359265
31939061
181251330
124297362
8760027
500879580
563411583
29147159
321388367
228368638
153880242
4563336
341091907
107835299
157174444
127462075
187867944
342882844
87401546
16395395
481476045
372216195
110317585
231766331
376742384
747686506
43279712
53549839
300951728
813586793
725573562
548344684
451619076
370861810
341927671
515305842
176084448
180570291
569555417
168406900
216513736
334676536
30045124
532491350
196430598
170016622
518180505
331489028
157779126
827803319
140498955
802620268
41171938
135162917
509391194
467992634
69056786
88286173
53699170
33796298
439908055
584256505
181089427
901719527
167075024
7606333
216770978
119121627
27073051
127554985
51125215
635624872
241334104
407949621
448095275
625123684
721047450
275136859
642828622
64390659
31410666
692280222
211019476
52384386
4003659
155954484
200350192
77918402
74171709
76604057
709293689
524723425
39317906
6849894
295609758
562421414
105718587
870074182
156080157
518981938
380215726
364462376
144352764
19142440
96854495
306685346
172232222
528489064
305590586
5124810
74761548
281914939
699756256
539256875
167047308
29914156
542781380
379307880
244892913
35334972
149059990
811964281
439111406
595449552
71738213
115777239
826546422
273585821
272781069
305574329
23047713
917828100
255934522
87918485
328802080
401695464
160699154
23565739
109726002
558593986
773121350
192819312
528012224
295803903
345491153
126477865
456585666
375688958
331473096
475733251
47672435
338002645
242501049
11058736
233309968
105582168
803051230
789802025
18321562
594062604
505176051
274986404
148948268
267159544
446904511
115256373
683902077
112141486
44533611
573445980
123852298
868699917
44471663
128361130
34751268
11488879
676104823
450605102
589890322
105407655
156890749
645036763
392834396
13920972
445470112
157442581
192600680
73126026
152116213
126098284
162672548
49520803
271891277
274320878
439900738
583617810
195895955
296478151
133122190
5912925
85385658
1105626
393067719
7747208
16469096
655633125
18779064
148651
236900811
393580510
142604538
47340174
157012496
401180404
4989595
35795278
96545197
365557967
92704840
664790437
73898980
130098102
268718779
106165168
10705456
641153737
400581808
193897591
400495367
460691664
400286235
112961309
160404281
675563781
281367513
758147369
278302600
28491341
158702095
111031818
208240737
2641553
186252211
123733978
34644835
110486928
122725207
500173532
18382895
65506713
303280377
142636391
929862671
78387529
279149106
321682086
22904856
238966719
3297934
195164131
585466302
7501737
51739374
84006468
772369938
700909043
73066398
4640747
260392863
187605756
498610023
175990357
623987145
38897646
264747031
434255950
882451156
407082684
137237076
3394077
843962121
68606870
600779643
246500232
222307466
878543587
1377504
290918936
448974602
117394650
738851946
143899769
70650718
113144057
742579652
157802154
803371162
151384615
140955976
21249062
517896970
457638598
148928986
502854436
351709882
351889381
250439088
235818204
356856598
269386068
53937872
732005391
502847460
267984278
367165577
368906807
339536529
285900712
129359512
37025624
645194964
175391607
277354672
286370688
238462876
49010133
15165771
262209977
97094824
80745225
40190391
30708223
684429901
721506885
661813924
75205689
144212489
393559058
30534429
331021194
29174834
196483707
354110722
72648860
276665738
136851697
74011531
235045303
465486993
419905470
752941052
595281916
705440981
781147318
260171724
281989927
298957471
580223452
688833154
400456628
184621058
227849023
285853267
555087288
181406355
350921703
40408319
523752186
360688414
155035149
36694160
212195091
70635623
127968334
224621821
327059468
235371226
20945288
514136683
18760215
317288015
487383206
844763790
707129421
9746426
49786070
812290098
506405027
512931044
416287230
139160154
644606713
177547163
178460883
15628697
330725543
261058405
2449588
200610507
204809670
135080025
26171567
497764183
130961674
503509162
191128295
161753844
340631298
113831153
161410339
619272557
229049956
298264290
474398926
349812315
130000025
476733996
538763296
21338901
565119013
236582222
674413359
464733028
100929910
381866160
537262304
194148234
186929280
346642595
748077226
327164208
23046687
190257695
231558588
242642872
100078872
565216636
36415964
42186818
407556947
44966985
484183419
422072664
42712841
77355149
35260388
158049462
771007623
86193004
106789326
430071423
588547261
525549972
277679490
290882482
258764946
224880124
471174751
792045
456026306
531433694
121443168
181186590
253683912
247494586
165362300
271063526
146623883
53218044
263457866
189585116
110025053
3820730
672536928
302804074
601607097
341977871
442684342
335220274
283757297
71985900
808427703
139812686
273390913
187393241
258999884
539454414
91080848
136335267
134396102
221258929
332376699
679355183
44985757
407314893
624833097
147521357
333946102
237777947
860447887
495332420
442454376
918937908
173510
224464725
387334603
548469909
132409466
317819561
483536046
257325276
205146248
239703209
18534232
938500880
319535783
192976743
67346139
189805446
129742733
596494962
485846312
340922178
127247560
442092707
10809851
188478320
126814943
161487625
65269472
326155995
790029225
168180246
571111885
156985960
162156976
555516727
138077287
221228225
5849786
275698378
445296706
8450173
127770909
628635529
41331396
676559497
181442156
328102098
605104396
649599706
306682755
809335443
21863588
324081201
574515544
76165889
328049727
220861930
198611355
213775272
170738935
81415192
334724598
52209532
424469077
340398732
513301425
186261026
780922366
266394836
341314698
121062092
211751559
203888932
505682276
215423726
65590422
656889107
163414431
597271649
240038748
105324369
1368210
727657368
442733313
66571826
356503314
231491562
366253988
266976393
229924811
481703015
199671142
506917254
680413685
310710126
189527234
278831730
237400285
316479928
240046382
824202353
13103664
273855432
235926038
194677942
314620492
601231328
525189927
615789835
289250509
22069737
242400594
320027418
538848222
745947504
152520512
241893434
116145215
90287301
243532706
634163190
329014667
17709689
107594935
853418804
12180260
282222552
175479289
306397715
94966388
685783010
506763014
4252199
102639664
252348690
375932508
575576894
500729784
174011012
21346939
173321479
806999346
178588372
99883422
18055566
86566897
30817854
23243673
352800024
911769984
15206413
840103853
77515110
318269147
448214129
408622887
102953514
266370660
400182947
125215657
348236824
888653598
594735364
83925416
93514071
341785808
779713340
678373086
130681578
92803139
211753850
15594131
141538776
253343601
595402093
59517275
639973254
161120160
671128154
527315595
24981230
17948086
420992164
134136545
196239049
298945239
320770245
462083198
350383022
116928304
90778996
29020275
18404165
368245182
234316328
71239126
43577126
447509051
675805913
273822048
531811431
3162000
35153774
286639080
897179260
5654634
468341090
195823182
426901891
555121340
15357404
47712899
71769250
745891124
414553796
579499290
642934972
322097795
686419843
5749092
763131038
51024584
699498933
398919534
476846817
878644018
15330272
151664318
129251105
115869609
146009304
314117964
568893930
263417756
617032530
51348137
315543778
114905142
288750101
162526292
689119644
386848287
200916015
122820726
7812326
293828016
5418791
15825276
1788279
9810683
6374436
577479496
671304364
6298463
206412437
56025722
92105562
297272949
540057780
12348932
426513060
518504327
215743922
304495629
68030574
11314131
486952874
598317488
196299651
1831940
849656541
85411663
159277880
289033980
154433231
27860840
81144391
338249058
416077821
21010188
343184418
816402730
212400664
51597783
2597067
538819504
86916852
177148878
379368371
679614021
544881866
240445692
584883216
343731309
97770846
292596500
606932975
357068824
369543103
495831672
381649089
118952527
43073376
482012433
754673563
9985374
264540354
12029397
442418208
293644916
70438880
37625916
259607358
87776831
638179932
35401286
215247447
78369521
666088965
162908464
263989566
283201858
360903842
249982738
805872852
231881208
128490662
489527824
605687975
649919518
262892481
185821454
63890095
130601115
142086560
730354739
26650374
28938148
84404357
199784856
84282453
714389372
475024018
108288222
340873517
321955654
804895634
535727660
763625764
67905428
363175756
790231613
295174812
27175721
66215336
850631108
507508
180596371
790018156
750083273
268919205
299471630
120130707
473262357
228585116
215245818
97658872
21277605
608530155
94276845
21163342
282652253
6472068
166979364
24334174
166267622
13325425
696796932
119030566
389305994
60964112
274577228
241342634
346632416
161448511
298147397
339959887
290726924
669775148
109416028
512527789
620486698
366606015
539382619
40380526
43260373
533711176
143232249
225093760
269762104
142418674
352668780
375748390
354368578
16032281
316875167
37251716
367639537
389231734
63403761
24654705
757586329
652809214
290956497
101574137
422293912
605648606
20166174
18193536
254967204
139511847
194202946
69617692
569254644
489937830
107673513
52812111
35095165
52819069
190041827
247185290
523113530
359332164
596784293
383995794
437802554
14997065
355233784
79512774
818835544
584503938
71302395
334797182
419490454
734448974
216206394
546860624
311116152
385880570
595585542
328167198
338445777
18536664
331394000
129669462
275656560
164237226
508715952
839007369
67449431
338046488
180416284
579398179
75605178
74048004
287321192
273926789
99056359
797560275
315391004
151135202
245543328
722739011
10083409
179599896
336775823
492376777
497342632
170065795
345420930
359828716
77022725
179771964
193546344
118543221
566048725
112207708
543643010
346280129
26178988
45211297
103865663
758068900
301522045
894830792
169825924
18730047
743874517
3056363
16966111
596691405
32255877
49053210
842586742
149429078
398082831
599451206
167615220
277975243
604951841
343544957
354225098
476961312
256289526
204319222
881159475
402178409
440120182
158497261
267752360
455935074
84586099
313684704
144480227
280536201
526381774
636810404
95804677
106171756
16168672
197667831
611139772
259555329
70287864
137741538
652185589
275603247
314571599
91427388
57022020
682913903
655657873
725772710
399214382
73535808
306249090
38860640
13170595
265194062
346579519
20584062
861323953
46992528
814293528
393526132
574238118
155089308
165947616
235616297
147440051
56859936
366268579
134216637
71586036
289636848
339508229
125544404
254763500
316486313
204316464
222498664
611752026
95591060
445768399
240982094
507856894
503453248
168767057
4353182
42717486
171781031
317329984
227955562
162354827
182000844
21069354
84184899
382838801
286682188
518313000
15154363
58212093
