228273500
466829615
620301540
280017889
361469256
622673474
182539611
83837060
315460784
479481818
162396899
265722539
451260530
845961386
483143236
424289140
394648409
159090618
13691441
89864096
142433094
409604280
24432204
600221083
46899328
306256821
5391207
584406846
12079945
608336190
140567767
204646374
122007667
250146085
456951945
22995071
296938818
49060725
265280840
189641452
16979735
44915282
661834814
388134425
51770874
214358568
177739215
390709724
34843972
258918514
94648070
151860620
13058416
48911733
95197135
369758736
595399965
373635951
488078203
1104066
15045615
220291786
22348632
175221606
362603174
316209322
534144252
43361028
284263290
274618853
182998939
217294699
541840925
12004902
59600518
150695286
621419116
95699067
172684512
435143459
237434596
127170280
123343290
304997237
454770961
802425572
325194054
62043902
95397320
60678467
10014851
219392000
589623300
699967056
43842759
72459442
118701652
47610345
143411999
348603895
2787598
566765380
411116918
141119239
1793590
506612448
168321896
524101555
215065273
797495726
301288328
153461421
200676260
429172142
276237817
93698586
780299048
244466850
110081733
171514051
47212750
388236627
452703412
144207540
272115744
106407788
170843298
28451436
278501381
928424970
436779960
685148578
788984066
87947609
473549213
189077928
380116558
74960736
28959457
77784802
433878769
51015288
209937083
276603625
40691445
119472306
280372813
153164819
474331010
110650871
99426089
263251046
267571260
908194
504731380
756466925
53915103
33378996
752446689
195276887
430245792
245229010
404635601
826880363
26258328
87741663
20592148
86562441
26283835
58522960
4632436
193076967
281093165
110045301
408172489
23029563
635181166
606342433
597852636
157859808
323841981
70770662
377089711
651933573
434403135
135082636
428775166
103682712
343946743
308342139
806784470
13920518
76036140
121248534
307487390
478429924
248070491
635387374
197246391
120101331
212776232
267784217
7341146
206840309
137653044
109650726
283329416
254147678
661923759
323625072
381018993
322996704
263155391
143820196
31344741
401367593
253688570
434143382
142434647
644712351
758459589
505352
618553543
380125
250602984
38947260
32779115
141721543
77348710
236826811
233777848
805824407
24013372
402599512
35334502
291999362
140644216
383067683
99080448
28843696
27290130
413080417
298957963
404198199
474625431
115710968
64888422
69010780
442384467
324461336
325250507
121236080
244956696
135570020
437839013
153267203
10961424
216711831
426507280
49838426
10387255
320374015
197949492
109426390
421176463
37013104
782642587
388689779
161102681
24704464
66131720
185695773
63025306
147910132
257660236
273909065
173132452
12594789
6593997
352601234
664354852
277906394
111166166
189821810
340032066
387708472
274996668
668084857
43391953
832784270
363019502
577098471
609957951
47916665
281076018
7494000
873290550
325069738
148243760
740430370
607435019
554586975
268978560
177789910
487372629
172642
84822381
619164158
894046538
576585872
77963883
391694765
385137651
357690839
30151470
441094960
363668742
412221598
736367950
914264614
17790418
526900445
284467798
289260231
238248651
151115361
4401164
157794219
24719875
755730489
587929648
230442769
326122916
175192480
146042637
208516996
617280974
439925812
216275419
192835620
503470336
63012165
128017702
25372292
616275868
45557150
679761404
479311470
86075224
73031333
161091825
48863907
85434447
650296529
652670294
296149190
125411430
102421305
668262255
144057360
557047964
555127599
820451690
320113273
190643750
128120430
663588768
344824331
477446471
384045838
572985205
457314285
100584167
451029252
167603122
89300613
65506760
31678484
202859076
194577516
486505198
34136690
267835865
248093510
156433841
342984264
368431453
154277642
354014509
791458056
9222104
550419981
84057136
29477649
92405533
121561774
185645229
236831717
518559056
295422088
18403454
450389699
294815610
593949782
46684545
96240942
417926664
244074493
101520898
437337304
132782558
263190477
256314324
82566264
358658448
135145700
461157372
224309887
125642410
226341567
328264458
815845017
129221824
564074548
143217487
429307030
156371091
86750193
58654906
202798388
141129622
303305402
224567420
41739726
654780715
263179443
487215035
174731506
3083900
68215923
316485465
651855781
95475594
268382170
73591710
506440440
509373338
59481484
161063312
421706364
5686547
99947517
196651114
398138691
160958008
642135296
461987660
17283795
602313547
715446624
154810062
429656506
215302880
11859525
328288259
473147312
265426341
202059466
775488729
324979139
205478076
259257900
328162871
53832412
73279573
256874952
265793758
530735532
878183256
319173700
217480289
226052760
10548660
48575502
56355597
46381660
328459306
392136577
57775507
6157043
74047710
540634178
22226809
924110987
861340458
510319501
112007218
922139424
168245575
688468161
422939180
382562338
487174399
311932289
475406017
171737652
168528614
796717028
196747661
604254467
164968297
345505785
20862320
204274780
85354404
15396810
203582848
17018222
340335989
23624679
229741910
434758117
247432616
368864416
268446374
162467089
436866275
36208845
206613044
573942149
176635446
516972256
558737250
328337460
488181665
3570709
157657660
237510929
93268416
726411202
269322049
362757114
238832688
99858603
43182437
48959760
191986695
363556908
283454865
198335370
137380446
53557806
3412813
393157250
268932940
295000864
72985409
104476093
249799790
594672859
129137412
580427595
591913183
673693132
254825569
822082871
387048395
144384176
17744094
566558868
359314358
24678060
345973775
62583524
68247984
108752036
264305080
278448763
244702329
410557035
565298262
546915442
2809722
47202904
8529686
7267440
449560216
269965365
164585401
553733844
293946473
203861934
152505383
97071265
138547555
366164849
752175007
361242524
221535448
11054965
7424760
186155593
23344372
488791846
15724737
428799338
218251416
614103002
330054759
27721543
311096265
20861154
897388499
326711959
10227190
325224886
33701380
420227393
205384947
133835510
890400902
333344303
225053747
764681497
430019797
12028707
54373921
1661274
322774160
133904700
80174521
806248747
159601474
109964642
88679527
15640916
255875480
886737940
214914882
137977415
356018253
255087619
140806848
145645780
747457644
223017364
188574853
214324959
534116049
75367086
239403417
701920080
154465234
453061496
637616223
582488364
67175392
64398499
490922010
44197657
21423738
680831567
329531950
461414614
20334798
782390635
341258667
29831185
760842627
717311262
324794006
108100703
345853098
190268947
166601244
187381352
23444667
707166093
8436864
516331076
465534318
378946664
469942327
42148255
175431055
277771395
27480375
7666912
937099851
1765784
311565206
180630151
331484300
811018909
379487991
695266665
546517458
130318936
541290615
121029643
137597816
102107860
16697688
836582097
56798531
182776014
182023008
140932862
130435780
259670898
180032525
317972712
698099625
55654474
22760264
582599892
353151336
371659431
145360890
634519970
36555098
1108322
169296488
852534317
501646053
401641762
22558796
185561973
462668345
108829695
258417765
284669004
143985893
167368312
144713876
451823224
529101800
180468028
172658820
231814592
138286256
859973616
574018150
213499927
18010348
7852675
222751186
26179833
181960133
773589089
801946502
47329060
145462541
393754953
16926652
112772873
241181329
128346434
100256139
85334365
191664155
479451171
715462713
668829235
142959401
477949131
67714133
453585836
81705982
47772646
122656417
339431264
579540869
208285085
451683993
838757142
581893991
111793640
533591496
73164957
42853385
708598377
796484008
879689420
13477240
363116979
196528608
468666861
331700685
195719858
694306167
72091604
45586091
178780810
123657710
287517483
162766490
159107320
6652334
154338177
4689358
191019906
444251328
61060058
807751461
540122813
455314986
38068476
610932223
10744396
61045653
50877417
477947184
236141485
281587033
386099870
89411474
638851670
153958264
71556572
300828814
98389002
112345345
518572734
287613687
109432174
585888121
581411569
535318673
669590181
16146966
589196655
18346452
14191851
189978340
46409004
482568335
312317705
24045265
276443578
826228684
400006280
328390842
59029630
397279951
203188146
25339122
180493261
267484330
530870459
80742107
665838127
271913335
272679292
438883681
129411410
239434212
82957673
560557140
171932826
443351142
5389786
433110105
657107676
173865228
14805280
474538698
601365711
378207909
92275162
11123225
383639901
270863100
480515842
97450050
16595982
28836868
445510546
103342057
153781073
515618491
89272639
102266433
307548328
213570799
133305587
344487205
122555897
4243204
32683987
53573998
647662674
66199587
83214217
82776317
363906910
206190888
2650460
454974401
212898004
586436350
270868390
284575074
187504874
154520388
2882868
84442786
200259216
666130817
701034694
59133268
320397809
274896105
38877865
683455585
243048252
145406152
373708950
95936284
293088167
19500379
201018984
114720205
80114063
34355337
167423667
79813051
17850196
89243262
120094145
623198047
374998757
45815453
82605618
40832892
121854311
64119266
988391775
58142749
2917309
207099096
109239556
500072364
114636526
13656996
569817088
320881095
335236671
456220129
331960585
415512347
338044536
12094129
187102973
768279577
331245812
438063337
557120459
219595898
240977829
731763809
571042091
776779434
39322412
144407120
324795486
675813308
37272040
382873749
736441728
109213030
268205702
233235033
54484918
24576235
324804230
390686352
186981915
380560768
410835015
73120836
104066164
17207435
124408473
31732862
80086663
171730460
735632808
53459095
52275272
755688647
171302826
249612163
602053557
424966176
830578416
196789722
173660615
765216144
207186371
561580140
245305412
40393541
236550327
365619570
64559645
369892897
359145003
654636438
260238142
143540191
36305101
362507709
21053016
309953756
28201819
93906770
265015359
755652647
88002182
640095582
448762457
124595502
68624995
64566744
450936807
148659552
259485396
236602581
378603808
578083552
827659286
4651404
300510050
359390814
619653060
625655208
64994539
580080229
81888459
142304608
383310751
549692366
761784825
161797675
292223256
903041586
383810986
325474106
726451078
1149072
173337848
156442210
34379712
505706084
194738545
41905482
4571832
158543025
51976498
157208358
26548513
5469245
77208282
186759016
492143768
183840474
765732922
219909878
81366703
174506838
583138268
806072205
88058772
209588179
355688828
582383144
115211520
833396
98891849
341204350
49850799
100508788
80567356
159672711
286693857
268685546
513239452
3658671
112235767
139997333
754640299
916617115
411561638
324689182
161825322
573854522
81659620
850968372
709853760
11694831
352796997
112206497
467951873
327410519
7363318
721180380
446025296
13586268
162065705
296190299
115894234
265965381
123280355
215682370
166773174
151215783
373800909
764730432
90967002
14449001
425774442
828569305
816670508
439018173
18508323
478138576
139922218
116351101
205406268
360498158
579599600
769106568
605287396
348069377
31763053
153050888
164802472
65679057
373033375
932222355
319459710
2957610
7873721
476576873
635296122
100072483
253991518
241475311
28491447
18760252
78348962
244989313
365850666
459310440
42090232
275735582
901130578
352437696
296434202
378237068
95833258
151640055
11885915
141352656
249885564
378598975
136043160
549328075
181669778
231940622
549854697
198825312
41976188
357038358
322582189
57973363
362050028
242562038
394172543
532508705
392514936
222458982
744859803
722718469
437513332
236964015
1272323
551885902
44606506
35184278
487048167
373815188
104068444
610121191
262061947
40434099
93420758
598756700
228413610
685358442
176938724
3701369
173957676
264566380
270782405
100395221
382675343
173090130
581300764
24268500
229537441
10659624
605732744
44869783
344257457
143957147
820052976
284305982
426826158
172528176
553679152
342774357
125878168
14061975
648547939
352249843
191449496
605720434
783982043
278413199
282426633
60725696
314272044
370681314
447309727
82284285
435526508
675773582
33490948
29083331
163700736
792798248
23631400
197450795
213618350
231541785
359069250
47060781
651458700
63249028
56626898
456391681
264909576
213530814
317828222
336686877
344953760
90945742
603718664
8174691
267691270
491358769
116157182
6289667
254339646
694082189
247398304
690639512
23668503
173891630
391025666
590052273
240613960
361453412
180060652
90949110
164115222
29169451
558494562
61413033
134071487
118232254
261148668
502681703
525035131
680263846
285304994
13890349
149295590
320290373
305216779
17821654
536799554
423180822
204875074
40053819
129144054
311047525
203803200
335365612
126373749
263481454
305629366
82510562
190894022
26266865
56254187
267428446
184743592
684072702
380446610
405973651
49946336
756536658
2166887
390818306
533840799
491925288
687682912
14651415
302694072
186096971
10638229
341452768
777430431
440819251
85648600
14541716
17437621
9055474
141989111
49026007
330397853
119941621
625158744
720768054
722063639
58095295
81031960
253189566
466713675
355413318
376751401
29487600
140579485
11669970
150228444
264095172
214347967
91271936
171675945
38519740
70841428
273434736
544994132
694356209
282066172
42494328
379126076
544035076
525867509
460057264
751047
539180314
286412828
661205780
34256090
476585549
86909186
139166571
14670852
332041798
559121034
489603927
10464373
42112332
684867272
797282028
415783576
182161834
555087738
81239460
198625798
328474387
151480672
246757672
70737437
220129060
31401412
50746068
636944168
420029035
257550237
506106614
419947940
273939958
315013740
501610532
187677057
179698887
408888398
286009589
22005050
168812493
88481362
348024165
44521031
7180232
525317754
465881860
45533705
366475561
94101362
31103877
59588318
10732100
138940250
114252273
13249512
323031226
243092792
40308561
407103978
264815106
144265663
425466562
167952184
70327693
136473394
106521656
744045771
577136283
231085028
460275891
370800274
560955186
264321348
284298942
103914604
71017128
218230451
255996036
189805713
519135757
311575039
454939095
65250966
91594345
161044886
492150633
193641473
493961928
215142569
432140679
532126635
433580307
100617679
675831620
11362932
602802365
571494541
805406032
12947460
242199539
339257651
4569642
175334256
706637140
818578145
599163464
12450270
110817483
675742118
403696501
577835455
17895725
6082998
32110310
32551459
27657960
542511473
394822911
407864762
260028177
436333392
522420221
8252885
452544969
15331861
67106362
723039772
64918578
286268604
281448861
173807362
177546264
228143769
59494080
304320937
22792659
99100136
338635534
399296741
804929854
115452760
15791665
145315052
139096433
422682106
301699608
301162900
678832190
99397802
192484363
372115740
19014184
86189145
131329270
645267050
348630377
115998545
798789
115452973
52934621
679061568
13942800
152513836
587234561
194897565
1068093
87586704
610481726
275228227
14679106
128072313
277639204
8833245
337796267
350990187
142049019
202567360
203538170
687437191
256627708
111604264
101841483
4114604
32935823
916631009
526368224
267565199
50757665
203003857
119953534
181076838
198654754
447392505
646334226
258951827
930084870
484257840
117948900
835700701
187936448
705052995
35128379
741239514
352553555
93079836
709291650
208965509
5285812
87540145
615630953
132090855
880732093
17943085
335712602
431747159
429861529
85224279
549446938
575080975
14758937
252181512
54450898
59705758
13730445
546253985
411336382
196976857
322988532
182726235
311684920
249779098
79997026
2389144
359213843
77522610
61877760
154104704
134011706
10000590
339449104
621946602
252991909
88550838
361158014
251902120
535896758
78908394
211184360
200364386
104398556
337545296
498714918
85561770
20916937
416371000
254029340
79527579
658653558
471900389
624544455
320749140
168592278
90680225
111567440
401144583
47498632
296953635
216916842
573664783
230664554
667886760
14905629
810301135
624596601
361666759
319717537
353596612
149514706
89172167
4166203
457086076
168370601
149492199
422721172
443655
413073934
595104824
43927607
247118132
24866167
325210958
260605518
104485745
207231216
174333726
99582978
47706834
116709900
102950433
176024801
216074335
399349444
94861714
563187864
98483587
131086542
573019331
75351310
123301320
23873067
396108086
727785794
664682204
38696309
855790503
216633710
66486645
354772708
29537958
336783089
114336827
447417973
316157750
56962920
347855293
585667133
818681683
529784366
82623794
31644244
146727523
61061035
56431052
34926847
581643412
385912354
1320788
384896105
471501434
94484020
70881565
303901196
154511011
323500772
382906058
1345516
118716507
210578746
23441411
148269225
270410500
905359469
237241539
253696294
168268405
55133355
443157528
174301821
50283496
218317522
449275006
676983291
173528540
32829816
63982852
236424863
234412236
24855191
387329197
233293728
539580006
59896144
97713317
36301988
775370829
183481473
301375929
529138144
673208637
22100519
329762894
347059936
442071036
294146525
481328482
368218962
9751072
455911029
99720710
163748022
658904721
13313952
411833340
202639847
376879560
60117122
81996394
162571711
749513985
466444171
236013172
53692250
73973020
180162848
408084
119954923
221724832
180955704
337199290
130621159
245365020
327680610
44154546
82146252
213645649
682315005
119665273
510531740
42616350
71104222
343125912
225976467
280172859
417916893
573234314
419211389
281324790
190427439
193397409
664291880
454380571
235737466
56560923
380999063
757467558
22784045
709299054
542423162
467093546
40758458
454229919
714532373
860514569
250469151
500427258
39904449
445186331
619531016
523420962
128229864
336759784
378507804
728222554
40739698
386330514
137420094
145796556
248064378
452725273
58081396
98704767
730056865
7034557
528468223
458702433
77673246
151934334
87544004
12437724
228826171
855931103
10784370
293555979
13621531
175764340
173906534
7288118
446128635
279798750
655849544
295964788
51851100
417158453
132182672
360583361
53119041
44292225
616118074
2191660
39736652
103354322
439355938
278987216
162292306
114390769
55307059
146774919
268731752
273352306
505513325
276652911
35098048
3307096
187276775
326755002
692909515
157672734
62631099
459634072
606045181
1127412
231596608
270753798
505104735
628367179
678441521
276902822
187750772
434201202
397463896
62102087
43854153
98068125
87245332
265488969
1008335
137276268
368984314
167978372
471488941
305489844
583543542
442182626
766154921
182009966
449471664
375472487
646120138
247346562
191654003
55737603
17073976
320415408
310881058
613209342
470049127
626382459
649142007
125519905
739502606
616044588
302542950
562505184
3238774
183319783
57507188
131462689
540809299
59481425
924253837
231728520
86843898
42581889
393232461
38083548
865170197
221691755
986192
333663350
568686308
328895746
31177528
615239873
164392607
153959088
659856065
541719255
130474425
130513456
606549755
100299279
859647568
211014112
316978666
713992997
69028366
469505276
232029510
240260925
46763526
46810305
310633338
707149741
246196335
556131150
657972235
679804638
83028518
88874246
392195139
162162942
218907314
256816270
277911680
214409476
98972768
633709986
578265734
585028479
439968401
124176953
61444392
335930819
420339883
397677595
302024008
19149078
340962754
1192226
87937070
114304623
92883342
334265376
379511180
219136534
353749945
661162968
360411883
427682252
63759928
258821772
56371444
73034686
22595034
436182500
484235639
8297581
640644219
78443399
265693279
147041420
149754776
681543784
98513842
730382976
64239538
152136672
210853538
13580702
777841880
357912115
651692630
301445200
3373659
154307019
135997362
515850664
120529915
22719639
452466027
314953335
302770260
591240236
14563009
289817785
429933138
74454527
636304600
559766066
730339303
18275601
426663936
604551695
781346120
350454351
523482512
190652498
325989318
599955001
290968683
50236714
253987873
145283441
416042074
476931822
2583549
279344076
171930217
19709346
301901593
16654931
239343274
348742920
34981108
613956442
305027495
255870385
581779916
576002554
50010363
136720661
153764193
272798106
7359029
465703942
821385717
1924324
238165538
601189545
814368688
377606770
11828114
220725654
64413477
81039892
279326325
319874199
374996778
460919496
438686530
114303390
49584354
222392731
50708746
814434417
164853000
635919413
5212956
175540180
173281825
510295671
381198825
305112821
829906132
189378682
334063477
315436284
90580398
485248419
173259340
103155890
109951404
95892667
18844549
382168944
335628856
399987830
150650142
74775961
147166771
160761141
1918358
13215506
227810563
545617245
82642273
319067844
864794401
22327172
289625071
267498315
445909031
11457178
63231354
265968667
107957664
21706014
492791875
352557888
777153276
382733059
2011252
305912703
550089784
489553392
373687352
20397979
84535970
452282646
223047465
401237116
81816200
193352305
366586553
40323334
693262931
350670866
94516473
157537953
141431995
98041933
45674571
47867733
135020778
493291290
646762430
2290492
788725382
161248943
134823106
195934234
45930810
285227121
31448662
822622752
520807131
593466098
69676293
41149049
432407305
82835382
89332264
392503758
578914095
597589867
283069228
182591169
643587371
556693524
158902438
131138819
1748072
274766166
24526855
357592795
37492362
211798484
80614400
112905791
101837810
676577343
113741859
167939115
378259360
777134627
177817785
92198833
256683971
394441708
279226078
73585589
517887020
296142132
223677264
51238496
328704993
84655804
123826877
106530011
123612327
72575774
87239854
212349504
491788829
736453160
480684588
1323318
102163805
4125930
80794780
374227649
169237165
532893134
819015188
888837654
201690199
327506333
95818449
351934458
513131305
69648831
871414031
293658414
457125851
255177855
279023224
347676816
380454342
261246908
458986657
60797886
209310343
192478906
673358323
44799829
933782450
229610730
313491573
200063416
124786422
387347519
441648930
78016895
744902329
9293388
389837341
407579993
111855900
138885688
40760526
48592816
417628
280515409
685517940
743695121
142007626
78836957
5620492
382227653
99821154
404069651
162699608
398489709
240657356
232693873
259870974
245953953
34066336
34113680
547462131
261322932
58599754
37791707
730480496
391701321
221923987
6874232
175965580
112647015
37815430
261699863
185186377
790870580
598950554
238785957
614086063
50675440
399577015
109283802
258609698
416541243
32276607
427824671
773121597
610379483
584254753
372025598
848172963
540264165
535968928
265496988
21471650
684764329
28055794
331479459
257522722
306405015
161916032
603320559
73372020
197285874
554659341
512580786
156950928
455205938
204619020
683692689
885919748
236530080
83763390
3769076
16511527
212462069
45617339
806086344
354166819
371981461
307791400
233559740
479279711
7884271
7743806
461923357
78916404
71143638
502358556
295643848
438194659
542113410
15602233
128130764
523140651
449922974
136754798
5792055
32506513
498489703
59059266
202083448
821018103
299765340
295153914
758346884
575129093
24391533
24840237
603087120
273319533
25453593
359465220
94168289
730816265
580384523
14450391
32728060
239371707
428087419
86041058
69473672
4981547
129179398
655531559
271151245
118924853
52016064
20150693
240435789
382952324
640746284
34344244
540545489
393270703
736047939
259462018
625817036
39308433
164393006
850926672
358902838
106814033
291271168
285636985
758927590
843293026
70862932
443872813
14295531
134003562
375311682
571970899
480925038
86940382
632270805
254737638
214781193
494443020
79338901
481258757
495892115
38803605
172780500
117432513
451962076
490478497
89590222
261104027
420635360
305398064
44913108
8771135
10625723
196112511
417281989
35606850
255112021
124178635
54933746
130234830
65247526
372876922
260090825
137537292
159719725
334127707
80332663
94357858
651074087
63854768
166580509
445671310
1161798
26418218
845826608
356012956
117143412
122570572
73440025
232510825
209969464
283491828
320894808
215746091
229954774
23810937
352422171
26725006
565228260
80944242
929814597
100664407
235964453
1202493
212504198
38001963
836356299
4357332
530564871
266986632
61828157
87904871
149177113
143570764
159538458
153194073
404952816
10565606
182307373
123041871
35095304
454235552
354950211
345610864
222928437
12467971
86199102
89920991
279418
796894603
74988266
327559538
105390275
667695384
234444428
38028742
346847042
369857291
222182448
807378728
40212051
31604350
260494223
58943468
104172927
471165166
318036516
346477159
184730507
195223572
110686646
250088391
518650538
103416616
50362471
64434602
289226940
554475461
114784529
312354798
622471202
22564838
419824
517219146
614273959
7585504
415962590
98438851
61246826
501766140
70350484
71340784
256988414
21258800
235770916
253379227
81561259
217762186
450238541
188458888
558623989
582969175
107313211
12610641
150128940
174866727
530598777
468634743
124031220
187694076
193708226
498173808
351709905
142871799
199919021
237033572
648399514
19730951
28581114
652305219
70032547
153051259
370805396
6757944
149413644
18540004
39861568
201797035
295937174
191684605
873713645
776849000
291788703
65988634
862835232
969324396
243675088
702896974
372803256
12870736
57953451
67248029
20071406
154966711
712043971
842685567
149922660
240013914
118458595
131832627
126727500
10670474
836797371
217019434
600843491
274799110
428701042
56736663
386110864
93507808
629157084
219765534
189999796
647295838
1267973
119119923
228081855
46962688
198468903
156685472
184518040
19115444
198112649
372569096
820944612
193031256
418679788
320128470
354949948
386052859
2193440
99967395
550827405
93940581
122717012
106512342
110292489
44463624
56978212
387477226
273194506
94253822
75988854
96144941
253240430
544437199
140727858
82466621
459305662
1831496
49460998
156439219
568282230
427823612
254507594
261406602
154672374
141464895
188390811
184539039
100256897
38216592
27453003
794043969
165209751
177521535
12915500
717573968
367853953
241612974
164529528
720119328
531545485
710451161
298287016
126392840
6172856
211827703
246748481
811555
129588248
265190642
261672970
242399726
376360466
341617512
364379419
891362665
859045160
109862562
651603797
222757573
132147279
187715923
1997404
61441304
146253611
932957626
234010827
139119091
181831804
314405519
168070852
88000066
468837276
73385703
159221475
184436344
680550514
389480455
276976507
8885633
527849291
752939517
218304025
444220738
27384813
315694
124996410
14543690
452793971
515221339
162078704
832862022
294290368
170082067
417417130
263780774
23093729
319351322
116149246
7300193
368148548
379974570
655787569
682726046
48356940
251277529
44932296
507500444
142671192
24061002
111652882
239162357
688767889
203951411
773248623
39250269
206669791
588516055
325255222
231919032
340164317
334062554
261878409
56734220
674642400
239599570
653575825
377865981
389268467
310088191
451729807
66384881
797721272
156753977
317641721
625469530
364152984
423793089
557898292
116846023
394753925
181132934
91984638
301771500
30874442
59984508
71270874
1632911
465381558
121709512
3373040
625698707
36633113
125170671
14340189
274421434
153838458
270202534
587282065
666999074
535052633
765456076
136090857
43088127
87627236
37464636
394162785
621944261
478587556
148358156
824125545
187066586
619976334
588539780
123665436
202474063
365597106
606307843
7520302
474208273
22704108
18643991
228132669
291174321
282918779
133709429
655791126
47072644
43575242
62980457
258671158
214458708
153592726
41673251
761310297
646038665
452035085
31129748
508568417
224767578
196956620
756252016
411425712
442900316
426316612
186392297
444235575
162914608
82189085
303206487
44875576
431102034
63744783
30201843
25101805
116349558
280175918
168092822
555308944
502538646
601969535
7867409
114834198
350062803
145987011
168676200
297390060
733928376
262236154
351809935
220426075
260271619
378286808
254805190
680327425
404725509
196062946
37858788
86064482
172915120
180821440
177019028
115617390
62643595
718423048
119044731
520009228
46883385
567907772
701570104
61571375
358827983
364841331
122825174
245824679
346568328
50859887
963674217
57642170
534799802
49339938
535205580
207543863
27329863
147450953
182574802
223227884
165717017
92542830
141786022
231212125
396194160
222032231
255448937
154981786
62946080
23262726
853570069
129495711
359122686
155650943
21191181
410412285
414423404
411781738
161466163
714104251
287715691
66763372
774786040
262501642
229227129
102446849
453922109
567365796
814445711
560454198
748630712
518507680
17593340
434111910
642964516
26248255
174688851
133611468
86028985
675639174
381149059
216114902
46865519
213546664
905626039
10179543
20883652
943570156
138609539
63863296
129077560
60614740
45514826
26979589
100865890
55956994
105793720
139223135
745035791
90347144
67266055
494647807
195371186
16612976
622261956
388066200
81831927
124695
84764887
128843633
258903324
380019945
88807421
893632734
661600431
244614357
481004597
329176055
5722222
182664898
204785569
601359391
484296566
72771729
159903693
556876796
74498794
236448965
197655192
491982523
360936310
328834493
718365069
278216144
631301733
120019063
562126226
346056466
370692513
111977582
27227418
347559501
470655110
483726542
568214000
16349100
68222094
147604128
44795946
644401905
695397733
239223630
533042880
440934800
57697819
854210145
162237193
36511749
352285943
56509623
270403602
148979508
755173699
39071416
313772616
275924154
56858736
719762007
406688691
674115379
145592356
267359467
79237833
339983451
330521854
351329224
127055139
112377529
601921950
429962493
274406380
89557578
363582625
21448707
443612233
30658551
446851551
119236776
659290389
373402544
152392935
745232332
381355622
79631498
30510678
138130195
1735078
46489322
574651299
610313735
217441230
455974883
6755079
311675191
139076205
9164617
234189332
212139265
84887470
77363136
93811637
820447917
4950726
140622478
209398631
606478
298225073
120074388
298987865
289152887
426521217
119182262
8382015
456271827
215888499
178123600
234186452
26699341
66657704
364779707
663313078
270867220
337561916
335351556
566644923
139398123
651958693
24565813
765384186
376246074
471602949
723035821
552130126
798792069
201768196
41936987
546264762
264775240
94190180
212504374
56737927
376159754
32867668
95596296
3253294
94345470
129021107
7079790
278580781
273135977
370279322
313670638
74943893
267523817
112660019
4858759
149666493
51765645
526526550
102792029
309684662
126805926
570172266
194410194
137571177
217386696
318376032
62462137
586460401
76170897
538245222
565673667
692493059
419361102
91048378
267456051
148174501
518723676
206451349
316881956
298233227
29602272
201826404
255068619
813271552
86938821
291624850
346947503
48334286
215188
1866587
385252094
19768692
518477782
668879958
13255386
677656803
292714706
373275470
154639173
3361782
304645115
108480043
587439009
409686293
532732246
420885487
249397054
448104475
261440716
12575829
604356228
329209545
267155125
198271906
151017565
202431609
379955042
64405499
6199092
17060847
298173768
786991225
226680607
156780869
140469284
198622013
339127102
85824784
372923389
719175170
34707105
385981602
180557341
115042008
71573978
232489062
293968098
106821507
268618370
353002638
740177293
742961124
457693717
69094789
202851570
349709911
79197656
81596490
40537298
709644918
163362577
371192588
68861505
19963366
19576232
293776893
382604704
57783483
74005774
198203227
77608884
444839058
186592316
619490797
338405640
442815679
226911370
148055075
63150156
89536445
490314399
30743301
461994617
68852593
442408893
41537671
150950978
498037100
96406495
18411744
735879060
40697593
42957033
99397253
216586126
83414158
316776358
162611813
106021496
68548622
260485574
749764645
375346287
13703537
17559528
20703137
130990626
16504078
665868940
144212133
23355249
197398016
186542076
298915714
161514829
278662436
289802853
255929896
84718190
127373599
294428160
2702236
553985622
156831135
327393417
16493464
199326581
32244621
449271017
631493426
148181032
157748628
17102037
610916679
63081040
542828443
515504920
120879982
65160368
32160456
244807339
104069235
480201064
195137529
267356465
204190174
136499090
950799376
296776169
29725404
162096175
227057208
237240028
402169112
455209624
219833301
387812645
703939366
206663404
378505086
469607237
62199007
15433000
218467683
129477275
13717614
20032731
92091364
929142
536422978
318106806
721743950
203418556
52203097
63535221
840399748
153753798
436373514
280922116
195889416
35486862
699703469
310860914
157356528
344535395
226800204
432120590
118031689
274614126
89528619
608153887
269464289
408256393
137942808
276009170
191892533
161424177
65488172
309733256
411604381
555702939
128724423
496498059
715214206
74702422
538106512
649160433
52298016
347667500
212609555
202087129
35461334
181468757
561357195
559338726
243399555
643962961
157058548
123157101
467898853
359416
55418948
257220419
6258050
612264677
257611741
145765518
624062610
604789
249256494
916004207
267429621
162926761
419019057
19540570
194848333
948898200
435651414
27196381
15588745
163881104
118396597
173221360
324355098
491648596
658452348
37789641
46509665
907671083
476302656
935327171
202033270
512461966
90349280
171114954
157198372
210923400
112873314
164569179
142114398
223402856
331687234
203206158
65434277
35121653
646977732
151900326
244022347
455078227
53794158
395245930
770867463
490961722
166526502
171813463
169631956
268705713
498776955
78607792
215015889
276075577
429727478
573817239
743941999
466483365
721277180
215695315
442142012
450738010
37133153
251875190
21089022
78693315
368996369
311931530
266750832
733178268
132122819
33805993
614264797
94868080
217665827
528248382
335852780
316301131
3142508
38758830
1247258
9350510
354620200
489065626
133433078
570663131
295492984
114650557
979861087
542698232
673317911
206481995
463250361
64406979
41757635
111127931
321545928
748359736
10148152
12832370
171342054
744856243
477139974
464098593
312201908
211491618
50363346
42543020
456664354
645074412
573938325
238568533
153970313
628159012
140970288
252883305
81637496
768897200
241979906
171840953
410921744
490466186
227166642
308397223
385088965
10671594
128108905
37756153
269071992
63288985
337539991
39788743
363455616
714686078
230525953
47976368
541196654
687089991
461451968
471462729
744834838
18651777
641257403
722651351
251047373
263207989
230997855
97734365
215383713
581540121
26565310
265593216
390371986
451354173
88262936
90575208
37188263
189047367
2840175
53795463
406548847
218861160
574545804
258848360
28851404
246182938
365554013
395168626
471431048
200839970
8242394
385399843
99939234
60042797
441606396
246589635
652932399
5198032
293058809
353157133
614396873
17006968
202288130
754190552
11169966
20375740
143625880
348393150
636325350
260050089
169292303
435091700
512965551
222454155
374208406
35577536
622219682
3354364
216436702
150272946
624953134
147494476
315009660
11530866
435872628
881433567
8576728
365928434
789070115
123758965
743892943
176121380
219083427
219413590
601041637
201054160
364342297
14542832
5274192
424943149
491494076
271130664
624687170
135099376
506921190
167993636
325168320
668473757
909265482
225574110
452082420
34279612
582647299
141751130
363499825
7873930
141358881
268033084
426385732
159669042
435267598
357705801
220866995
117018026
134583277
517532753
547577938
613144572
414347092
552839601
19288397
11860340
405061822
59505578
35375662
107773546
252241939
220668750
295611702
61901633
199391929
251513266
486571695
610270849
725982804
3400545
564363007
44613301
328298878
511936631
208391895
123533101
13108846
377154744
588578200
573626138
619534799
912815162
185592882
42427710
167966365
311134855
470395396
85585946
206346806
746274287
736124335
9706202
101697395
3381080
157045362
300713713
28030248
260929278
197409516
177569694
47756241
379722830
449478822
485279842
390775681
568027547
192902055
241142300
147817268
355056535
285538746
333000232
210539144
436014080
40813176
65324369
63946216
17583622
824468934
12934942
390154579
54723797
510540261
438564695
109726753
124368372
37165690
564501358
329764722
81312220
347649485
313228403
111644459
307596105
204614957
202179438
177124863
114064187
124635620
98698862
77751770
525654272
684622859
55522036
328306925
506604414
395611063
170879024
124926322
457326421
621240414
25777747
119640877
382354522
80056779
500168612
143566775
158890479
300091868
308264048
89243077
895880493
42680316
163769662
343470591
113494698
282781636
81838735
68066431
362338119
182995146
61698113
575454529
102946368
38550979
525889621
615847932
306084449
401681448
274851334
501088126
65175286
176848238
147418084
280015164
502449582
63428825
258791492
352152040
408964238
212923612
96764959
2524982
160509369
67122793
517885798
12711939
316126610
295490025
305857310
77401877
392646271
358159704
112903631
240033929
573153789
293105592
79278493
427584381
128743922
159402744
131311574
455314281
209164326
146374440
100608105
30795126
13808638
76363266
383343490
228093173
494169490
126601410
270622594
182960180
248966492
392482665
619493101
194341608
85857496
829888894
191637598
115861455
50516650
20365010
347400161
209285200
385290540
443167918
834482888
159458241
2110339
577083925
126977766
358718238
272321021
614771250
424887738
828790677
526236408
811908364
6282777
68427036
198501900
551011356
167182357
450863625
9830938
40782603
66486029
583276869
495375124
189100392
421064612
71466053
451536981
232448601
99401310
181956104
214270902
132182643
37910905
224087963
405549858
382981970
45698116
526804840
598764117
120156069
37872539
162562026
302616779
50757968
329611189
99838777
517741572
376253199
707251089
293923778
20550540
514546653
242097609
310198015
432379123
254009943
186297257
43217102
70485016
678981650
311896291
110822369
317554105
240466020
344486014
432026085
158431972
270298284
817064117
194356352
64292908
455681566
543024696
410799954
292225752
647849461
205303930
537969684
568176134
567366362
190426204
170519253
170189698
182924476
429054473
382038720
32873414
248437535
297739508
791317387
776994361
169547683
13643003
705990828
73771584
210284616
78917169
210369924
401113619
158761255
211707222
350867207
847501220
823694190
200605663
964709785
504259420
698816430
48884190
142091957
495418644
562498876
13783780
691060088
6671548
89916547
153409796
321916278
533824899
164409640
610339599
119090347
138087102
197603847
550308425
534843230
79778416
102118238
320768601
291681683
50814104
82719754
679942394
93710396
443468653
577921829
100100745
40621481
225920586
455613305
375557808
665013488
52444693
353397022
53402552
153473509
100179687
126974109
503906549
39153020
69331064
41969142
599910898
352870775
260241444
263078718
240162635
466569584
48074749
252459104
713391196
379451708
361826735
597621652
336739814
151380707
393672603
6039802
354441168
513323118
89809578
99910623
76535247
259404963
435478226
15524815
459566461
901912929
611315912
20332507
71807277
246459612
557447820
196195944
206386117
225585551
147423031
75214205
288023274
631927032
130977491
776477490
388512645
177330919
392280450
139494424
218852762
38672339
595608171
304325432
593082293
275367912
967091566
513550986
94183209
546304920
405862496
316130786
31154454
493902042
83101393
177787839
334455565
734269750
344980795
663090498
87405089
388266736
79114928
286668524
33443270
481508762
173591415
325656736
21898773
44824381
103802597
13953908
30742974
636794188
401115172
58336768
10864971
282219135
611461969
7286314
122350126
550793255
524936380
328042771
57697211
448353609
265477800
331691505
103118360
34703259
23592852
51849952
498406257
389972059
28524395
2949490
437203578
516806227
78013554
654528522
388412960
480173356
669766557
796262658
608343117
309078303
556510028
166406536
477039106
188681621
173908474
483367729
255315279
662696708
693284684
399205544
419551469
412826944
134349965
567441177
830813974
825915785
375887935
180433636
498472846
729544943
82582070
140800854
304243220
87310416
43240876
180647656
259497778
56350080
15351110
76573752
883774500
614675424
431139555
111544310
82917840
186953722
186090271
269881286
696002933
152567978
18614232
440808389
103376771
161689352
633705605
72473379
148019908
452216644
336806888
219514481
537524083
142100928
214012317
55442709
82175488
396005664
46578856
263164431
736118992
59951146
369424891
4095867
75459441
101309145
433831611
457958443
19454188
1275183
460507705
367098521
48064056
82880346
125324162
597497051
97060725
34483823
830346666
77402096
252263982
719794443
548296794
20575869
242616206
214635165
653287071
178982104
435500379
524721092
147259841
697568594
24318700
362617709
48250677
186253820
669228186
104563559
387494484
90349880
28057994
85307393
224413089
558636019
73189864
225890143
392594219
202276227
857440757
393835476
147611208
366605800
183217760
930760046
530919360
236319706
18718179
438031095
191462324
34463670
40436655
641164298
403047354
111826328
448506164
9147366
1494878
82915125
3096920
159903990
108300610
6625440
505586707
800404232
661965483
47209336
115690131
204056895
417760726
138696758
135114252
250578827
157020864
640003093
13160986
369981672
211361056
146729325
284070296
617135009
394151920
109578043
95248782
590666516
398858036
547252575
3957463
550645344
169818066
784314492
25889880
358578492
308626302
420933659
278337416
127119748
37243880
343539770
60156921
58082467
483087090
6516107
445059407
457977765
42852641
91750056
233412878
210045725
84830155
209887854
270111882
416181167
7532560
188687150
532513482
19383288
14018067
44386352
427815996
501625447
687360336
716379699
815893546
780493095
12391196
177883515
667762882
22032462
165252180
83888723
89215097
301072129
800083540
427888554
352428624
96787210
33380114
158044233
556465838
204143197
54544473
430688425
180268834
27279085
443496660
99431352
262873398
205695984
51751466
183241649
9613459
865176653
474829782
225066876
328745348
548316541
197308713
135634462
287285214
256185237
322391760
369542063
252497071
307872165
264427236
835511423
59002058
107904430
182718364
170380223
247514959
254089666
422973946
94948390
233563497
217907158
190061006
51998902
178896400
72914656
291418554
25772241
486283058
193712606
486459550
41388685
694720564
259842633
8480841
309324627
864654470
103761920
132043874
12601464
705593212
471129600
39409358
420002815
180781860
268661826
754879637
519126900
379243571
589087473
806007266
101217603
69134696
68222869
194488491
508845541
99154570
42450488
579450200
651844745
12561792
441799620
109637170
733122394
137704729
407393443
70103719
760866303
15588821
121690707
20370102
315989400
291289288
209408558
154437454
110907457
80874724
68643839
118171317
190222937
38800042
57763060
313007993
233274571
80102532
311002059
776527488
25100652
212126115
170984050
59354615
201459960
951082669
221604503
20637146
880666486
875945753
540835804
197773070
342521406
222904535
145648441
517977911
376997276
103687663
4473161
71539191
155625230
518937512
442372500
8558271
212326380
547692288
159564056
721222706
317232000
82128998
665412299
143307342
569083531
64338223
144299922
48746196
809713287
285549664
47700711
227604024
104520444
655240
639420776
391238821
113091445
117911893
35559282
118852230
127188640
827730906
658513361
605827449
196164295
686377629
182296614
312051066
389629839
93567484
634169618
590738847
104252732
764529517
268038685
319416395
3972636
225684099
464866307
520848143
149386913
149754136
464830311
187283935
121582780
388938567
179102450
411774228
331641924
13587770
93580756
175475487
56016939
216728094
601207601
541109018
97606347
58765615
270723037
23495568
36386830
693095825
70069216
53892432
691756036
82220812
649850318
57708331
297956254
305276250
401674106
177269146
280600531
81349575
255174410
35189186
660499773
91740766
263853918
504864186
80487869
248186018
674781234
732187155
17600908
402656751
401514206
265024375
1617480
123666737
442240873
318866418
435792232
24840353
598007796
296887315
452484363
185256334
312372054
31702036
149297802
110920076
550188960
510478320
269575698
265167661
307596978
335238996
449415855
37912305
40396742
65824716
171018644
