455202594
773341029
77487970
26901517
593069433
416424320
206765187
298048
276925563
425830362
508714425
12069232
171090251
14665960
125840895
85601956
349900720
33864194
737228459
71332377
655839068
344239100
169773515
73187286
205954659
177928593
623480306
360310835
33146185
347405058
434122552
228484847
519787789
550033892
196691791
519234771
163938127
380944176
769464027
155620582
389734062
512137660
618520236
308531658
49221088
100092572
366471154
87200125
304556367
600914425
374531132
37134322
380858082
124228399
270318018
105557535
400688764
504020835
15926868
396563930
40197019
23752308
35888377
256426786
339186640
725533195
24037596
949126523
97602900
444130594
229040647
157928161
625428300
523779297
51359190
84747887
473930348
193794727
538334974
127323877
238536657
48138364
84613586
238439831
421757542
482729389
426310153
285892590
75706388
94559369
183883060
242609408
310705503
77849881
55252846
729762377
263643852
2749883
753355764
399736638
145533869
137814722
27220725
360245031
154328967
10482243
127944152
375343983
271622064
76252123
31364305
623232647
629226763
280817567
263370198
239217208
52720728
741852414
75914337
275165807
168381171
65749653
402858006
11894830
91012026
44610236
537713910
84491460
123734664
821718236
123162952
31839017
159372691
31916382
357545712
100487572
92603259
439599552
235144423
349537448
232967367
497091922
176140203
763982069
366391991
454493625
121448195
56170896
212605366
253261503
126299504
27938655
474986721
113087268
172169159
55347625
351585640
512186558
52785740
288824688
187249383
741761084
252576177
403098455
509399511
152028372
93533277
93935474
54810267
55256442
307412123
628193888
3482460
110644765
171153332
186147752
40590298
2268708
15815756
435573663
343017758
643458320
157934049
306963757
84406578
117951110
826925216
310191251
378279738
78973449
787497611
413344557
218861951
83761944
65998670
390209285
134727372
269465891
326245871
573614136
304622248
646127237
293556458
610748773
294323675
224727653
59027659
187263835
338011153
378309228
423717442
265919980
146883903
58770726
435515623
247958530
536220083
616634872
581456539
398425517
97731964
119156585
35583915
444944554
3137850
496206407
95829198
39849090
3691518
422312257
101182481
358408608
283862250
182520869
50296842
635280732
513591007
728782321
627696463
316776782
88772734
441953414
723489167
909659429
340156050
73670579
29783444
6551293
385157374
80469852
92053612
405434241
5520640
636923043
24415998
122803485
104878480
141623381
698184192
91341658
57600233
60817292
407501357
308262801
26346273
497311593
329131980
235332528
542963493
103137134
128680419
214298103
147923069
600042822
967452
32209162
43853258
205572603
13489643
87353840
240263967
321777854
377570462
176300730
24768244
577002754
190269444
23474752
563192784
136746753
707752413
284211693
104790996
409536624
454150754
270776875
664432110
88971038
159377113
14520558
70765103
92342646
287437972
23148541
578100102
31446142
231398887
151081508
211795557
533907
19339015
187606822
25282178
145303899
340713848
80678720
460426116
90953057
140691324
443674207
263798906
3785842
338318288
22696753
17079308
181918505
89435644
762629439
513371406
171133025
692625221
114383648
109546874
391991866
111996632
664329176
90358054
37785149
90094400
169618632
118099526
385730087
81949877
543085852
62718218
42079638
132890776
733072282
249213310
815743888
579434353
62707344
173622693
79745314
278855949
128066376
21574707
392490052
779126912
446594022
22643273
98247478
515769136
129582790
207823350
91860977
196765081
33280651
12130047
42957576
131654893
217423962
538800540
437463211
43901740
983502944
351947191
225618170
272566929
365045441
192577037
17735392
278552944
521446412
194834394
97845192
7535934
47312204
152448441
194533379
465311618
665485836
103166790
15982826
182828936
124633817
771185397
89753459
50824316
242961021
323599987
194192664
681451079
656428298
10458186
211800825
153002449
85243662
180635942
635356746
736634001
578404683
163115137
322090277
226102768
174401415
244073837
100186702
396455132
141186058
401807384
258213464
154119862
68218872
319506337
177782457
352442382
278853480
114484875
263745965
76308560
216523050
9717147
448500295
207280907
944107644
588979543
148913377
41801600
175986613
13404097
35815175
458815742
166148150
107507758
160551434
97607483
524922620
3675605
27936756
154449900
424748957
1173928
332877428
53626077
121456788
218143350
344583996
30324884
523374652
595256612
98669635
522773840
299608342
540720233
557112108
394236160
428713631
39469086
188148088
91329069
499108445
158054746
179141044
61158855
574428831
64796631
331490851
51389744
258543537
17176612
244124840
149346058
683792414
44503780
96922689
96909208
175152766
638793053
320457714
405121953
336156063
450076112
386690897
397889532
50775848
589083824
39088863
56814994
434993184
635279805
70500920
5066662
85854944
260398294
115061216
745519632
102840720
91136125
120871400
253065540
852488222
441196703
552830020
207354792
110561504
92629955
407236768
613718526
658662845
6505565
230251692
285865013
289404648
303995928
480512130
235299553
297675380
566365356
92915587
105038631
655411497
511426072
209551735
478988141
21757067
106871064
76712322
82860460
151817609
605169884
355879614
424316124
71942460
209780115
536473329
458908
30276913
84225999
69827450
407830378
65121780
589470048
151934919
276448569
80899765
338673140
248209242
47266117
122516180
15255921
107680006
154672145
300408657
319447239
321791592
23511314
334259583
111245940
813949233
585006216
169219714
7722596
41686096
3073024
983081475
258836394
494386869
23214793
239227068
240731906
65433580
120603137
68687901
481701962
60020158
554092677
50364366
865247383
532788146
52892930
370906719
350326883
523547582
74675839
18568919
69637945
397557770
33198485
767219019
507131710
281832948
142142313
195404888
716343997
316989545
637538765
274913775
864036102
306650260
67246905
792603057
93622124
191338055
2903648
324187409
116223790
240652136
124606471
134401292
201459638
1156645
244060684
308979024
878405011
154651247
20125232
167677164
24266054
129979691
24393291
432708906
16513015
8572802
469607044
49949657
104461660
597258458
234861092
743035818
783616736
294030764
634395608
49768063
135498984
569944720
487609550
512538602
61468256
106386275
423166005
127373596
266252664
246827417
82418715
180517536
212451551
656128095
206561046
18329941
78433840
110369072
37658418
236775379
129426375
7013275
252332675
587460356
18855424
12618115
315153253
364858958
189103192
441290692
192018849
57676440
484489007
62043568
423539658
10827513
534959583
29182026
688029598
141061147
206839363
285700908
307949797
33100192
19510190
810138345
628148439
371248615
226333455
788405423
760778551
259654904
77557769
13596921
106188225
302153730
451501437
332151826
456119868
208249362
237526546
76642940
73053971
717589383
28786610
77664289
2186086
287772954
113861188
14383520
83363663
201979879
6892065
137168560
32063819
24935409
350278722
318009639
196890839
742480087
149903500
114600316
160576447
252969382
417946120
323103847
455304471
423375449
129056
60248749
420457208
8511443
171750824
47352574
123225225
10186566
268293916
715964932
79946938
241837081
191512664
45443990
281807285
47105878
37618045
180740427
269227852
490456019
289038523
508907419
215088339
138939358
152689452
146489635
49392234
101924658
529110031
225030280
106537331
832337226
405697315
524442723
325897372
420969160
746973640
694604930
34444340
178931684
958916772
691441963
404316246
429715708
201397059
85087920
38380336
94693392
117222468
474948573
459621882
260350397
85792883
152457914
461056720
112117507
432367108
182307259
433587221
650112598
306853183
252770304
359622527
856289267
30811086
98688679
222292753
187348914
8344218
770127570
40059359
183425362
110393056
4833505
280775784
743871222
603506982
577231620
573490345
746558568
98978182
232932308
397417855
194112629
253043328
477109070
66178350
225781477
12431452
89559497
244830355
490797221
597081470
58846410
164823404
759407130
293128644
713190871
487897008
423846898
94030867
182514639
126482039
55106315
32442602
9045412
297430990
256126050
379517349
108958204
721112151
418846792
585626873
397731034
336870288
236618416
74938579
80461055
127176777
29767352
3476128
131280018
73196482
67164881
120023629
297502840
281378578
455907235
283556764
6384509
488996890
289371826
176098222
119177626
790173759
13335878
373764545
412860188
406040138
857184976
136628082
38213425
164287080
122736845
34548164
731022877
170711574
98623555
823852279
56863638
225882456
455383954
242447067
4261469
114857531
169486288
69522710
833745820
343124149
161551926
21466294
40855119
192788254
859355081
36720283
63684161
297792960
121163561
46482458
211189303
415972360
12927687
404411508
472471902
358560883
119285821
830108114
222929791
249939473
85154815
76912368
69539825
339728460
111423232
195937506
33450016
5816748
32369237
12507966
117987529
462625358
830173626
734341363
36927286
14394544
74646840
176897675
123474898
16828024
426650224
600125191
423427987
544053685
685200760
545733087
4408321
63538993
485791163
57825582
521194781
324461186
104261123
30645661
169941718
477435479
727252802
287038033
449867424
253845830
177803626
85882841
317596348
609803180
392106230
594903165
28718124
382068576
415056993
121642635
670184636
119357546
176936980
162031958
547883823
303492173
422177595
186091770
187198333
338363184
43251269
228051915
140696326
291422001
715156892
202362712
59725607
285190533
510301064
204129486
46359585
58613443
323872556
489679222
509472644
383712199
162213950
226564496
201937289
4896030
95944052
70175626
711009576
137618093
503046874
166952104
30648383
353564778
627156771
210084855
735349620
144861211
39781684
520964796
15366492
528391149
415823782
137551358
625562091
675713286
563352689
289741368
598175093
143597536
104000849
291972898
59860192
809637134
558772483
516999190
31729779
642164599
368925265
849395024
806601265
611402497
352639195
198571773
488651021
140982376
40918264
147319625
570134801
302220491
223851834
35289768
295427964
282144952
337606264
479568546
39998506
813361423
153791491
584058486
584936975
333978947
715240465
733339799
27719364
403167916
790167716
177730819
71772558
362068270
260012682
209726618
58917038
44788176
264489228
236463496
149448076
164341236
458651294
189292631
215150763
601273612
299323861
79312022
60971348
90604478
242791653
9299816
166181236
627368657
182479050
391405038
23831573
106384978
247137130
54812913
739180011
26661076
84871294
306595536
135472457
452051332
162095028
194197085
175811888
167136527
410729978
215473065
602596385
601043618
199407186
444305237
209655414
183197287
244817709
272065772
659210151
53568235
390943263
233100452
174775056
227763945
627762308
117575265
366573419
76778030
214669454
310068268
44060819
247545899
46019722
49293341
547759484
377324464
245719116
805575390
426230415
167278964
316248764
183765920
543466020
200616255
378750864
312382069
300843069
18825176
24205440
332208425
18279566
232399850
251806241
172910700
356221993
64841379
287466259
40195359
169932510
411613958
925094375
27185718
136127844
753413037
801573428
296142786
8828381
162655452
372623097
456716955
836606996
39523515
244223988
206613762
48670506
150848553
190207616
194610666
212946405
120034211
310922430
398199358
183074974
268503182
215898204
130710543
222706337
245876861
791481996
222129045
286378711
22596870
438164666
7888295
407421423
322705181
254597811
317159024
208654882
613610693
337915032
425667270
304990706
59197181
182896237
598958466
716664659
144085842
35132117
136341407
385583320
120213532
550790676
346787167
471308228
387612155
370196760
34574174
464895098
342150567
283073950
464371578
13026685
162498321
13189701
86238846
8129274
180490656
165640149
35166606
116369597
470356413
156213025
870670089
288115920
21564796
809830385
336192383
338697319
6145124
573517688
129268077
186014624
31308763
564512692
13779342
881006646
401143038
547557679
594070308
237822178
643967915
117197097
319756578
271271816
571138349
20829804
884075763
159522569
608129359
502232014
86335621
228015956
226459525
310780609
97816996
6565634
657922708
702187079
131129221
48984641
657703187
269700552
450643871
23935906
59293212
307588740
13784600
782162717
135714282
122787996
116773823
201761296
370237051
89492854
26189158
18890610
765948093
659519490
161251042
460725150
702256307
778475922
254212328
297937101
431260131
69348627
281526341
28958637
236985787
782594868
139195420
87207678
408572032
98315266
643466616
886325442
807905
448166556
9411930
502385538
125179076
489355869
201132939
98600871
35768981
316988227
643814503
133693856
206571454
74520918
326130525
195378118
424811786
274467236
455115369
541991476
221749487
368358406
117902321
115566751
495872190
989889240
69115775
706760008
322313803
61447342
160260257
406603754
264994066
120149743
157582651
115350365
203861230
123142700
64162922
888638459
108362990
46964078
457927516
496614325
454081019
5333102
183674625
151724065
507690417
111591162
108286786
109697132
549709242
52091436
331121502
44455018
203058986
546565052
712625411
362558751
376982257
453827415
172814608
140630325
534566239
5013672
369913850
168167577
34652095
566493064
79566011
164542474
259140113
654684235
176020740
29951764
125597698
557449284
5268260
19298004
91815024
214426650
341448080
53681298
302789590
401782921
104093482
35850419
7210752
314743264
50724952
520482728
197973244
40059687
27425273
221021243
157786167
72072058
367753512
27772064
444966536
295895919
265910405
305053160
364240708
64051757
26079910
538085022
89738070
630463843
115929324
166487118
168755337
438869409
265200586
189634544
500624234
260125793
94547580
135864134
84684831
80229260
179213187
707189520
446315062
311148017
224041138
238461159
132949265
549088165
339288082
133842226
412199558
460069246
638772063
810165825
247883124
127300028
128245627
1695981
304881602
179049954
293268573
199014297
324151587
431553369
262391891
305634447
382789228
837347734
595476463
155189861
367817605
679589029
13080370
210117268
156533568
796584826
118396157
378793637
54260885
28961370
121070795
161104869
48542510
560672894
389080611
250965655
84114696
99055038
478823675
227772292
347056034
315371980
72818692
25445428
497244344
8593366
503203700
287237643
476002783
425861
378165515
607407135
89117463
66050950
207613898
414746724
418828381
247844385
364246154
916488176
535493909
53273427
24900057
518904836
7365361
15470789
512966617
108064688
267253695
2863872
784181292
212455598
376502988
104979424
271227639
556272046
62941091
429196694
497979335
97442396
495943366
314306307
133146296
37466919
783874274
168858204
378300778
245454854
42411597
687159375
50956420
242127716
205729376
363588987
238484656
555794441
475137153
352796760
897425949
232086227
197553892
283373884
105476401
93345934
221928799
258050317
136456473
292791890
176315038
256816924
346634118
52533322
340862716
242398161
366929325
40882478
85827484
405236845
142561352
237496244
55074100
66303303
922233
45316504
205651666
366972923
654612208
84877880
867346317
489336582
127447813
107191314
189909784
64436042
237176226
99438752
612498336
130214261
134464710
147409200
390110002
123928277
522963515
115698950
62579264
484704246
501291557
16470253
257459081
490400849
931097047
37236146
103685734
205029504
966009327
75553032
286304927
488703058
498958277
597655820
9971371
285600537
61164930
736063991
726568258
202729299
221981200
341840480
412243106
2601502
280726093
116816276
937780561
135186424
329367343
10845253
866435529
451244831
587798607
24723169
277856461
68162656
22929999
344531202
948120368
119461727
107845197
146606
93051222
163863369
183403821
38885120
32842405
195642707
306301276
86971232
496947838
60807147
222972513
487528021
291441791
44087182
79064958
145035221
105392338
32511788
526421618
440717365
1473962
189537059
431453604
216093261
70850592
380962
58963588
552168071
177590818
96776415
332512726
486327458
87784443
586126077
468895804
235588051
190454629
502289172
270887407
461325874
237494
446075590
775123293
516406742
34460480
249874770
376823435
662418557
16746015
391642266
606883354
1994796
86490537
439511413
57112129
511358558
58286721
352893335
582278141
715388279
445686683
144725640
145733449
845341378
448955877
241321535
513375354
39593623
244089148
738239934
284339229
509593748
1308956
80828203
155531614
304797524
32197142
157427810
250332520
148725828
52210073
521770343
101988725
187646931
58305328
714371
188654082
707425998
206917240
334061594
203513637
109389798
95868710
473930697
384666236
122785909
535052584
759763838
380524562
346808470
865093349
63181545
611265450
404818231
78919118
827403519
612178818
490645515
3425191
226639096
201401183
11464940
82909784
78957886
28385039
70813500
15816878
60789802
506043314
9915440
225739179
90923319
320117974
530241595
486692779
347825712
641791766
23207783
238591320
357159638
118325644
258109526
176874801
70998578
240798116
257238786
304942400
423352436
348090588
100551245
165690702
145106993
342974709
43135880
90569580
360776522
739124000
50666850
280390363
606762419
2136657
1342642
37305000
15270273
52948700
35535850
746176122
507044024
152057788
105417972
539254736
172048029
226606745
322109945
125072336
375410774
432647158
622152596
236171370
123127380
224390774
569923962
138090594
719746166
383292355
298854440
54126264
20712153
448073683
488062634
200045628
116909854
140733309
513422553
139499669
489369948
83071913
12444660
271706679
521417805
14147545
251659726
74842240
49319743
210978319
1645358
685207798
56011318
277480313
387050986
242161557
91113318
327126352
385994251
150199852
39753989
64170417
428402204
312068062
195063703
16475566
44246971
203687174
120745664
898616189
494667815
238132422
734264367
29970027
261201339
40429612
402215976
8952342
2390629
428500205
584696312
605183888
64472962
584154
118235459
24423580
281390106
70810730
538788230
53801652
601223023
172471305
39636882
18706376
63737163
13610935
378231428
412587648
583989102
61380990
511859537
507039674
262222716
161218385
200719032
123937774
801251228
31520702
22491451
381956502
72810070
486544738
23686275
221676556
495616065
549036515
232215675
21086897
110851226
23727726
70165192
519502860
447638658
417108803
323840786
319164684
6257298
277894227
135622065
92243465
89641034
673995058
540542686
491906700
104516505
454611266
400513682
326686396
495806133
150077084
282369336
42627150
52603914
133864519
39982237
790161295
412972986
232611914
715516427
182733241
547812270
682143240
59144080
139501334
413214032
125170301
595784116
239538211
221538815
209950180
244597259
68388121
211170304
463811662
3466669
72488408
307456284
346793139
64328328
506725462
253210724
113057430
567542676
451057140
357486282
944159595
702897176
181116486
130886904
420992718
455119502
308317372
14707763
715915015
198595350
136990703
279133479
4771370
272352013
2236986
280338702
150674505
26748672
67191365
765544349
43308242
497421890
254079071
43906741
758338989
335289723
446115578
757060525
15606400
544593548
101953485
253264590
53789696
208444453
316322069
67957070
3595787
32150126
72221307
126250285
119020125
539083947
200100918
324732366
261228152
72172191
639475643
444919978
580831369
347544021
125453716
240085526
218100545
495947561
145086155
710777796
422497015
461367200
175568994
42496086
279724288
118554631
668246380
410475078
17942142
201759216
37885732
276013083
82286953
14972266
367676118
12375924
678364401
618184046
2881308
221489042
97226988
190067350
642320690
22101684
223599401
55716822
323791515
83883848
72298608
141266550
13887884
187001476
151104555
37221158
549792102
79739081
35017110
367943704
120193341
220566984
228449074
105789467
69722159
34499730
55712974
253480321
945856326
697211540
311894293
6863382
827415
383681237
322169830
241265555
353285368
7199123
130048447
280873849
4072777
311471863
281106388
220007551
66557424
807148692
590834861
156213940
17258476
81072243
403887219
254397335
7186465
89692071
316444092
207028964
55433871
324838638
673583796
220519361
846458531
108478031
164126995
23683128
712844246
158052839
7251426
125956950
57654938
22695156
171708011
428219715
81621793
46094104
450301418
569126368
274243333
604721766
137535741
28359372
383606641
307790121
197913433
173267678
52974544
668890860
175522614
95304824
17146389
320930226
30120914
467518692
648366550
171389541
246681969
491222340
467667760
240218937
794534789
343438960
550194177
72548172
53297555
25608857
510696002
11346935
594447229
573556710
269524440
42352963
152935650
3963210
105447647
91759651
84948374
263943478
611127990
253654528
452011927
357085296
364453772
132794488
43093159
267275923
56555566
21612939
722532381
375532732
112473068
472998237
742489299
460385382
535104232
435875022
147553167
234764768
759802098
31334796
170423908
374327687
270541048
70862091
4510180
386397857
260766258
522577584
221232483
34723865
776771321
10726881
218232369
654206579
318877973
615258009
728027063
248547360
6777271
7355697
72087210
539739396
364450459
213334302
325208147
332803960
386127740
558170915
78651938
47156532
35416458
245314522
84678495
486175958
13168344
285029610
285846903
762585944
134558322
270387649
406800619
323099114
15382426
132452546
336548857
620229350
611497095
60047010
646829426
55099937
87057667
187702608
354544408
528890603
7355428
574785716
902585304
290382849
693665602
260810960
541702655
314257752
856389191
267776498
159696871
556960317
8377926
337555350
146178032
236455782
703754050
379600902
290346712
20102678
382372655
421425426
174034746
20291682
3724493
825911817
127098744
107827533
123194442
199724425
38708838
238132134
3386016
741882596
291165928
509931067
617566460
15653753
72934069
97078494
396583854
378110949
26167057
616028390
275966015
172257606
420374160
58000359
557144818
438866939
60086612
891708610
216752830
625287062
14228472
130079146
7432146
130986204
356240264
579539543
624386528
429227941
258467606
704963561
253567104
104852490
201731139
815990851
699704806
286867252
40978050
753467973
757479963
102616949
5493930
35327523
12795183
177677256
168041844
850201072
38349950
175674560
494228939
430353795
107101064
85637644
7808462
707094414
598316887
619866533
468209177
49890555
67954992
334745842
15543979
532385964
13348278
623042550
137885822
234172421
520673039
502268942
415040567
50492243
191573874
55561728
122555338
59428064
88564758
433601660
662134097
5128179
167779591
257032073
14053270
190075118
301411344
209837632
184490374
322012094
277190571
693489467
208651593
99836012
126806762
348983478
621060201
520043609
304034463
47442416
521366788
339192394
538945147
171204344
7044638
343226525
55421069
349941208
387199137
510181404
927390345
532190274
29181879
32696232
617937625
484655239
450206158
34063064
384345372
319348525
230758487
237731665
197300655
459546082
42359107
608133877
154598386
119969626
542857748
396507190
60319572
147076512
150125948
68346490
566638164
204549619
48152872
142276529
99600312
115266447
117892979
343670830
13915930
429675510
74399836
35975340
33110886
363020803
74863034
286724924
179799891
151921944
66192636
919574
350527967
79650107
272687148
543303258
715835952
29923767
54116274
61452269
208231710
688286218
252468856
102896299
46456671
326117101
211640685
107133057
471742872
115421979
684821869
589151548
202247802
420450495
26971545
526655254
88768148
431852832
672944358
98586506
220972959
362625875
312115578
365912780
130675956
332488002
83346406
926058436
878210016
409086924
60805282
1207938
253465598
38867213
160858263
144289801
188375660
443292530
37525108
906364564
594848837
24080529
112329990
384147440
5311080
227966583
84757798
1495830
295762073
65508621
59524290
325150291
448317992
18114920
662392623
675441
366439198
383789602
627147766
837767190
460040826
69690656
507753845
26786412
18810678
168785448
483039593
140154017
661062940
288115771
3663699
572207171
138462513
151877729
708047744
79778442
228634657
198449368
576210968
391629518
1820258
310398707
4640776
159672359
414870612
57098754
95405166
38278138
322232096
157636582
436337238
151866654
189102165
599425293
211360525
59412992
324514301
369942200
192128229
60586139
32087679
186265473
574722161
161043281
176634929
594700926
157411175
463075692
594201210
550388467
2937425
706204382
658453956
443334960
215656350
385306516
608245440
335888896
267485688
193220409
117669943
518460306
972892180
764001717
300324118
202087147
347990557
44905533
505353246
46424420
177858828
41693121
69824181
260861018
68031190
355948069
112872383
465794658
215803564
471416607
241692710
126387359
170404467
347035430
125142316
48048630
265809645
514806356
616475661
87175642
4818524
18801606
187066495
277892843
206051148
102619025
247551472
222185278
658489589
153329313
11433080
96183591
342959804
41167784
173539830
43149521
155698205
117564495
703636837
757685100
38270921
595012590
416481939
733447706
158076332
177009914
579847552
807174037
8192869
206068502
354843805
513232608
249516579
6714106
378636782
14475917
74529590
917358829
61264452
183395474
441114217
401691734
92667678
15265354
374557033
712549847
504479355
748332523
104389632
238217042
8138624
134052721
325771992
657825532
188404591
246264821
112662291
59235736
438256315
699985144
230184969
84820161
590098995
651081975
503632776
406362688
29648120
307015782
389897326
728371001
671468135
903816457
271626828
296363540
581532389
171340206
614543961
187702014
180305076
435208575
607767181
315069793
386618197
39309918
237701937
865863938
99632678
639359005
748520407
74253468
142197290
697086590
156256187
1819581
422394503
41251115
692025264
470459829
590409791
692768618
205264000
154436940
189143804
387040602
20800000
26823382
311152056
139096099
477887516
167929060
322763400
247256364
5558904
307431402
545250443
922344916
75102150
90542324
219346447
519953784
390302760
82007371
478427856
169709571
374139956
376107409
405408433
311415646
259073631
52744412
558269509
256956103
74176170
360346132
196092916
277470207
23385038
235243201
7531449
501919340
37633501
502049370
2887755
153010199
48472674
21825392
41380102
586707352
438882272
15671436
57757392
71748040
144930452
177414799
331131802
541882954
459327539
28484474
595982029
151675620
285711870
274018779
226366037
210837990
869461829
311474207
103082273
50932189
18233775
375528597
667252436
384472477
574535569
34975102
480816024
542533533
135416232
853267354
9760612
5814195
230366029
337305641
155780333
306848826
381794092
186338773
370688484
76991382
22828099
26621538
33298351
575099544
144727551
753456311
199657274
763170533
20732098
50460680
15089985
90910399
415436818
414344408
193379886
183571538
1306828
352728992
223825504
175216404
12084520
146050180
36807256
219658000
216358211
9461062
398907988
331254108
28989001
176286002
568819956
251786938
79235799
455771894
279723531
714674845
584043942
234824912
104939549
126716297
579974232
21362736
7332715
335923892
462884406
438479232
384222251
358954982
498171286
496049581
416767266
125072935
34235718
134431134
53203556
369935073
447822023
503210372
10380000
112667260
538587806
235515772
864929280
636496026
80886045
729806820
100243881
304453278
174982730
401730
100290317
87660510
66498393
656052408
223248418
415373083
612139224
73187530
469808092
545547448
768210593
4929990
404682464
281177375
46301292
426658960
168367418
151842449
236998526
183927016
137815859
216838458
37009263
371896923
435599252
196358289
500677140
469296844
849919418
238550493
107796681
182804897
565591178
88340792
122202914
38467509
101703314
605651787
110261709
234004271
748435725
391857297
103218868
39375854
223180181
333184428
70113168
214421133
88015940
37561542
27200376
501653315
44856868
110746893
196322507
544993069
101098281
613855483
700278089
38147675
254885435
485955080
103740528
252209184
685628557
491107676
10800398
611788511
337107571
171623620
327259686
213738917
862928200
73087705
133742810
83114735
237542325
136736442
54249323
124209470
327792771
23867156
538768156
76931656
104956729
599409556
691335276
429310900
160995830
420183839
51028423
492735079
283847727
144345318
22039405
137525018
514169215
219265101
293455758
326034564
86509186
661211724
596036022
224029633
897979811
840520211
356973941
19950341
474267683
242985134
8418623
137223350
451838349
296749790
159229227
184192389
952223956
182726889
50380838
106416342
151990803
162725807
3749073
680140360
153219792
783051000
119817306
501715383
115060326
651177690
590795877
384730113
613187024
360173107
301717364
652436384
130586068
66639750
100222058
260174508
281211200
774455245
434466555
520593290
35145348
557122473
325371790
223819388
707495773
6013049
386704064
40382869
59520304
403431605
128656388
109978647
47533399
166556272
510337680
497972137
679924187
107820079
96358384
80799747
26597033
76355039
397718740
354340140
310405526
114317147
440188205
525088600
14726096
236954428
12731085
718753623
234445635
16450034
181301498
626291469
901047178
132507372
78548629
3825837
200209119
901418900
115739354
294086677
172522094
3402300
616703676
800711176
568442725
525320723
663756468
290155614
699544160
367534222
701358175
876243121
560158558
175302474
250245350
336896034
56741608
551982202
307023149
133040772
332892579
394173010
638321026
367410251
196819816
348143465
429506642
78962359
90367699
216971411
377517064
135543449
3909856
274153822
173229815
452780783
159517075
582854190
9187353
330131105
357604223
44677689
123444430
87537875
464364596
184720705
55207629
284826756
143638975
530774162
542582912
362385687
85424658
369511824
606595490
98872050
298586752
488042036
233765972
91292014
561098137
132434050
65906204
94262821
107391699
46765431
68059887
316493037
675826898
330151996
9578949
163235749
193855078
192028920
615169853
303085163
145072445
300837578
276224205
770553791
174029696
414809506
99502028
251007529
421947142
260180528
155780086
357794284
159119266
233555998
5655125
353844333
486593853
118251280
604974514
861528043
71029999
179366075
63590516
452195944
700753832
474024526
493931833
317904061
172439062
155168964
130444759
314880338
324388171
145156712
57739137
810844712
118133375
31167267
218735532
392363139
374217893
447476108
187884879
31350212
11356333
19479370
123079090
57004257
241080697
187581390
168601063
25810683
57063929
230176310
295489376
63138457
69348200
140533861
527145789
228530169
13624191
160127201
121714326
545657320
305631015
60291875
244986683
699288722
226311988
619318501
314168628
811930572
189123860
449235368
76300348
503560974
534914396
161250264
509186390
403134967
67829809
625134
254233697
74481131
533552437
46290018
40036770
424158619
360471415
344407094
198658355
296863470
117097095
59883633
187183263
923901184
216633945
74323443
783054043
292295651
534243465
849208332
241169132
152219943
152626920
90727636
240372649
523116611
60475370
868111582
61682756
9044664
329591363
245927976
187626248
496767928
483890964
132188511
606256629
28711817
248355296
25397663
475644130
217783025
994506
282286034
798105910
730016495
367972358
646897719
571400016
654049482
387680401
77429248
103437479
561088936
112075711
359447434
38917448
374279173
647044343
420429507
414206757
251509235
189437969
71775261
868145091
348955062
32950837
431587372
385064038
111746804
93974576
129043828
640106540
302981906
82037151
71681172
158009651
3125648
21973463
5219396
50998317
372251255
746605978
322245554
70004729
301887135
47135489
47300829
128926822
21760077
121839659
320551422
50068029
181372973
218990920
6347400
822721212
175894554
299400018
702455904
144068614
223663179
340617276
4712542
5729154
315519291
271044710
683871152
108492384
748112645
422287045
326527440
501113045
400037348
271195003
72256699
579634878
255281869
159139200
270280058
274551596
26325062
348328008
655337071
58166199
703428096
354585324
542192982
379565681
573071120
313221568
525225717
88961880
185104598
25829648
35758098
93831431
793901727
245065895
20944054
96204708
148714330
69732130
134323263
636113
372581644
8452044
220308835
942847783
77872962
117593436
46927298
436341042
709458185
195031895
112482790
192224158
228409016
485292731
67687776
428359962
266240872
41904858
116179028
103384522
595374595
560062506
513216150
160732363
309973033
889802814
236337322
739035638
681881928
252077922
33669900
834884400
129807012
992601045
78781796
8228563
78836023
207526846
410609784
105217521
376532352
346402549
555791638
319162675
403795973
297694137
237227695
83785244
234101729
629689105
4597160
2093121
786736796
92342797
306560437
250438842
400475019
584637288
335075268
79099836
969984167
66494863
21787503
210393417
159985576
185225687
746188
467724858
607239169
188832000
2555088
413664122
681723055
230288704
86864745
331329463
690371432
605570444
87779331
285820981
132413259
467208519
219774462
894612330
346289756
153288538
573124188
315469014
136569158
216204479
708568504
479083763
384604248
235585624
686404
45601079
720968940
75938790
78930122
63797748
109835005
51267792
286988084
623984448
483258596
335147720
11572069
485370813
90100746
628225097
954229598
26267204
9501760
717455000
180390167
428456398
400688790
601880740
340068525
32656778
4911522
12016683
192907928
555010369
195712406
110524459
137406001
45254953
218994980
791110842
254692070
182111022
215549705
369660540
473047696
239934794
229280319
91188451
411644148
176126535
180756701
51115436
51518736
702688213
243022731
35332739
683801830
632657246
197564820
307217430
220534322
36387146
143810520
269102917
477718100
404131946
107834195
555981606
115076900
63132424
399801989
182792750
2249882
259737011
498204591
201178066
273087615
246924486
334143768
295532930
644258739
140913642
214979727
642704440
27244845
145217700
760833684
18203374
87345458
237938011
146491503
44889939
361817130
58229909
515901099
10509830
42045482
235941715
200417660
16932995
753587117
818868072
103112333
232785940
43715199
112143471
316511650
76632259
175849109
12802
195554485
552173084
91870991
570795081
89761111
255573638
396568431
108715275
340060619
486276020
214170458
157354091
556369917
75767506
97449257
109907953
649507549
190472702
267846348
79120042
148569169
137654934
271334784
120562839
504866033
1706646
422461889
636924672
577661934
141263730
473693063
413599433
10844265
329498000
301559539
731599637
249160861
270712165
731619737
230619502
63967186
57749168
50229656
5223154
78039695
622221844
73484510
80935054
164191809
405805975
94255144
508042629
55722821
294278034
879421413
108112046
75639372
43603795
17518257
520644711
137707667
34390620
241117288
710654988
76483887
2829915
158556552
85515504
611388802
893351
261753325
672740540
925407321
214403078
728841653
74961643
117502705
12493771
17663779
44823752
119342655
689620202
54023822
275192834
306624854
193357065
43949027
106769700
451714071
20679308
363572168
289968549
5055829
9461121
93713400
304971875
436550120
120608812
334556495
832723789
547875209
131800422
45303386
370429985
366039126
19547812
199907683
85623275
379644606
340434574
152598773
305119385
535888154
317176788
188958638
189881382
298922418
106024005
36898559
73565983
548473573
57926964
499185812
298917171
105359004
747193519
24053904
169973591
108268499
75752665
326109370
300447416
270159133
132976893
103747353
367235055
528887618
213383618
102613151
129354534
542381825
155660920
125334833
778591452
61553116
445921462
257109835
442212440
84084037
646067692
502720075
419911702
389111531
257999931
270975237
328908652
314906062
79721016
492404582
461501720
80209337
810395550
26162317
751243102
434844045
426953931
540390847
453604150
253521815
605092385
153334651
712556706
125977904
88374512
151348518
375515198
276183201
235870432
229642230
331998477
13852100
819583439
141502287
405395922
484487632
532343636
360222891
581694069
288694400
542142449
614260154
136316233
77857934
15359724
441662768
152981824
231186377
463213216
128161586
269006058
341928046
301553577
436410089
324571508
451149071
115712060
48182727
284805874
360746630
396822004
851203494
296081525
193683741
245152625
416860492
465321532
892240
369265180
470673279
398844588
316214065
492708299
210916710
417159766
215263424
364754772
10281271
28185489
119069495
232712275
233541687
673804583
512517856
83671167
292292985
578254253
83127846
9014356
258296382
52533818
353176118
130389228
398132833
658480940
291499103
540005654
79435125
602806581
96839193
646128436
660311561
400383174
866963131
115302727
329423900
6780349
105266806
419385371
365174980
245633532
49677052
12197616
872360908
355247190
154581661
19474269
936887159
505338980
74803171
448820968
307182113
398175674
599594420
460193747
37941427
163192280
75873521
387047768
158670928
603820799
41040454
30683454
353867163
567211183
103011053
359287460
37989399
88240907
630453121
495130535
172107213
360230380
5873775
437670931
480516092
23077000
12440823
118492913
88520094
179491069
353640226
163392998
69526931
12709228
46201296
381178825
842511306
30256950
605522380
695023300
70623070
429219120
469679694
70422700
25228044
68648230
40719228
724164320
102519901
80343188
778440661
198523753
14533605
369490213
94898058
73139978
89430896
230077914
609384584
639737074
191410517
235005573
155437465
13068855
383153664
734307666
133048295
831097262
459667582
641402969
220413165
66045088
359141952
953514096
915692000
281821483
217227744
62406432
91428584
216328656
193517291
586402605
398378063
419325500
30517319
313671307
691998147
104989099
324152003
167598076
336419663
102268070
43803081
84932243
497090507
267499723
109580664
399872344
6024880
110706314
82123986
434473218
248564871
414091680
400446914
356195019
144847113
17452241
223803070
125592045
6816600
499154348
696673406
521328808
260576637
202729545
78544538
285635813
378216416
134576788
49220137
110166045
210252436
42053249
86817358
53096788
559759316
28247149
148575474
725983780
149492833
602424876
82579199
124798006
136369028
243682320
81626713
758323831
802526623
392460809
691015153
477917502
280343907
14100976
37668167
241690053
395439775
216589958
893348052
115206321
241475948
19262018
147614958
15200576
137582792
180872299
678943292
232090410
45505174
19217752
924940762
670267420
396717669
259137021
530680310
211919821
98356519
681805961
40822344
15499655
683835131
656749003
224598756
390387886
748710149
990009548
265574125
572123993
606688453
24457123
146750154
260957318
56497058
753341034
264799312
75076403
518557330
181533530
95899847
492463851
112410619
188229554
110545126
663668997
790768338
616520228
84508173
41682267
362693247
8684212
164209344
473180466
96474930
107740511
20819119
131614364
180951274
547530766
257387811
506622023
177868350
146216163
697993421
3338026
497485103
11130605
822088719
14013608
780672100
16248978
142258863
583669085
58440489
75125202
60206492
342931394
407478634
672985549
789230274
29137660
486368518
630135842
89159934
144714580
554867228
28225440
464792070
144703055
113705068
919087954
8097483
686049631
297666048
698298624
170225328
167859340
120274848
518059981
113935000
598698224
169443627
358524301
673001226
34263042
19885223
87928545
159097944
278334917
522385610
469728600
838544210
88672795
392489174
346251360
361262127
547539781
586724374
395041210
682971591
13849494
165769836
72711639
679745393
402173738
26520446
492736596
759642475
395201918
19074582
414976211
777132
2831863
142064201
385315444
370275888
526437776
112941568
919171428
114827952
412688290
126725621
837289222
56479696
70899172
432351733
230687650
623380699
81304045
365115238
403060058
359672507
141834025
286145394
901590878
1685088
257485424
502525508
289082771
66819338
65389441
631257463
385968908
336646861
337870167
510619430
17823737
423041907
28436879
238083284
50630372
161444755
189526275
610617962
45097262
150960332
436986438
223187803
70610384
2941628
156167775
513390588
296742214
981000712
330064903
89369406
590205416
124383
45109319
432755040
449145054
407020224
409664395
139188549
218765231
847261292
178133194
174241647
556843571
648592701
315372216
163363544
181598662
430194160
243413051
319684752
879735842
156589001
13426596
217311623
378767399
818306208
612509867
379072332
371897904
283813770
68902265
337364536
19437174
94828095
284808199
355483746
193631565
66585818
174629925
542957613
130079282
176685708
9180818
408287049
631272373
150287448
136773056
75495034
190740560
81852558
172791064
130870286
597004553
713616953
447377675
443657979
773075077
391546327
543675912
299872612
243338441
17609644
749698917
266848354
253570752
470734702
294191680
458407683
63284227
175041189
618137684
719315235
398098641
274580506
2201310
142967747
36244036
92453200
267146289
178172704
32190012
153149912
46129480
276616835
736423579
140507994
164787036
82197002
122554589
140354888
410612893
884456561
69020214
658492775
531359696
61547874
13508548
858891457
79851814
529935519
42468528
108657520
615506324
158566099
72360672
444351689
346676304
385561068
163120106
77969258
77574950
45556259
564434833
137281325
12200114
30289116
336124438
563028483
58690031
598267433
186062156
643438330
129541041
923540682
439865268
379561895
17344397
215324074
142615314
32892718
378705634
170930813
442590102
318281909
32618338
282649687
528690190
379129231
46257758
57282204
50387463
57251730
468401266
113604034
367149489
114155201
181883820
58103296
354230968
225415666
189061708
880210961
296810775
816128988
27914068
104890143
497796722
758878114
275079530
32932769
52806334
107959030
647104015
265625165
82390985
919443684
56384764
717438169
166295385
235413447
42801728
11820669
772580820
275962600
472784648
31727989
592005209
254939280
440315710
87835106
451865291
260944349
31386243
316150806
2284898
25924034
143503499
675764214
537832382
344072005
288133909
662233889
612274019
746688705
479871200
743749120
32373732
312227985
204104771
350452319
495986952
36708292
21200725
643466022
604101505
397540694
199117488
14064353
524490085
147907716
146830334
493427632
225757981
134923980
610128304
422878023
671827497
84139045
353855272
83658272
65946664
114024628
21870360
293315797
728501137
153488317
262517088
44481415
312848105
30103189
126778520
138864352
93513993
451295040
298853
38903703
364727048
395042431
422581493
148890381
326102214
523150227
135747197
826952901
192182748
242157077
10041327
362076248
378696591
803225547
223209721
493937899
14881818
914197449
177358806
14107084
195325984
555964098
179777748
158861766
85742898
434142639
31793383
110561748
373881168
67118894
142497160
314140465
257287812
870973019
66828648
381496732
73453973
439929787
173778122
65958367
382484312
23372112
658897403
340154721
346074732
307540216
61482216
248105531
187466037
109652188
583282506
663456161
443369631
839527851
51363987
389532604
787151283
661558324
381649675
390351474
477325181
328813593
456053733
118195078
40591649
93529270
503755947
511934806
27528241
385751552
1928874
52928232
57607618
170254688
66940103
826730074
264504449
333575604
305513570
256507604
199691592
162305863
530209828
159001736
267643906
14641220
434096176
138910350
578705282
552929205
410483648
417899243
950922357
163139380
943275500
344074657
771937740
284210057
27418717
541977945
507630886
62983938
624154610
540961784
462804371
379892117
185299900
417604244
194882219
522050204
231743386
200179879
471137235
22792107
629476112
754868222
93073119
28958821
156498401
462452393
35807384
399248425
174414309
544709796
235247492
28662425
407636446
84377048
380885003
176786899
31056177
240732737
655963739
303157332
592043863
871286330
593744509
142440136
91980973
411768605
308201772
20346874
703358840
357348010
119785826
160961539
325195723
204175441
195631953
290883310
244862188
63410774
963642433
234925094
260857907
132048443
660976260
261439877
646303347
161309559
142009059
267918536
468332040
397009788
20926320
826382162
752652706
166652108
69085876
158307681
765923534
699416190
60601058
9856049
741173814
23792610
97887734
617156516
572571498
739032202
627992805
639184196
904654510
790825512
311807458
426762029
515232063
314963905
103779504
86795856
6501191
8596746
89541855
4376729
54548648
46892759
41293787
273534425
272330646
199280012
133941435
300607084
238636956
138279412
225804020
228607000
817315991
16052413
520070541
880204443
35706188
453547982
608146871
401776515
62961529
477758247
266466825
151924130
590712335
196067174
704910334
557113221
174370637
347801054
10027870
113045342
4695015
64692198
616318690
448475575
268671769
63560355
197730734
366001476
218839791
73104122
401123114
284261717
537551625
24368706
124352650
448184202
138466897
208749075
395973665
77702396
58670391
211159239
77181547
216740468
316830636
99068962
76118744
158970227
118662343
573171261
147706115
374851534
415589887
35932445
72475932
253003480
94675722
63646121
85221625
213595910
34876112
399478658
144002919
594233924
68429452
181849308
315917970
39825458
24328556
64819764
66929679
761479731
319698019
118556404
313269817
99841895
303025474
95134222
201895123
86129485
313619052
371810259
516081730
260939224
245461465
887462721
310698885
66922010
921640054
47251500
5139215
170887152
64094943
87458346
417895635
446711840
286834378
296282444
492931271
346728455
79857587
182657094
94353490
255584368
279652415
638337645
532825732
201206338
494616624
588090380
291699143
375095908
566845213
291841887
580950259
330280340
89710328
75878
36800148
452807555
307333724
906902696
55546364
972007697
275687184
499094836
125729036
152428323
346416136
23401409
639160782
4172146
125742578
29339919
103018546
84434156
223729800
696565416
443488384
860412856
119681521
320848730
225335425
72176737
535623409
326766305
368422422
393304734
154852306
81176097
354363543
9804052
229551317
16126535
248782589
749490480
116049253
20312436
348576096
67078508
743196806
476229326
411896894
347027404
218808917
133401941
361278602
41574116
348377034
192577682
114665625
69919187
696452940
180184038
405912660
352268063
482475960
409989973
347517154
242949164
254625495
175225972
43528684
267437468
612044972
809903522
271375508
258378456
297886140
302998817
172200
78493041
225586512
505790334
516244890
447371815
40129297
165204756
273536746
529965530
81115590
111819256
108423560
122440113
29899540
389300216
568581220
43048584
13642918
106382649
533114142
337503399
570459845
501026170
251185423
439570620
197586570
171597591
53454546
936339509
418465875
28666248
193232130
428346901
531669570
79619078
99835599
14575214
607827035
27307881
387812598
366645689
4264522
474274658
437101000
868535852
212842894
210028542
211119836
466888238
31920307
196439337
388928358
43769326
507458635
395970372
30567364
353677406
273348171
365800447
25676303
12645524
240486718
924000357
195731994
572682115
271125092
508603680
835984611
72740718
57647570
179341569
462691320
132964994
139752163
608074029
184662595
123097428
3993894
126686223
615934541
243992143
17141716
383190966
266321997
974501485
383974532
278344983
247264286
381330134
130829479
113532760
300211199
77164387
57095231
386566127
72391285
781893970
8269538
581662106
683460150
471770602
65554587
13613080
12582635
612278521
427577026
246066108
301166915
84879955
641221204
184276039
39328758
599820422
117098454
294040912
20115688
365109544
616748832
47462547
149638166
421013549
224663911
271570361
67358548
905738791
114112792
19119968
29623595
432346221
123089890
619461074
75425164
56637588
59166870
75584280
37524135
219725515
134425620
907674871
934564257
450990269
790489994
138546523
16879549
676637220
5743009
37000968
224593003
185624273
226693
427745752
125707848
370230921
141597054
150841314
299867383
234703148
79730750
622105796
400867241
113578056
90356634
403696510
113735514
37559865
451582534
801115124
37205266
330841544
413392932
388540515
76513294
11977624
660440004
760309005
455566774
19041418
314826718
427816817
314740380
199808333
441196887
701853910
264777523
700700303
836657617
97022596
216010587
624641146
333878039
30508871
137570310
336261775
250358355
931023780
360587930
233853258
396242384
66572391
299693784
15027509
341671623
257303852
100905944
686308167
196137808
134704988
156212920
195107035
1546770
48941776
143135136
334295027
337403623
87012259
704244905
768145333
173503828
116870893
814227633
51463243
36708772
265126780
22440681
111525895
283840422
57506520
376587844
223201524
7162665
238357473
562782984
196611828
559464314
400864054
538844452
464493193
121528864
690497300
377126237
238227984
6453749
561331280
777571360
21549426
27812530
3394258
64123602
111572159
510029725
15724819
902705016
362323376
107477138
80338445
50425634
30985465
356414188
211912666
274696785
16287806
3950245
789384123
265753068
213600354
26271837
172695265
244782697
398360497
375822506
72721523
141732832
122926143
231391259
198975084
664508000
199704708
164137828
96037043
62428004
720820034
189969906
157928025
52866770
425825987
596667520
42098078
7425716
345863137
85738916
239701441
12340217
314339106
249143168
72375909
53119349
37602114
730579464
259665720
387696160
36674532
855143094
29120336
14208564
45661123
556970700
783205873
105042070
478117
292104663
381109386
69880201
100342356
468371148
6222895
362534596
383284937
146980635
78754530
255361451
536686556
59310508
330918419
76476415
698491624
242344702
6388824
39854006
157271048
435863531
63750472
82386588
48036404
110687709
61327417
190239847
192575202
69500501
44929136
622361811
292801846
283565912
639572055
85716560
671878753
60285433
422252534
117603579
316478439
107505611
255318880
70756888
331504329
152969025
200690798
13197207
356704213
178049366
146218960
2886750
13258847
73410955
438303078
62022682
251222854
187725747
74121276
410453810
41362121
25469355
239765859
29137383
252599192
238177626
13348100
277735060
12064213
109232519
301896169
27281611
663927723
175478189
513751380
293014748
119507392
233512958
575573186
24126144
41644459
483412012
69794332
118265611
293689430
9691303
9873468
359587333
31564468
500207590
463122514
1880899
458899376
233500919
76775814
135806657
546787284
18452184
277937233
220434415
588403577
208273049
87564617
13500672
541297824
77729401
301987717
219937285
4775716
101144261
129978082
47860463
18740327
24105384
145957793
292382969
227801271
84161036
795734738
226302893
18610097
48621611
68844580
435574251
527442727
917356972
275717680
100704917
277758151
100189692
243148341
708299601
94359928
101503739
535739670
320006431
52345376
227064095
749294051
353096841
160094256
589831992
297204332
347037839
230266188
348514223
231320788
228080873
1256071
904279370
277859832
710282615
48052092
261071610
145818685
35808786
149345224
17671527
426812308
134043363
164740501
302309070
17670687
327028778
380790076
426226807
28739966
348803099
796089771
39544433
60864438
125889944
142042798
173892446
275393142
334000846
106331311
404442271
698654590
734717833
229427232
180901480
67060564
69008919
81213107
150502604
13022503
567642640
70002010
96131618
32110757
369726643
62658912
55404344
126393582
457701580
50504136
313426293
163742858
197366443
335727313
250214618
152533757
84010894
51747460
120501928
670259704
175445894
656782893
360659876
224733943
385265099
20554386
302427428
27113635
282866641
632068629
370276726
157996445
486498064
380447082
751348458
102422080
30698512
91268485
739245251
402716621
222473138
844463131
642615476
640952932
115620521
404173647
122382371
100314020
385032240
57965916
252860563
268182879
275971759
525373965
57952882
163563953
444255537
112020
259683402
497183382
487795869
396282385
381296826
448619086
60999624
126736512
143789080
136562486
454804633
518866080
732569407
706130547
686485027
271912390
127733265
828691580
53108225
685231410
166134725
187062712
252550514
199465837
266720465
193078023
315339918
19328774
427584262
465256508
165358664
137333927
80498876
693174478
261728139
670680059
182410561
11362026
331233909
610020590
165959135
202068377
72249282
568553257
354809578
224546440
220671166
103364523
108670642
74931602
718496420
295848516
897510880
285351160
586387597
363051255
84959376
43642886
335693295
108267779
88450854
126048516
415528623
253591169
116776199
191711226
897312334
454219924
58646650
94959386
52278000
810071428
89157552
25809724
203861846
63601675
132230232
512193314
511681046
100359555
172847490
151295207
20749158
661889061
626640121
477792602
488357577
220927892
198037050
67777936
208995682
213729462
108320516
15677213
722686153
459412359
517014282
459340979
43590563
258939544
26425256
540019138
510358704
484262850
44846669
353502873
516906106
46734269
260554296
523771557
758811433
219709450
269754977
92098620
5050538
76751140
111827325
275593097
764549336
411815155
45033296
119970398
372166965
326055735
461082384
320607904
49925108
38694693
27980512
25749947
332497377
214777242
517655008
52530606
91366126
390403298
187127642
138291043
564562727
337829981
715209460
87018182
273421942
124559458
45324945
226749517
117925783
373927971
3243744
182275728
559910229
184200129
110611490
632208764
205429285
559178538
58859502
854930004
92397350
278684773
311915055
39527967
2011824
190592482
284867941
81328944
721903643
243716811
50044740
205364382
1455010
77975704
212133081
583309820
787518221
95130126
151051326
57576116
206742838
775121056
651197618
196261573
203283887
596807378
266539599
210990238
265917162
909064192
60769334
422139793
200696857
411970814
200945813
496210266
159567640
125495532
221631565
85268128
447810259
849874627
437757342
476406348
341943919
174191038
139106268
111197728
7702100
39848492
469429764
362866434
112637116
257571190
386914337
105748290
175343125
35341148
350316420
316696429
483233535
321775265
525718105
837925904
820030539
53027538
19112772
194293776
242445435
481490092
548794022
80604378
180818926
270005937
515160869
404263354
706836579
456944638
558815703
81889075
77860612
357012529
112960335
34946900
418464743
221729536
38516998
343513199
315695406
145513338
33458966
694965133
356475158
434212813
229840809
764223138
169482826
138174749
193986330
294519407
618613186
558695988
53667254
276833033
96101992
331117149
658653154
34137378
424379231
222143274
32639396
56006259
148199224
468592033
154799460
375610462
138794792
45626168
475614547
266206577
11516663
295522088
53558512
115570677
685754364
32910491
472211111
45184125
341636432
574250
185576680
667641335
187936932
783703296
210815322
698596450
165275379
399201207
517112198
350068659
232657955
659332223
40150383
73947311
296883073
537357487
17063144
177621852
271686398
941535145
139884371
773748467
601639961
47311896
158026165
367720818
164539304
143227388
428308955
29682683
539457420
47139087
383342940
255843014
691139871
395071307
106404548
574020961
60753232
495134842
254461101
39224380
232890644
962889421
6239304
83352420
170719445
408304947
223489134
908464520
478502811
101362319
29780919
336838901
283989728
10079172
93552896
370452188
58552437
282210936
376991823
771597613
154780619
173187182
134334716
480261846
328104539
117301587
460807405
102552516
544375778
101883763
268828068
102974920
350088526
491933072
658728977
473907394
47872663
138805157
134452839
86354152
367406635
130276926
432040516
464782321
6149330
715072618
500676096
153814961
71762359
330591196
76030549
210876262
32050434
236817508
65718408
502628023
381083800
13302576
111568411
519666078
163850405
489646147
348230468
797795983
282443525
373724220
247271489
5359706
701427812
310903309
313025836
455466200
270115233
782997654
642169941
431712975
255761267
68170795
469952916
162117119
107128899
230286512
58886622
673223205
27653737
65736959
159698969
72502619
45599550
92499261
46111635
76951145
683992721
457137894
389473576
650683319
965258360
374487781
230671714
79035976
133712523
430974566
254259910
146163159
2959425
246014666
91758146
383447144
650247792
670513374
603015824
9981844
666626511
648949627
481518748
458056766
93136550
540317594
84714189
151892160
112746829
61927403
744152864
209773537
325360848
116426298
613531761
219906570
843712150
209286010
133214796
169935818
87881966
166292760
267677016
629690602
9249428
161948286
610870129
197992960
7605948
348818307
527682698
75898477
384363342
418839831
66392703
609130470
46181334
177875883
75027285
681984185
343855453
147117863
375098428
357481389
379607369
19665282
148771127
16257888
490558641
432328938
332960664
647218526
179155357
258437638
82371041
383111248
720246653
637517687
452794361
29273916
43386210
376876982
334161135
146696522
128174364
255297343
741829689
174733593
685376988
322071392
9850947
4585443
608766379
378965718
44928531
329037253
254009432
432895000
405865750
696683638
707467725
60252826
62060666
92647923
578314183
102160526
4246118
719377258
88307797
94722416
698686817
790944874
297110434
195083050
436578717
585656895
283901561
233096416
145835836
67928078
92384228
262160972
84077772
96234926
20097409
170625597
334596018
137879702
84775058
613882688
47091431
309001149
562051845
215070930
93941444
619280509
280421065
210191006
191169178
18033221
712889646
341915012
25933990
101253895
212053408
108926969
767579076
514859282
42522604
76076103
197109236
492153923
325191280
291651163
610351255
359755362
238137866
56186229
225821617
77990358
415976015
307155323
87738711
60828144
877000064
261052627
70677196
199459206
892667618
485288435
639711208
124147520
314027769
21795647
14481200
654848562
817497356
255205794
74315659
505416208
112770944
437011030
213603745
554293770
356285554
19956546
830210172
202166286
728713875
722158440
625428120
78918846
170941214
133163638
145215251
855138170
569179430
70399040
217433026
690178609
240377542
96733155
923907788
38064783
24666620
355248073
50684007
490827578
387681088
46434255
228428655
266546574
120278208
127940717
84794886
294116512
829002155
39683488
189921972
385381942
94547695
299572792
171711212
33638773
214713091
298377792
348434340
80706647
389635281
165145668
381652256
309433056
177462886
309129881
8239790
502077779
188523415
28766502
33305680
527943298
141552844
971128782
111593498
419277323
354792414
626925454
51913473
36258792
415198691
289987227
12220298
285356493
246725143
230900728
88304547
459222204
765688329
803169132
331453522
716719732
174244912
403560720
209175495
58205304
799920
37896397
267673693
207790288
36620949
28035336
598627066
307358766
655344691
319483293
376115635
86764343
265424333
5940373
190069127
303234732
366196728
385081972
110105936
315691593
114605135
212393435
337526666
41117071
434289520
20125109
417814322
81522692
116230437
201627136
228819700
319414880
208066652
13012075
519773671
99710748
97379562
520263276
569751756
146517094
263576066
725085512
660159546
294057090
326442140
69413780
258133760
267134872
175424470
239540756
323130968
534455070
317631485
165106603
40525150
658961543
204198162
230111616
143434514
479118755
246415237
67792008
198981523
438694906
281550563
89556765
107842789
9129280
153410538
356341631
60012147
230102472
883858192
12371386
283971725
16641324
588795023
139628092
11357873
23104138
81002816
590068012
129157709
246571828
101202655
297599323
210650819
63526478
257382923
127533558
346557067
299106647
525399313
190316680
6427102
354208584
941592968
219976717
38855636
794047319
385603356
73458999
60400
522877798
36101340
446311773
43105695
280396626
154652653
70439824
87955758
184410765
379008697
78239534
323801361
218194964
135999855
553322640
296953972
727650858
287428856
14439324
533901390
455274273
219714662
34991063
338258162
723818372
88356656
414546621
170059752
44035189
82640223
389405108
31237025
592731390
305411279
439728004
709482672
128434451
148650199
314898879
625706528
407070914
605257902
82365136
396234464
770003290
263009955
221798655
123272270
187420968
70572586
386005890
127232028
145628847
287590106
112473451
466067718
297976810
374721142
69610414
220498633
227711929
343758852
369751925
233583044
217640377
172916218
281870821
199708457
151278267
303829774
864350193
240709056
109546949
208235383
245574300
900278506
569469968
482431929
412453015
319846966
12975605
255560519
312793356
429769104
34294108
210251496
471312229
30579810
65758678
184548579
95864859
61987423
814568708
482354834
481250079
262323004
364946952
467072280
413273779
157352725
250592054
120978308
6079363
52752988
8167869
388158090
722258677
418666772
524465314
343569053
753097784
123881720
481639306
448527805
320683033
56416796
405445303
185950800
371485527
100152809
486218243
361219591
131819254
416520571
22915829
18962233
925790140
309569986
809752824
925816919
740901498
125663901
775813982
229422712
28548532
320284330
864270748
505723848
261908368
43355994
255534040
160074749
25460136
223278913
113939891
151516939
278428262
241115113
635247536
619551280
114213966
516733402
890996215
441049936
399381166
63494174
36653658
174314523
278627472
507262446
379942580
116210991
289602761
243701136
21210373
798145571
133610058
128049412
366556963
314202300
863191125
87603106
427748470
53015900
10925015
8725890
322951646
252448701
187942408
157589044
15389718
297561093
468426533
120472868
356393287
4486309
95272168
718434691
339182805
833882320
244538951
49771815
327822026
45675341
69683087
840494954
77498849
603588208
36758904
860578270
235924191
36471673
87469681
454691976
26706829
20549339
404538664
59742956
591426089
179248708
6523145
850252781
456082174
55954649
158229796
195789425
90976347
167595113
292260072
867496
525787211
251593970
75299508
566880816
11932536
5983754
759013129
9529021
14770011
26004084
235390742
249572169
109835220
733405788
340637994
72676566
267915442
308647482
108383838
315443548
148579995
381028003
595729097
437567294
156501165
373058087
612301687
69000556
687626358
63895078
84891365
586114019
663416227
379199848
81586501
12356958
326510812
774475040
160225121
897423914
37827138
27153199
38386349
41115777
151984321
146080928
216673302
298250208
75853052
70273444
274454325
12913825
517873655
164319106
220478462
599049679
86859540
86271437
530563261
504326495
179556312
533011808
98276376
535114412
136614730
59768270
251308858
107522424
86383905
658083943
105696764
670268224
90114869
119689315
117252034
201063096
33705690
134201177
406963145
518049086
550868504
456195935
509685096
27580048
510655844
175991619
256112931
161666844
607915003
115557417
211515524
53593845
258350210
306353426
434227647
449934404
84422016
439843188
5190079
19684050
61411568
606177363
93243617
37464728
285969396
400417088
68477784
321588372
320112747
357505794
623361098
6024716
264762006
168352477
39124787
197107413
206857702
132449094
50772326
576284578
597503851
180891423
29864538
603180869
40918250
290400838
244645634
347947601
32920249
76608405
49300066
245709257
64431318
860467775
84283500
34083623
265608785
269245022
237106242
746670672
299413895
491328829
43151643
194009922
95052805
454427128
168423452
144426149
863709924
434164743
409975699
11272294
148885185
104835453
139361436
242884953
168986585
202827401
206914471
794823427
567373742
74792583
686385020
80425218
46359943
477768222
280944895
257909981
381978040
7932310
248921604
496998866
232338657
105679522
283032549
180854620
570885748
45391288
219701089
116895368
1048092
719293251
485539339
118661712
119628923
586087995
193253540
272572134
53772874
13590780
238664145
199596187
267488587
285148056
88895664
764277854
121209033
71965090
211675468
200963543
175852558
508116979
15889568
22948464
24200676
163434621
215741302
416681692
42819768
719406017
16175959
163673276
199015134
29331746
201361675
794074511
72978336
277881024
487546404
912117402
5563126
505973227
201412409
487331013
309925414
426747794
184488212
47763353
36079656
360595792
435973032
418445331
221104221
526239947
682654739
484261840
96550281
287064675
566720762
302157041
128858359
304873785
126609010
197819887
5359348
789581664
189143596
739889612
114550760
714791050
323086613
442521374
213774108
117200635
560623635
107070034
441281956
375697772
421273731
281950112
210189205
490283520
311053564
43698615
359699220
102873824
58285432
365488252
61687795
490688778
857778992
31990627
593642198
109047467
403399092
312065505
141831258
588784624
196513277
436374102
130238757
60392546
207006956
557079950
17461662
302675210
727910478
68496552
327430771
70839428
203855445
711484485
119315739
459667636
183123833
485577172
670864343
203671488
410542036
2853928
48327647
820541951
192649124
617596238
95220628
257071716
472447818
350233924
264220348
246183216
420938019
483299637
606660428
55119379
540840903
391487332
342599004
255891427
135274478
120201152
155051788
309661093
36604461
91657302
182860546
561475989
570143597
147341644
330767205
604565141
315973249
78189746
478399548
319606875
208143431
246129324
189032607
542403469
192347198
889135042
115686641
68513074
11013162
520451854
304722049
23348036
628929552
338166679
147261577
110162456
205803372
603219214
397348613
56247904
437014259
175165822
475602448
379415843
66513720
129416931
96043290
537425628
700581376
5045506
14806651
21437026
26946072
312736634
2186884
185233135
235886260
674615637
819130164
301805740
155691627
329025056
690336608
83749194
97591736
41923063
93417560
432038484
594137575
41406409
582356549
490735994
49124616
742929510
568447786
59821612
64758539
104602329
51715867
303145704
62447741
19476708
310577582
233579016
12731101
353205881
172321233
66562311
116616152
271684742
62031655
90701876
318336616
137474228
339419711
607411860
432664292
634410635
648932851
862145542
865702918
166719071
372270609
245716664
345350496
220729929
412766868
519144608
884673867
937655777
288360150
81061893
622299207
352297866
141842151
420447412
28086389
455322680
257761865
398321973
162826662
166519420
402343725
59457357
44535484
36985992
812737480
130187437
23116105
106420267
3092824
107407514
451419714
452022452
573245490
336593607
33201988
355787904
247390395
427661171
134251910
466038125
534386273
311819168
481904419
47505227
651777476
222905072
148511930
86205024
423107511
312664076
444778032
339416670
790142320
237803713
308864805
128129648
75489785
22985914
393024942
788769515
282855712
158949903
192934472
44616705
67409128
891999479
100288056
853941909
563332332
72376878
330742652
210885169
132516701
462529635
43580316
190693848
474690320
428761118
358087806
582500043
180831288
823487328
807353646
722690042
67535884
33272418
83967367
473531883
368429031
157821707
1744806
388415948
13896142
109510886
22375384
16591257
595628599
31050511
240781930
342198170
461418386
509779122
355213086
11549399
186915578
56081474
213507970
749281128
312156432
171535447
787649939
23148732
560360417
217210205
445169595
155246100
87313538
213642557
237585810
27516023
10780525
451924867
533022119
141762526
195174491
19523016
707950250
673689338
916408684
136988304
174755870
963004290
279229740
407155884
346420026
615457756
244666914
209794190
221408220
771722733
69386139
159126895
672299457
260932155
517180843
372097676
83351573
185640819
818374272
72238698
160339840
22008918
398405179
24242738
10174159
406015378
144696124
418897279
67383127
61046822
132663862
693541658
20927529
387027893
652582805
339277291
210342455
134294065
445888837
12955345
641248139
53312881
354281608
206005666
20104936
229843046
166202511
602163448
378816989
890157668
311635017
180633123
51297019
589833438
535272386
116913748
485093513
299316744
531361501
507910181
651928509
1790767
374166772
283304656
391382181
32562006
328889731
130949664
174214370
58322560
674096437
814588839
349626021
737775
1969759
638202770
328980248
208190855
688214183
232733320
914082264
120922791
83006849
100031816
762437842
393846920
487057438
445826421
585371774
36281837
338896696
380130013
472894165
467218205
172231574
515782648
48119919
257318804
88691530
132989109
29921323
385143982
778040502
286088468
7469481
365086001
329381486
600917996
389585950
590057345
337217310
487376674
20983880
48494934
83853207
28787413
253498976
218497920
542835124
447694959
39138563
105446802
231144706
262913698
354186549
866353975
47328185
531559785
176575364
119793486
516019927
643184307
269095555
229533890
281777782
441891541
363886979
216043175
203823099
5673597
468204525
921782610
449683323
190952669
492860224
366492370
749156234
15074898
219151442
21422036
788385342
75073152
432246696
391916287
253375082
449853086
426215739
2695233
49934063
224917332
359091103
692676987
148846498
1087558
714850643
489000334
278458524
54104540
231511340
35247160
132749168
24265719
550756396
171899500
57679205
149896155
289166439
5858310
342071673
129551678
414710158
784251352
11274682
271500792
96657174
569522776
319773046
40662255
304653495
363355324
3435314
412542385
15675252
335648726
143376725
265080813
415841233
848922880
40380692
253287693
558763309
419229033
270892111
271827419
2688697
263016299
634628028
45234543
320419793
14156319
117999965
392800147
64337742
465711723
224821242
648479237
194341334
117294266
120012618
543408339
441908591
533615104
568229167
173707803
16115124
59022868
629689166
504730709
43918846
212780473
799332509
206215355
671731639
165906489
136609748
94240509
6637656
147611204
537561911
73402968
146698956
487604919
37188873
348891372
511448
285685104
81295020
355195006
644834990
56378724
409906272
7271350
598431565
192430235
199758265
87237149
550246897
284344385
123394554
116428203
347532455
364789002
112403357
392565731
689559841
289065897
421853789
825642152
82557267
418352750
249291762
447494670
203664638
46995084
511207793
799627176
61255511
365911566
360017430
197763926
247802597
140674220
373840769
358653905
170713533
369878312
771437475
85215411
346695556
608379448
704965314
141712759
307745277
45808395
106649029
326496513
241508112
38033646
822088163
40109177
343630821
624708667
89148464
579224173
289456920
65700922
263841482
612265509
366310241
84420182
200427898
85782245
408647435
530272782
210527144
752892283
378323280
2071221
450046756
590368645
380347180
291030970
664001274
74694371
164664346
455351014
229836595
248803232
161715843
579596695
221618932
53557762
34490115
225008424
202305839
560340468
387923145
448428004
460690337
131466783
95104400
273902654
104963286
23197604
110148844
421613355
255123348
6096251
339862049
336613769
288484310
876433980
92031901
447014038
115115967
350897540
109764998
265563239
235951097
38281898
139461613
630418464
186883056
59344040
31234697
319176716
52469378
12662994
426429730
275794935
61796950
5291995
443434925
266990920
929200328
111196874
5253591
276489645
95210700
162820264
556360926
214776441
248242963
254715716
240746649
360531381
92357474
259821705
276262890
61473864
745466283
24603582
319598293
472740770
186964237
137566835
304593450
196136649
409905436
414006973
40177820
424085538
535258109
145874019
27760588
42590601
271856569
150517481
370307985
586947450
11987342
583294021
599823881
224262085
610252463
12531751
485432457
819938245
16778154
625468770
72371619
806209042
178284090
185501570
24459133
568532430
225713483
229789276
408245166
545428131
160612886
348289190
4939929
423367398
136190795
96835340
211178473
539578181
41466350
842295094
743711238
356144606
36182230
166023850
602212021
299045626
256395268
200695163
430193124
240893673
19705597
117519068
90948270
377675070
111343924
653487609
565761331
221108109
508469748
50289364
39652406
260687718
51625883
27876821
599224782
688247954
101878896
110389393
439313916
15945258
119160311
511442485
101179302
203064024
439001472
6643636
354699759
358549432
378849708
212845786
499470532
138659741
360599444
85905725
237910772
276673894
307776765
90060343
555595566
129342070
353538781
307730998
325337195
828325469
163870732
216064366
558486270
233047698
379357763
6042915
53655868
693270631
18610364
45118252
549105711
291455732
9779465
339524799
24207262
634048708
164052766
125359056
604485530
709497327
641353311
341376794
330964358
411227597
188879176
302555663
285659859
363920924
207729624
316731165
108878384
491847867
156390360
269146195
119150515
337375785
580938597
81161349
38248935
269491788
40868430
635011813
26707810
150912477
99658248
575774577
343254988
106262241
805808691
239671844
721402060
149267212
248153662
171704324
319163677
678270748
191327951
501320677
113290990
340407280
504236862
301634245
75244088
50171235
29999119
2123144
57035962
280401062
752548854
856812119
7914700
264883776
158459391
47728270
77365742
88166974
57293146
19398637
77037308
573927213
421882139
202527644
301468434
118113837
239529217
624686782
183553040
109275278
368380481
501020310
390396613
498059864
617977447
133631255
35564084
220139664
106854542
787921670
23492976
358528748
50716112
484811508
600057420
265098936
72764441
311300741
422241196
12291584
605932108
84948381
367156609
343411626
250697255
95906891
287892201
446082843
374304589
32634481
511826819
525897735
506160565
500461218
49677085
51566914
183137813
508523961
147779658
68282136
308689487
67544714
119930827
309021628
518207518
556821360
725704588
171113148
859099981
12573384
390818326
600312176
344151069
33524900
146563556
334092508
577937603
635157293
9996386
841232789
69432089
59525066
46215206
439892602
8204235
33508054
467098725
15726971
89017229
492604245
362132102
97704192
326788514
178619620
279481576
206287703
439223663
119536771
416077651
220350982
4932053
378565806
432049929
134337886
66102833
2551634
204743811
335775820
34467450
780586529
343500560
684766423
105902527
3808506
70493712
708110098
484613772
86663200
18871171
480422767
369757716
479644808
302664059
6769338
679421908
437540834
653957495
411479082
45818731
116298299
87012127
651554131
106696767
14624164
22481686
902727834
52475226
40684443
305849122
180892332
616737540
27360357
591262317
214995566
121783374
116615831
347754798
32795115
504178068
651138261
519866330
489475264
273493067
171449826
367891388
594605969
514309329
365975563
2696744
277570068
165134736
261313119
762981818
391410469
15084298
723037085
18091000
528598427
483371718
107668206
148281506
601970424
6970788
664860918
391303725
535033137
35483238
445647839
581131728
382249347
744119465
154539792
13562066
24240375
273001934
333912350
128685457
515910034
145451883
141265738
188890007
110320398
5537446
51759275
92398416
193842682
171903672
396731130
688157686
60063104
507079499
47969494
251658040
10983190
40160822
111381960
602685452
543068274
280697654
48308407
390921942
270067258
870986330
101393430
16718934
274888872
409666990
165198372
255098711
294639327
50713925
497854370
299808308
194995093
45268605
216557493
568252655
357685190
837622327
145015385
778998296
25451123
203611825
863023149
137283905
898929492
285755774
25021
65148628
194251554
552613734
295250202
214188673
24763633
398752260
428235107
296878598
607248910
877823145
426132880
33324210
216337248
649787484
159266388
468617885
87039356
133993121
378067112
170832035
798051482
396804306
187935282
128808404
289018569
260357139
146467813
121766016
397540074
490814199
311467608
167332147
572814120
284965435
99059818
11643663
151885772
500644659
884862324
658430374
70215992
468203100
37053106
445444546
223094843
519301782
118278048
510033145
329384054
386827135
108850600
213761414
339857474
329103858
608883024
546857229
753422706
91789980
39982456
132817964
16962457
30641989
426533172
272520854
71566278
5688930
240187702
450435125
266030534
105448124
472971254
19278422
585107445
399898978
502079061
137073365
280690224
131059481
366715090
511919569
294886538
411925765
945342549
310531863
130489253
8430933
536329370
842112741
83826782
475186040
221881034
347336655
63788816
74440477
297599011
70190358
182023734
583302621
313344940
282321106
374849826
9820068
320056398
257348508
146151125
926975875
41126600
25409106
652149604
448939887
487290686
206249597
90849264
768278378
67682866
81680364
377433774
192180788
462751299
40695721
32101257
102502022
43247743
812005984
239675723
36185698
591365572
319545541
161430966
10433877
153060528
350313772
336292123
290120268
33297030
32419781
650977040
215046540
582064498
812548056
91706550
345944819
480382382
76921245
203339874
317444816
361256933
451297844
81682728
223658953
403589597
808277106
206075888
599276795
245345553
454629184
348775158
405875099
153549719
812959345
356453407
158656428
17471758
330170558
588828834
139481207
690052976
212989711
544375024
305090623
449810040
915274911
219108312
366664150
644364378
191386921
161174111
608418328
83245080
140909384
940868294
355139289
347653715
686420304
22462664
75313392
615726300
30452728
77489778
759466698
184287708
92457885
153020230
421359563
502497645
350610897
163996602
479885801
214071552
213471280
542045634
330214900
172242178
6140336
453902205
205290342
677392100
78544702
112699683
222638944
40031069
122213106
6595790
870776718
965699125
197593593
150186940
170981054
518402052
107596332
613510693
559361544
253607804
121852946
594130616
479020420
110855494
275407714
78549658
529798753
168382530
17341194
507671547
4809456
40994267
99625520
78649620
531644552
873518942
443764688
24738995
155413493
453337554
208933932
86080577
413141733
629814407
302250315
361189687
77190470
872159793
437503932
392650592
420532075
201891261
435318112
135320637
27748417
823148288
273366285
183402866
487965828
69978911
336017473
312110844
172512396
48147504
89586299
234334091
115769318
655809054
617499312
92837779
294869920
224163290
191408713
93751953
125616992
39606247
147573499
136876134
338596072
14635440
224000046
400712951
788420043
210881233
48304826
302557356
7150662
367093755
49348278
450092670
213176422
111451966
157813276
13225835
9783774
312690347
79464475
246533567
199413720
421833707
226995662
419698497
397813299
322330523
173062130
193019147
61463956
24350508
22265971
534971179
131035086
233313557
165280416
59680102
20512612
866336688
43588626
79841939
834000651
237023170
543215051
14090601
609184805
362786323
351713910
405577890
628336912
331891988
7448392
62981076
384899458
627866967
166813713
91467470
163575648
193450574
267705179
932051786
229182855
199682552
216646951
232746288
718372040
102600736
536243053
357136980
103190240
333770632
162348480
248621496
21744030
256731059
448160635
701461549
644785796
128266764
4320109
108520797
225583339
24149062
520104620
770346865
214166198
189278238
108893990
104801600
16396976
503792134
109142279
448412486
253367925
41394249
732327741
228443893
161459986
40584151
30350559
121776517
162360045
517826049
209217941
209357369
474509205
82223188
6429906
303013730
698092168
24825915
96587753
350064204
5488820
167921878
169981784
219653518
113474621
83021142
158224248
21966372
554326501
197189541
67328433
179488183
239831469
325230431
63332933
198765072
86857050
72991161
65468428
61407
756584051
448250798
150827412
708832103
90503270
121612001
504892570
184897465
181997268
71260241
135022239
316947252
390652436
9365680
284493656
65253027
99972556
144331147
119661550
328320370
252035269
11905875
174525070
53383036
233533124
400461683
608765833
759703248
296384160
271065976
10983027
323037103
10735100
55404307
185295961
37909505
254562574
291368510
670839063
542428274
4552148
634810580
328052210
431955228
553827078
695943352
108934233
289577192
80711405
362224169
68851934
435707379
218115696
291320688
9557189
499435046
157281449
80611784
434549234
399110508
1976939
194967724
652517335
950829426
215399695
150437470
395090859
2754569
171165707
107768652
100406131
461363930
78128642
126041032
651758835
413062699
46125235
161085612
439736349
95094696
427183632
17054560
110228721
74471156
673748433
398600268
364197225
527697060
105121706
458012407
443052003
266543661
20243149
748079731
320692181
150463933
66491105
103833098
545311904
144896412
466243404
266861565
565010556
447137833
110633431
7273269
28169468
216698187
9108910
70355478
584374089
197544358
343266228
17685171
266046046
570075409
232520846
714943602
261986194
213136135
455806060
39872578
86758654
141756749
502116703
308205027
465360576
582415938
388907436
66801887
533387960
152919257
85087170
664089105
559793311
303602351
669090273
391186990
380906557
109482954
9085492
140570561
123557418
3170051
446022574
231673463
37248834
1506133
712743543
2118952
324667898
20446115
30550915
57045590
286631350
94767302
252685942
198701315
178973188
672691159
199726806
8762434
62651020
76426245
728340074
206237202
47478298
98555476
469974893
502788143
169134688
350523041
613820582
118584760
298461337
8502081
49692217
297382846
24736259
382420159
208893952
37296788
27645705
48286019
99665199
142482923
550563670
43335057
688886126
195025479
10095365
21424059
105321147
130505020
458092300
215107711
371583928
195148394
399976976
445899002
339667103
108153652
283277784
5247002
160199945
88448112
161070983
417934664
81131119
14999447
207253733
264324758
108791837
345971140
122091527
511968640
2511727
96060394
526786682
787104
404766530
131348964
1882796
403703781
120995016
714205340
258484467
13576756
617053756
145291168
403005811
372141494
797481763
103724948
226140002
526101007
103137626
287676009
157805648
818717013
47298295
16658473
269049752
157824628
192154559
10256693
135144055
1307029
88280804
429828818
150902760
30993061
625048506
8034201
1369621
41712089
152419107
648610199
403140224
3252162
43943584
7131170
27339504
226287606
755711185
885947281
191141767
858138010
532000131
237443722
84756467
518509015
149309046
137762419
52171531
19598429
469238788
459036203
65638426
544822800
806131278
598333663
583201755
56619245
107281058
62802288
289747313
24107010
153820187
124430816
163842904
64474401
554517222
105944414
563808960
95284256
499868184
723207355
153132740
439376231
60760608
350521695
276477431
31796954
16515802
21955119
117731743
569692614
280733830
464012451
5706528
391349895
563950661
334129945
459188750
1855476
352585260
541388854
86214466
310147664
870422030
882092129
130247515
106086392
344737750
903673251
178943974
258714807
441016145
132287110
107078665
16917897
2998689
99715103
182399999
264251579
142744832
105426333
96948812
462215878
5656611
525712987
694685621
42575850
11546772
533079008
852861704
583920007
7866
158619518
78910020
58514954
421187889
308735373
313835143
121352852
74045867
218696161
828406043
710451939
95664042
166938858
756004028
474147580
426647718
525331502
12050633
52821442
392107233
341967835
247193806
485604187
123099206
77812380
809588737
164052041
252543415
631722722
675952241
133038535
394947090
537777624
420423631
23876482
74535936
376889624
58899195
148391790
269088456
234235266
649748657
360161566
32562648
7872878
357459558
213949425
488182734
395692517
837496630
1175071
124962163
262801015
277573069
21270830
23513127
496905685
310272338
170288832
17918731
504933560
21932974
633404647
398481552
508463982
13743768
14849125
863976290
566343850
561197741
61141856
124038358
657696293
804746090
44507959
95597611
452696471
2347154
537570365
416187384
99276700
465914026
98573278
59565390
175730716
146742
58628256
176060962
20424699
284829260
818954655
153748160
6735412
224345314
559955879
50366260
11882246
15567153
140106197
91511626
358963638
361114854
729364550
517313561
30616420
28601332
386116734
367112866
225277272
68126856
318311753
455552420
324876357
127878605
931561000
82548639
581817432
727045800
49729252
417073152
204132946
405249345
60247872
285379030
328894871
603722873
390007025
10692684
430718490
570894462
240668036
120893698
417031713
270145251
348479681
189290846
206644135
255512849
386534731
33638630
120158712
331819673
11371980
361808454
176493688
484953599
584338049
154361399
192922597
615783871
115575844
406082319
26213878
619319093
10762568
34949067
6803684
283712912
348506049
31230177
680750742
62977594
35826063
293329274
190498489
131059790
23309279
101094096
179994450
491577138
663306874
739587777
391637700
49342502
56374975
63354492
855945965
299470462
14437503
803013320
45177227
767462898
421254908
756234715
40241276
243171423
755108566
73401817
96907768
25436354
30370193
27123911
599727362
470762482
266535700
777727216
733008036
26546305
327098606
291025970
95855867
376758951
298400836
106554076
649949103
226175673
340603795
874722550
401926714
596823673
421178464
83643366
787581109
197105533
292027066
89575692
89745423
128507068
25566190
897999631
3559918
115282647
463860491
318449543
188987025
332276433
317040554
373695909
424796359
183025278
719118525
23024163
180310226
16916704
319720267
18099506
14389404
290567726
483536139
36254194
682862489
226128099
705938683
386882238
42245495
633052133
42202778
402951747
352383601
90628731
292187641
612414094
608820128
306829844
439939858
335248434
3143228
769156902
849362
368702178
417224632
22346175
6188204
508108418
83175506
436272376
32574893
220539900
346226202
140051403
37150802
168299970
477571626
168245466
412087942
94707748
29441542
67605480
582335789
33015818
8013969
99096855
563490676
39862035
319365991
738788411
266439631
22145654
235099946
254887989
87168291
135327784
160838924
101901051
215783134
46108020
16532260
898967603
455052312
217673066
77416544
61951806
877346436
9170700
625164334
417740490
707194241
291438034
666519721
114141579
49342847
68827382
93157766
403835311
80614156
1111559
424431698
26819583
89054362
93417557
6516803
213517109
24407723
29671228
274716602
772255995
64848576
88332889
529073776
508505992
102520268
941836009
201918289
268773060
386267244
630907208
271355401
230302691
558596368
426106618
72250937
45761169
724699634
651168768
374147545
751265452
284326867
27370102
491707589
157987062
1825984
276780314
748574638
100555480
181242819
53870742
555256
50118485
131959273
103136686
918168777
604458533
202507957
96882477
369449497
686037331
671057488
8493659
299676406
363095158
240224871
455993240
258461170
577537930
364068280
141468410
84634099
584368453
315790916
195950178
241357056
202810439
330994403
70509490
827601325
230743160
436766202
332361479
271913790
415392005
423614865
118547398
127455197
172527330
286268184
394052904
292436794
180752726
497589093
169633140
428105916
250233990
161418954
119544323
370523234
147397395
223400015
194817495
263777691
100425001
191053858
352245582
82462299
144349325
344649984
224859014
69299981
110702454
716491912
43873968
120480864
366486304
219621472
502815511
401856806
302066568
467381314
532178286
8048962
551690357
11507864
319447738
40169499
701400658
362980212
16503807
222911859
452519389
306231405
322682568
408935748
323547326
83639429
366141860
347591923
187266936
236401656
421500838
107679124
93097073
162489428
447522727
17697324
296014518
84681386
9140166
421445252
351591507
436561905
923067789
441815724
156268550
436516060
514088333
600834075
62820560
24257919
95056494
8726024
60268487
93096823
10876208
482537245
118977427
371985018
338738618
1999065
64789620
82973013
470084979
178595625
175121306
129477998
545480210
662102089
545042802
165064211
365581909
282261915
272164892
15487770
405941533
59962398
574411748
100325402
43514033
245378075
398990203
25656479
107891665
38867223
128594177
8226024
335768645
21583058
354678702
31972873
480526221
37800739
284715466
14891901
8961236
49976432
87396088
437037614
84364594
29596202
6423463
710149754
382422309
140207734
487638750
101013780
419284407
248089232
10489020
234877276
203957740
265369259
349981229
490030097
5157860
114618692
322096546
106504018
254279812
180132150
120650705
332515385
613318878
142182915
23625647
169333529
29577550
255369299
326554143
15448278
379086396
680545833
669027534
212480744
529870543
281325553
57877312
723720317
365325504
744558086
408507447
333922262
145428070
63508711
167449305
546957200
352901703
309735020
364083780
209325392
23045990
267386865
8904757
706293282
21019830
84187438
37321725
406908288
61297651
718568592
9095532
694680514
268738390
259720642
171748328
575233925
42418494
351243974
130077808
710272847
67991633
34890485
388347105
266097820
660975096
431913884
169423880
66411626
444885412
314398451
640104211
108915060
85202550
5110724
392177173
287257638
287097968
204691930
278746412
136176521
332404630
62405276
460699261
124302611
272421104
536294553
671568831
108704694
32436090
19173607
399993687
162096870
601343472
145754087
109967541
335698489
501807076
212958908
710796323
316902745
265147533
422235604
329209992
731717737
220932167
263437485
917016167
108766461
355979388
54149358
573958378
298488631
640576044
283888400
377650679
90995950
652552995
138693799
269807013
13884935
357829287
119297746
185116282
241024694
267189682
443052458
462348766
89843761
78418052
24950905
57895646
71962281
357552309
758685373
190483979
61005096
257458953
266918913
791248253
101679957
44810200
193547296
56269102
506424610
6122661
113599395
843706474
109883108
366986823
5584620
924742
50951298
772425816
570614301
309328552
751966377
315451547
260019763
422279580
4087125
109315432
419513757
14720966
151448972
42617100
111365626
522715820
319633683
378309197
229176236
19358286
1108178
269043410
592760893
336405439
49833200
98695138
9211066
245823590
433404293
636117704
708039101
53857957
153175837
484726138
640334678
235497766
698383326
54228748
228073771
770374175
203258400
269674076
57263024
40815748
89155456
345654178
595245023
516242294
699763028
639899261
73552799
10737202
146729357
605299334
48716457
370304915
105783672
628873674
539531378
529635556
11074410
183579866
665106780
269933426
7075837
439171814
665358388
60135732
192365202
394734333
889418178
579810819
653983604
497058529
176046681
41519919
241730375
448624887
306225746
396324396
678444514
540341121
268686475
520902847
126480291
822039134
131156727
387355098
222197126
624018841
106835703
206231162
228035774
111284354
182612434
36941605
533716117
514171182
97686291
722370018
558783862
334894024
13230082
112606859
32150434
150158026
67531413
164875398
748605947
415232436
263921675
705480247
135419264
168295449
541489404
130397204
91030464
498914106
70190556
23041814
354008072
258687299
809565894
188215101
53253215
174156188
390985953
60293500
95467841
238496668
140586571
535901021
951902905
773307477
735406157
74597150
6880036
11806731
594138654
361447165
487535690
153321168
97063735
767544459
487877126
278227653
161037050
679434991
95449536
29777727
193996481
497988626
791695658
197025070
217714632
179392424
42868312
53787335
199374516
76716694
60115720
421923670
129089014
73721136
309056648
124544498
506011568
155743653
48904255
528112670
141479567
605955743
434747432
16379844
629936321
255716700
328334497
314683058
529836508
419858524
393937620
567568010
148699445
66144825
323025372
1687326
528349815
838576430
493797712
75841480
58787639
57481905
405119275
35590116
17996504
418900180
725561571
414737094
49280026
67965937
500982153
444908694
454454288
249105013
106303415
882894238
7506891
14918123
365367869
116363283
50865409
33902145
243344296
594310533
203884906
222104876
24816874
594500399
181767943
30158002
105231566
186115894
82880972
5963100
59980221
15025056
248975851
65104290
29981886
155175890
79313476
631567746
27888030
146639844
651530737
633237636
478607995
491161920
169387023
164822211
277655958
192153196
641447125
11817806
113173720
174892690
290932471
928561763
386494014
358990511
122217107
109961921
365184140
39829538
538644259
417923535
931236007
133392035
90844461
812955453
596385745
401575871
85720584
275271216
255649698
182809412
234894680
539586847
365587598
39319848
31692464
434033380
131527539
196545885
448225589
12329684
735133974
803253174
66333155
162433418
164686635
363446121
785054465
742857956
162108095
520224584
86296920
27942017
274298999
64273547
753386743
521214071
80560368
59791324
23235571
604679038
237436851
141097994
144245254
402511688
633630669
415972418
27349919
412623643
427753505
42961588
442849404
485179876
214882677
302296455
273212770
40937449
349639890
848211792
940789091
239177822
392473192
116805786
254327923
453897698
63438421
592819785
905395469
409254353
589973992
45598136
440205820
4182233
85284771
378677202
354056534
302172855
119285868
194412817
1911925
138912642
642299238
3293890
524696211
336728890
57124548
952866685
13305777
135695510
3303008
413663591
13649154
563485816
229927786
31195611
223752868
767804615
784048821
215025866
219150078
608847558
296367895
262820385
163808767
33141096
9521170
117016191
645819405
176746034
501401065
205723342
344867880
348886674
262330539
4438940
73539048
694488445
760352235
648895455
136500395
96401283
537626899
303182997
408557211
157457737
292489029
362400019
29132124
85950034
287419926
29303116
446199411
175467080
350058161
710261420
653235765
603685662
845739107
226357206
196398576
182374222
362657967
131146908
426162477
185531775
304966432
308110160
68534520
881005554
302985255
179713082
124314401
55164898
895016335
115358972
13367186
673550193
693759412
133950914
330485030
203175595
27901619
351572178
156240302
343563644
254576275
285514830
30675353
173111225
293418543
614213953
124721449
26795232
153802243
148901238
372721505
427467699
256588908
627223327
113155107
773491280
341436148
415008073
422846254
498118868
68322310
329605443
604776190
31844490
5488097
520620136
84383760
749499940
431162680
575501162
821809638
60521676
189445909
253052442
31490651
34678930
837742459
248330516
226149668
191012171
132021383
91922179
36693009
501054876
262201806
452169334
514380825
15587084
123966162
427079251
92445829
555789226
828435966
272609897
926715234
290239404
587530600
6946271
615845180
411797007
667730543
76965102
174865355
